10-30 23:02:52 com_github_MitjaNemec_ReplicateLayout.action_replicate_layout 392:Plugin executed on: 'win32'
10-30 23:02:52 com_github_MitjaNemec_ReplicateLayout.action_replicate_layout 393:Plugin executed with python version: '3.11.5 (main, Apr  9 2024, 02:53:56) [MSC v.1936 64 bit (AMD64)]'
10-30 23:02:52 com_github_MitjaNemec_ReplicateLayout.action_replicate_layout 394:KiCad build version: 8.0.2
10-30 23:02:52 com_github_MitjaNemec_ReplicateLayout.action_replicate_layout 395:Plugin version: 3.0.3
10-30 23:02:52 com_github_MitjaNemec_ReplicateLayout.action_replicate_layout 396:Frame repr: <wx._core.Frame object at 0x00000279B1DB0CA0>
10-30 23:02:52 com_github_MitjaNemec_ReplicateLayout.action_replicate_layout 420:Preparing replicator with J101 as a reference
10-30 23:02:52 com_github_MitjaNemec_ReplicateLayout.replicate_layout 117:getting a list of all footprints on board
10-30 23:02:52 com_github_MitjaNemec_ReplicateLayout.action_replicate_layout 468:source anchor footprint is 'J101'
Located on: ['IO', 'JST1']
With filenames: ['IO.kicad_sch', 'JST.kicad_sch']
With sheet_id:['IO', 'JST1']
10-30 23:02:52 com_github_MitjaNemec_ReplicateLayout.action_replicate_layout 475:Corresponding footprints are 
[('J801', ['IO', 'JST8']), ('J701', ['IO', 'JST7']), ('J601', ['IO', 'JST6']), ('J501', ['IO', 'JST5']), ('J401', ['IO', 'JST4']), ('J301', ['IO', 'JST3']), ('J201', ['IO', 'JST2']), ('J101', ['IO', 'JST1'])]
10-30 23:02:52 com_github_MitjaNemec_ReplicateLayout.action_replicate_layout 487:Showing dialog
10-30 23:02:52 com_github_MitjaNemec_ReplicateLayout.replicate_layout 472:constructing a list of sheets suitable for replication on level:'JST1', file:'JST.kicad_sch'
10-30 23:02:52 com_github_MitjaNemec_ReplicateLayout.replicate_layout 509:suitable sheets are:[['IO', 'JST2'], ['IO', 'JST3'], ['IO', 'JST4'], ['IO', 'JST5'], ['IO', 'JST6'], ['IO', 'JST7'], ['IO', 'JST8']]
10-30 23:02:52 com_github_MitjaNemec_ReplicateLayout.replicate_layout 1507:Level selected: ['IO', 'JST1']
10-30 23:02:52 com_github_MitjaNemec_ReplicateLayout.replicate_layout 1331:Filtering list of tracks
10-30 23:02:52 com_github_MitjaNemec_ReplicateLayout.action_replicate_layout 493:Toolbar position: wx.Point(1646, 77)
10-30 23:02:52 com_github_MitjaNemec_ReplicateLayout.action_replicate_layout 498:Dialog position: wx.Point(1207, 77)
10-30 23:02:53 com_github_MitjaNemec_ReplicateLayout.replicate_layout 472:constructing a list of sheets suitable for replication on level:'JST1', file:'JST.kicad_sch'
10-30 23:02:53 com_github_MitjaNemec_ReplicateLayout.replicate_layout 509:suitable sheets are:[['IO', 'JST2'], ['IO', 'JST3'], ['IO', 'JST4'], ['IO', 'JST5'], ['IO', 'JST6'], ['IO', 'JST7'], ['IO', 'JST8']]
10-30 23:02:53 com_github_MitjaNemec_ReplicateLayout.action_replicate_layout 240:Replicating layout
10-30 23:02:53 com_github_MitjaNemec_ReplicateLayout.replicate_layout 288:Starting replication of sheets: [['IO', 'JST2'], ['IO', 'JST3'], ['IO', 'JST4'], ['IO', 'JST5'], ['IO', 'JST6'], ['IO', 'JST7'], ['IO', 'JST8']]
on level: ['IO', 'JST1']
with tracks=True, zone=True, text=True, text=True, intersecting=False, remove=False, locked footprints=False, group_only=False
10-30 23:02:53 root 332:updating GUI message: 'Preparing for replication'
10-30 23:02:53 root 337:updating GUI with: 0
10-30 23:02:53 com_github_MitjaNemec_ReplicateLayout.replicate_layout 358:Getting the list of source footprints
10-30 23:02:53 com_github_MitjaNemec_ReplicateLayout.replicate_layout 368:Getting the list of all the remaining footprints
10-30 23:02:53 com_github_MitjaNemec_ReplicateLayout.replicate_layout 375:Getting source tracks
10-30 23:02:53 com_github_MitjaNemec_ReplicateLayout.replicate_layout 1331:Filtering list of tracks
10-30 23:02:53 com_github_MitjaNemec_ReplicateLayout.replicate_layout 379:Getting source zones
10-30 23:02:53 com_github_MitjaNemec_ReplicateLayout.replicate_layout 383:Getting source text items
10-30 23:02:53 com_github_MitjaNemec_ReplicateLayout.replicate_layout 387:Getting source drawing items
10-30 23:02:53 root 332:updating GUI message: 'Replicating footprints'
10-30 23:02:53 com_github_MitjaNemec_ReplicateLayout.replicate_layout 861:Replicating footprints
10-30 23:02:53 com_github_MitjaNemec_ReplicateLayout.replicate_layout 868:Replicating footprints on sheet ['IO', 'JST2']
10-30 23:02:53 com_github_MitjaNemec_ReplicateLayout.replicate_layout 985:Src text UUid:cfbcb8f7-548e-4fe5-8b1c-806a7de15fe3
10-30 23:02:53 com_github_MitjaNemec_ReplicateLayout.replicate_layout 986:Dst text UUid:267cd932-277d-4f31-87b0-001f03aedee2
10-30 23:02:53 com_github_MitjaNemec_ReplicateLayout.replicate_layout 985:Src text UUid:4c81b142-7019-406c-961d-fb8e89d65d2d
10-30 23:02:53 com_github_MitjaNemec_ReplicateLayout.replicate_layout 986:Dst text UUid:f8aa1e8a-e6bf-4976-a925-d221c56aecca
10-30 23:02:53 com_github_MitjaNemec_ReplicateLayout.replicate_layout 985:Src text UUid:22e5ee6f-740c-447a-9a87-75faf92c1289
10-30 23:02:53 com_github_MitjaNemec_ReplicateLayout.replicate_layout 986:Dst text UUid:ffb5651b-f6e6-47ba-8d15-496500727ad4
10-30 23:02:53 com_github_MitjaNemec_ReplicateLayout.replicate_layout 985:Src text UUid:a12d10f0-c1c4-43c4-9389-45acebcbea8e
10-30 23:02:53 com_github_MitjaNemec_ReplicateLayout.replicate_layout 986:Dst text UUid:f6518d94-b890-4960-a4a2-8998afbea296
10-30 23:02:53 com_github_MitjaNemec_ReplicateLayout.replicate_layout 985:Src text UUid:f808c091-2e00-471e-abbf-dc310e30b164
10-30 23:02:53 com_github_MitjaNemec_ReplicateLayout.replicate_layout 986:Dst text UUid:f37ba38c-37a9-46b7-ace2-ae0dd1207b4b
10-30 23:02:53 com_github_MitjaNemec_ReplicateLayout.replicate_layout 985:Src text UUid:d20ebc19-8c0f-488c-8f98-f0f02d4a2a52
10-30 23:02:53 com_github_MitjaNemec_ReplicateLayout.replicate_layout 986:Dst text UUid:d5fadfee-72c1-432a-861e-6cfab0857b35
10-30 23:02:53 com_github_MitjaNemec_ReplicateLayout.replicate_layout 985:Src text UUid:30243728-25e6-479a-9048-59415e6ac477
10-30 23:02:53 com_github_MitjaNemec_ReplicateLayout.replicate_layout 986:Dst text UUid:c0a50ae8-384f-4cd8-b050-eff0ce06c716
10-30 23:02:53 com_github_MitjaNemec_ReplicateLayout.replicate_layout 985:Src text UUid:21de7324-f519-41e6-8077-cfd3b80b5d0e
10-30 23:02:53 com_github_MitjaNemec_ReplicateLayout.replicate_layout 986:Dst text UUid:c2fff138-be5e-4c9f-b2ee-de7df7b8e330
10-30 23:02:53 com_github_MitjaNemec_ReplicateLayout.replicate_layout 985:Src text UUid:237e02fb-9af8-4d0c-aec3-70adaeaa71fb
10-30 23:02:53 com_github_MitjaNemec_ReplicateLayout.replicate_layout 986:Dst text UUid:82444670-b6cb-43c8-b40b-e66369eefa61
10-30 23:02:53 com_github_MitjaNemec_ReplicateLayout.replicate_layout 868:Replicating footprints on sheet ['IO', 'JST3']
10-30 23:02:53 com_github_MitjaNemec_ReplicateLayout.replicate_layout 985:Src text UUid:cfbcb8f7-548e-4fe5-8b1c-806a7de15fe3
10-30 23:02:53 com_github_MitjaNemec_ReplicateLayout.replicate_layout 986:Dst text UUid:a5b79e0d-161d-423e-ad40-0b41ae05a2de
10-30 23:02:53 com_github_MitjaNemec_ReplicateLayout.replicate_layout 985:Src text UUid:4c81b142-7019-406c-961d-fb8e89d65d2d
10-30 23:02:53 com_github_MitjaNemec_ReplicateLayout.replicate_layout 986:Dst text UUid:69df22a6-52fc-4bcc-ae2a-1936a2e84145
10-30 23:02:53 com_github_MitjaNemec_ReplicateLayout.replicate_layout 985:Src text UUid:22e5ee6f-740c-447a-9a87-75faf92c1289
10-30 23:02:53 com_github_MitjaNemec_ReplicateLayout.replicate_layout 986:Dst text UUid:f6fac114-b19e-4fa8-b65e-e606a0d8d558
10-30 23:02:53 com_github_MitjaNemec_ReplicateLayout.replicate_layout 985:Src text UUid:a12d10f0-c1c4-43c4-9389-45acebcbea8e
10-30 23:02:53 com_github_MitjaNemec_ReplicateLayout.replicate_layout 986:Dst text UUid:bd4c9ba1-1159-48cc-9ef2-6faee5c5aa40
10-30 23:02:53 com_github_MitjaNemec_ReplicateLayout.replicate_layout 985:Src text UUid:f808c091-2e00-471e-abbf-dc310e30b164
10-30 23:02:53 com_github_MitjaNemec_ReplicateLayout.replicate_layout 986:Dst text UUid:3725ccd6-9cd1-474e-bad7-cee077a5e3ea
10-30 23:02:53 com_github_MitjaNemec_ReplicateLayout.replicate_layout 985:Src text UUid:d20ebc19-8c0f-488c-8f98-f0f02d4a2a52
10-30 23:02:53 com_github_MitjaNemec_ReplicateLayout.replicate_layout 986:Dst text UUid:1d6376d0-57f5-4713-b570-d0d370a23c53
10-30 23:02:53 com_github_MitjaNemec_ReplicateLayout.replicate_layout 985:Src text UUid:30243728-25e6-479a-9048-59415e6ac477
10-30 23:02:53 com_github_MitjaNemec_ReplicateLayout.replicate_layout 986:Dst text UUid:fd0658e9-075e-453e-ad06-13de16b0e122
10-30 23:02:53 com_github_MitjaNemec_ReplicateLayout.replicate_layout 985:Src text UUid:21de7324-f519-41e6-8077-cfd3b80b5d0e
10-30 23:02:53 com_github_MitjaNemec_ReplicateLayout.replicate_layout 986:Dst text UUid:c32efa71-9ce7-4cd7-bb9a-a31c9ffc6e34
10-30 23:02:53 com_github_MitjaNemec_ReplicateLayout.replicate_layout 985:Src text UUid:237e02fb-9af8-4d0c-aec3-70adaeaa71fb
10-30 23:02:53 com_github_MitjaNemec_ReplicateLayout.replicate_layout 986:Dst text UUid:2de42c38-6887-4836-ad1e-c1b94e8ad231
10-30 23:02:53 com_github_MitjaNemec_ReplicateLayout.replicate_layout 868:Replicating footprints on sheet ['IO', 'JST4']
10-30 23:02:53 com_github_MitjaNemec_ReplicateLayout.replicate_layout 985:Src text UUid:cfbcb8f7-548e-4fe5-8b1c-806a7de15fe3
10-30 23:02:53 com_github_MitjaNemec_ReplicateLayout.replicate_layout 986:Dst text UUid:4ac1a831-c0fc-4410-bc0c-d8319eeb1fde
10-30 23:02:53 com_github_MitjaNemec_ReplicateLayout.replicate_layout 985:Src text UUid:4c81b142-7019-406c-961d-fb8e89d65d2d
10-30 23:02:53 com_github_MitjaNemec_ReplicateLayout.replicate_layout 986:Dst text UUid:f536d348-ae66-4833-af20-7139cf44854f
10-30 23:02:53 com_github_MitjaNemec_ReplicateLayout.replicate_layout 985:Src text UUid:22e5ee6f-740c-447a-9a87-75faf92c1289
10-30 23:02:53 com_github_MitjaNemec_ReplicateLayout.replicate_layout 986:Dst text UUid:e50ddff8-f6f1-4d4e-8ee2-ef4ac83d8eff
10-30 23:02:53 com_github_MitjaNemec_ReplicateLayout.replicate_layout 985:Src text UUid:a12d10f0-c1c4-43c4-9389-45acebcbea8e
10-30 23:02:53 com_github_MitjaNemec_ReplicateLayout.replicate_layout 986:Dst text UUid:34d80f1f-40a1-45fe-b3a8-dfa136fba026
10-30 23:02:53 com_github_MitjaNemec_ReplicateLayout.replicate_layout 985:Src text UUid:f808c091-2e00-471e-abbf-dc310e30b164
10-30 23:02:53 com_github_MitjaNemec_ReplicateLayout.replicate_layout 986:Dst text UUid:cca748ca-6178-4380-863e-6b273bda583b
10-30 23:02:53 com_github_MitjaNemec_ReplicateLayout.replicate_layout 985:Src text UUid:d20ebc19-8c0f-488c-8f98-f0f02d4a2a52
10-30 23:02:53 com_github_MitjaNemec_ReplicateLayout.replicate_layout 986:Dst text UUid:6a38d07e-6153-400c-ba69-2de870b349d5
10-30 23:02:53 com_github_MitjaNemec_ReplicateLayout.replicate_layout 985:Src text UUid:30243728-25e6-479a-9048-59415e6ac477
10-30 23:02:53 com_github_MitjaNemec_ReplicateLayout.replicate_layout 986:Dst text UUid:2cdac396-fa85-4f57-878d-8cdd696db307
10-30 23:02:53 com_github_MitjaNemec_ReplicateLayout.replicate_layout 985:Src text UUid:21de7324-f519-41e6-8077-cfd3b80b5d0e
10-30 23:02:53 com_github_MitjaNemec_ReplicateLayout.replicate_layout 986:Dst text UUid:3ee8eed6-0e9d-4087-946f-d2140f25f47f
10-30 23:02:53 com_github_MitjaNemec_ReplicateLayout.replicate_layout 985:Src text UUid:237e02fb-9af8-4d0c-aec3-70adaeaa71fb
10-30 23:02:53 com_github_MitjaNemec_ReplicateLayout.replicate_layout 986:Dst text UUid:7893b1c8-1a71-4587-8883-c08f1158af6b
10-30 23:02:53 com_github_MitjaNemec_ReplicateLayout.replicate_layout 868:Replicating footprints on sheet ['IO', 'JST5']
10-30 23:02:53 com_github_MitjaNemec_ReplicateLayout.replicate_layout 985:Src text UUid:cfbcb8f7-548e-4fe5-8b1c-806a7de15fe3
10-30 23:02:53 com_github_MitjaNemec_ReplicateLayout.replicate_layout 986:Dst text UUid:f096edcd-3c4b-4b32-b29b-be6ca21fb810
10-30 23:02:53 com_github_MitjaNemec_ReplicateLayout.replicate_layout 985:Src text UUid:4c81b142-7019-406c-961d-fb8e89d65d2d
10-30 23:02:53 com_github_MitjaNemec_ReplicateLayout.replicate_layout 986:Dst text UUid:34429a30-fa65-4359-83b8-66a3bb90adac
10-30 23:02:53 com_github_MitjaNemec_ReplicateLayout.replicate_layout 985:Src text UUid:22e5ee6f-740c-447a-9a87-75faf92c1289
10-30 23:02:53 com_github_MitjaNemec_ReplicateLayout.replicate_layout 986:Dst text UUid:ad33dcae-87d0-4836-bb2a-4985edcd6936
10-30 23:02:53 com_github_MitjaNemec_ReplicateLayout.replicate_layout 985:Src text UUid:a12d10f0-c1c4-43c4-9389-45acebcbea8e
10-30 23:02:53 com_github_MitjaNemec_ReplicateLayout.replicate_layout 986:Dst text UUid:d9c18eb3-ff40-4784-b82f-b760979da70a
10-30 23:02:53 com_github_MitjaNemec_ReplicateLayout.replicate_layout 985:Src text UUid:f808c091-2e00-471e-abbf-dc310e30b164
10-30 23:02:53 com_github_MitjaNemec_ReplicateLayout.replicate_layout 986:Dst text UUid:b829f02e-23bf-4b0e-bb89-dc7c9fd89f33
10-30 23:02:53 com_github_MitjaNemec_ReplicateLayout.replicate_layout 985:Src text UUid:d20ebc19-8c0f-488c-8f98-f0f02d4a2a52
10-30 23:02:53 com_github_MitjaNemec_ReplicateLayout.replicate_layout 986:Dst text UUid:2bbbca0c-9f5e-482d-8fa2-6d3f02623076
10-30 23:02:53 root 337:updating GUI with: 57
10-30 23:02:53 com_github_MitjaNemec_ReplicateLayout.replicate_layout 985:Src text UUid:30243728-25e6-479a-9048-59415e6ac477
10-30 23:02:53 com_github_MitjaNemec_ReplicateLayout.replicate_layout 986:Dst text UUid:ed23590d-a602-44aa-a25d-055ef4a52489
10-30 23:02:53 com_github_MitjaNemec_ReplicateLayout.replicate_layout 985:Src text UUid:21de7324-f519-41e6-8077-cfd3b80b5d0e
10-30 23:02:53 com_github_MitjaNemec_ReplicateLayout.replicate_layout 986:Dst text UUid:3ebcef78-e1c8-40b2-9030-ed6de24fd7e7
10-30 23:02:53 com_github_MitjaNemec_ReplicateLayout.replicate_layout 985:Src text UUid:237e02fb-9af8-4d0c-aec3-70adaeaa71fb
10-30 23:02:53 com_github_MitjaNemec_ReplicateLayout.replicate_layout 986:Dst text UUid:9f1ec310-5a41-4b89-93b0-a1680dfed70c
10-30 23:02:53 com_github_MitjaNemec_ReplicateLayout.replicate_layout 868:Replicating footprints on sheet ['IO', 'JST6']
10-30 23:02:53 com_github_MitjaNemec_ReplicateLayout.replicate_layout 985:Src text UUid:cfbcb8f7-548e-4fe5-8b1c-806a7de15fe3
10-30 23:02:53 com_github_MitjaNemec_ReplicateLayout.replicate_layout 986:Dst text UUid:122ac6b6-c7d3-4f88-888b-10125b66fcaa
10-30 23:02:53 com_github_MitjaNemec_ReplicateLayout.replicate_layout 985:Src text UUid:4c81b142-7019-406c-961d-fb8e89d65d2d
10-30 23:02:53 com_github_MitjaNemec_ReplicateLayout.replicate_layout 986:Dst text UUid:70465d08-f5ff-4851-bc9b-2706c0030580
10-30 23:02:53 com_github_MitjaNemec_ReplicateLayout.replicate_layout 985:Src text UUid:22e5ee6f-740c-447a-9a87-75faf92c1289
10-30 23:02:53 com_github_MitjaNemec_ReplicateLayout.replicate_layout 986:Dst text UUid:67319a1c-179c-43b4-b6c2-8c4a66e9dac0
10-30 23:02:53 com_github_MitjaNemec_ReplicateLayout.replicate_layout 985:Src text UUid:a12d10f0-c1c4-43c4-9389-45acebcbea8e
10-30 23:02:53 com_github_MitjaNemec_ReplicateLayout.replicate_layout 986:Dst text UUid:08967a2c-27cf-4cfe-b43f-435c1f747188
10-30 23:02:53 com_github_MitjaNemec_ReplicateLayout.replicate_layout 985:Src text UUid:f808c091-2e00-471e-abbf-dc310e30b164
10-30 23:02:53 com_github_MitjaNemec_ReplicateLayout.replicate_layout 986:Dst text UUid:c049abf0-4aa8-45b2-8847-bbe9e26f15dd
10-30 23:02:53 com_github_MitjaNemec_ReplicateLayout.replicate_layout 985:Src text UUid:d20ebc19-8c0f-488c-8f98-f0f02d4a2a52
10-30 23:02:53 com_github_MitjaNemec_ReplicateLayout.replicate_layout 986:Dst text UUid:bfcd4a2f-a41b-4782-9c07-addd1a9af1f5
10-30 23:02:53 com_github_MitjaNemec_ReplicateLayout.replicate_layout 985:Src text UUid:30243728-25e6-479a-9048-59415e6ac477
10-30 23:02:53 com_github_MitjaNemec_ReplicateLayout.replicate_layout 986:Dst text UUid:3f861a6e-2574-428a-ba9a-2483b6bb9acf
10-30 23:02:53 com_github_MitjaNemec_ReplicateLayout.replicate_layout 985:Src text UUid:21de7324-f519-41e6-8077-cfd3b80b5d0e
10-30 23:02:53 com_github_MitjaNemec_ReplicateLayout.replicate_layout 986:Dst text UUid:fbe7d9e2-beba-40ba-9343-db74e5b4ba2a
10-30 23:02:53 com_github_MitjaNemec_ReplicateLayout.replicate_layout 985:Src text UUid:237e02fb-9af8-4d0c-aec3-70adaeaa71fb
10-30 23:02:53 com_github_MitjaNemec_ReplicateLayout.replicate_layout 986:Dst text UUid:fed2ee24-9405-433a-acce-977c625c63b8
10-30 23:02:53 com_github_MitjaNemec_ReplicateLayout.replicate_layout 868:Replicating footprints on sheet ['IO', 'JST7']
10-30 23:02:53 com_github_MitjaNemec_ReplicateLayout.replicate_layout 985:Src text UUid:cfbcb8f7-548e-4fe5-8b1c-806a7de15fe3
10-30 23:02:53 com_github_MitjaNemec_ReplicateLayout.replicate_layout 986:Dst text UUid:5ee8dfe0-dec6-44c6-87b8-caebb9cd4236
10-30 23:02:53 com_github_MitjaNemec_ReplicateLayout.replicate_layout 985:Src text UUid:4c81b142-7019-406c-961d-fb8e89d65d2d
10-30 23:02:53 com_github_MitjaNemec_ReplicateLayout.replicate_layout 986:Dst text UUid:b3feab30-567c-4816-9c31-79924132364c
10-30 23:02:53 com_github_MitjaNemec_ReplicateLayout.replicate_layout 985:Src text UUid:22e5ee6f-740c-447a-9a87-75faf92c1289
10-30 23:02:53 com_github_MitjaNemec_ReplicateLayout.replicate_layout 986:Dst text UUid:8a6721da-6ae6-4341-9623-5b9647c46e49
10-30 23:02:53 com_github_MitjaNemec_ReplicateLayout.replicate_layout 985:Src text UUid:a12d10f0-c1c4-43c4-9389-45acebcbea8e
10-30 23:02:53 com_github_MitjaNemec_ReplicateLayout.replicate_layout 986:Dst text UUid:b261a625-a951-4158-b046-5ad98bba1b0a
10-30 23:02:53 com_github_MitjaNemec_ReplicateLayout.replicate_layout 985:Src text UUid:f808c091-2e00-471e-abbf-dc310e30b164
10-30 23:02:53 com_github_MitjaNemec_ReplicateLayout.replicate_layout 986:Dst text UUid:87ab18a8-4a5a-41b1-9251-a9978d6c0823
10-30 23:02:53 com_github_MitjaNemec_ReplicateLayout.replicate_layout 985:Src text UUid:d20ebc19-8c0f-488c-8f98-f0f02d4a2a52
10-30 23:02:53 com_github_MitjaNemec_ReplicateLayout.replicate_layout 986:Dst text UUid:60694036-1242-4fe7-9d83-14f91c04819f
10-30 23:02:53 com_github_MitjaNemec_ReplicateLayout.replicate_layout 985:Src text UUid:30243728-25e6-479a-9048-59415e6ac477
10-30 23:02:53 com_github_MitjaNemec_ReplicateLayout.replicate_layout 986:Dst text UUid:f35cf51e-5bfa-4f40-ac88-f21c3ecd8f8a
10-30 23:02:53 com_github_MitjaNemec_ReplicateLayout.replicate_layout 985:Src text UUid:21de7324-f519-41e6-8077-cfd3b80b5d0e
10-30 23:02:53 com_github_MitjaNemec_ReplicateLayout.replicate_layout 986:Dst text UUid:2f386092-f4cf-4a98-a162-f3759c3e7201
10-30 23:02:53 com_github_MitjaNemec_ReplicateLayout.replicate_layout 985:Src text UUid:237e02fb-9af8-4d0c-aec3-70adaeaa71fb
10-30 23:02:53 com_github_MitjaNemec_ReplicateLayout.replicate_layout 986:Dst text UUid:b37fc123-f03e-4237-b83a-31b376aecb7a
10-30 23:02:53 com_github_MitjaNemec_ReplicateLayout.replicate_layout 868:Replicating footprints on sheet ['IO', 'JST8']
10-30 23:02:53 com_github_MitjaNemec_ReplicateLayout.replicate_layout 985:Src text UUid:cfbcb8f7-548e-4fe5-8b1c-806a7de15fe3
10-30 23:02:53 com_github_MitjaNemec_ReplicateLayout.replicate_layout 986:Dst text UUid:9092aed1-34ff-4823-b206-023614deda9d
10-30 23:02:53 com_github_MitjaNemec_ReplicateLayout.replicate_layout 985:Src text UUid:4c81b142-7019-406c-961d-fb8e89d65d2d
10-30 23:02:53 com_github_MitjaNemec_ReplicateLayout.replicate_layout 986:Dst text UUid:b4deb7ca-81b8-4366-baec-d1c48c6dfb2c
10-30 23:02:53 com_github_MitjaNemec_ReplicateLayout.replicate_layout 985:Src text UUid:22e5ee6f-740c-447a-9a87-75faf92c1289
10-30 23:02:53 com_github_MitjaNemec_ReplicateLayout.replicate_layout 986:Dst text UUid:7dcfd9b8-f8b3-43c6-ae39-02b57484d57a
10-30 23:02:53 com_github_MitjaNemec_ReplicateLayout.replicate_layout 985:Src text UUid:a12d10f0-c1c4-43c4-9389-45acebcbea8e
10-30 23:02:53 com_github_MitjaNemec_ReplicateLayout.replicate_layout 986:Dst text UUid:f5ccc2eb-28a2-44a7-a35a-acbdd52d0f0a
10-30 23:02:53 com_github_MitjaNemec_ReplicateLayout.replicate_layout 985:Src text UUid:f808c091-2e00-471e-abbf-dc310e30b164
10-30 23:02:53 com_github_MitjaNemec_ReplicateLayout.replicate_layout 986:Dst text UUid:946f3766-1786-491b-9ba3-8647e94bb5ae
10-30 23:02:53 com_github_MitjaNemec_ReplicateLayout.replicate_layout 985:Src text UUid:d20ebc19-8c0f-488c-8f98-f0f02d4a2a52
10-30 23:02:53 com_github_MitjaNemec_ReplicateLayout.replicate_layout 986:Dst text UUid:41408998-ef0e-43a2-9613-85c433c10c82
10-30 23:02:53 com_github_MitjaNemec_ReplicateLayout.replicate_layout 985:Src text UUid:30243728-25e6-479a-9048-59415e6ac477
10-30 23:02:53 com_github_MitjaNemec_ReplicateLayout.replicate_layout 986:Dst text UUid:440795a9-ca88-4e8c-81a3-11ee5621b359
10-30 23:02:53 com_github_MitjaNemec_ReplicateLayout.replicate_layout 985:Src text UUid:21de7324-f519-41e6-8077-cfd3b80b5d0e
10-30 23:02:53 com_github_MitjaNemec_ReplicateLayout.replicate_layout 986:Dst text UUid:8e2edf41-ee31-412d-acfb-66efe360cf0e
10-30 23:02:53 com_github_MitjaNemec_ReplicateLayout.replicate_layout 985:Src text UUid:237e02fb-9af8-4d0c-aec3-70adaeaa71fb
10-30 23:02:53 com_github_MitjaNemec_ReplicateLayout.replicate_layout 986:Dst text UUid:5e0b8735-c1be-4c60-8739-d4a15d189ee4
10-30 23:02:53 root 332:updating GUI message: 'Replicating tracks'
10-30 23:02:53 com_github_MitjaNemec_ReplicateLayout.replicate_layout 1009:Replicating tracks
10-30 23:02:53 com_github_MitjaNemec_ReplicateLayout.replicate_layout 1015:Replicating tracks on sheet ['IO', 'JST2']
10-30 23:02:53 com_github_MitjaNemec_ReplicateLayout.replicate_layout 792:Net pairs for sheet ['IO', 'JST2'] :[('GND', 'GND'), ('/IO/O1', '/IO/O2'), ('', ''), ('+5V', '+5V'), ('Net-(J101-Pin_2)', 'Net-(J201-Pin_2)'), ('/IO/I1', '/IO/I2')]
10-30 23:02:53 com_github_MitjaNemec_ReplicateLayout.replicate_layout 1015:Replicating tracks on sheet ['IO', 'JST3']
10-30 23:02:53 com_github_MitjaNemec_ReplicateLayout.replicate_layout 792:Net pairs for sheet ['IO', 'JST3'] :[('GND', 'GND'), ('', ''), ('+5V', '+5V'), ('/IO/O1', '/IO/O3'), ('Net-(J101-Pin_2)', 'Net-(J301-Pin_2)'), ('/IO/I1', '/IO/I3')]
10-30 23:02:53 com_github_MitjaNemec_ReplicateLayout.replicate_layout 1015:Replicating tracks on sheet ['IO', 'JST4']
10-30 23:02:53 com_github_MitjaNemec_ReplicateLayout.replicate_layout 792:Net pairs for sheet ['IO', 'JST4'] :[('GND', 'GND'), ('', ''), ('+5V', '+5V'), ('Net-(J101-Pin_2)', 'Net-(J401-Pin_2)'), ('/IO/O1', '/IO/O4'), ('/IO/I1', '/IO/I4')]
10-30 23:02:53 com_github_MitjaNemec_ReplicateLayout.replicate_layout 1015:Replicating tracks on sheet ['IO', 'JST5']
10-30 23:02:53 com_github_MitjaNemec_ReplicateLayout.replicate_layout 792:Net pairs for sheet ['IO', 'JST5'] :[('GND', 'GND'), ('Net-(J101-Pin_2)', 'Net-(J501-Pin_2)'), ('/IO/O1', '/IO/O5'), ('', ''), ('+5V', '+5V'), ('/IO/I1', '/IO/I5')]
10-30 23:02:53 com_github_MitjaNemec_ReplicateLayout.replicate_layout 1015:Replicating tracks on sheet ['IO', 'JST6']
10-30 23:02:53 com_github_MitjaNemec_ReplicateLayout.replicate_layout 792:Net pairs for sheet ['IO', 'JST6'] :[('GND', 'GND'), ('Net-(J101-Pin_2)', 'Net-(J601-Pin_2)'), ('', ''), ('+5V', '+5V'), ('/IO/O1', '/IO/O6'), ('/IO/I1', '/IO/I6')]
10-30 23:02:53 com_github_MitjaNemec_ReplicateLayout.replicate_layout 1015:Replicating tracks on sheet ['IO', 'JST7']
10-30 23:02:53 com_github_MitjaNemec_ReplicateLayout.replicate_layout 792:Net pairs for sheet ['IO', 'JST7'] :[('GND', 'GND'), ('/IO/O1', '/IO/O7'), ('Net-(J101-Pin_2)', 'Net-(J701-Pin_2)'), ('/IO/I1', '/IO/I7'), ('+5V', '+5V'), ('', '')]
10-30 23:02:53 root 337:updating GUI with: 72
10-30 23:02:53 com_github_MitjaNemec_ReplicateLayout.replicate_layout 1015:Replicating tracks on sheet ['IO', 'JST8']
10-30 23:02:53 com_github_MitjaNemec_ReplicateLayout.replicate_layout 792:Net pairs for sheet ['IO', 'JST8'] :[('GND', 'GND'), ('Net-(J101-Pin_2)', 'Net-(J801-Pin_2)'), ('', ''), ('+5V', '+5V'), ('/IO/I1', '/IO/I8'), ('/IO/O1', '/IO/O8')]
10-30 23:02:53 root 332:updating GUI message: 'Replicating zones'
10-30 23:02:53 com_github_MitjaNemec_ReplicateLayout.replicate_layout 1079:Replicating zones
10-30 23:02:53 com_github_MitjaNemec_ReplicateLayout.replicate_layout 1086:Replicating zones on sheet ['IO', 'JST2']
10-30 23:02:53 com_github_MitjaNemec_ReplicateLayout.replicate_layout 792:Net pairs for sheet ['IO', 'JST2'] :[('GND', 'GND'), ('/IO/O1', '/IO/O2'), ('', ''), ('+5V', '+5V'), ('Net-(J101-Pin_2)', 'Net-(J201-Pin_2)'), ('/IO/I1', '/IO/I2')]
10-30 23:02:53 com_github_MitjaNemec_ReplicateLayout.replicate_layout 1086:Replicating zones on sheet ['IO', 'JST3']
10-30 23:02:53 com_github_MitjaNemec_ReplicateLayout.replicate_layout 792:Net pairs for sheet ['IO', 'JST3'] :[('GND', 'GND'), ('', ''), ('+5V', '+5V'), ('/IO/O1', '/IO/O3'), ('Net-(J101-Pin_2)', 'Net-(J301-Pin_2)'), ('/IO/I1', '/IO/I3')]
10-30 23:02:53 com_github_MitjaNemec_ReplicateLayout.replicate_layout 1086:Replicating zones on sheet ['IO', 'JST4']
10-30 23:02:53 com_github_MitjaNemec_ReplicateLayout.replicate_layout 792:Net pairs for sheet ['IO', 'JST4'] :[('GND', 'GND'), ('', ''), ('+5V', '+5V'), ('Net-(J101-Pin_2)', 'Net-(J401-Pin_2)'), ('/IO/O1', '/IO/O4'), ('/IO/I1', '/IO/I4')]
10-30 23:02:53 com_github_MitjaNemec_ReplicateLayout.replicate_layout 1086:Replicating zones on sheet ['IO', 'JST5']
10-30 23:02:53 com_github_MitjaNemec_ReplicateLayout.replicate_layout 792:Net pairs for sheet ['IO', 'JST5'] :[('GND', 'GND'), ('Net-(J101-Pin_2)', 'Net-(J501-Pin_2)'), ('/IO/O1', '/IO/O5'), ('', ''), ('+5V', '+5V'), ('/IO/I1', '/IO/I5')]
10-30 23:02:53 com_github_MitjaNemec_ReplicateLayout.replicate_layout 1086:Replicating zones on sheet ['IO', 'JST6']
10-30 23:02:53 com_github_MitjaNemec_ReplicateLayout.replicate_layout 792:Net pairs for sheet ['IO', 'JST6'] :[('GND', 'GND'), ('Net-(J101-Pin_2)', 'Net-(J601-Pin_2)'), ('', ''), ('+5V', '+5V'), ('/IO/O1', '/IO/O6'), ('/IO/I1', '/IO/I6')]
10-30 23:02:53 com_github_MitjaNemec_ReplicateLayout.replicate_layout 1086:Replicating zones on sheet ['IO', 'JST7']
10-30 23:02:53 com_github_MitjaNemec_ReplicateLayout.replicate_layout 792:Net pairs for sheet ['IO', 'JST7'] :[('GND', 'GND'), ('/IO/O1', '/IO/O7'), ('Net-(J101-Pin_2)', 'Net-(J701-Pin_2)'), ('/IO/I1', '/IO/I7'), ('+5V', '+5V'), ('', '')]
10-30 23:02:53 com_github_MitjaNemec_ReplicateLayout.replicate_layout 1086:Replicating zones on sheet ['IO', 'JST8']
10-30 23:02:53 com_github_MitjaNemec_ReplicateLayout.replicate_layout 792:Net pairs for sheet ['IO', 'JST8'] :[('GND', 'GND'), ('Net-(J101-Pin_2)', 'Net-(J801-Pin_2)'), ('', ''), ('+5V', '+5V'), ('/IO/I1', '/IO/I8'), ('/IO/O1', '/IO/O8')]
10-30 23:02:53 root 332:updating GUI message: 'Replicating text'
10-30 23:02:53 com_github_MitjaNemec_ReplicateLayout.replicate_layout 1168:Replicating text
10-30 23:02:53 com_github_MitjaNemec_ReplicateLayout.replicate_layout 1175:Replicating text on sheet ['IO', 'JST2']
10-30 23:02:53 com_github_MitjaNemec_ReplicateLayout.replicate_layout 1175:Replicating text on sheet ['IO', 'JST3']
10-30 23:02:53 com_github_MitjaNemec_ReplicateLayout.replicate_layout 1175:Replicating text on sheet ['IO', 'JST4']
10-30 23:02:53 com_github_MitjaNemec_ReplicateLayout.replicate_layout 1175:Replicating text on sheet ['IO', 'JST5']
10-30 23:02:53 com_github_MitjaNemec_ReplicateLayout.replicate_layout 1175:Replicating text on sheet ['IO', 'JST6']
10-30 23:02:53 com_github_MitjaNemec_ReplicateLayout.replicate_layout 1175:Replicating text on sheet ['IO', 'JST7']
10-30 23:02:53 com_github_MitjaNemec_ReplicateLayout.replicate_layout 1175:Replicating text on sheet ['IO', 'JST8']
10-30 23:02:53 root 332:updating GUI message: 'Replicating drawings'
10-30 23:02:53 com_github_MitjaNemec_ReplicateLayout.replicate_layout 1219:Replicating drawings
10-30 23:02:53 com_github_MitjaNemec_ReplicateLayout.replicate_layout 1225:Replicating drawings on sheet ['IO', 'JST2']
10-30 23:02:53 com_github_MitjaNemec_ReplicateLayout.replicate_layout 1225:Replicating drawings on sheet ['IO', 'JST3']
10-30 23:02:53 com_github_MitjaNemec_ReplicateLayout.replicate_layout 1225:Replicating drawings on sheet ['IO', 'JST4']
10-30 23:02:53 com_github_MitjaNemec_ReplicateLayout.replicate_layout 1225:Replicating drawings on sheet ['IO', 'JST5']
10-30 23:02:53 com_github_MitjaNemec_ReplicateLayout.replicate_layout 1225:Replicating drawings on sheet ['IO', 'JST6']
10-30 23:02:53 com_github_MitjaNemec_ReplicateLayout.replicate_layout 1225:Replicating drawings on sheet ['IO', 'JST7']
10-30 23:02:53 com_github_MitjaNemec_ReplicateLayout.replicate_layout 1225:Replicating drawings on sheet ['IO', 'JST8']
10-30 23:02:53 com_github_MitjaNemec_ReplicateLayout.action_replicate_layout 256:Replication complete
