10-21 12:19:18 com_github_bouni_kicad-jlcpcb-tools.store 208:Part SW605 does not exist in the database and will be created from the board.
10-21 12:19:18 com_github_bouni_kicad-jlcpcb-tools.store 208:Part SW602 does not exist in the database and will be created from the board.
10-21 12:19:18 com_github_bouni_kicad-jlcpcb-tools.store 208:Part SW601 does not exist in the database and will be created from the board.
10-21 12:19:18 com_github_bouni_kicad-jlcpcb-tools.store 208:Part SW603 does not exist in the database and will be created from the board.
10-21 12:19:18 com_github_bouni_kicad-jlcpcb-tools.store 208:Part SW604 does not exist in the database and will be created from the board.
10-21 12:19:18 com_github_bouni_kicad-jlcpcb-tools.store 208:Part R1005 does not exist in the database and will be created from the board.
10-21 12:19:18 com_github_bouni_kicad-jlcpcb-tools.store 208:Part R1004 does not exist in the database and will be created from the board.
10-21 12:19:18 com_github_bouni_kicad-jlcpcb-tools.store 208:Part R905 does not exist in the database and will be created from the board.
10-21 12:19:18 com_github_bouni_kicad-jlcpcb-tools.store 208:Part R904 does not exist in the database and will be created from the board.
10-21 12:19:18 com_github_bouni_kicad-jlcpcb-tools.store 208:Part R802 does not exist in the database and will be created from the board.
10-21 12:19:18 com_github_bouni_kicad-jlcpcb-tools.store 208:Part R801 does not exist in the database and will be created from the board.
10-21 12:19:18 com_github_bouni_kicad-jlcpcb-tools.store 208:Part R702 does not exist in the database and will be created from the board.
10-21 12:19:18 com_github_bouni_kicad-jlcpcb-tools.store 208:Part R701 does not exist in the database and will be created from the board.
10-21 12:19:18 com_github_bouni_kicad-jlcpcb-tools.store 208:Part J1001 does not exist in the database and will be created from the board.
10-21 12:19:18 com_github_bouni_kicad-jlcpcb-tools.store 208:Part J901 does not exist in the database and will be created from the board.
10-21 12:19:18 com_github_bouni_kicad-jlcpcb-tools.store 208:Part J801 does not exist in the database and will be created from the board.
10-21 12:19:18 com_github_bouni_kicad-jlcpcb-tools.store 208:Part J701 does not exist in the database and will be created from the board.
10-21 12:19:18 com_github_bouni_kicad-jlcpcb-tools.store 208:Part J101 does not exist in the database and will be created from the board.
10-21 12:19:18 com_github_bouni_kicad-jlcpcb-tools.store 208:Part D1104 does not exist in the database and will be created from the board.
10-21 12:19:18 com_github_bouni_kicad-jlcpcb-tools.store 208:Part D1103 does not exist in the database and will be created from the board.
10-21 12:19:18 com_github_bouni_kicad-jlcpcb-tools.store 208:Part D1102 does not exist in the database and will be created from the board.
10-21 12:19:18 com_github_bouni_kicad-jlcpcb-tools.store 208:Part D1101 does not exist in the database and will be created from the board.
10-21 12:19:18 com_github_bouni_kicad-jlcpcb-tools.store 208:Part C1101 does not exist in the database and will be created from the board.
10-21 12:19:18 com_github_bouni_kicad-jlcpcb-tools.store 208:Part C301 does not exist in the database and will be created from the board.
10-21 12:19:18 com_github_bouni_kicad-jlcpcb-tools.store 208:Part R201 does not exist in the database and will be created from the board.
10-21 12:19:18 com_github_bouni_kicad-jlcpcb-tools.store 208:Part C201 does not exist in the database and will be created from the board.
10-21 12:19:18 com_github_bouni_kicad-jlcpcb-tools.store 208:Part U201 does not exist in the database and will be created from the board.
10-21 12:19:18 com_github_bouni_kicad-jlcpcb-tools.store 208:Part D201 does not exist in the database and will be created from the board.
10-21 12:19:18 com_github_bouni_kicad-jlcpcb-tools.store 208:Part R202 does not exist in the database and will be created from the board.
10-21 12:19:18 com_github_bouni_kicad-jlcpcb-tools.store 208:Part C202 does not exist in the database and will be created from the board.
10-21 12:19:18 com_github_bouni_kicad-jlcpcb-tools.store 208:Part C203 does not exist in the database and will be created from the board.
10-21 12:19:18 com_github_bouni_kicad-jlcpcb-tools.store 208:Part U202 does not exist in the database and will be created from the board.
10-21 12:19:18 com_github_bouni_kicad-jlcpcb-tools.store 208:Part Y201 does not exist in the database and will be created from the board.
10-21 12:19:18 com_github_bouni_kicad-jlcpcb-tools.store 208:Part R901 does not exist in the database and will be created from the board.
10-21 12:19:18 com_github_bouni_kicad-jlcpcb-tools.store 208:Part L901 does not exist in the database and will be created from the board.
10-21 12:19:18 com_github_bouni_kicad-jlcpcb-tools.store 208:Part R903 does not exist in the database and will be created from the board.
10-21 12:19:18 com_github_bouni_kicad-jlcpcb-tools.store 208:Part C906 does not exist in the database and will be created from the board.
10-21 12:19:18 com_github_bouni_kicad-jlcpcb-tools.store 208:Part U901 does not exist in the database and will be created from the board.
10-21 12:19:18 com_github_bouni_kicad-jlcpcb-tools.store 208:Part C903 does not exist in the database and will be created from the board.
10-21 12:19:18 com_github_bouni_kicad-jlcpcb-tools.store 208:Part R902 does not exist in the database and will be created from the board.
10-21 12:19:18 com_github_bouni_kicad-jlcpcb-tools.store 208:Part C901 does not exist in the database and will be created from the board.
10-21 12:19:18 com_github_bouni_kicad-jlcpcb-tools.store 208:Part C905 does not exist in the database and will be created from the board.
10-21 12:19:18 com_github_bouni_kicad-jlcpcb-tools.store 208:Part C902 does not exist in the database and will be created from the board.
10-21 12:19:18 com_github_bouni_kicad-jlcpcb-tools.store 208:Part C904 does not exist in the database and will be created from the board.
10-21 12:19:18 com_github_bouni_kicad-jlcpcb-tools.store 208:Part C302 does not exist in the database and will be created from the board.
10-21 12:19:18 com_github_bouni_kicad-jlcpcb-tools.store 208:Part U301 does not exist in the database and will be created from the board.
10-21 12:19:18 com_github_bouni_kicad-jlcpcb-tools.store 208:Part C303 does not exist in the database and will be created from the board.
10-21 12:19:18 com_github_bouni_kicad-jlcpcb-tools.store 208:Part U1001 does not exist in the database and will be created from the board.
10-21 12:19:18 com_github_bouni_kicad-jlcpcb-tools.store 208:Part R1001 does not exist in the database and will be created from the board.
10-21 12:19:18 com_github_bouni_kicad-jlcpcb-tools.store 208:Part D1001 does not exist in the database and will be created from the board.
10-21 12:19:18 com_github_bouni_kicad-jlcpcb-tools.store 208:Part R1002 does not exist in the database and will be created from the board.
10-21 12:19:18 com_github_bouni_kicad-jlcpcb-tools.store 208:Part R1003 does not exist in the database and will be created from the board.
10-21 12:19:28 com_github_bouni_kicad-jlcpcb-tools.library 192:Create SQLite table for rotations
10-21 12:19:29 com_github_bouni_kicad-jlcpcb-tools.rotations 330:Correction '^R_Array_Convex_' exists already in database with correction value 90. Leaving this one out.
10-21 12:19:29 com_github_bouni_kicad-jlcpcb-tools.rotations 330:Correction '^R_Array_Concave_' exists already in database with correction value 90. Leaving this one out.
10-21 12:19:29 com_github_bouni_kicad-jlcpcb-tools.rotations 330:Correction '^SOT-223' exists already in database with correction value 180. Leaving this one out.
10-21 12:19:29 com_github_bouni_kicad-jlcpcb-tools.rotations 330:Correction '^SOT-23' exists already in database with correction value 180. Leaving this one out.
10-21 12:19:29 com_github_bouni_kicad-jlcpcb-tools.rotations 330:Correction '^SOT-89' exists already in database with correction value 180. Leaving this one out.
10-21 12:19:29 com_github_bouni_kicad-jlcpcb-tools.rotations 330:Correction '^TSOT-23' exists already in database with correction value 180. Leaving this one out.
10-21 12:19:29 com_github_bouni_kicad-jlcpcb-tools.rotations 330:Correction '^SOT-353' exists already in database with correction value 180. Leaving this one out.
10-21 12:19:29 com_github_bouni_kicad-jlcpcb-tools.rotations 330:Correction '^SOT-363' exists already in database with correction value 180. Leaving this one out.
10-21 12:19:29 com_github_bouni_kicad-jlcpcb-tools.rotations 330:Correction '^QFN-' exists already in database with correction value 270. Leaving this one out.
10-21 12:19:29 com_github_bouni_kicad-jlcpcb-tools.rotations 330:Correction '^LQFP-' exists already in database with correction value 270. Leaving this one out.
10-21 12:19:29 com_github_bouni_kicad-jlcpcb-tools.rotations 330:Correction '^TQFP-' exists already in database with correction value 270. Leaving this one out.
10-21 12:19:29 com_github_bouni_kicad-jlcpcb-tools.rotations 330:Correction '^SOP-4_' exists already in database with correction value 0. Leaving this one out.
10-21 12:19:29 com_github_bouni_kicad-jlcpcb-tools.rotations 330:Correction '^SOP-(?!18_)' exists already in database with correction value 270. Leaving this one out.
10-21 12:19:29 com_github_bouni_kicad-jlcpcb-tools.rotations 330:Correction '^TSSOP-' exists already in database with correction value 270. Leaving this one out.
10-21 12:19:29 com_github_bouni_kicad-jlcpcb-tools.rotations 330:Correction '^SSOP-' exists already in database with correction value 270. Leaving this one out.
10-21 12:19:29 com_github_bouni_kicad-jlcpcb-tools.rotations 330:Correction '^DFN-' exists already in database with correction value 270. Leaving this one out.
10-21 12:19:29 com_github_bouni_kicad-jlcpcb-tools.rotations 330:Correction '^SOIC-' exists already in database with correction value 270. Leaving this one out.
10-21 12:19:29 com_github_bouni_kicad-jlcpcb-tools.rotations 330:Correction '^SOP-18_' exists already in database with correction value 0. Leaving this one out.
10-21 12:19:29 com_github_bouni_kicad-jlcpcb-tools.rotations 330:Correction '^VSSOP-8_3.0x3.0mm_P0.65mm' exists already in database with correction value 270. Leaving this one out.
10-21 12:19:29 com_github_bouni_kicad-jlcpcb-tools.rotations 330:Correction '^VSSOP-8_' exists already in database with correction value 180. Leaving this one out.
10-21 12:19:29 com_github_bouni_kicad-jlcpcb-tools.rotations 330:Correction '^VSSOP-10_' exists already in database with correction value 270. Leaving this one out.
10-21 12:19:29 com_github_bouni_kicad-jlcpcb-tools.rotations 330:Correction '^VSON-8_' exists already in database with correction value 270. Leaving this one out.
10-21 12:19:29 com_github_bouni_kicad-jlcpcb-tools.rotations 330:Correction '^TSOP-6' exists already in database with correction value 270. Leaving this one out.
10-21 12:19:29 com_github_bouni_kicad-jlcpcb-tools.rotations 330:Correction '^UDFN-10' exists already in database with correction value 270. Leaving this one out.
10-21 12:19:29 com_github_bouni_kicad-jlcpcb-tools.rotations 330:Correction '^USON-10' exists already in database with correction value 270. Leaving this one out.
10-21 12:19:29 com_github_bouni_kicad-jlcpcb-tools.rotations 330:Correction '^TDSON-8-1' exists already in database with correction value 270. Leaving this one out.
10-21 12:19:29 com_github_bouni_kicad-jlcpcb-tools.rotations 330:Correction '^CP_EIA-' exists already in database with correction value 180. Leaving this one out.
10-21 12:19:29 com_github_bouni_kicad-jlcpcb-tools.rotations 330:Correction '^CP_Elec_8x5.4' exists already in database with correction value 180. Leaving this one out.
10-21 12:19:29 com_github_bouni_kicad-jlcpcb-tools.rotations 330:Correction '^CP_Elec_8x10.5' exists already in database with correction value 180. Leaving this one out.
10-21 12:19:29 com_github_bouni_kicad-jlcpcb-tools.rotations 330:Correction '^CP_Elec_6.3x7.7' exists already in database with correction value 180. Leaving this one out.
10-21 12:19:29 com_github_bouni_kicad-jlcpcb-tools.rotations 330:Correction '^CP_Elec_8x6.7' exists already in database with correction value 180. Leaving this one out.
10-21 12:19:29 com_github_bouni_kicad-jlcpcb-tools.rotations 330:Correction '^CP_Elec_8x10' exists already in database with correction value 180. Leaving this one out.
10-21 12:19:29 com_github_bouni_kicad-jlcpcb-tools.rotations 330:Correction '^CP_Elec_10x10' exists already in database with correction value 180. Leaving this one out.
10-21 12:19:29 com_github_bouni_kicad-jlcpcb-tools.rotations 330:Correction '^(.*?_|V)?QFN-(16|20|24|28|40)(-|_|$)' exists already in database with correction value 270. Leaving this one out.
10-21 12:19:29 com_github_bouni_kicad-jlcpcb-tools.rotations 330:Correction '^Bosch_LGA-8_2x2.5mm_P0.65mm_ClockwisePinNumbering' exists already in database with correction value 90. Leaving this one out.
10-21 12:19:29 com_github_bouni_kicad-jlcpcb-tools.rotations 330:Correction '^PowerPAK_SO-8_Single' exists already in database with correction value 270. Leaving this one out.
10-21 12:19:29 com_github_bouni_kicad-jlcpcb-tools.rotations 330:Correction '^HTSSOP-28-1EP_4.4x9.7mm*' exists already in database with correction value 270. Leaving this one out.
10-21 12:19:29 com_github_bouni_kicad-jlcpcb-tools.rotations 330:Correction '^PUIAudio_SMT_0825_S_4_R*' exists already in database with correction value 270. Leaving this one out.
10-21 12:19:29 com_github_bouni_kicad-jlcpcb-tools.rotations 330:Correction '^USB_C_Receptacle_HRO_TYPE-C-31-M-12*' exists already in database with correction value 180. Leaving this one out.
10-21 12:19:29 com_github_bouni_kicad-jlcpcb-tools.rotations 330:Correction '^ESP32-W' exists already in database with correction value 270. Leaving this one out.
10-21 12:19:29 com_github_bouni_kicad-jlcpcb-tools.rotations 330:Correction '^SOIC127P798X216-8N' exists already in database with correction value -90. Leaving this one out.
10-21 12:19:29 com_github_bouni_kicad-jlcpcb-tools.rotations 330:Correction '^SW_DIP_SPSTx01_Slide_Copal_CHS-01B_W7.62mm_P1.27mm' exists already in database with correction value -180. Leaving this one out.
10-21 12:19:29 com_github_bouni_kicad-jlcpcb-tools.rotations 330:Correction '^BatteryHolder_Keystone_1060_1x2032' exists already in database with correction value -180. Leaving this one out.
10-21 12:19:29 com_github_bouni_kicad-jlcpcb-tools.rotations 330:Correction '^SO-14' exists already in database with correction value -90. Leaving this one out.
10-21 12:19:29 com_github_bouni_kicad-jlcpcb-tools.rotations 330:Correction '^HTSSOP-' exists already in database with correction value 270. Leaving this one out.
10-21 12:19:29 com_github_bouni_kicad-jlcpcb-tools.rotations 330:Correction '^USB_C_Receptacle_XKB_U262-16XN-4BVC11' exists already in database with correction value 0. Leaving this one out.
10-21 12:19:29 com_github_bouni_kicad-jlcpcb-tools.rotations 330:Correction '^Relay_DPDT_Omron_G6K-2F-Y' exists already in database with correction value 270. Leaving this one out.
10-21 12:19:29 com_github_bouni_kicad-jlcpcb-tools.rotations 330:Correction '^RP2040-QFN-56' exists already in database with correction value 270. Leaving this one out.
10-21 12:19:29 com_github_bouni_kicad-jlcpcb-tools.rotations 330:Correction '^TO-277' exists already in database with correction value 90. Leaving this one out.
10-21 12:19:29 com_github_bouni_kicad-jlcpcb-tools.rotations 330:Correction '^SW_SPST_B3' exists already in database with correction value 90. Leaving this one out.
10-21 12:19:29 com_github_bouni_kicad-jlcpcb-tools.rotations 330:Correction '^Transformer_Ethernet_Pulse_HX0068ANL' exists already in database with correction value 270. Leaving this one out.
10-21 12:19:29 com_github_bouni_kicad-jlcpcb-tools.rotations 330:Correction '^JST_GH_SM' exists already in database with correction value 180. Leaving this one out.
10-21 12:19:29 com_github_bouni_kicad-jlcpcb-tools.rotations 330:Correction '^JST_PH_S' exists already in database with correction value 180. Leaving this one out.
10-21 12:19:29 com_github_bouni_kicad-jlcpcb-tools.rotations 330:Correction '^Diodes_PowerDI3333-8' exists already in database with correction value 270. Leaving this one out.
10-21 12:19:29 com_github_bouni_kicad-jlcpcb-tools.rotations 330:Correction '^Quectel_L80-R' exists already in database with correction value 270. Leaving this one out.
10-21 12:19:29 com_github_bouni_kicad-jlcpcb-tools.rotations 330:Correction '^SC-74-6' exists already in database with correction value 180. Leaving this one out.
10-21 12:19:29 com_github_bouni_kicad-jlcpcb-tools.rotations 330:Correction '^SOT-143' exists already in database with correction value 180. Leaving this one out.
10-21 12:19:29 com_github_bouni_kicad-jlcpcb-tools.rotations 330:Correction '^PinHeader_2x05_P1\.27mm_Vertical' exists already in database with correction value 90. Leaving this one out.
10-21 12:19:29 com_github_bouni_kicad-jlcpcb-tools.rotations 330:Correction '^LED_WS2812B-2020_PLCC4_2.0x2.0mm' exists already in database with correction value 90. Leaving this one out.
10-21 12:21:44 com_github_bouni_kicad-jlcpcb-tools.fabrication 208:Successfully plotted Top layer
10-21 12:21:44 com_github_bouni_kicad-jlcpcb-tools.fabrication 208:Successfully plotted Silk top
10-21 12:21:44 com_github_bouni_kicad-jlcpcb-tools.fabrication 208:Successfully plotted Mask top
10-21 12:21:44 com_github_bouni_kicad-jlcpcb-tools.fabrication 208:Successfully plotted Paste top
10-21 12:21:44 com_github_bouni_kicad-jlcpcb-tools.fabrication 208:Successfully plotted Bottom layer
10-21 12:21:44 com_github_bouni_kicad-jlcpcb-tools.fabrication 208:Successfully plotted Silk top
10-21 12:21:44 com_github_bouni_kicad-jlcpcb-tools.fabrication 208:Successfully plotted Mask bottom
10-21 12:21:44 com_github_bouni_kicad-jlcpcb-tools.fabrication 208:Successfully plotted Paste bottom
10-21 12:21:44 com_github_bouni_kicad-jlcpcb-tools.fabrication 208:Successfully plotted Edges
10-21 12:21:44 com_github_bouni_kicad-jlcpcb-tools.fabrication 208:Successfully plotted V score cut
10-21 12:21:44 com_github_bouni_kicad-jlcpcb-tools.fabrication 223:Finished generating Excellon files
10-21 12:21:44 com_github_bouni_kicad-jlcpcb-tools.fabrication 240:Finished generating ZIP file
10-21 12:21:44 com_github_bouni_kicad-jlcpcb-tools.fabrication 85:Fixed rotation of U202 (ATmega328-A / TQFP-32_7x7mm_P0.8mm) on Top Layer by 270 degrees
10-21 12:21:44 com_github_bouni_kicad-jlcpcb-tools.fabrication 85:Fixed rotation of U301 (L78L05_SOT89 / SOT-89-3) on Top Layer by 180 degrees
10-21 12:21:44 com_github_bouni_kicad-jlcpcb-tools.fabrication 85:Fixed rotation of U1001 (6N137 / SOP-8_6.62x9.15mm_P2.54mm) on Top Layer by 270 degrees
10-21 12:21:44 com_github_bouni_kicad-jlcpcb-tools.fabrication 270:Finished generating CPL file
10-21 12:21:44 com_github_bouni_kicad-jlcpcb-tools.fabrication 282:Finished generating BOM file
