01-21 13:19:59 com_github_MitjaNemec_ReplicateLayout.action_replicate_layout 392:Plugin executed on: 'win32'
01-21 13:19:59 com_github_MitjaNemec_ReplicateLayout.action_replicate_layout 393:Plugin executed with python version: '3.11.5 (main, Aug 14 2024, 05:26:19) [MSC v.1939 64 bit (AMD64)]'
01-21 13:19:59 com_github_MitjaNemec_ReplicateLayout.action_replicate_layout 394:KiCad build version: 8.0.5
01-21 13:19:59 com_github_MitjaNemec_ReplicateLayout.action_replicate_layout 395:Plugin version: 3.0.3
01-21 13:19:59 com_github_MitjaNemec_ReplicateLayout.action_replicate_layout 396:Frame repr: <wx._core.Frame object at 0x000002900FEDFD00>
01-21 13:19:59 com_github_MitjaNemec_ReplicateLayout.action_replicate_layout 420:Preparing replicator with K202 as a reference
01-21 13:19:59 com_github_MitjaNemec_ReplicateLayout.replicate_layout 117:getting a list of all footprints on board
01-21 13:19:59 com_github_MitjaNemec_ReplicateLayout.action_replicate_layout 468:source anchor footprint is 'K202'
Located on: ['relay1']
With filenames: ['relay.kicad_sch']
With sheet_id:['relay1']
01-21 13:19:59 com_github_MitjaNemec_ReplicateLayout.action_replicate_layout 475:Corresponding footprints are 
[('K502', ['relay4']), ('K402', ['relay3']), ('K302', ['relay2']), ('K202', ['relay1'])]
01-21 13:19:59 com_github_MitjaNemec_ReplicateLayout.action_replicate_layout 487:Showing dialog
01-21 13:19:59 com_github_MitjaNemec_ReplicateLayout.replicate_layout 472:constructing a list of sheets suitable for replication on level:'relay1', file:'relay.kicad_sch'
01-21 13:19:59 com_github_MitjaNemec_ReplicateLayout.replicate_layout 509:suitable sheets are:[['relay2'], ['relay3'], ['relay4']]
01-21 13:19:59 com_github_MitjaNemec_ReplicateLayout.replicate_layout 1507:Level selected: ['relay1']
01-21 13:19:59 com_github_MitjaNemec_ReplicateLayout.replicate_layout 1331:Filtering list of tracks
01-21 13:19:59 com_github_MitjaNemec_ReplicateLayout.action_replicate_layout 493:Toolbar position: wx.Point(1886, 71)
01-21 13:19:59 com_github_MitjaNemec_ReplicateLayout.action_replicate_layout 498:Dialog position: wx.Point(1447, 71)
01-21 13:20:06 com_github_MitjaNemec_ReplicateLayout.replicate_layout 472:constructing a list of sheets suitable for replication on level:'relay1', file:'relay.kicad_sch'
01-21 13:20:06 com_github_MitjaNemec_ReplicateLayout.replicate_layout 509:suitable sheets are:[['relay2'], ['relay3'], ['relay4']]
01-21 13:20:06 com_github_MitjaNemec_ReplicateLayout.action_replicate_layout 240:Replicating layout
01-21 13:20:06 com_github_MitjaNemec_ReplicateLayout.replicate_layout 288:Starting replication of sheets: [['relay2'], ['relay3'], ['relay4']]
on level: ['relay1']
with tracks=True, zone=True, text=True, text=True, intersecting=False, remove=False, locked footprints=False, group_only=False
01-21 13:20:06 root 332:updating GUI message: 'Preparing for replication'
01-21 13:20:06 root 337:updating GUI with: 0
01-21 13:20:06 com_github_MitjaNemec_ReplicateLayout.replicate_layout 358:Getting the list of source footprints
01-21 13:20:06 com_github_MitjaNemec_ReplicateLayout.replicate_layout 368:Getting the list of all the remaining footprints
01-21 13:20:06 com_github_MitjaNemec_ReplicateLayout.replicate_layout 375:Getting source tracks
01-21 13:20:06 com_github_MitjaNemec_ReplicateLayout.replicate_layout 1331:Filtering list of tracks
01-21 13:20:06 com_github_MitjaNemec_ReplicateLayout.replicate_layout 379:Getting source zones
01-21 13:20:06 com_github_MitjaNemec_ReplicateLayout.replicate_layout 383:Getting source text items
01-21 13:20:06 com_github_MitjaNemec_ReplicateLayout.replicate_layout 387:Getting source drawing items
01-21 13:20:06 root 332:updating GUI message: 'Replicating footprints'
01-21 13:20:06 com_github_MitjaNemec_ReplicateLayout.replicate_layout 861:Replicating footprints
01-21 13:20:06 com_github_MitjaNemec_ReplicateLayout.replicate_layout 868:Replicating footprints on sheet ['relay2']
01-21 13:20:06 com_github_MitjaNemec_ReplicateLayout.replicate_layout 985:Src text UUid:0f473442-1549-436b-b6ea-ebce7b24ee61
01-21 13:20:06 com_github_MitjaNemec_ReplicateLayout.replicate_layout 986:Dst text UUid:001d2f3e-b582-4906-95db-3f564efe2999
01-21 13:20:06 com_github_MitjaNemec_ReplicateLayout.replicate_layout 985:Src text UUid:bfc763f9-ac77-4bcb-911b-e258773eebac
01-21 13:20:06 com_github_MitjaNemec_ReplicateLayout.replicate_layout 986:Dst text UUid:4d26090b-8c19-454e-8f32-b4444a3e9790
01-21 13:20:06 com_github_MitjaNemec_ReplicateLayout.replicate_layout 985:Src text UUid:213721aa-f06f-4427-9bef-bce89ea70005
01-21 13:20:06 com_github_MitjaNemec_ReplicateLayout.replicate_layout 986:Dst text UUid:e1c55430-5d2e-4400-bc6d-1072429adabf
01-21 13:20:06 root 337:updating GUI with: 7
01-21 13:20:06 com_github_MitjaNemec_ReplicateLayout.replicate_layout 985:Src text UUid:54c660f7-6025-4835-9160-a9d84bf4b975
01-21 13:20:06 com_github_MitjaNemec_ReplicateLayout.replicate_layout 986:Dst text UUid:d254cf0f-54f6-4ab3-9398-357e628e04d2
01-21 13:20:06 com_github_MitjaNemec_ReplicateLayout.replicate_layout 985:Src text UUid:0afd6c43-9aaa-4295-be04-968a8f0ff703
01-21 13:20:06 com_github_MitjaNemec_ReplicateLayout.replicate_layout 986:Dst text UUid:2aa27e97-79d4-407e-a3e8-6ea2aeaaab26
01-21 13:20:06 com_github_MitjaNemec_ReplicateLayout.replicate_layout 985:Src text UUid:6b2eb2d1-2dab-43fa-8f70-06a27b3f3e9f
01-21 13:20:06 com_github_MitjaNemec_ReplicateLayout.replicate_layout 986:Dst text UUid:4c59e91d-18a8-4b31-91e1-2f612c113327
01-21 13:20:06 com_github_MitjaNemec_ReplicateLayout.replicate_layout 985:Src text UUid:d153f5a7-17b7-41f0-be17-fff94a5f53f6
01-21 13:20:06 com_github_MitjaNemec_ReplicateLayout.replicate_layout 986:Dst text UUid:de898d45-25c2-4057-8820-8dd8672fe418
01-21 13:20:06 com_github_MitjaNemec_ReplicateLayout.replicate_layout 985:Src text UUid:5f5d3a05-75b6-4535-98b4-65d3d6d5e3a9
01-21 13:20:06 com_github_MitjaNemec_ReplicateLayout.replicate_layout 986:Dst text UUid:cba76cfd-ed14-415e-b7c1-bbef6242ec6c
01-21 13:20:06 com_github_MitjaNemec_ReplicateLayout.replicate_layout 985:Src text UUid:3f4ae059-1b77-468d-83ea-f52cc80827e0
01-21 13:20:06 com_github_MitjaNemec_ReplicateLayout.replicate_layout 986:Dst text UUid:9e8926eb-bb9e-4942-aa4a-8923b29daf6c
01-21 13:20:06 com_github_MitjaNemec_ReplicateLayout.replicate_layout 985:Src text UUid:2c16e2f7-ced7-4b0e-a084-08c261ccc329
01-21 13:20:06 com_github_MitjaNemec_ReplicateLayout.replicate_layout 986:Dst text UUid:58ffd4f4-bff9-478c-aa25-deab512e5535
01-21 13:20:06 com_github_MitjaNemec_ReplicateLayout.replicate_layout 985:Src text UUid:a9c42312-f829-4ae2-8ce3-2504e0e226cf
01-21 13:20:06 com_github_MitjaNemec_ReplicateLayout.replicate_layout 986:Dst text UUid:596e7536-e20d-433d-8d51-8ced7100f53f
01-21 13:20:06 com_github_MitjaNemec_ReplicateLayout.replicate_layout 985:Src text UUid:11092258-a479-477b-a122-8156a29402cc
01-21 13:20:06 com_github_MitjaNemec_ReplicateLayout.replicate_layout 986:Dst text UUid:3a89f836-15d2-4f4c-8aba-3b69b2b40b9f
01-21 13:20:06 com_github_MitjaNemec_ReplicateLayout.replicate_layout 985:Src text UUid:9d7ff383-95cb-471e-a15b-202eef7919f1
01-21 13:20:06 com_github_MitjaNemec_ReplicateLayout.replicate_layout 986:Dst text UUid:8ee239e7-fac7-4b6e-9c2b-f9807b7efd55
01-21 13:20:06 com_github_MitjaNemec_ReplicateLayout.replicate_layout 985:Src text UUid:e5c1ab83-957d-4067-b990-dfc56528581c
01-21 13:20:06 com_github_MitjaNemec_ReplicateLayout.replicate_layout 986:Dst text UUid:2145b9cb-910c-4477-9ec3-c484e6153710
01-21 13:20:06 com_github_MitjaNemec_ReplicateLayout.replicate_layout 985:Src text UUid:1045443e-2e39-4727-8fc0-443fe48a2a4b
01-21 13:20:06 com_github_MitjaNemec_ReplicateLayout.replicate_layout 986:Dst text UUid:4c25c405-6134-4dd9-94e9-4fed36e981f4
01-21 13:20:06 com_github_MitjaNemec_ReplicateLayout.replicate_layout 985:Src text UUid:d8d67412-74f7-4931-9d0e-b86eb711620b
01-21 13:20:06 com_github_MitjaNemec_ReplicateLayout.replicate_layout 986:Dst text UUid:dcc9685c-477d-4a97-9dff-67151252cc60
01-21 13:20:06 com_github_MitjaNemec_ReplicateLayout.replicate_layout 985:Src text UUid:a4645b04-aafa-4e8d-a5fa-edfde4dd65e5
01-21 13:20:06 com_github_MitjaNemec_ReplicateLayout.replicate_layout 986:Dst text UUid:5824ad6c-6573-47e8-b081-1625db073c32
01-21 13:20:06 com_github_MitjaNemec_ReplicateLayout.replicate_layout 985:Src text UUid:0558a579-7ef6-460b-a1cd-23abc469a889
01-21 13:20:06 com_github_MitjaNemec_ReplicateLayout.replicate_layout 986:Dst text UUid:26920006-52f4-426a-8e63-bfc57eaa9e38
01-21 13:20:06 com_github_MitjaNemec_ReplicateLayout.replicate_layout 985:Src text UUid:bd08b213-2cf7-40ae-8407-a49f03faf026
01-21 13:20:06 com_github_MitjaNemec_ReplicateLayout.replicate_layout 986:Dst text UUid:3fb32e17-217e-4698-b4b8-df8fa74bc21c
01-21 13:20:06 com_github_MitjaNemec_ReplicateLayout.replicate_layout 985:Src text UUid:d1f3ad0d-3545-4dd9-9ff9-6ee0e5e115fe
01-21 13:20:06 com_github_MitjaNemec_ReplicateLayout.replicate_layout 986:Dst text UUid:0e0f1a4c-1c3f-46af-a65b-bb819503c94d
01-21 13:20:06 com_github_MitjaNemec_ReplicateLayout.replicate_layout 985:Src text UUid:29716263-4e8c-4b68-b5dc-9f7b7f734e6f
01-21 13:20:06 com_github_MitjaNemec_ReplicateLayout.replicate_layout 986:Dst text UUid:3066e095-4aca-448d-b0f3-dab2af1e33eb
01-21 13:20:06 com_github_MitjaNemec_ReplicateLayout.replicate_layout 985:Src text UUid:2379d5d3-be2b-4490-b24b-89e45848102e
01-21 13:20:06 com_github_MitjaNemec_ReplicateLayout.replicate_layout 986:Dst text UUid:5f95d5d8-3b50-4c1a-ad3c-18d21328cd55
01-21 13:20:06 com_github_MitjaNemec_ReplicateLayout.replicate_layout 985:Src text UUid:4c881167-cbb2-46e1-a267-91669f28dbfe
01-21 13:20:06 com_github_MitjaNemec_ReplicateLayout.replicate_layout 986:Dst text UUid:9a7d8733-d68a-438b-9ff2-b06295bc9bbc
01-21 13:20:06 com_github_MitjaNemec_ReplicateLayout.replicate_layout 985:Src text UUid:0672b7cc-834a-475c-ab3f-d9359e63df94
01-21 13:20:06 com_github_MitjaNemec_ReplicateLayout.replicate_layout 986:Dst text UUid:46b7c391-0aac-4592-8d21-09bd4226a4d8
01-21 13:20:06 com_github_MitjaNemec_ReplicateLayout.replicate_layout 985:Src text UUid:355f4c51-176c-452a-9af0-3dd24cd4c5ef
01-21 13:20:06 com_github_MitjaNemec_ReplicateLayout.replicate_layout 986:Dst text UUid:6267357d-b90d-4a80-ad04-8f131e40a320
01-21 13:20:06 com_github_MitjaNemec_ReplicateLayout.replicate_layout 868:Replicating footprints on sheet ['relay3']
01-21 13:20:06 com_github_MitjaNemec_ReplicateLayout.replicate_layout 985:Src text UUid:0f473442-1549-436b-b6ea-ebce7b24ee61
01-21 13:20:06 com_github_MitjaNemec_ReplicateLayout.replicate_layout 986:Dst text UUid:55fec04f-72f2-4052-aaa3-c48538afc371
01-21 13:20:06 com_github_MitjaNemec_ReplicateLayout.replicate_layout 985:Src text UUid:bfc763f9-ac77-4bcb-911b-e258773eebac
01-21 13:20:06 com_github_MitjaNemec_ReplicateLayout.replicate_layout 986:Dst text UUid:3df48c6d-7a6d-4915-bce7-5054635a65d9
01-21 13:20:06 com_github_MitjaNemec_ReplicateLayout.replicate_layout 985:Src text UUid:213721aa-f06f-4427-9bef-bce89ea70005
01-21 13:20:06 com_github_MitjaNemec_ReplicateLayout.replicate_layout 986:Dst text UUid:8f145957-8b97-40dd-a56f-bb24b3d80b4e
01-21 13:20:06 com_github_MitjaNemec_ReplicateLayout.replicate_layout 985:Src text UUid:54c660f7-6025-4835-9160-a9d84bf4b975
01-21 13:20:06 com_github_MitjaNemec_ReplicateLayout.replicate_layout 986:Dst text UUid:18d86a65-e760-4397-8bc8-310a364720c9
01-21 13:20:06 com_github_MitjaNemec_ReplicateLayout.replicate_layout 985:Src text UUid:0afd6c43-9aaa-4295-be04-968a8f0ff703
01-21 13:20:06 com_github_MitjaNemec_ReplicateLayout.replicate_layout 986:Dst text UUid:90768928-bb52-49d5-b97e-809c28ce8810
01-21 13:20:06 com_github_MitjaNemec_ReplicateLayout.replicate_layout 985:Src text UUid:6b2eb2d1-2dab-43fa-8f70-06a27b3f3e9f
01-21 13:20:06 com_github_MitjaNemec_ReplicateLayout.replicate_layout 986:Dst text UUid:d0dc0e5d-f470-4f79-ac59-1253db5afa25
01-21 13:20:06 com_github_MitjaNemec_ReplicateLayout.replicate_layout 985:Src text UUid:d153f5a7-17b7-41f0-be17-fff94a5f53f6
01-21 13:20:06 com_github_MitjaNemec_ReplicateLayout.replicate_layout 986:Dst text UUid:48ffd210-46f6-421e-b366-eedd84af43a2
01-21 13:20:06 com_github_MitjaNemec_ReplicateLayout.replicate_layout 985:Src text UUid:5f5d3a05-75b6-4535-98b4-65d3d6d5e3a9
01-21 13:20:06 com_github_MitjaNemec_ReplicateLayout.replicate_layout 986:Dst text UUid:fa21f943-8998-47c1-a2d1-ea1e95f1ed3c
01-21 13:20:06 com_github_MitjaNemec_ReplicateLayout.replicate_layout 985:Src text UUid:3f4ae059-1b77-468d-83ea-f52cc80827e0
01-21 13:20:06 com_github_MitjaNemec_ReplicateLayout.replicate_layout 986:Dst text UUid:d325148c-0e69-4db1-afc7-f9fbcfe6fe34
01-21 13:20:06 com_github_MitjaNemec_ReplicateLayout.replicate_layout 985:Src text UUid:2c16e2f7-ced7-4b0e-a084-08c261ccc329
01-21 13:20:06 com_github_MitjaNemec_ReplicateLayout.replicate_layout 986:Dst text UUid:8bd1a695-b7cd-4d2d-a285-e794e7ab08d9
01-21 13:20:06 com_github_MitjaNemec_ReplicateLayout.replicate_layout 985:Src text UUid:a9c42312-f829-4ae2-8ce3-2504e0e226cf
01-21 13:20:06 com_github_MitjaNemec_ReplicateLayout.replicate_layout 986:Dst text UUid:3d75db1f-3137-4c7b-a04b-a789d1e49a75
01-21 13:20:06 com_github_MitjaNemec_ReplicateLayout.replicate_layout 985:Src text UUid:11092258-a479-477b-a122-8156a29402cc
01-21 13:20:06 com_github_MitjaNemec_ReplicateLayout.replicate_layout 986:Dst text UUid:f684ef9a-9c17-44d1-b682-9cbb87a1856c
01-21 13:20:06 com_github_MitjaNemec_ReplicateLayout.replicate_layout 985:Src text UUid:9d7ff383-95cb-471e-a15b-202eef7919f1
01-21 13:20:06 com_github_MitjaNemec_ReplicateLayout.replicate_layout 986:Dst text UUid:f1feaf98-356f-40b7-b325-e6698c269b82
01-21 13:20:06 com_github_MitjaNemec_ReplicateLayout.replicate_layout 985:Src text UUid:e5c1ab83-957d-4067-b990-dfc56528581c
01-21 13:20:06 com_github_MitjaNemec_ReplicateLayout.replicate_layout 986:Dst text UUid:e83bfe5e-2dfa-46d2-b7d6-a622a99e6878
01-21 13:20:06 com_github_MitjaNemec_ReplicateLayout.replicate_layout 985:Src text UUid:1045443e-2e39-4727-8fc0-443fe48a2a4b
01-21 13:20:06 com_github_MitjaNemec_ReplicateLayout.replicate_layout 986:Dst text UUid:4285e071-e36a-4a39-b79a-1be7748bcc82
01-21 13:20:06 com_github_MitjaNemec_ReplicateLayout.replicate_layout 985:Src text UUid:d8d67412-74f7-4931-9d0e-b86eb711620b
01-21 13:20:06 com_github_MitjaNemec_ReplicateLayout.replicate_layout 986:Dst text UUid:bb44696b-0a2a-4d55-86a2-b89733fca568
01-21 13:20:06 com_github_MitjaNemec_ReplicateLayout.replicate_layout 985:Src text UUid:a4645b04-aafa-4e8d-a5fa-edfde4dd65e5
01-21 13:20:06 com_github_MitjaNemec_ReplicateLayout.replicate_layout 986:Dst text UUid:88a6d4d8-4659-417d-838e-f9d47c6c2c98
01-21 13:20:06 com_github_MitjaNemec_ReplicateLayout.replicate_layout 985:Src text UUid:0558a579-7ef6-460b-a1cd-23abc469a889
01-21 13:20:06 com_github_MitjaNemec_ReplicateLayout.replicate_layout 986:Dst text UUid:e815a1f5-4af7-4f96-b953-fa83ece1722c
01-21 13:20:06 com_github_MitjaNemec_ReplicateLayout.replicate_layout 985:Src text UUid:bd08b213-2cf7-40ae-8407-a49f03faf026
01-21 13:20:06 com_github_MitjaNemec_ReplicateLayout.replicate_layout 986:Dst text UUid:b82efa49-0c85-430a-b2bb-144195d83231
01-21 13:20:06 com_github_MitjaNemec_ReplicateLayout.replicate_layout 985:Src text UUid:d1f3ad0d-3545-4dd9-9ff9-6ee0e5e115fe
01-21 13:20:06 com_github_MitjaNemec_ReplicateLayout.replicate_layout 986:Dst text UUid:2d2aa10c-cb5f-4a90-b6c5-b72e78e9b3a3
01-21 13:20:06 com_github_MitjaNemec_ReplicateLayout.replicate_layout 985:Src text UUid:29716263-4e8c-4b68-b5dc-9f7b7f734e6f
01-21 13:20:06 com_github_MitjaNemec_ReplicateLayout.replicate_layout 986:Dst text UUid:1fc60ea8-3039-43bc-a1cb-3c88701cf20f
01-21 13:20:06 com_github_MitjaNemec_ReplicateLayout.replicate_layout 985:Src text UUid:2379d5d3-be2b-4490-b24b-89e45848102e
01-21 13:20:06 com_github_MitjaNemec_ReplicateLayout.replicate_layout 986:Dst text UUid:dd1fcaa3-fd82-4a79-95cd-851276753f74
01-21 13:20:06 com_github_MitjaNemec_ReplicateLayout.replicate_layout 985:Src text UUid:4c881167-cbb2-46e1-a267-91669f28dbfe
01-21 13:20:06 com_github_MitjaNemec_ReplicateLayout.replicate_layout 986:Dst text UUid:b94b52ea-75fc-4eaa-91cd-254fdd0f036d
01-21 13:20:06 com_github_MitjaNemec_ReplicateLayout.replicate_layout 985:Src text UUid:0672b7cc-834a-475c-ab3f-d9359e63df94
01-21 13:20:06 com_github_MitjaNemec_ReplicateLayout.replicate_layout 986:Dst text UUid:3b8215cb-2457-4e50-9d6c-f6a758441849
01-21 13:20:06 com_github_MitjaNemec_ReplicateLayout.replicate_layout 985:Src text UUid:355f4c51-176c-452a-9af0-3dd24cd4c5ef
01-21 13:20:06 com_github_MitjaNemec_ReplicateLayout.replicate_layout 986:Dst text UUid:ca47c26c-1be9-4a83-8a35-575de86d158f
01-21 13:20:06 com_github_MitjaNemec_ReplicateLayout.replicate_layout 868:Replicating footprints on sheet ['relay4']
01-21 13:20:06 root 337:updating GUI with: 70
01-21 13:20:06 com_github_MitjaNemec_ReplicateLayout.replicate_layout 985:Src text UUid:0f473442-1549-436b-b6ea-ebce7b24ee61
01-21 13:20:06 com_github_MitjaNemec_ReplicateLayout.replicate_layout 986:Dst text UUid:d328b634-4fcc-4107-8bb2-d005342f1760
01-21 13:20:06 com_github_MitjaNemec_ReplicateLayout.replicate_layout 985:Src text UUid:bfc763f9-ac77-4bcb-911b-e258773eebac
01-21 13:20:06 com_github_MitjaNemec_ReplicateLayout.replicate_layout 986:Dst text UUid:24a5f6cc-9d1d-4b10-b590-531c4656e1f7
01-21 13:20:06 com_github_MitjaNemec_ReplicateLayout.replicate_layout 985:Src text UUid:213721aa-f06f-4427-9bef-bce89ea70005
01-21 13:20:06 com_github_MitjaNemec_ReplicateLayout.replicate_layout 986:Dst text UUid:233d7eda-34f5-44ff-bb2d-88dd57ac0157
01-21 13:20:06 com_github_MitjaNemec_ReplicateLayout.replicate_layout 985:Src text UUid:54c660f7-6025-4835-9160-a9d84bf4b975
01-21 13:20:06 com_github_MitjaNemec_ReplicateLayout.replicate_layout 986:Dst text UUid:ec2953ab-41f0-445a-8c4d-c1d5bdc7555d
01-21 13:20:06 com_github_MitjaNemec_ReplicateLayout.replicate_layout 985:Src text UUid:0afd6c43-9aaa-4295-be04-968a8f0ff703
01-21 13:20:06 com_github_MitjaNemec_ReplicateLayout.replicate_layout 986:Dst text UUid:5a8ca4bb-c4d0-4744-8720-98515fdfd23b
01-21 13:20:06 com_github_MitjaNemec_ReplicateLayout.replicate_layout 985:Src text UUid:6b2eb2d1-2dab-43fa-8f70-06a27b3f3e9f
01-21 13:20:06 com_github_MitjaNemec_ReplicateLayout.replicate_layout 986:Dst text UUid:3e43ff6e-7909-478c-b821-8ab45db579cf
01-21 13:20:06 com_github_MitjaNemec_ReplicateLayout.replicate_layout 985:Src text UUid:d153f5a7-17b7-41f0-be17-fff94a5f53f6
01-21 13:20:06 com_github_MitjaNemec_ReplicateLayout.replicate_layout 986:Dst text UUid:c8c5d8ba-e915-49a6-b0f6-83f3f4a43b9e
01-21 13:20:06 com_github_MitjaNemec_ReplicateLayout.replicate_layout 985:Src text UUid:5f5d3a05-75b6-4535-98b4-65d3d6d5e3a9
01-21 13:20:06 com_github_MitjaNemec_ReplicateLayout.replicate_layout 986:Dst text UUid:23b96f31-addf-4074-8c2a-73c57fce8e61
01-21 13:20:06 com_github_MitjaNemec_ReplicateLayout.replicate_layout 985:Src text UUid:3f4ae059-1b77-468d-83ea-f52cc80827e0
01-21 13:20:06 com_github_MitjaNemec_ReplicateLayout.replicate_layout 986:Dst text UUid:c9b510b3-6cce-410c-b1cf-9ed791ff1e18
01-21 13:20:06 com_github_MitjaNemec_ReplicateLayout.replicate_layout 985:Src text UUid:2c16e2f7-ced7-4b0e-a084-08c261ccc329
01-21 13:20:06 com_github_MitjaNemec_ReplicateLayout.replicate_layout 986:Dst text UUid:132e8ea1-f35a-4bae-be56-79e56122bd53
01-21 13:20:06 com_github_MitjaNemec_ReplicateLayout.replicate_layout 985:Src text UUid:a9c42312-f829-4ae2-8ce3-2504e0e226cf
01-21 13:20:06 com_github_MitjaNemec_ReplicateLayout.replicate_layout 986:Dst text UUid:acb20a33-41d9-4fcc-b10c-3df636a94d9e
01-21 13:20:06 com_github_MitjaNemec_ReplicateLayout.replicate_layout 985:Src text UUid:11092258-a479-477b-a122-8156a29402cc
01-21 13:20:06 com_github_MitjaNemec_ReplicateLayout.replicate_layout 986:Dst text UUid:f1917010-5865-47ff-a837-81c97da35182
01-21 13:20:06 com_github_MitjaNemec_ReplicateLayout.replicate_layout 985:Src text UUid:9d7ff383-95cb-471e-a15b-202eef7919f1
01-21 13:20:06 com_github_MitjaNemec_ReplicateLayout.replicate_layout 986:Dst text UUid:210eb934-ae45-42fb-85ed-3b4ddf3f77e3
01-21 13:20:06 com_github_MitjaNemec_ReplicateLayout.replicate_layout 985:Src text UUid:e5c1ab83-957d-4067-b990-dfc56528581c
01-21 13:20:06 com_github_MitjaNemec_ReplicateLayout.replicate_layout 986:Dst text UUid:34c4d6b9-43d8-4bb0-ab31-00e0e8ea1169
01-21 13:20:06 com_github_MitjaNemec_ReplicateLayout.replicate_layout 985:Src text UUid:1045443e-2e39-4727-8fc0-443fe48a2a4b
01-21 13:20:06 com_github_MitjaNemec_ReplicateLayout.replicate_layout 986:Dst text UUid:068bfb10-a6c7-4511-8ba9-f33b5f59ae8d
01-21 13:20:06 com_github_MitjaNemec_ReplicateLayout.replicate_layout 985:Src text UUid:d8d67412-74f7-4931-9d0e-b86eb711620b
01-21 13:20:06 com_github_MitjaNemec_ReplicateLayout.replicate_layout 986:Dst text UUid:7eb22256-20b6-4b89-ba38-cbe11bf6c93e
01-21 13:20:06 com_github_MitjaNemec_ReplicateLayout.replicate_layout 985:Src text UUid:a4645b04-aafa-4e8d-a5fa-edfde4dd65e5
01-21 13:20:06 com_github_MitjaNemec_ReplicateLayout.replicate_layout 986:Dst text UUid:1207c3ab-b163-4367-9436-bf0c89831154
01-21 13:20:06 com_github_MitjaNemec_ReplicateLayout.replicate_layout 985:Src text UUid:0558a579-7ef6-460b-a1cd-23abc469a889
01-21 13:20:06 com_github_MitjaNemec_ReplicateLayout.replicate_layout 986:Dst text UUid:7193083f-5962-4bdc-b013-10ace094d97e
01-21 13:20:06 com_github_MitjaNemec_ReplicateLayout.replicate_layout 985:Src text UUid:bd08b213-2cf7-40ae-8407-a49f03faf026
01-21 13:20:06 com_github_MitjaNemec_ReplicateLayout.replicate_layout 986:Dst text UUid:e1182715-efbc-467b-86f2-c7d9e7560977
01-21 13:20:06 com_github_MitjaNemec_ReplicateLayout.replicate_layout 985:Src text UUid:d1f3ad0d-3545-4dd9-9ff9-6ee0e5e115fe
01-21 13:20:06 com_github_MitjaNemec_ReplicateLayout.replicate_layout 986:Dst text UUid:4f055693-af32-4771-abaf-80b787a08ec9
01-21 13:20:06 com_github_MitjaNemec_ReplicateLayout.replicate_layout 985:Src text UUid:29716263-4e8c-4b68-b5dc-9f7b7f734e6f
01-21 13:20:06 com_github_MitjaNemec_ReplicateLayout.replicate_layout 986:Dst text UUid:7697c3a0-590d-4dcf-b095-b3aea1a9c042
01-21 13:20:06 com_github_MitjaNemec_ReplicateLayout.replicate_layout 985:Src text UUid:2379d5d3-be2b-4490-b24b-89e45848102e
01-21 13:20:06 com_github_MitjaNemec_ReplicateLayout.replicate_layout 986:Dst text UUid:2bcf5e27-084a-48e0-a17c-98407658eadc
01-21 13:20:06 com_github_MitjaNemec_ReplicateLayout.replicate_layout 985:Src text UUid:4c881167-cbb2-46e1-a267-91669f28dbfe
01-21 13:20:06 com_github_MitjaNemec_ReplicateLayout.replicate_layout 986:Dst text UUid:bc8fcfa9-b7aa-49e7-82b3-04b17381abd2
01-21 13:20:06 com_github_MitjaNemec_ReplicateLayout.replicate_layout 985:Src text UUid:0672b7cc-834a-475c-ab3f-d9359e63df94
01-21 13:20:06 com_github_MitjaNemec_ReplicateLayout.replicate_layout 986:Dst text UUid:d561154e-36d3-4339-ba87-18001ce525bc
01-21 13:20:06 com_github_MitjaNemec_ReplicateLayout.replicate_layout 985:Src text UUid:355f4c51-176c-452a-9af0-3dd24cd4c5ef
01-21 13:20:06 com_github_MitjaNemec_ReplicateLayout.replicate_layout 986:Dst text UUid:907215da-439c-4164-908f-c0bd24fa1d18
01-21 13:20:06 root 332:updating GUI message: 'Replicating tracks'
01-21 13:20:06 com_github_MitjaNemec_ReplicateLayout.replicate_layout 1009:Replicating tracks
01-21 13:20:06 com_github_MitjaNemec_ReplicateLayout.replicate_layout 1015:Replicating tracks on sheet ['relay2']
01-21 13:20:06 com_github_MitjaNemec_ReplicateLayout.replicate_layout 792:Net pairs for sheet ['relay2'] :[('Net-(J4-Pin_2)', 'Net-(J3-Pin_2)'), ('/relay1/Coil2', '/relay2/Coil2'), ('Net-(J5-Pin_3)', 'Net-(J6-Pin_3)'), ('Net-(J5-Pin_2)', 'Net-(J6-Pin_2)'), ('+12V', '+12V'), ('/relay1/Coil1', '/relay2/Coil1'), ('Net-(J4-Pin_3)', 'Net-(J3-Pin_3)'), ('Net-(J5-Pin_1)', 'Net-(J6-Pin_1)'), ('Net-(J4-Pin_1)', 'Net-(J3-Pin_1)'), ('Net-(JP201-B)', 'Net-(JP301-B)'), ('Net-(JP202-B)', 'Net-(JP302-B)')]
01-21 13:20:06 root 337:updating GUI with: 10
01-21 13:20:06 com_github_MitjaNemec_ReplicateLayout.replicate_layout 1015:Replicating tracks on sheet ['relay3']
01-21 13:20:06 com_github_MitjaNemec_ReplicateLayout.replicate_layout 792:Net pairs for sheet ['relay3'] :[('Net-(J5-Pin_1)', 'Net-(J9-Pin_1)'), ('Net-(J5-Pin_2)', 'Net-(J9-Pin_2)'), ('Net-(J5-Pin_3)', 'Net-(J9-Pin_3)'), ('+12V', '+12V'), ('Net-(J4-Pin_3)', 'Net-(J8-Pin_3)'), ('Net-(J4-Pin_2)', 'Net-(J8-Pin_2)'), ('Net-(JP201-B)', 'Net-(JP401-B)'), ('/relay1/Coil1', '/relay3/Coil1'), ('Net-(JP202-B)', 'Net-(JP402-B)'), ('Net-(J4-Pin_1)', 'Net-(J8-Pin_1)'), ('/relay1/Coil2', '/relay3/Coil2')]
01-21 13:20:06 com_github_MitjaNemec_ReplicateLayout.replicate_layout 1015:Replicating tracks on sheet ['relay4']
01-21 13:20:06 com_github_MitjaNemec_ReplicateLayout.replicate_layout 792:Net pairs for sheet ['relay4'] :[('Net-(JP201-B)', 'Net-(JP501-B)'), ('/relay1/Coil1', '/relay4/Coil1'), ('Net-(J5-Pin_1)', 'Net-(J12-Pin_1)'), ('Net-(J4-Pin_2)', 'Net-(J11-Pin_2)'), ('+12V', '+12V'), ('Net-(J5-Pin_3)', 'Net-(J12-Pin_3)'), ('Net-(J5-Pin_2)', 'Net-(J12-Pin_2)'), ('Net-(J4-Pin_3)', 'Net-(J11-Pin_3)'), ('/relay1/Coil2', '/relay4/Coil2'), ('Net-(J4-Pin_1)', 'Net-(J11-Pin_1)'), ('Net-(JP202-B)', 'Net-(JP502-B)')]
01-21 13:20:06 root 337:updating GUI with: 67
01-21 13:20:06 root 332:updating GUI message: 'Replicating zones'
01-21 13:20:06 com_github_MitjaNemec_ReplicateLayout.replicate_layout 1079:Replicating zones
01-21 13:20:06 com_github_MitjaNemec_ReplicateLayout.replicate_layout 1086:Replicating zones on sheet ['relay2']
01-21 13:20:06 com_github_MitjaNemec_ReplicateLayout.replicate_layout 792:Net pairs for sheet ['relay2'] :[('Net-(J4-Pin_2)', 'Net-(J3-Pin_2)'), ('/relay1/Coil2', '/relay2/Coil2'), ('Net-(J5-Pin_3)', 'Net-(J6-Pin_3)'), ('Net-(J5-Pin_2)', 'Net-(J6-Pin_2)'), ('+12V', '+12V'), ('/relay1/Coil1', '/relay2/Coil1'), ('Net-(J4-Pin_3)', 'Net-(J3-Pin_3)'), ('Net-(J5-Pin_1)', 'Net-(J6-Pin_1)'), ('Net-(J4-Pin_1)', 'Net-(J3-Pin_1)'), ('Net-(JP201-B)', 'Net-(JP301-B)'), ('Net-(JP202-B)', 'Net-(JP302-B)')]
01-21 13:20:06 root 337:updating GUI with: 33
01-21 13:20:06 com_github_MitjaNemec_ReplicateLayout.replicate_layout 1086:Replicating zones on sheet ['relay3']
01-21 13:20:06 com_github_MitjaNemec_ReplicateLayout.replicate_layout 792:Net pairs for sheet ['relay3'] :[('Net-(J5-Pin_1)', 'Net-(J9-Pin_1)'), ('Net-(J5-Pin_2)', 'Net-(J9-Pin_2)'), ('Net-(J5-Pin_3)', 'Net-(J9-Pin_3)'), ('+12V', '+12V'), ('Net-(J4-Pin_3)', 'Net-(J8-Pin_3)'), ('Net-(J4-Pin_2)', 'Net-(J8-Pin_2)'), ('Net-(JP201-B)', 'Net-(JP401-B)'), ('/relay1/Coil1', '/relay3/Coil1'), ('Net-(JP202-B)', 'Net-(JP402-B)'), ('Net-(J4-Pin_1)', 'Net-(J8-Pin_1)'), ('/relay1/Coil2', '/relay3/Coil2')]
01-21 13:20:06 com_github_MitjaNemec_ReplicateLayout.replicate_layout 1086:Replicating zones on sheet ['relay4']
01-21 13:20:06 com_github_MitjaNemec_ReplicateLayout.replicate_layout 792:Net pairs for sheet ['relay4'] :[('Net-(JP201-B)', 'Net-(JP501-B)'), ('/relay1/Coil1', '/relay4/Coil1'), ('Net-(J5-Pin_1)', 'Net-(J12-Pin_1)'), ('Net-(J4-Pin_2)', 'Net-(J11-Pin_2)'), ('+12V', '+12V'), ('Net-(J5-Pin_3)', 'Net-(J12-Pin_3)'), ('Net-(J5-Pin_2)', 'Net-(J12-Pin_2)'), ('Net-(J4-Pin_3)', 'Net-(J11-Pin_3)'), ('/relay1/Coil2', '/relay4/Coil2'), ('Net-(J4-Pin_1)', 'Net-(J11-Pin_1)'), ('Net-(JP202-B)', 'Net-(JP502-B)')]
01-21 13:20:06 root 332:updating GUI message: 'Replicating text'
01-21 13:20:06 com_github_MitjaNemec_ReplicateLayout.replicate_layout 1168:Replicating text
01-21 13:20:06 root 337:updating GUI with: 0
01-21 13:20:06 com_github_MitjaNemec_ReplicateLayout.replicate_layout 1175:Replicating text on sheet ['relay2']
01-21 13:20:06 com_github_MitjaNemec_ReplicateLayout.replicate_layout 1175:Replicating text on sheet ['relay3']
01-21 13:20:06 com_github_MitjaNemec_ReplicateLayout.replicate_layout 1175:Replicating text on sheet ['relay4']
01-21 13:20:06 root 332:updating GUI message: 'Replicating drawings'
01-21 13:20:06 com_github_MitjaNemec_ReplicateLayout.replicate_layout 1219:Replicating drawings
01-21 13:20:06 root 337:updating GUI with: 0
01-21 13:20:06 com_github_MitjaNemec_ReplicateLayout.replicate_layout 1225:Replicating drawings on sheet ['relay2']
01-21 13:20:06 com_github_MitjaNemec_ReplicateLayout.replicate_layout 1225:Replicating drawings on sheet ['relay3']
01-21 13:20:06 com_github_MitjaNemec_ReplicateLayout.replicate_layout 1225:Replicating drawings on sheet ['relay4']
01-21 13:20:06 com_github_MitjaNemec_ReplicateLayout.action_replicate_layout 256:Replication complete
