01-27 16:00:18 com_github_MitjaNemec_ReplicateLayout.action_replicate_layout 392:Plugin executed on: 'win32'
01-27 16:00:18 com_github_MitjaNemec_ReplicateLayout.action_replicate_layout 393:Plugin executed with python version: '3.11.5 (main, Aug 14 2024, 05:26:19) [MSC v.1939 64 bit (AMD64)]'
01-27 16:00:18 com_github_MitjaNemec_ReplicateLayout.action_replicate_layout 394:KiCad build version: 8.0.5
01-27 16:00:18 com_github_MitjaNemec_ReplicateLayout.action_replicate_layout 395:Plugin version: 3.0.3
01-27 16:00:18 com_github_MitjaNemec_ReplicateLayout.action_replicate_layout 396:Frame repr: <wx._core.Frame object at 0x000002042B2F69E0>
01-27 16:00:18 com_github_MitjaNemec_ReplicateLayout.action_replicate_layout 420:Preparing replicator with J301 as a reference
01-27 16:00:18 com_github_MitjaNemec_ReplicateLayout.replicate_layout 117:getting a list of all footprints on board
01-27 16:00:18 com_github_MitjaNemec_ReplicateLayout.action_replicate_layout 468:source anchor footprint is 'J301'
Located on: ['point2']
With filenames: ['point.kicad_sch']
With sheet_id:['point2']
01-27 16:00:18 com_github_MitjaNemec_ReplicateLayout.action_replicate_layout 475:Corresponding footprints are 
[('J801', ['point7']), ('J501', ['point4']), ('J901', ['point8']), ('J201', ['point1']), ('J401', ['point3']), ('J601', ['point5']), ('J701', ['point6']), ('J301', ['point2'])]
01-27 16:00:18 com_github_MitjaNemec_ReplicateLayout.action_replicate_layout 487:Showing dialog
01-27 16:00:18 com_github_MitjaNemec_ReplicateLayout.replicate_layout 472:constructing a list of sheets suitable for replication on level:'point2', file:'point.kicad_sch'
01-27 16:00:18 com_github_MitjaNemec_ReplicateLayout.replicate_layout 509:suitable sheets are:[['point1'], ['point3'], ['point4'], ['point5'], ['point6'], ['point7'], ['point8']]
01-27 16:00:18 com_github_MitjaNemec_ReplicateLayout.replicate_layout 1507:Level selected: ['point2']
01-27 16:00:18 com_github_MitjaNemec_ReplicateLayout.replicate_layout 1331:Filtering list of tracks
01-27 16:00:18 com_github_MitjaNemec_ReplicateLayout.action_replicate_layout 493:Toolbar position: wx.Point(1896, 1168)
01-27 16:00:18 com_github_MitjaNemec_ReplicateLayout.action_replicate_layout 498:Dialog position: wx.Point(1457, 1168)
01-27 16:00:21 com_github_MitjaNemec_ReplicateLayout.replicate_layout 472:constructing a list of sheets suitable for replication on level:'point2', file:'point.kicad_sch'
01-27 16:00:21 com_github_MitjaNemec_ReplicateLayout.replicate_layout 509:suitable sheets are:[['point1'], ['point3'], ['point4'], ['point5'], ['point6'], ['point7'], ['point8']]
01-27 16:00:21 com_github_MitjaNemec_ReplicateLayout.action_replicate_layout 240:Replicating layout
01-27 16:00:21 com_github_MitjaNemec_ReplicateLayout.replicate_layout 288:Starting replication of sheets: [['point1'], ['point3'], ['point4'], ['point5'], ['point6'], ['point7'], ['point8']]
on level: ['point2']
with tracks=True, zone=True, text=True, text=True, intersecting=False, remove=False, locked footprints=False, group_only=False
01-27 16:00:21 root 332:updating GUI message: 'Preparing for replication'
01-27 16:00:21 root 337:updating GUI with: 0
01-27 16:00:21 com_github_MitjaNemec_ReplicateLayout.replicate_layout 358:Getting the list of source footprints
01-27 16:00:21 com_github_MitjaNemec_ReplicateLayout.replicate_layout 368:Getting the list of all the remaining footprints
01-27 16:00:21 com_github_MitjaNemec_ReplicateLayout.replicate_layout 375:Getting source tracks
01-27 16:00:21 com_github_MitjaNemec_ReplicateLayout.replicate_layout 1331:Filtering list of tracks
01-27 16:00:21 com_github_MitjaNemec_ReplicateLayout.replicate_layout 379:Getting source zones
01-27 16:00:21 com_github_MitjaNemec_ReplicateLayout.replicate_layout 383:Getting source text items
01-27 16:00:21 com_github_MitjaNemec_ReplicateLayout.replicate_layout 387:Getting source drawing items
01-27 16:00:21 root 332:updating GUI message: 'Replicating footprints'
01-27 16:00:21 com_github_MitjaNemec_ReplicateLayout.replicate_layout 861:Replicating footprints
01-27 16:00:21 root 337:updating GUI with: 0
01-27 16:00:21 com_github_MitjaNemec_ReplicateLayout.replicate_layout 868:Replicating footprints on sheet ['point1']
01-27 16:00:21 com_github_MitjaNemec_ReplicateLayout.replicate_layout 985:Src text UUid:13d17f8c-2841-4f89-8c47-c9a0a7fdc82d
01-27 16:00:21 com_github_MitjaNemec_ReplicateLayout.replicate_layout 986:Dst text UUid:89cdcc21-0341-4b6f-9a27-66175a5e571a
01-27 16:00:21 com_github_MitjaNemec_ReplicateLayout.replicate_layout 985:Src text UUid:50a5ba41-8eb1-4b7e-81fc-6c1d673b06f3
01-27 16:00:21 com_github_MitjaNemec_ReplicateLayout.replicate_layout 986:Dst text UUid:79ae9e46-b8e1-4405-9c0d-d7ea85992f06
01-27 16:00:21 com_github_MitjaNemec_ReplicateLayout.replicate_layout 985:Src text UUid:2413eda4-2921-477d-ac14-3d03addbcd69
01-27 16:00:21 com_github_MitjaNemec_ReplicateLayout.replicate_layout 986:Dst text UUid:b1ea23f6-1aa7-48a0-bcaa-029e57d7925b
01-27 16:00:21 com_github_MitjaNemec_ReplicateLayout.replicate_layout 985:Src text UUid:9e360ffe-7003-46f1-bcb6-24e3116e7e33
01-27 16:00:21 com_github_MitjaNemec_ReplicateLayout.replicate_layout 986:Dst text UUid:a986f29a-5841-4fdd-9a3d-11af3bb65c84
01-27 16:00:21 com_github_MitjaNemec_ReplicateLayout.replicate_layout 985:Src text UUid:0285c2cb-3658-47a7-924d-7cfab4b45d82
01-27 16:00:21 com_github_MitjaNemec_ReplicateLayout.replicate_layout 986:Dst text UUid:79ae9e46-b8e1-4405-9c0d-d7ea85992f06
01-27 16:00:21 com_github_MitjaNemec_ReplicateLayout.replicate_layout 985:Src text UUid:f6909ae3-47fb-4376-ba7f-3993edb07442
01-27 16:00:21 com_github_MitjaNemec_ReplicateLayout.replicate_layout 986:Dst text UUid:8496faef-e70a-4082-8f19-8410917e1169
01-27 16:00:21 com_github_MitjaNemec_ReplicateLayout.replicate_layout 985:Src text UUid:67d3cceb-892e-47cf-ac89-4d0d59ac222a
01-27 16:00:21 com_github_MitjaNemec_ReplicateLayout.replicate_layout 986:Dst text UUid:7f111c51-31c5-4ac4-af0d-05d9c8fc6566
01-27 16:00:21 com_github_MitjaNemec_ReplicateLayout.replicate_layout 985:Src text UUid:52d46afb-55bb-471e-b387-29a7d639c953
01-27 16:00:21 com_github_MitjaNemec_ReplicateLayout.replicate_layout 986:Dst text UUid:f3a28321-6ec7-4a7b-987c-36d4955b0ab6
01-27 16:00:21 com_github_MitjaNemec_ReplicateLayout.replicate_layout 985:Src text UUid:1ed74e23-b730-40cd-9394-4424557cf0b2
01-27 16:00:21 com_github_MitjaNemec_ReplicateLayout.replicate_layout 986:Dst text UUid:3b405577-03d6-4d26-88d4-57c15f6b4488
01-27 16:00:21 com_github_MitjaNemec_ReplicateLayout.replicate_layout 985:Src text UUid:2864355b-5aa3-4495-ab3d-621167ee3da6
01-27 16:00:21 com_github_MitjaNemec_ReplicateLayout.replicate_layout 986:Dst text UUid:7f111c51-31c5-4ac4-af0d-05d9c8fc6566
01-27 16:00:21 com_github_MitjaNemec_ReplicateLayout.replicate_layout 985:Src text UUid:04b1a9da-f625-4682-9d64-419f35114c47
01-27 16:00:21 com_github_MitjaNemec_ReplicateLayout.replicate_layout 986:Dst text UUid:fa5aebeb-2019-4b8b-b0c5-18cbde6795db
01-27 16:00:21 com_github_MitjaNemec_ReplicateLayout.replicate_layout 985:Src text UUid:3c792aff-641a-47f6-8b1d-9ec34e601bb3
01-27 16:00:21 com_github_MitjaNemec_ReplicateLayout.replicate_layout 986:Dst text UUid:f1a91eb4-be41-4c9d-a281-d80efb62c3ec
01-27 16:00:21 com_github_MitjaNemec_ReplicateLayout.replicate_layout 985:Src text UUid:37f32131-2745-4693-b521-9433528dd0b5
01-27 16:00:21 com_github_MitjaNemec_ReplicateLayout.replicate_layout 986:Dst text UUid:e0f5db8b-da40-4d79-8433-61f8fbaed916
01-27 16:00:21 com_github_MitjaNemec_ReplicateLayout.replicate_layout 868:Replicating footprints on sheet ['point3']
01-27 16:00:21 com_github_MitjaNemec_ReplicateLayout.replicate_layout 985:Src text UUid:13d17f8c-2841-4f89-8c47-c9a0a7fdc82d
01-27 16:00:21 com_github_MitjaNemec_ReplicateLayout.replicate_layout 986:Dst text UUid:7563bcd7-a6b2-4f3d-a991-3480f1eed13b
01-27 16:00:21 com_github_MitjaNemec_ReplicateLayout.replicate_layout 985:Src text UUid:50a5ba41-8eb1-4b7e-81fc-6c1d673b06f3
01-27 16:00:21 com_github_MitjaNemec_ReplicateLayout.replicate_layout 986:Dst text UUid:5c79ef4e-5be5-4002-87cc-cd7d9d5d5586
01-27 16:00:21 com_github_MitjaNemec_ReplicateLayout.replicate_layout 985:Src text UUid:2413eda4-2921-477d-ac14-3d03addbcd69
01-27 16:00:21 com_github_MitjaNemec_ReplicateLayout.replicate_layout 986:Dst text UUid:ab5917c8-d0a2-46fb-ab5f-aeb5dfe6ee1a
01-27 16:00:21 com_github_MitjaNemec_ReplicateLayout.replicate_layout 985:Src text UUid:9e360ffe-7003-46f1-bcb6-24e3116e7e33
01-27 16:00:21 com_github_MitjaNemec_ReplicateLayout.replicate_layout 986:Dst text UUid:1ced8a20-17a5-4b50-a834-efdba40bd2fd
01-27 16:00:21 com_github_MitjaNemec_ReplicateLayout.replicate_layout 985:Src text UUid:0285c2cb-3658-47a7-924d-7cfab4b45d82
01-27 16:00:21 com_github_MitjaNemec_ReplicateLayout.replicate_layout 986:Dst text UUid:5c79ef4e-5be5-4002-87cc-cd7d9d5d5586
01-27 16:00:21 com_github_MitjaNemec_ReplicateLayout.replicate_layout 985:Src text UUid:f6909ae3-47fb-4376-ba7f-3993edb07442
01-27 16:00:21 com_github_MitjaNemec_ReplicateLayout.replicate_layout 986:Dst text UUid:dbc94160-8577-4076-bf84-040320fcbc09
01-27 16:00:21 com_github_MitjaNemec_ReplicateLayout.replicate_layout 985:Src text UUid:67d3cceb-892e-47cf-ac89-4d0d59ac222a
01-27 16:00:21 com_github_MitjaNemec_ReplicateLayout.replicate_layout 986:Dst text UUid:d5beed96-e1c1-434e-b69f-9d3a7ba4d371
01-27 16:00:21 com_github_MitjaNemec_ReplicateLayout.replicate_layout 985:Src text UUid:52d46afb-55bb-471e-b387-29a7d639c953
01-27 16:00:21 com_github_MitjaNemec_ReplicateLayout.replicate_layout 986:Dst text UUid:d0d486bf-69c0-46e1-9cca-62aa2aaf0ecc
01-27 16:00:21 com_github_MitjaNemec_ReplicateLayout.replicate_layout 985:Src text UUid:1ed74e23-b730-40cd-9394-4424557cf0b2
01-27 16:00:21 com_github_MitjaNemec_ReplicateLayout.replicate_layout 986:Dst text UUid:709bd60a-1323-4ce6-8ca3-3212483524fc
01-27 16:00:21 com_github_MitjaNemec_ReplicateLayout.replicate_layout 985:Src text UUid:2864355b-5aa3-4495-ab3d-621167ee3da6
01-27 16:00:21 com_github_MitjaNemec_ReplicateLayout.replicate_layout 986:Dst text UUid:d5beed96-e1c1-434e-b69f-9d3a7ba4d371
01-27 16:00:21 com_github_MitjaNemec_ReplicateLayout.replicate_layout 985:Src text UUid:04b1a9da-f625-4682-9d64-419f35114c47
01-27 16:00:21 com_github_MitjaNemec_ReplicateLayout.replicate_layout 986:Dst text UUid:6fb457cd-d48f-4e30-97d1-ffde32052049
01-27 16:00:21 com_github_MitjaNemec_ReplicateLayout.replicate_layout 985:Src text UUid:3c792aff-641a-47f6-8b1d-9ec34e601bb3
01-27 16:00:21 com_github_MitjaNemec_ReplicateLayout.replicate_layout 986:Dst text UUid:20f6d967-fd79-4a65-a48b-806d60dd227d
01-27 16:00:21 com_github_MitjaNemec_ReplicateLayout.replicate_layout 985:Src text UUid:37f32131-2745-4693-b521-9433528dd0b5
01-27 16:00:21 com_github_MitjaNemec_ReplicateLayout.replicate_layout 986:Dst text UUid:9c204717-7a67-46f0-ae5b-4707dede87e0
01-27 16:00:21 com_github_MitjaNemec_ReplicateLayout.replicate_layout 868:Replicating footprints on sheet ['point4']
01-27 16:00:21 com_github_MitjaNemec_ReplicateLayout.replicate_layout 985:Src text UUid:13d17f8c-2841-4f89-8c47-c9a0a7fdc82d
01-27 16:00:21 com_github_MitjaNemec_ReplicateLayout.replicate_layout 986:Dst text UUid:39d360c9-097b-4b43-8ebd-12431bf81023
01-27 16:00:21 com_github_MitjaNemec_ReplicateLayout.replicate_layout 985:Src text UUid:50a5ba41-8eb1-4b7e-81fc-6c1d673b06f3
01-27 16:00:21 com_github_MitjaNemec_ReplicateLayout.replicate_layout 986:Dst text UUid:b0ec4df3-48a9-4b12-bf12-d16b11aafd68
01-27 16:00:21 com_github_MitjaNemec_ReplicateLayout.replicate_layout 985:Src text UUid:2413eda4-2921-477d-ac14-3d03addbcd69
01-27 16:00:21 com_github_MitjaNemec_ReplicateLayout.replicate_layout 986:Dst text UUid:392a2ebd-2ccf-4275-a220-334cabdc180a
01-27 16:00:21 com_github_MitjaNemec_ReplicateLayout.replicate_layout 985:Src text UUid:9e360ffe-7003-46f1-bcb6-24e3116e7e33
01-27 16:00:21 com_github_MitjaNemec_ReplicateLayout.replicate_layout 986:Dst text UUid:1a165404-72a2-493a-adb2-3c806d50a6b5
01-27 16:00:21 com_github_MitjaNemec_ReplicateLayout.replicate_layout 985:Src text UUid:0285c2cb-3658-47a7-924d-7cfab4b45d82
01-27 16:00:21 com_github_MitjaNemec_ReplicateLayout.replicate_layout 986:Dst text UUid:b0ec4df3-48a9-4b12-bf12-d16b11aafd68
01-27 16:00:21 com_github_MitjaNemec_ReplicateLayout.replicate_layout 985:Src text UUid:f6909ae3-47fb-4376-ba7f-3993edb07442
01-27 16:00:21 com_github_MitjaNemec_ReplicateLayout.replicate_layout 986:Dst text UUid:ac66f560-5cda-4ca0-9724-2de9f31ecf1e
01-27 16:00:21 com_github_MitjaNemec_ReplicateLayout.replicate_layout 985:Src text UUid:67d3cceb-892e-47cf-ac89-4d0d59ac222a
01-27 16:00:21 com_github_MitjaNemec_ReplicateLayout.replicate_layout 986:Dst text UUid:63fb325e-674d-4ce5-a32f-9847c9121206
01-27 16:00:21 com_github_MitjaNemec_ReplicateLayout.replicate_layout 985:Src text UUid:52d46afb-55bb-471e-b387-29a7d639c953
01-27 16:00:21 com_github_MitjaNemec_ReplicateLayout.replicate_layout 986:Dst text UUid:aa2ffcb6-8fef-4add-823c-300a2948a744
01-27 16:00:21 com_github_MitjaNemec_ReplicateLayout.replicate_layout 985:Src text UUid:1ed74e23-b730-40cd-9394-4424557cf0b2
01-27 16:00:21 com_github_MitjaNemec_ReplicateLayout.replicate_layout 986:Dst text UUid:dadf656f-11f6-4199-b68e-e71f59ad63d2
01-27 16:00:21 com_github_MitjaNemec_ReplicateLayout.replicate_layout 985:Src text UUid:2864355b-5aa3-4495-ab3d-621167ee3da6
01-27 16:00:21 com_github_MitjaNemec_ReplicateLayout.replicate_layout 986:Dst text UUid:63fb325e-674d-4ce5-a32f-9847c9121206
01-27 16:00:21 com_github_MitjaNemec_ReplicateLayout.replicate_layout 985:Src text UUid:04b1a9da-f625-4682-9d64-419f35114c47
01-27 16:00:21 com_github_MitjaNemec_ReplicateLayout.replicate_layout 986:Dst text UUid:6dcb5734-17b4-4167-93a1-b89c782e5067
01-27 16:00:21 com_github_MitjaNemec_ReplicateLayout.replicate_layout 985:Src text UUid:3c792aff-641a-47f6-8b1d-9ec34e601bb3
01-27 16:00:21 com_github_MitjaNemec_ReplicateLayout.replicate_layout 986:Dst text UUid:071a734f-5ce8-4db8-9ef4-db7cf9c8fd5c
01-27 16:00:21 com_github_MitjaNemec_ReplicateLayout.replicate_layout 985:Src text UUid:37f32131-2745-4693-b521-9433528dd0b5
01-27 16:00:21 com_github_MitjaNemec_ReplicateLayout.replicate_layout 986:Dst text UUid:0a08d58b-9a5a-44dc-abfd-1cd9c87c12d5
01-27 16:00:21 com_github_MitjaNemec_ReplicateLayout.replicate_layout 868:Replicating footprints on sheet ['point5']
01-27 16:00:21 root 337:updating GUI with: 47
01-27 16:00:21 com_github_MitjaNemec_ReplicateLayout.replicate_layout 985:Src text UUid:13d17f8c-2841-4f89-8c47-c9a0a7fdc82d
01-27 16:00:21 com_github_MitjaNemec_ReplicateLayout.replicate_layout 986:Dst text UUid:c3db1c1f-5309-4e92-9926-f6a4d72b8287
01-27 16:00:21 com_github_MitjaNemec_ReplicateLayout.replicate_layout 985:Src text UUid:50a5ba41-8eb1-4b7e-81fc-6c1d673b06f3
01-27 16:00:21 com_github_MitjaNemec_ReplicateLayout.replicate_layout 986:Dst text UUid:a7520ac0-0c88-4ddf-a92f-df3f40d4308d
01-27 16:00:21 com_github_MitjaNemec_ReplicateLayout.replicate_layout 985:Src text UUid:2413eda4-2921-477d-ac14-3d03addbcd69
01-27 16:00:21 com_github_MitjaNemec_ReplicateLayout.replicate_layout 986:Dst text UUid:eb5d7977-6c13-430e-99ff-8b7e21ce56d9
01-27 16:00:21 com_github_MitjaNemec_ReplicateLayout.replicate_layout 985:Src text UUid:9e360ffe-7003-46f1-bcb6-24e3116e7e33
01-27 16:00:21 com_github_MitjaNemec_ReplicateLayout.replicate_layout 986:Dst text UUid:9d7656fb-bd23-4a19-b2fe-aa540d75adba
01-27 16:00:21 com_github_MitjaNemec_ReplicateLayout.replicate_layout 985:Src text UUid:0285c2cb-3658-47a7-924d-7cfab4b45d82
01-27 16:00:21 com_github_MitjaNemec_ReplicateLayout.replicate_layout 986:Dst text UUid:a7520ac0-0c88-4ddf-a92f-df3f40d4308d
01-27 16:00:21 com_github_MitjaNemec_ReplicateLayout.replicate_layout 985:Src text UUid:f6909ae3-47fb-4376-ba7f-3993edb07442
01-27 16:00:21 com_github_MitjaNemec_ReplicateLayout.replicate_layout 986:Dst text UUid:bd5445ed-139d-4a76-b272-b4d74ef10844
01-27 16:00:21 com_github_MitjaNemec_ReplicateLayout.replicate_layout 985:Src text UUid:67d3cceb-892e-47cf-ac89-4d0d59ac222a
01-27 16:00:21 com_github_MitjaNemec_ReplicateLayout.replicate_layout 986:Dst text UUid:5c3bd092-9f6f-4c3e-8051-d9a9b8a44eb7
01-27 16:00:21 com_github_MitjaNemec_ReplicateLayout.replicate_layout 985:Src text UUid:52d46afb-55bb-471e-b387-29a7d639c953
01-27 16:00:21 com_github_MitjaNemec_ReplicateLayout.replicate_layout 986:Dst text UUid:30e5bfdf-cd32-4e1e-b538-178cdb81c194
01-27 16:00:21 com_github_MitjaNemec_ReplicateLayout.replicate_layout 985:Src text UUid:1ed74e23-b730-40cd-9394-4424557cf0b2
01-27 16:00:21 com_github_MitjaNemec_ReplicateLayout.replicate_layout 986:Dst text UUid:6c167e77-5df4-49f7-a914-30f01374fdf3
01-27 16:00:21 com_github_MitjaNemec_ReplicateLayout.replicate_layout 985:Src text UUid:2864355b-5aa3-4495-ab3d-621167ee3da6
01-27 16:00:21 com_github_MitjaNemec_ReplicateLayout.replicate_layout 986:Dst text UUid:5c3bd092-9f6f-4c3e-8051-d9a9b8a44eb7
01-27 16:00:21 com_github_MitjaNemec_ReplicateLayout.replicate_layout 985:Src text UUid:04b1a9da-f625-4682-9d64-419f35114c47
01-27 16:00:21 com_github_MitjaNemec_ReplicateLayout.replicate_layout 986:Dst text UUid:3b71579a-8fe1-4106-90f1-ce055078f4f0
01-27 16:00:21 com_github_MitjaNemec_ReplicateLayout.replicate_layout 985:Src text UUid:3c792aff-641a-47f6-8b1d-9ec34e601bb3
01-27 16:00:21 com_github_MitjaNemec_ReplicateLayout.replicate_layout 986:Dst text UUid:a3739e6b-dc7a-4f02-91f6-5ae419961dde
01-27 16:00:21 com_github_MitjaNemec_ReplicateLayout.replicate_layout 985:Src text UUid:37f32131-2745-4693-b521-9433528dd0b5
01-27 16:00:21 com_github_MitjaNemec_ReplicateLayout.replicate_layout 986:Dst text UUid:3333ef5b-199e-4173-a09b-c2a430a155db
01-27 16:00:21 com_github_MitjaNemec_ReplicateLayout.replicate_layout 868:Replicating footprints on sheet ['point6']
01-27 16:00:21 com_github_MitjaNemec_ReplicateLayout.replicate_layout 985:Src text UUid:13d17f8c-2841-4f89-8c47-c9a0a7fdc82d
01-27 16:00:21 com_github_MitjaNemec_ReplicateLayout.replicate_layout 986:Dst text UUid:1ca2a69f-0198-41a0-be24-0b335eb18617
01-27 16:00:21 com_github_MitjaNemec_ReplicateLayout.replicate_layout 985:Src text UUid:50a5ba41-8eb1-4b7e-81fc-6c1d673b06f3
01-27 16:00:21 com_github_MitjaNemec_ReplicateLayout.replicate_layout 986:Dst text UUid:9c71b479-043f-4f35-9210-f2ba72809fa9
01-27 16:00:21 com_github_MitjaNemec_ReplicateLayout.replicate_layout 985:Src text UUid:2413eda4-2921-477d-ac14-3d03addbcd69
01-27 16:00:21 com_github_MitjaNemec_ReplicateLayout.replicate_layout 986:Dst text UUid:3b0c75e7-6d37-4d07-aa29-f8a9fa3518d7
01-27 16:00:21 com_github_MitjaNemec_ReplicateLayout.replicate_layout 985:Src text UUid:9e360ffe-7003-46f1-bcb6-24e3116e7e33
01-27 16:00:21 com_github_MitjaNemec_ReplicateLayout.replicate_layout 986:Dst text UUid:40bcf135-8ab2-4425-a1c9-bfba1e985fb4
01-27 16:00:21 com_github_MitjaNemec_ReplicateLayout.replicate_layout 985:Src text UUid:0285c2cb-3658-47a7-924d-7cfab4b45d82
01-27 16:00:21 com_github_MitjaNemec_ReplicateLayout.replicate_layout 986:Dst text UUid:9c71b479-043f-4f35-9210-f2ba72809fa9
01-27 16:00:21 com_github_MitjaNemec_ReplicateLayout.replicate_layout 985:Src text UUid:f6909ae3-47fb-4376-ba7f-3993edb07442
01-27 16:00:21 com_github_MitjaNemec_ReplicateLayout.replicate_layout 986:Dst text UUid:dceb2f85-cc9e-4ef2-9da9-0b404aa0a28a
01-27 16:00:21 com_github_MitjaNemec_ReplicateLayout.replicate_layout 985:Src text UUid:67d3cceb-892e-47cf-ac89-4d0d59ac222a
01-27 16:00:21 com_github_MitjaNemec_ReplicateLayout.replicate_layout 986:Dst text UUid:8c1eb7db-278f-4d48-b94c-bfed57b27867
01-27 16:00:21 com_github_MitjaNemec_ReplicateLayout.replicate_layout 985:Src text UUid:52d46afb-55bb-471e-b387-29a7d639c953
01-27 16:00:21 com_github_MitjaNemec_ReplicateLayout.replicate_layout 986:Dst text UUid:b01373b1-7b6c-4a0f-a7cc-330e709d07e6
01-27 16:00:21 com_github_MitjaNemec_ReplicateLayout.replicate_layout 985:Src text UUid:1ed74e23-b730-40cd-9394-4424557cf0b2
01-27 16:00:21 com_github_MitjaNemec_ReplicateLayout.replicate_layout 986:Dst text UUid:6422f600-5c76-431b-bf34-e52591292d0a
01-27 16:00:21 com_github_MitjaNemec_ReplicateLayout.replicate_layout 985:Src text UUid:2864355b-5aa3-4495-ab3d-621167ee3da6
01-27 16:00:21 com_github_MitjaNemec_ReplicateLayout.replicate_layout 986:Dst text UUid:8c1eb7db-278f-4d48-b94c-bfed57b27867
01-27 16:00:21 com_github_MitjaNemec_ReplicateLayout.replicate_layout 985:Src text UUid:04b1a9da-f625-4682-9d64-419f35114c47
01-27 16:00:21 com_github_MitjaNemec_ReplicateLayout.replicate_layout 986:Dst text UUid:a60cd7f4-cf4f-431a-8b38-7939b73ff4b4
01-27 16:00:21 com_github_MitjaNemec_ReplicateLayout.replicate_layout 985:Src text UUid:3c792aff-641a-47f6-8b1d-9ec34e601bb3
01-27 16:00:21 com_github_MitjaNemec_ReplicateLayout.replicate_layout 986:Dst text UUid:767774f6-f169-415b-a1f0-1bd8350c7acf
01-27 16:00:21 com_github_MitjaNemec_ReplicateLayout.replicate_layout 985:Src text UUid:37f32131-2745-4693-b521-9433528dd0b5
01-27 16:00:21 com_github_MitjaNemec_ReplicateLayout.replicate_layout 986:Dst text UUid:6083edb2-9dbe-4bae-8138-915d29b5ccd3
01-27 16:00:21 com_github_MitjaNemec_ReplicateLayout.replicate_layout 868:Replicating footprints on sheet ['point7']
01-27 16:00:21 com_github_MitjaNemec_ReplicateLayout.replicate_layout 985:Src text UUid:13d17f8c-2841-4f89-8c47-c9a0a7fdc82d
01-27 16:00:21 com_github_MitjaNemec_ReplicateLayout.replicate_layout 986:Dst text UUid:59007cc0-fd59-4fd1-a888-a016b970d6d2
01-27 16:00:21 com_github_MitjaNemec_ReplicateLayout.replicate_layout 985:Src text UUid:50a5ba41-8eb1-4b7e-81fc-6c1d673b06f3
01-27 16:00:21 com_github_MitjaNemec_ReplicateLayout.replicate_layout 986:Dst text UUid:08bfb0de-0257-456e-857e-d0c0d86c9cf7
01-27 16:00:21 com_github_MitjaNemec_ReplicateLayout.replicate_layout 985:Src text UUid:2413eda4-2921-477d-ac14-3d03addbcd69
01-27 16:00:21 com_github_MitjaNemec_ReplicateLayout.replicate_layout 986:Dst text UUid:968de9e5-65eb-4359-94c0-18b63305f936
01-27 16:00:21 com_github_MitjaNemec_ReplicateLayout.replicate_layout 985:Src text UUid:9e360ffe-7003-46f1-bcb6-24e3116e7e33
01-27 16:00:21 com_github_MitjaNemec_ReplicateLayout.replicate_layout 986:Dst text UUid:cd59adae-a0b2-4818-98eb-a29e3333f0ed
01-27 16:00:21 com_github_MitjaNemec_ReplicateLayout.replicate_layout 985:Src text UUid:0285c2cb-3658-47a7-924d-7cfab4b45d82
01-27 16:00:21 com_github_MitjaNemec_ReplicateLayout.replicate_layout 986:Dst text UUid:08bfb0de-0257-456e-857e-d0c0d86c9cf7
01-27 16:00:21 com_github_MitjaNemec_ReplicateLayout.replicate_layout 985:Src text UUid:f6909ae3-47fb-4376-ba7f-3993edb07442
01-27 16:00:21 com_github_MitjaNemec_ReplicateLayout.replicate_layout 986:Dst text UUid:1da06412-2cce-42d4-8f2a-9c1e942373fd
01-27 16:00:21 com_github_MitjaNemec_ReplicateLayout.replicate_layout 985:Src text UUid:67d3cceb-892e-47cf-ac89-4d0d59ac222a
01-27 16:00:21 com_github_MitjaNemec_ReplicateLayout.replicate_layout 986:Dst text UUid:cb505794-bf76-4cb6-aa4c-73bcc2cec11f
01-27 16:00:21 com_github_MitjaNemec_ReplicateLayout.replicate_layout 985:Src text UUid:52d46afb-55bb-471e-b387-29a7d639c953
01-27 16:00:21 com_github_MitjaNemec_ReplicateLayout.replicate_layout 986:Dst text UUid:b7a209f9-6071-452a-b04f-896e1e74c178
01-27 16:00:21 com_github_MitjaNemec_ReplicateLayout.replicate_layout 985:Src text UUid:1ed74e23-b730-40cd-9394-4424557cf0b2
01-27 16:00:21 com_github_MitjaNemec_ReplicateLayout.replicate_layout 986:Dst text UUid:58e7cbb8-a021-4637-b53d-02ed21efe768
01-27 16:00:21 com_github_MitjaNemec_ReplicateLayout.replicate_layout 985:Src text UUid:2864355b-5aa3-4495-ab3d-621167ee3da6
01-27 16:00:21 com_github_MitjaNemec_ReplicateLayout.replicate_layout 986:Dst text UUid:cb505794-bf76-4cb6-aa4c-73bcc2cec11f
01-27 16:00:21 com_github_MitjaNemec_ReplicateLayout.replicate_layout 985:Src text UUid:04b1a9da-f625-4682-9d64-419f35114c47
01-27 16:00:21 com_github_MitjaNemec_ReplicateLayout.replicate_layout 986:Dst text UUid:131f0e47-5d4b-4af3-9ccf-d6a844bd5f0f
01-27 16:00:21 com_github_MitjaNemec_ReplicateLayout.replicate_layout 985:Src text UUid:3c792aff-641a-47f6-8b1d-9ec34e601bb3
01-27 16:00:21 com_github_MitjaNemec_ReplicateLayout.replicate_layout 986:Dst text UUid:a7ca2d17-e6f9-4da7-ac50-1808e988fe49
01-27 16:00:21 com_github_MitjaNemec_ReplicateLayout.replicate_layout 985:Src text UUid:37f32131-2745-4693-b521-9433528dd0b5
01-27 16:00:21 com_github_MitjaNemec_ReplicateLayout.replicate_layout 986:Dst text UUid:42a41afb-71a1-4b01-b5b7-241ae0c9de5c
01-27 16:00:21 com_github_MitjaNemec_ReplicateLayout.replicate_layout 868:Replicating footprints on sheet ['point8']
01-27 16:00:21 com_github_MitjaNemec_ReplicateLayout.replicate_layout 985:Src text UUid:13d17f8c-2841-4f89-8c47-c9a0a7fdc82d
01-27 16:00:21 com_github_MitjaNemec_ReplicateLayout.replicate_layout 986:Dst text UUid:b7ea030a-439f-4a2e-8d60-b3ff9798cf0b
01-27 16:00:21 com_github_MitjaNemec_ReplicateLayout.replicate_layout 985:Src text UUid:50a5ba41-8eb1-4b7e-81fc-6c1d673b06f3
01-27 16:00:21 com_github_MitjaNemec_ReplicateLayout.replicate_layout 986:Dst text UUid:f650c31b-d4fe-4c58-98fe-050e0c2e7690
01-27 16:00:21 com_github_MitjaNemec_ReplicateLayout.replicate_layout 985:Src text UUid:2413eda4-2921-477d-ac14-3d03addbcd69
01-27 16:00:21 com_github_MitjaNemec_ReplicateLayout.replicate_layout 986:Dst text UUid:b0472220-f478-4759-9c6d-94eee285a33e
01-27 16:00:21 com_github_MitjaNemec_ReplicateLayout.replicate_layout 985:Src text UUid:9e360ffe-7003-46f1-bcb6-24e3116e7e33
01-27 16:00:21 com_github_MitjaNemec_ReplicateLayout.replicate_layout 986:Dst text UUid:c01f03d0-ee9a-4b58-aa19-abf051b015af
01-27 16:00:21 com_github_MitjaNemec_ReplicateLayout.replicate_layout 985:Src text UUid:0285c2cb-3658-47a7-924d-7cfab4b45d82
01-27 16:00:21 com_github_MitjaNemec_ReplicateLayout.replicate_layout 986:Dst text UUid:f650c31b-d4fe-4c58-98fe-050e0c2e7690
01-27 16:00:21 com_github_MitjaNemec_ReplicateLayout.replicate_layout 985:Src text UUid:f6909ae3-47fb-4376-ba7f-3993edb07442
01-27 16:00:21 com_github_MitjaNemec_ReplicateLayout.replicate_layout 986:Dst text UUid:41c3b96e-962d-4a9a-857c-f4f0637dabb1
01-27 16:00:21 com_github_MitjaNemec_ReplicateLayout.replicate_layout 985:Src text UUid:67d3cceb-892e-47cf-ac89-4d0d59ac222a
01-27 16:00:21 com_github_MitjaNemec_ReplicateLayout.replicate_layout 986:Dst text UUid:c7ee641f-4c2e-43dd-ab6f-b4a67b1e10a8
01-27 16:00:21 com_github_MitjaNemec_ReplicateLayout.replicate_layout 985:Src text UUid:52d46afb-55bb-471e-b387-29a7d639c953
01-27 16:00:21 com_github_MitjaNemec_ReplicateLayout.replicate_layout 986:Dst text UUid:08f61cd6-6ea0-4631-abff-b42297322c06
01-27 16:00:21 com_github_MitjaNemec_ReplicateLayout.replicate_layout 985:Src text UUid:1ed74e23-b730-40cd-9394-4424557cf0b2
01-27 16:00:21 com_github_MitjaNemec_ReplicateLayout.replicate_layout 986:Dst text UUid:0c15e5d3-0969-477e-bd7d-717ab82b565e
01-27 16:00:21 com_github_MitjaNemec_ReplicateLayout.replicate_layout 985:Src text UUid:2864355b-5aa3-4495-ab3d-621167ee3da6
01-27 16:00:21 com_github_MitjaNemec_ReplicateLayout.replicate_layout 986:Dst text UUid:c7ee641f-4c2e-43dd-ab6f-b4a67b1e10a8
01-27 16:00:21 com_github_MitjaNemec_ReplicateLayout.replicate_layout 985:Src text UUid:04b1a9da-f625-4682-9d64-419f35114c47
01-27 16:00:21 com_github_MitjaNemec_ReplicateLayout.replicate_layout 986:Dst text UUid:2c668cab-2a0c-49cf-8fb2-a80dcb91de9c
01-27 16:00:21 com_github_MitjaNemec_ReplicateLayout.replicate_layout 985:Src text UUid:3c792aff-641a-47f6-8b1d-9ec34e601bb3
01-27 16:00:21 com_github_MitjaNemec_ReplicateLayout.replicate_layout 986:Dst text UUid:e87b7af6-817f-4ba5-964b-afeae34e7ac0
01-27 16:00:21 com_github_MitjaNemec_ReplicateLayout.replicate_layout 985:Src text UUid:37f32131-2745-4693-b521-9433528dd0b5
01-27 16:00:21 com_github_MitjaNemec_ReplicateLayout.replicate_layout 986:Dst text UUid:1e97190f-67df-462a-84a4-6a5c8d13ed38
01-27 16:00:21 root 332:updating GUI message: 'Replicating tracks'
01-27 16:00:21 root 337:updating GUI with: 0
01-27 16:00:21 com_github_MitjaNemec_ReplicateLayout.replicate_layout 1009:Replicating tracks
01-27 16:00:21 com_github_MitjaNemec_ReplicateLayout.replicate_layout 1015:Replicating tracks on sheet ['point1']
01-27 16:00:21 com_github_MitjaNemec_ReplicateLayout.replicate_layout 792:Net pairs for sheet ['point1'] :[('/point2/A', '/point1/A'), ('/point2/B', '/point1/B'), ('/point2/+', '/point1/+')]
01-27 16:00:21 com_github_MitjaNemec_ReplicateLayout.replicate_layout 1015:Replicating tracks on sheet ['point3']
01-27 16:00:21 com_github_MitjaNemec_ReplicateLayout.replicate_layout 792:Net pairs for sheet ['point3'] :[('/point2/A', '/point3/A'), ('/point2/+', '/point3/+'), ('/point2/B', '/point3/B')]
01-27 16:00:21 com_github_MitjaNemec_ReplicateLayout.replicate_layout 1015:Replicating tracks on sheet ['point4']
01-27 16:00:21 com_github_MitjaNemec_ReplicateLayout.replicate_layout 792:Net pairs for sheet ['point4'] :[('/point2/B', '/point4/B'), ('/point2/+', '/point4/+'), ('/point2/A', '/point4/A')]
01-27 16:00:21 com_github_MitjaNemec_ReplicateLayout.replicate_layout 1015:Replicating tracks on sheet ['point5']
01-27 16:00:21 com_github_MitjaNemec_ReplicateLayout.replicate_layout 792:Net pairs for sheet ['point5'] :[('/point2/+', '/point5/+'), ('/point2/A', '/point5/A'), ('/point2/B', '/point5/B')]
01-27 16:00:21 com_github_MitjaNemec_ReplicateLayout.replicate_layout 1015:Replicating tracks on sheet ['point6']
01-27 16:00:21 com_github_MitjaNemec_ReplicateLayout.replicate_layout 792:Net pairs for sheet ['point6'] :[('/point2/+', '/point6/+'), ('/point2/A', '/point6/A'), ('/point2/B', '/point6/B')]
01-27 16:00:21 root 337:updating GUI with: 71
01-27 16:00:21 com_github_MitjaNemec_ReplicateLayout.replicate_layout 1015:Replicating tracks on sheet ['point7']
01-27 16:00:21 com_github_MitjaNemec_ReplicateLayout.replicate_layout 792:Net pairs for sheet ['point7'] :[('/point2/A', '/point7/A'), ('/point2/B', '/point7/B'), ('/point2/+', '/point7/+')]
01-27 16:00:21 com_github_MitjaNemec_ReplicateLayout.replicate_layout 1015:Replicating tracks on sheet ['point8']
01-27 16:00:21 com_github_MitjaNemec_ReplicateLayout.replicate_layout 792:Net pairs for sheet ['point8'] :[('/point2/B', '/point8/B'), ('/point2/+', '/point8/+'), ('/point2/A', '/point8/A')]
01-27 16:00:21 root 332:updating GUI message: 'Replicating zones'
01-27 16:00:21 com_github_MitjaNemec_ReplicateLayout.replicate_layout 1079:Replicating zones
01-27 16:00:21 com_github_MitjaNemec_ReplicateLayout.replicate_layout 1086:Replicating zones on sheet ['point1']
01-27 16:00:21 com_github_MitjaNemec_ReplicateLayout.replicate_layout 792:Net pairs for sheet ['point1'] :[('/point2/A', '/point1/A'), ('/point2/B', '/point1/B'), ('/point2/+', '/point1/+')]
01-27 16:00:21 com_github_MitjaNemec_ReplicateLayout.replicate_layout 1086:Replicating zones on sheet ['point3']
01-27 16:00:21 com_github_MitjaNemec_ReplicateLayout.replicate_layout 792:Net pairs for sheet ['point3'] :[('/point2/A', '/point3/A'), ('/point2/+', '/point3/+'), ('/point2/B', '/point3/B')]
01-27 16:00:21 com_github_MitjaNemec_ReplicateLayout.replicate_layout 1086:Replicating zones on sheet ['point4']
01-27 16:00:21 com_github_MitjaNemec_ReplicateLayout.replicate_layout 792:Net pairs for sheet ['point4'] :[('/point2/B', '/point4/B'), ('/point2/+', '/point4/+'), ('/point2/A', '/point4/A')]
01-27 16:00:21 com_github_MitjaNemec_ReplicateLayout.replicate_layout 1086:Replicating zones on sheet ['point5']
01-27 16:00:21 com_github_MitjaNemec_ReplicateLayout.replicate_layout 792:Net pairs for sheet ['point5'] :[('/point2/+', '/point5/+'), ('/point2/A', '/point5/A'), ('/point2/B', '/point5/B')]
01-27 16:00:21 com_github_MitjaNemec_ReplicateLayout.replicate_layout 1086:Replicating zones on sheet ['point6']
01-27 16:00:21 com_github_MitjaNemec_ReplicateLayout.replicate_layout 792:Net pairs for sheet ['point6'] :[('/point2/+', '/point6/+'), ('/point2/A', '/point6/A'), ('/point2/B', '/point6/B')]
01-27 16:00:21 com_github_MitjaNemec_ReplicateLayout.replicate_layout 1086:Replicating zones on sheet ['point7']
01-27 16:00:21 com_github_MitjaNemec_ReplicateLayout.replicate_layout 792:Net pairs for sheet ['point7'] :[('/point2/A', '/point7/A'), ('/point2/B', '/point7/B'), ('/point2/+', '/point7/+')]
01-27 16:00:21 root 337:updating GUI with: 85
01-27 16:00:21 com_github_MitjaNemec_ReplicateLayout.replicate_layout 1086:Replicating zones on sheet ['point8']
01-27 16:00:21 com_github_MitjaNemec_ReplicateLayout.replicate_layout 792:Net pairs for sheet ['point8'] :[('/point2/B', '/point8/B'), ('/point2/+', '/point8/+'), ('/point2/A', '/point8/A')]
01-27 16:00:21 root 332:updating GUI message: 'Replicating text'
01-27 16:00:21 com_github_MitjaNemec_ReplicateLayout.replicate_layout 1168:Replicating text
01-27 16:00:21 com_github_MitjaNemec_ReplicateLayout.replicate_layout 1175:Replicating text on sheet ['point1']
01-27 16:00:21 com_github_MitjaNemec_ReplicateLayout.replicate_layout 1175:Replicating text on sheet ['point3']
01-27 16:00:21 com_github_MitjaNemec_ReplicateLayout.replicate_layout 1175:Replicating text on sheet ['point4']
01-27 16:00:21 com_github_MitjaNemec_ReplicateLayout.replicate_layout 1175:Replicating text on sheet ['point5']
01-27 16:00:21 com_github_MitjaNemec_ReplicateLayout.replicate_layout 1175:Replicating text on sheet ['point6']
01-27 16:00:21 com_github_MitjaNemec_ReplicateLayout.replicate_layout 1175:Replicating text on sheet ['point7']
01-27 16:00:21 com_github_MitjaNemec_ReplicateLayout.replicate_layout 1175:Replicating text on sheet ['point8']
01-27 16:00:21 root 332:updating GUI message: 'Replicating drawings'
01-27 16:00:21 com_github_MitjaNemec_ReplicateLayout.replicate_layout 1219:Replicating drawings
01-27 16:00:21 com_github_MitjaNemec_ReplicateLayout.replicate_layout 1225:Replicating drawings on sheet ['point1']
01-27 16:00:21 com_github_MitjaNemec_ReplicateLayout.replicate_layout 1225:Replicating drawings on sheet ['point3']
01-27 16:00:21 com_github_MitjaNemec_ReplicateLayout.replicate_layout 1225:Replicating drawings on sheet ['point4']
01-27 16:00:21 com_github_MitjaNemec_ReplicateLayout.replicate_layout 1225:Replicating drawings on sheet ['point5']
01-27 16:00:21 com_github_MitjaNemec_ReplicateLayout.replicate_layout 1225:Replicating drawings on sheet ['point6']
01-27 16:00:21 com_github_MitjaNemec_ReplicateLayout.replicate_layout 1225:Replicating drawings on sheet ['point7']
01-27 16:00:21 com_github_MitjaNemec_ReplicateLayout.replicate_layout 1225:Replicating drawings on sheet ['point8']
01-27 16:00:21 com_github_MitjaNemec_ReplicateLayout.action_replicate_layout 256:Replication complete
