01-21 19:47:23 com_github_MitjaNemec_ReplicateLayout.action_replicate_layout 392:Plugin executed on: 'win32'
01-21 19:47:23 com_github_MitjaNemec_ReplicateLayout.action_replicate_layout 393:Plugin executed with python version: '3.11.5 (main, Apr  9 2024, 02:53:56) [MSC v.1936 64 bit (AMD64)]'
01-21 19:47:23 com_github_MitjaNemec_ReplicateLayout.action_replicate_layout 394:KiCad build version: 8.0.2
01-21 19:47:23 com_github_MitjaNemec_ReplicateLayout.action_replicate_layout 395:Plugin version: 3.0.3
01-21 19:47:23 com_github_MitjaNemec_ReplicateLayout.action_replicate_layout 396:Frame repr: <wx._core.Frame object at 0x000002001E45FA30>
01-21 19:47:23 com_github_MitjaNemec_ReplicateLayout.action_replicate_layout 420:Preparing replicator with J202 as a reference
01-21 19:47:23 com_github_MitjaNemec_ReplicateLayout.replicate_layout 117:getting a list of all footprints on board
01-21 19:47:23 com_github_MitjaNemec_ReplicateLayout.action_replicate_layout 468:source anchor footprint is 'J202'
Located on: ['number 1']
With filenames: ['transistorSchematic_sch.kicad_sch']
With sheet_id:['number 1']
01-21 19:47:23 com_github_MitjaNemec_ReplicateLayout.action_replicate_layout 475:Corresponding footprints are 
[('J502', ['number 4']), ('J402', ['number 3']), ('J302', ['number 2']), ('J202', ['number 1'])]
01-21 19:47:23 com_github_MitjaNemec_ReplicateLayout.action_replicate_layout 487:Showing dialog
01-21 19:47:23 com_github_MitjaNemec_ReplicateLayout.replicate_layout 472:constructing a list of sheets suitable for replication on level:'number 1', file:'transistorSchematic_sch.kicad_sch'
01-21 19:47:23 com_github_MitjaNemec_ReplicateLayout.replicate_layout 509:suitable sheets are:[['number 2'], ['number 3'], ['number 4']]
01-21 19:47:23 com_github_MitjaNemec_ReplicateLayout.replicate_layout 1507:Level selected: ['number 1']
01-21 19:47:23 com_github_MitjaNemec_ReplicateLayout.replicate_layout 1331:Filtering list of tracks
01-21 19:47:23 com_github_MitjaNemec_ReplicateLayout.action_replicate_layout 493:Toolbar position: wx.Point(1638, 69)
01-21 19:47:23 com_github_MitjaNemec_ReplicateLayout.action_replicate_layout 498:Dialog position: wx.Point(1199, 69)
01-21 19:47:24 com_github_MitjaNemec_ReplicateLayout.replicate_layout 472:constructing a list of sheets suitable for replication on level:'number 1', file:'transistorSchematic_sch.kicad_sch'
01-21 19:47:24 com_github_MitjaNemec_ReplicateLayout.replicate_layout 509:suitable sheets are:[['number 2'], ['number 3'], ['number 4']]
01-21 19:47:24 com_github_MitjaNemec_ReplicateLayout.action_replicate_layout 240:Replicating layout
01-21 19:47:24 com_github_MitjaNemec_ReplicateLayout.replicate_layout 288:Starting replication of sheets: [['number 2'], ['number 3'], ['number 4']]
on level: ['number 1']
with tracks=True, zone=True, text=True, text=True, intersecting=False, remove=False, locked footprints=False, group_only=False
01-21 19:47:24 root 332:updating GUI message: 'Preparing for replication'
01-21 19:47:24 root 337:updating GUI with: 0
01-21 19:47:24 com_github_MitjaNemec_ReplicateLayout.replicate_layout 358:Getting the list of source footprints
01-21 19:47:24 com_github_MitjaNemec_ReplicateLayout.replicate_layout 368:Getting the list of all the remaining footprints
01-21 19:47:24 com_github_MitjaNemec_ReplicateLayout.replicate_layout 375:Getting source tracks
01-21 19:47:24 com_github_MitjaNemec_ReplicateLayout.replicate_layout 1331:Filtering list of tracks
01-21 19:47:24 com_github_MitjaNemec_ReplicateLayout.replicate_layout 379:Getting source zones
01-21 19:47:24 com_github_MitjaNemec_ReplicateLayout.replicate_layout 383:Getting source text items
01-21 19:47:24 com_github_MitjaNemec_ReplicateLayout.replicate_layout 387:Getting source drawing items
01-21 19:47:24 root 332:updating GUI message: 'Replicating footprints'
01-21 19:47:24 com_github_MitjaNemec_ReplicateLayout.replicate_layout 861:Replicating footprints
01-21 19:47:24 com_github_MitjaNemec_ReplicateLayout.replicate_layout 868:Replicating footprints on sheet ['number 2']
01-21 19:47:24 com_github_MitjaNemec_ReplicateLayout.replicate_layout 985:Src text UUid:70adde48-ecdf-476b-a4d9-96be04557698
01-21 19:47:24 com_github_MitjaNemec_ReplicateLayout.replicate_layout 986:Dst text UUid:86b51659-25cf-4260-a968-6809a7121b71
01-21 19:47:24 com_github_MitjaNemec_ReplicateLayout.replicate_layout 985:Src text UUid:d7cc4f8a-a815-4a0a-ac1d-c2cd4d880912
01-21 19:47:24 com_github_MitjaNemec_ReplicateLayout.replicate_layout 986:Dst text UUid:f305d0a9-9d1b-40cd-81b7-a2646acbb56f
01-21 19:47:24 com_github_MitjaNemec_ReplicateLayout.replicate_layout 985:Src text UUid:b433164c-cd78-466f-a8d2-d1a50d966cfc
01-21 19:47:24 com_github_MitjaNemec_ReplicateLayout.replicate_layout 986:Dst text UUid:321c411c-9fde-4c52-b4b1-edf24cf3364a
01-21 19:47:24 com_github_MitjaNemec_ReplicateLayout.replicate_layout 985:Src text UUid:1be86625-6cfd-452a-8e4f-127e6ad62a3b
01-21 19:47:24 com_github_MitjaNemec_ReplicateLayout.replicate_layout 986:Dst text UUid:a16a1fd7-f3d1-49b0-8334-35a0a7d4c2c1
01-21 19:47:24 com_github_MitjaNemec_ReplicateLayout.replicate_layout 985:Src text UUid:87c8c5c2-f687-40cb-a51b-0c0a798b800d
01-21 19:47:24 com_github_MitjaNemec_ReplicateLayout.replicate_layout 986:Dst text UUid:02530cfd-e2db-492a-83c1-136a81e90954
01-21 19:47:24 com_github_MitjaNemec_ReplicateLayout.replicate_layout 985:Src text UUid:825bc220-c704-413f-b91b-4217aa891c2f
01-21 19:47:24 com_github_MitjaNemec_ReplicateLayout.replicate_layout 986:Dst text UUid:be0439c6-4da2-4fa3-a9a7-7989c3a4ea01
01-21 19:47:24 com_github_MitjaNemec_ReplicateLayout.replicate_layout 985:Src text UUid:5167a476-7d90-4168-bab7-59bdeafac082
01-21 19:47:24 com_github_MitjaNemec_ReplicateLayout.replicate_layout 986:Dst text UUid:445b1f35-fefa-433a-9093-245408432af1
01-21 19:47:24 com_github_MitjaNemec_ReplicateLayout.replicate_layout 985:Src text UUid:681f126c-85de-4d1a-b007-fec6a1aa6bb7
01-21 19:47:24 com_github_MitjaNemec_ReplicateLayout.replicate_layout 986:Dst text UUid:db79e7ba-2bc5-4cd5-a25d-4852dd82eb62
01-21 19:47:24 com_github_MitjaNemec_ReplicateLayout.replicate_layout 985:Src text UUid:20be5160-a8ff-460a-afbe-1281c731a2eb
01-21 19:47:24 com_github_MitjaNemec_ReplicateLayout.replicate_layout 986:Dst text UUid:acfdd170-5ad8-4c46-8072-52a9b4087aa9
01-21 19:47:24 com_github_MitjaNemec_ReplicateLayout.replicate_layout 985:Src text UUid:ec0c640b-c03a-4d19-bb37-bc1aaf4007b5
01-21 19:47:24 com_github_MitjaNemec_ReplicateLayout.replicate_layout 986:Dst text UUid:1b4dcbb3-d4e7-4ee8-9169-10ce18057d5d
01-21 19:47:24 com_github_MitjaNemec_ReplicateLayout.replicate_layout 985:Src text UUid:a8e39d9c-e330-41df-92a4-b6c58f57a8f0
01-21 19:47:24 com_github_MitjaNemec_ReplicateLayout.replicate_layout 986:Dst text UUid:63ecbef4-c981-4bf1-892f-fe9f59406f2f
01-21 19:47:24 com_github_MitjaNemec_ReplicateLayout.replicate_layout 985:Src text UUid:a16e9414-e9ff-47bd-b520-2c54a0924fd9
01-21 19:47:24 com_github_MitjaNemec_ReplicateLayout.replicate_layout 986:Dst text UUid:62db80d8-c663-46b3-ba10-5125c1f46178
01-21 19:47:24 com_github_MitjaNemec_ReplicateLayout.replicate_layout 985:Src text UUid:e008537e-909f-4b85-96a1-125873027551
01-21 19:47:24 com_github_MitjaNemec_ReplicateLayout.replicate_layout 986:Dst text UUid:1a85ae09-8e37-4261-889b-f371e6e07eeb
01-21 19:47:24 com_github_MitjaNemec_ReplicateLayout.replicate_layout 985:Src text UUid:47fdd8c5-b2f5-4962-a4fd-e9224dcd1a25
01-21 19:47:24 com_github_MitjaNemec_ReplicateLayout.replicate_layout 986:Dst text UUid:4d816358-905b-4a0d-8573-90ef5c7a5f79
01-21 19:47:24 com_github_MitjaNemec_ReplicateLayout.replicate_layout 985:Src text UUid:b5fd52aa-aef7-4c2e-94cf-09b5963df0c4
01-21 19:47:24 com_github_MitjaNemec_ReplicateLayout.replicate_layout 986:Dst text UUid:8c18edca-8752-4424-8bbe-e2b73cfb6821
01-21 19:47:24 com_github_MitjaNemec_ReplicateLayout.replicate_layout 985:Src text UUid:fd70ed7b-3857-4fe1-9acd-10c6e017402c
01-21 19:47:24 com_github_MitjaNemec_ReplicateLayout.replicate_layout 986:Dst text UUid:ae407457-86ba-42c7-a90d-291ec53a869a
01-21 19:47:24 com_github_MitjaNemec_ReplicateLayout.replicate_layout 985:Src text UUid:0bb15467-7864-430d-aede-a59544c081c4
01-21 19:47:24 com_github_MitjaNemec_ReplicateLayout.replicate_layout 986:Dst text UUid:7d66a566-f759-4970-a6c8-69aa5db1844b
01-21 19:47:24 com_github_MitjaNemec_ReplicateLayout.replicate_layout 985:Src text UUid:5d982820-1def-4180-a58d-e0c5bb89ed62
01-21 19:47:24 com_github_MitjaNemec_ReplicateLayout.replicate_layout 986:Dst text UUid:58635b85-b448-4b5b-a4e0-09581ac27bab
01-21 19:47:24 com_github_MitjaNemec_ReplicateLayout.replicate_layout 985:Src text UUid:de37a637-aee8-4565-b2c3-2a264545f125
01-21 19:47:24 com_github_MitjaNemec_ReplicateLayout.replicate_layout 986:Dst text UUid:e877072f-c315-47b7-87b8-fe8480877590
01-21 19:47:24 com_github_MitjaNemec_ReplicateLayout.replicate_layout 985:Src text UUid:630940d2-75fe-4be5-b28e-56c13bf78242
01-21 19:47:24 com_github_MitjaNemec_ReplicateLayout.replicate_layout 986:Dst text UUid:45d2fec6-c035-4fd4-9bf8-9c957a77f38d
01-21 19:47:24 com_github_MitjaNemec_ReplicateLayout.replicate_layout 985:Src text UUid:7574b580-fe46-4e85-afb6-c10a5eb2c6c5
01-21 19:47:24 com_github_MitjaNemec_ReplicateLayout.replicate_layout 986:Dst text UUid:4bb89898-a6bf-4ae7-8f6b-a0bbdd3abca4
01-21 19:47:24 com_github_MitjaNemec_ReplicateLayout.replicate_layout 985:Src text UUid:cf7db4bf-cd14-442f-a0b3-79c3b453d9b7
01-21 19:47:24 com_github_MitjaNemec_ReplicateLayout.replicate_layout 986:Dst text UUid:8bdb66f3-11a6-4868-8a2c-0b70d71c93cf
01-21 19:47:24 com_github_MitjaNemec_ReplicateLayout.replicate_layout 985:Src text UUid:86dec66f-92a5-4ea6-b39e-8ddeb6671546
01-21 19:47:24 com_github_MitjaNemec_ReplicateLayout.replicate_layout 986:Dst text UUid:b1b4d92f-55e3-4638-8ea5-024e8ddbf599
01-21 19:47:24 com_github_MitjaNemec_ReplicateLayout.replicate_layout 985:Src text UUid:87419690-8ea7-47f2-8e8e-58ff9c59acdf
01-21 19:47:24 com_github_MitjaNemec_ReplicateLayout.replicate_layout 986:Dst text UUid:9af5903d-06e6-4770-ab29-b3a07d4b886e
01-21 19:47:24 com_github_MitjaNemec_ReplicateLayout.replicate_layout 985:Src text UUid:07ea94fc-42c9-4d2e-831a-dabaaed35096
01-21 19:47:24 com_github_MitjaNemec_ReplicateLayout.replicate_layout 986:Dst text UUid:c4f79553-1710-41e6-be29-6b97cc6a9bab
01-21 19:47:24 com_github_MitjaNemec_ReplicateLayout.replicate_layout 985:Src text UUid:276b08ed-ef82-4d09-be0b-fe23d0eedaa1
01-21 19:47:24 com_github_MitjaNemec_ReplicateLayout.replicate_layout 986:Dst text UUid:7761da2b-9c7e-4b5e-8513-7f1457ee2490
01-21 19:47:24 com_github_MitjaNemec_ReplicateLayout.replicate_layout 985:Src text UUid:7eba192e-2416-4872-b3a3-2509cde8ca94
01-21 19:47:24 com_github_MitjaNemec_ReplicateLayout.replicate_layout 986:Dst text UUid:b6727749-a714-4ea8-baac-ed4d5ce4839b
01-21 19:47:24 com_github_MitjaNemec_ReplicateLayout.replicate_layout 985:Src text UUid:b4bba2e1-64de-4a72-97e3-af902c15fba9
01-21 19:47:24 com_github_MitjaNemec_ReplicateLayout.replicate_layout 986:Dst text UUid:fe97b977-8ea2-422f-aedf-d9a4bf9c3e81
01-21 19:47:24 com_github_MitjaNemec_ReplicateLayout.replicate_layout 868:Replicating footprints on sheet ['number 3']
01-21 19:47:24 com_github_MitjaNemec_ReplicateLayout.replicate_layout 985:Src text UUid:70adde48-ecdf-476b-a4d9-96be04557698
01-21 19:47:24 com_github_MitjaNemec_ReplicateLayout.replicate_layout 986:Dst text UUid:f5ec9f56-7ac5-4a89-a888-388bd5c7c51f
01-21 19:47:24 com_github_MitjaNemec_ReplicateLayout.replicate_layout 985:Src text UUid:d7cc4f8a-a815-4a0a-ac1d-c2cd4d880912
01-21 19:47:24 com_github_MitjaNemec_ReplicateLayout.replicate_layout 986:Dst text UUid:8cae7d9c-a9d7-4418-85cc-38c1504616e5
01-21 19:47:24 com_github_MitjaNemec_ReplicateLayout.replicate_layout 985:Src text UUid:b433164c-cd78-466f-a8d2-d1a50d966cfc
01-21 19:47:24 com_github_MitjaNemec_ReplicateLayout.replicate_layout 986:Dst text UUid:759ef968-15b9-4ade-9b7c-47b6915d3d31
01-21 19:47:24 com_github_MitjaNemec_ReplicateLayout.replicate_layout 985:Src text UUid:1be86625-6cfd-452a-8e4f-127e6ad62a3b
01-21 19:47:24 com_github_MitjaNemec_ReplicateLayout.replicate_layout 986:Dst text UUid:204890c7-8842-48db-8000-0b69f72d0589
01-21 19:47:24 com_github_MitjaNemec_ReplicateLayout.replicate_layout 985:Src text UUid:87c8c5c2-f687-40cb-a51b-0c0a798b800d
01-21 19:47:24 com_github_MitjaNemec_ReplicateLayout.replicate_layout 986:Dst text UUid:f31ef15a-5f7f-409c-aa0b-6711fa4b2dd3
01-21 19:47:24 com_github_MitjaNemec_ReplicateLayout.replicate_layout 985:Src text UUid:825bc220-c704-413f-b91b-4217aa891c2f
01-21 19:47:24 com_github_MitjaNemec_ReplicateLayout.replicate_layout 986:Dst text UUid:567d62cf-b0d0-43d5-9f11-6fe6c63df543
01-21 19:47:24 com_github_MitjaNemec_ReplicateLayout.replicate_layout 985:Src text UUid:5167a476-7d90-4168-bab7-59bdeafac082
01-21 19:47:24 com_github_MitjaNemec_ReplicateLayout.replicate_layout 986:Dst text UUid:06e6ff8f-8cd0-4468-9963-f39289781b56
01-21 19:47:24 com_github_MitjaNemec_ReplicateLayout.replicate_layout 985:Src text UUid:681f126c-85de-4d1a-b007-fec6a1aa6bb7
01-21 19:47:24 com_github_MitjaNemec_ReplicateLayout.replicate_layout 986:Dst text UUid:86e09e44-362c-4798-a601-3c5fa47fedf6
01-21 19:47:24 com_github_MitjaNemec_ReplicateLayout.replicate_layout 985:Src text UUid:20be5160-a8ff-460a-afbe-1281c731a2eb
01-21 19:47:24 com_github_MitjaNemec_ReplicateLayout.replicate_layout 986:Dst text UUid:44499f7b-62e8-47ab-900b-c40a9b69914c
01-21 19:47:24 com_github_MitjaNemec_ReplicateLayout.replicate_layout 985:Src text UUid:ec0c640b-c03a-4d19-bb37-bc1aaf4007b5
01-21 19:47:24 com_github_MitjaNemec_ReplicateLayout.replicate_layout 986:Dst text UUid:e7e55f14-f50b-49d6-a10d-4c8ab100f7d0
01-21 19:47:24 com_github_MitjaNemec_ReplicateLayout.replicate_layout 985:Src text UUid:a8e39d9c-e330-41df-92a4-b6c58f57a8f0
01-21 19:47:24 com_github_MitjaNemec_ReplicateLayout.replicate_layout 986:Dst text UUid:5577995c-01d1-4986-8014-642125d22d64
01-21 19:47:24 com_github_MitjaNemec_ReplicateLayout.replicate_layout 985:Src text UUid:a16e9414-e9ff-47bd-b520-2c54a0924fd9
01-21 19:47:24 com_github_MitjaNemec_ReplicateLayout.replicate_layout 986:Dst text UUid:d925c76c-b413-4f0a-a7ed-c9bb10f06f61
01-21 19:47:24 com_github_MitjaNemec_ReplicateLayout.replicate_layout 985:Src text UUid:e008537e-909f-4b85-96a1-125873027551
01-21 19:47:24 com_github_MitjaNemec_ReplicateLayout.replicate_layout 986:Dst text UUid:6366e56e-c04b-466e-a692-5dcc05c7dc43
01-21 19:47:24 com_github_MitjaNemec_ReplicateLayout.replicate_layout 985:Src text UUid:47fdd8c5-b2f5-4962-a4fd-e9224dcd1a25
01-21 19:47:24 com_github_MitjaNemec_ReplicateLayout.replicate_layout 986:Dst text UUid:fc0a4e06-e6a0-47a1-96a8-000855295d4a
01-21 19:47:24 com_github_MitjaNemec_ReplicateLayout.replicate_layout 985:Src text UUid:b5fd52aa-aef7-4c2e-94cf-09b5963df0c4
01-21 19:47:24 com_github_MitjaNemec_ReplicateLayout.replicate_layout 986:Dst text UUid:e294fa80-47fb-4c6f-8a79-40316ff376b3
01-21 19:47:24 com_github_MitjaNemec_ReplicateLayout.replicate_layout 985:Src text UUid:fd70ed7b-3857-4fe1-9acd-10c6e017402c
01-21 19:47:24 com_github_MitjaNemec_ReplicateLayout.replicate_layout 986:Dst text UUid:d18d391a-7a1b-483b-92a6-2a5ae4cb6750
01-21 19:47:24 com_github_MitjaNemec_ReplicateLayout.replicate_layout 985:Src text UUid:0bb15467-7864-430d-aede-a59544c081c4
01-21 19:47:24 com_github_MitjaNemec_ReplicateLayout.replicate_layout 986:Dst text UUid:26433f82-e6c5-417d-bc70-01d7b42ffbe0
01-21 19:47:24 com_github_MitjaNemec_ReplicateLayout.replicate_layout 985:Src text UUid:5d982820-1def-4180-a58d-e0c5bb89ed62
01-21 19:47:24 com_github_MitjaNemec_ReplicateLayout.replicate_layout 986:Dst text UUid:48c2120a-0998-4454-8ca1-8cfac6f7a52e
01-21 19:47:24 root 337:updating GUI with: 62
01-21 19:47:24 com_github_MitjaNemec_ReplicateLayout.replicate_layout 985:Src text UUid:de37a637-aee8-4565-b2c3-2a264545f125
01-21 19:47:24 com_github_MitjaNemec_ReplicateLayout.replicate_layout 986:Dst text UUid:4e2114d7-a5fb-40c5-8485-21463ec2d4ce
01-21 19:47:24 com_github_MitjaNemec_ReplicateLayout.replicate_layout 985:Src text UUid:630940d2-75fe-4be5-b28e-56c13bf78242
01-21 19:47:24 com_github_MitjaNemec_ReplicateLayout.replicate_layout 986:Dst text UUid:830146d8-d5b2-4650-8a35-25cb18c8372e
01-21 19:47:24 com_github_MitjaNemec_ReplicateLayout.replicate_layout 985:Src text UUid:7574b580-fe46-4e85-afb6-c10a5eb2c6c5
01-21 19:47:24 com_github_MitjaNemec_ReplicateLayout.replicate_layout 986:Dst text UUid:d6d80236-77ba-4a95-acd7-86721eb920d0
01-21 19:47:24 com_github_MitjaNemec_ReplicateLayout.replicate_layout 985:Src text UUid:cf7db4bf-cd14-442f-a0b3-79c3b453d9b7
01-21 19:47:24 com_github_MitjaNemec_ReplicateLayout.replicate_layout 986:Dst text UUid:87f52c30-2ce2-4f77-9506-7aabd829ffd0
01-21 19:47:24 com_github_MitjaNemec_ReplicateLayout.replicate_layout 985:Src text UUid:86dec66f-92a5-4ea6-b39e-8ddeb6671546
01-21 19:47:24 com_github_MitjaNemec_ReplicateLayout.replicate_layout 986:Dst text UUid:1ab0bcd5-5b48-44d9-9448-80b531b0fb38
01-21 19:47:24 com_github_MitjaNemec_ReplicateLayout.replicate_layout 985:Src text UUid:87419690-8ea7-47f2-8e8e-58ff9c59acdf
01-21 19:47:24 com_github_MitjaNemec_ReplicateLayout.replicate_layout 986:Dst text UUid:587806f7-ad5e-47ab-a272-548f0ffe5e1c
01-21 19:47:24 com_github_MitjaNemec_ReplicateLayout.replicate_layout 985:Src text UUid:07ea94fc-42c9-4d2e-831a-dabaaed35096
01-21 19:47:24 com_github_MitjaNemec_ReplicateLayout.replicate_layout 986:Dst text UUid:619d6391-4136-4751-8eb9-c5a6a8f548b1
01-21 19:47:24 com_github_MitjaNemec_ReplicateLayout.replicate_layout 985:Src text UUid:276b08ed-ef82-4d09-be0b-fe23d0eedaa1
01-21 19:47:24 com_github_MitjaNemec_ReplicateLayout.replicate_layout 986:Dst text UUid:c61281fc-1f85-4264-9391-46dc8d88e471
01-21 19:47:24 com_github_MitjaNemec_ReplicateLayout.replicate_layout 985:Src text UUid:7eba192e-2416-4872-b3a3-2509cde8ca94
01-21 19:47:24 com_github_MitjaNemec_ReplicateLayout.replicate_layout 986:Dst text UUid:60707218-3f70-480a-88b8-2a42bda38acb
01-21 19:47:24 com_github_MitjaNemec_ReplicateLayout.replicate_layout 985:Src text UUid:b4bba2e1-64de-4a72-97e3-af902c15fba9
01-21 19:47:24 com_github_MitjaNemec_ReplicateLayout.replicate_layout 986:Dst text UUid:cc80dd7b-e772-4863-883f-957cd3072abd
01-21 19:47:24 com_github_MitjaNemec_ReplicateLayout.replicate_layout 868:Replicating footprints on sheet ['number 4']
01-21 19:47:24 com_github_MitjaNemec_ReplicateLayout.replicate_layout 985:Src text UUid:70adde48-ecdf-476b-a4d9-96be04557698
01-21 19:47:24 com_github_MitjaNemec_ReplicateLayout.replicate_layout 986:Dst text UUid:ba42e061-7554-4d8e-b299-eeac33864285
01-21 19:47:24 com_github_MitjaNemec_ReplicateLayout.replicate_layout 985:Src text UUid:d7cc4f8a-a815-4a0a-ac1d-c2cd4d880912
01-21 19:47:24 com_github_MitjaNemec_ReplicateLayout.replicate_layout 986:Dst text UUid:ad559dd7-e84c-476a-93e3-0eb1965f84fb
01-21 19:47:24 com_github_MitjaNemec_ReplicateLayout.replicate_layout 985:Src text UUid:b433164c-cd78-466f-a8d2-d1a50d966cfc
01-21 19:47:24 com_github_MitjaNemec_ReplicateLayout.replicate_layout 986:Dst text UUid:e6f3710c-5313-4e85-aeeb-d40718017463
01-21 19:47:24 com_github_MitjaNemec_ReplicateLayout.replicate_layout 985:Src text UUid:1be86625-6cfd-452a-8e4f-127e6ad62a3b
01-21 19:47:24 com_github_MitjaNemec_ReplicateLayout.replicate_layout 986:Dst text UUid:d5c5e01e-d4c1-4571-8614-20c47e2a6521
01-21 19:47:24 com_github_MitjaNemec_ReplicateLayout.replicate_layout 985:Src text UUid:87c8c5c2-f687-40cb-a51b-0c0a798b800d
01-21 19:47:24 com_github_MitjaNemec_ReplicateLayout.replicate_layout 986:Dst text UUid:978939fc-b792-4307-98a8-d34984257ee9
01-21 19:47:24 com_github_MitjaNemec_ReplicateLayout.replicate_layout 985:Src text UUid:825bc220-c704-413f-b91b-4217aa891c2f
01-21 19:47:24 com_github_MitjaNemec_ReplicateLayout.replicate_layout 986:Dst text UUid:f761cc47-4faa-4bfa-9314-27a70f16997c
01-21 19:47:24 com_github_MitjaNemec_ReplicateLayout.replicate_layout 985:Src text UUid:5167a476-7d90-4168-bab7-59bdeafac082
01-21 19:47:24 com_github_MitjaNemec_ReplicateLayout.replicate_layout 986:Dst text UUid:2ddf5eae-39f3-4e79-b144-c284f6fb7181
01-21 19:47:24 com_github_MitjaNemec_ReplicateLayout.replicate_layout 985:Src text UUid:681f126c-85de-4d1a-b007-fec6a1aa6bb7
01-21 19:47:24 com_github_MitjaNemec_ReplicateLayout.replicate_layout 986:Dst text UUid:ee1bea22-9341-4e3d-aca1-46601a3f622d
01-21 19:47:24 com_github_MitjaNemec_ReplicateLayout.replicate_layout 985:Src text UUid:20be5160-a8ff-460a-afbe-1281c731a2eb
01-21 19:47:24 com_github_MitjaNemec_ReplicateLayout.replicate_layout 986:Dst text UUid:97993ba2-497c-4201-af41-594989cc5e39
01-21 19:47:24 com_github_MitjaNemec_ReplicateLayout.replicate_layout 985:Src text UUid:ec0c640b-c03a-4d19-bb37-bc1aaf4007b5
01-21 19:47:24 com_github_MitjaNemec_ReplicateLayout.replicate_layout 986:Dst text UUid:aa645cd6-8d7d-4f21-b5ac-e3ddd9100ced
01-21 19:47:24 com_github_MitjaNemec_ReplicateLayout.replicate_layout 985:Src text UUid:a8e39d9c-e330-41df-92a4-b6c58f57a8f0
01-21 19:47:24 com_github_MitjaNemec_ReplicateLayout.replicate_layout 986:Dst text UUid:b51e93e9-48f6-4186-8f6b-0dcc03cf6664
01-21 19:47:24 com_github_MitjaNemec_ReplicateLayout.replicate_layout 985:Src text UUid:a16e9414-e9ff-47bd-b520-2c54a0924fd9
01-21 19:47:24 com_github_MitjaNemec_ReplicateLayout.replicate_layout 986:Dst text UUid:e95243e4-d64e-43bc-86e2-1ef39c6c6bcd
01-21 19:47:24 com_github_MitjaNemec_ReplicateLayout.replicate_layout 985:Src text UUid:e008537e-909f-4b85-96a1-125873027551
01-21 19:47:24 com_github_MitjaNemec_ReplicateLayout.replicate_layout 986:Dst text UUid:e234c546-201f-4b87-a1d1-64b577007c3d
01-21 19:47:24 com_github_MitjaNemec_ReplicateLayout.replicate_layout 985:Src text UUid:47fdd8c5-b2f5-4962-a4fd-e9224dcd1a25
01-21 19:47:24 com_github_MitjaNemec_ReplicateLayout.replicate_layout 986:Dst text UUid:ddaaf6e4-38de-4f51-bda2-dfd7c5479e46
01-21 19:47:24 com_github_MitjaNemec_ReplicateLayout.replicate_layout 985:Src text UUid:b5fd52aa-aef7-4c2e-94cf-09b5963df0c4
01-21 19:47:24 com_github_MitjaNemec_ReplicateLayout.replicate_layout 986:Dst text UUid:5b3a9170-64b8-439e-8665-41e6381acfa8
01-21 19:47:24 com_github_MitjaNemec_ReplicateLayout.replicate_layout 985:Src text UUid:fd70ed7b-3857-4fe1-9acd-10c6e017402c
01-21 19:47:24 com_github_MitjaNemec_ReplicateLayout.replicate_layout 986:Dst text UUid:e3824c70-2665-477b-b325-1924458c4356
01-21 19:47:24 com_github_MitjaNemec_ReplicateLayout.replicate_layout 985:Src text UUid:0bb15467-7864-430d-aede-a59544c081c4
01-21 19:47:24 com_github_MitjaNemec_ReplicateLayout.replicate_layout 986:Dst text UUid:d3dd0319-029a-467f-bda2-2ae92f9b45fa
01-21 19:47:24 com_github_MitjaNemec_ReplicateLayout.replicate_layout 985:Src text UUid:5d982820-1def-4180-a58d-e0c5bb89ed62
01-21 19:47:24 com_github_MitjaNemec_ReplicateLayout.replicate_layout 986:Dst text UUid:79272e18-1895-419b-96c5-613ad83631b9
01-21 19:47:24 com_github_MitjaNemec_ReplicateLayout.replicate_layout 985:Src text UUid:de37a637-aee8-4565-b2c3-2a264545f125
01-21 19:47:24 com_github_MitjaNemec_ReplicateLayout.replicate_layout 986:Dst text UUid:0174259f-1829-45ca-bf5c-810ee7c36024
01-21 19:47:24 com_github_MitjaNemec_ReplicateLayout.replicate_layout 985:Src text UUid:630940d2-75fe-4be5-b28e-56c13bf78242
01-21 19:47:24 com_github_MitjaNemec_ReplicateLayout.replicate_layout 986:Dst text UUid:95c8f750-1da4-4382-a6fe-03d36fc640da
01-21 19:47:24 com_github_MitjaNemec_ReplicateLayout.replicate_layout 985:Src text UUid:7574b580-fe46-4e85-afb6-c10a5eb2c6c5
01-21 19:47:24 com_github_MitjaNemec_ReplicateLayout.replicate_layout 986:Dst text UUid:08085c27-fae5-4b3e-acc5-ef681d68a9bd
01-21 19:47:24 com_github_MitjaNemec_ReplicateLayout.replicate_layout 985:Src text UUid:cf7db4bf-cd14-442f-a0b3-79c3b453d9b7
01-21 19:47:24 com_github_MitjaNemec_ReplicateLayout.replicate_layout 986:Dst text UUid:1efdce11-ad5c-4a4e-a961-10a8bf23a90c
01-21 19:47:24 com_github_MitjaNemec_ReplicateLayout.replicate_layout 985:Src text UUid:86dec66f-92a5-4ea6-b39e-8ddeb6671546
01-21 19:47:24 com_github_MitjaNemec_ReplicateLayout.replicate_layout 986:Dst text UUid:1872bd50-f7a5-434c-b030-5a1674da76e7
01-21 19:47:24 com_github_MitjaNemec_ReplicateLayout.replicate_layout 985:Src text UUid:87419690-8ea7-47f2-8e8e-58ff9c59acdf
01-21 19:47:24 com_github_MitjaNemec_ReplicateLayout.replicate_layout 986:Dst text UUid:3279b4eb-86bc-444c-85fd-ef2ffde33991
01-21 19:47:24 com_github_MitjaNemec_ReplicateLayout.replicate_layout 985:Src text UUid:07ea94fc-42c9-4d2e-831a-dabaaed35096
01-21 19:47:24 com_github_MitjaNemec_ReplicateLayout.replicate_layout 986:Dst text UUid:d6ac865c-ae66-4546-aeb6-d8fa85348b31
01-21 19:47:24 com_github_MitjaNemec_ReplicateLayout.replicate_layout 985:Src text UUid:276b08ed-ef82-4d09-be0b-fe23d0eedaa1
01-21 19:47:24 com_github_MitjaNemec_ReplicateLayout.replicate_layout 986:Dst text UUid:8a3dc365-a1e5-4a73-91bc-80c97f2a304a
01-21 19:47:24 com_github_MitjaNemec_ReplicateLayout.replicate_layout 985:Src text UUid:7eba192e-2416-4872-b3a3-2509cde8ca94
01-21 19:47:24 com_github_MitjaNemec_ReplicateLayout.replicate_layout 986:Dst text UUid:83bfcdf7-e6cf-4a1c-8e33-fc145c767c96
01-21 19:47:24 com_github_MitjaNemec_ReplicateLayout.replicate_layout 985:Src text UUid:b4bba2e1-64de-4a72-97e3-af902c15fba9
01-21 19:47:24 com_github_MitjaNemec_ReplicateLayout.replicate_layout 986:Dst text UUid:bca17061-8f1a-4744-9e19-83e3ddc4390b
01-21 19:47:24 root 332:updating GUI message: 'Replicating tracks'
01-21 19:47:24 com_github_MitjaNemec_ReplicateLayout.replicate_layout 1009:Replicating tracks
01-21 19:47:24 com_github_MitjaNemec_ReplicateLayout.replicate_layout 1015:Replicating tracks on sheet ['number 2']
01-21 19:47:24 com_github_MitjaNemec_ReplicateLayout.replicate_layout 792:Net pairs for sheet ['number 2'] :[('/number 1/collector', '/number 2/collector'), ('/number 1/coilB', '/number 2/coilB'), ('unconnected-(J202-Pin_2-Pad2)', 'unconnected-(J302-Pin_2-Pad2)'), ('/number 1/motB', '/number 2/motB'), ('/number 1/motA', '/number 2/motA'), ('/number 1/coilA', '/number 2/coilA')]
01-21 19:47:24 com_github_MitjaNemec_ReplicateLayout.replicate_layout 1015:Replicating tracks on sheet ['number 3']
01-21 19:47:24 com_github_MitjaNemec_ReplicateLayout.replicate_layout 792:Net pairs for sheet ['number 3'] :[('/number 1/coilB', '/number 3/coilB'), ('/number 1/motA', '/number 3/motA'), ('/number 1/collector', '/number 3/collector'), ('/number 1/motB', '/number 3/motB'), ('unconnected-(J202-Pin_2-Pad2)', 'unconnected-(J402-Pin_2-Pad2)'), ('/number 1/coilA', '/number 3/coilA')]
01-21 19:47:24 root 337:updating GUI with: 34
01-21 19:47:24 com_github_MitjaNemec_ReplicateLayout.replicate_layout 1015:Replicating tracks on sheet ['number 4']
01-21 19:47:24 com_github_MitjaNemec_ReplicateLayout.replicate_layout 792:Net pairs for sheet ['number 4'] :[('/number 1/motB', '/number 4/motB'), ('/number 1/collector', '/number 4/collector'), ('/number 1/coilB', '/number 4/coilB'), ('/number 1/motA', '/number 4/motA'), ('/number 1/coilA', '/number 4/coilA'), ('unconnected-(J202-Pin_2-Pad2)', 'unconnected-(J502-Pin_2-Pad2)')]
01-21 19:47:24 root 332:updating GUI message: 'Replicating zones'
01-21 19:47:24 com_github_MitjaNemec_ReplicateLayout.replicate_layout 1079:Replicating zones
01-21 19:47:24 com_github_MitjaNemec_ReplicateLayout.replicate_layout 1086:Replicating zones on sheet ['number 2']
01-21 19:47:24 com_github_MitjaNemec_ReplicateLayout.replicate_layout 792:Net pairs for sheet ['number 2'] :[('/number 1/collector', '/number 2/collector'), ('/number 1/coilB', '/number 2/coilB'), ('unconnected-(J202-Pin_2-Pad2)', 'unconnected-(J302-Pin_2-Pad2)'), ('/number 1/motB', '/number 2/motB'), ('/number 1/motA', '/number 2/motA'), ('/number 1/coilA', '/number 2/coilA')]
01-21 19:47:24 com_github_MitjaNemec_ReplicateLayout.replicate_layout 1086:Replicating zones on sheet ['number 3']
01-21 19:47:24 com_github_MitjaNemec_ReplicateLayout.replicate_layout 792:Net pairs for sheet ['number 3'] :[('/number 1/coilB', '/number 3/coilB'), ('/number 1/motA', '/number 3/motA'), ('/number 1/collector', '/number 3/collector'), ('/number 1/motB', '/number 3/motB'), ('unconnected-(J202-Pin_2-Pad2)', 'unconnected-(J402-Pin_2-Pad2)'), ('/number 1/coilA', '/number 3/coilA')]
01-21 19:47:24 com_github_MitjaNemec_ReplicateLayout.replicate_layout 1086:Replicating zones on sheet ['number 4']
01-21 19:47:24 com_github_MitjaNemec_ReplicateLayout.replicate_layout 792:Net pairs for sheet ['number 4'] :[('/number 1/motB', '/number 4/motB'), ('/number 1/collector', '/number 4/collector'), ('/number 1/coilB', '/number 4/coilB'), ('/number 1/motA', '/number 4/motA'), ('/number 1/coilA', '/number 4/coilA'), ('unconnected-(J202-Pin_2-Pad2)', 'unconnected-(J502-Pin_2-Pad2)')]
01-21 19:47:24 root 332:updating GUI message: 'Replicating text'
01-21 19:47:24 com_github_MitjaNemec_ReplicateLayout.replicate_layout 1168:Replicating text
01-21 19:47:24 com_github_MitjaNemec_ReplicateLayout.replicate_layout 1175:Replicating text on sheet ['number 2']
01-21 19:47:24 com_github_MitjaNemec_ReplicateLayout.replicate_layout 1175:Replicating text on sheet ['number 3']
01-21 19:47:24 com_github_MitjaNemec_ReplicateLayout.replicate_layout 1175:Replicating text on sheet ['number 4']
01-21 19:47:24 root 337:updating GUI with: 68
01-21 19:47:24 root 332:updating GUI message: 'Replicating drawings'
01-21 19:47:24 com_github_MitjaNemec_ReplicateLayout.replicate_layout 1219:Replicating drawings
01-21 19:47:24 com_github_MitjaNemec_ReplicateLayout.replicate_layout 1225:Replicating drawings on sheet ['number 2']
01-21 19:47:24 com_github_MitjaNemec_ReplicateLayout.replicate_layout 1225:Replicating drawings on sheet ['number 3']
01-21 19:47:24 com_github_MitjaNemec_ReplicateLayout.replicate_layout 1225:Replicating drawings on sheet ['number 4']
01-21 19:47:24 com_github_MitjaNemec_ReplicateLayout.action_replicate_layout 256:Replication complete
