11-01 12:11:48 com_github_MitjaNemec_ReplicateLayout.action_replicate_layout 392:Plugin executed on: 'win32'
11-01 12:11:48 com_github_MitjaNemec_ReplicateLayout.action_replicate_layout 393:Plugin executed with python version: '3.9.16 (main, Aug  8 2023, 05:38:28) [MSC v.1936 64 bit (AMD64)]'
11-01 12:11:48 com_github_MitjaNemec_ReplicateLayout.action_replicate_layout 394:KiCad build version: 7.0.7
11-01 12:11:48 com_github_MitjaNemec_ReplicateLayout.action_replicate_layout 395:Plugin version: 2.1.3
11-01 12:11:48 com_github_MitjaNemec_ReplicateLayout.action_replicate_layout 396:Frame repr: <wx._core.Frame object at 0x000001F99A9FDE50>
11-01 12:11:48 com_github_MitjaNemec_ReplicateLayout.action_replicate_layout 420:Preparing replicator with U1401 as a reference
11-01 12:11:48 com_github_MitjaNemec_ReplicateLayout.replicate_layout 117:getting a list of all footprints on board
11-01 12:11:48 com_github_MitjaNemec_ReplicateLayout.replicate_layout 136:Footprint G*** does not have Sheetfile property, it will not be replicated. Most likely it is only in layout
11-01 12:11:48 com_github_MitjaNemec_ReplicateLayout.replicate_layout 136:Footprint REF** does not have Sheetfile property, it will not be replicated. Most likely it is only in layout
11-01 12:11:48 com_github_MitjaNemec_ReplicateLayout.replicate_layout 136:Footprint REF** does not have Sheetfile property, it will not be replicated. Most likely it is only in layout
11-01 12:11:48 com_github_MitjaNemec_ReplicateLayout.replicate_layout 136:Footprint REF** does not have Sheetfile property, it will not be replicated. Most likely it is only in layout
11-01 12:11:48 com_github_MitjaNemec_ReplicateLayout.replicate_layout 136:Footprint REF** does not have Sheetfile property, it will not be replicated. Most likely it is only in layout
11-01 12:11:48 com_github_MitjaNemec_ReplicateLayout.action_replicate_layout 468:source anchor footprint is 'U1401'
Located on: ['CS13']
With filenames: ['current sensor.kicad_sch']
With sheet_id:['CS13']
11-01 12:11:48 com_github_MitjaNemec_ReplicateLayout.action_replicate_layout 475:Corresponding footprints are 
[('U1901', ['CS9']), ('U1801', ['CS11']), ('U1701', ['CS10']), ('U1601', ['CS16']), ('U1501', ['CS15']), ('U1301', ['CS14']), ('U1101', ['CS12']), ('U1001', ['CS8']), ('U901', ['CS7']), ('U801', ['CS6']), ('U701', ['CS5']), ('U601', ['CS4']), ('U501', ['CS3']), ('U401', ['CS2']), ('U201', ['CS1']), ('U1401', ['CS13'])]
11-01 12:11:48 com_github_MitjaNemec_ReplicateLayout.action_replicate_layout 487:Showing dialog
11-01 12:11:48 com_github_MitjaNemec_ReplicateLayout.replicate_layout 424:constructing a list of sheets suitable for replication on level:'CS13', file:'current sensor.kicad_sch'
11-01 12:11:48 com_github_MitjaNemec_ReplicateLayout.replicate_layout 461:suitable sheets are:[['CS1'], ['CS10'], ['CS11'], ['CS12'], ['CS14'], ['CS15'], ['CS16'], ['CS2'], ['CS3'], ['CS4'], ['CS5'], ['CS6'], ['CS7'], ['CS8'], ['CS9']]
11-01 12:11:49 com_github_MitjaNemec_ReplicateLayout.replicate_layout 1464:Level selected: ['CS13']
11-01 12:11:49 com_github_MitjaNemec_ReplicateLayout.replicate_layout 1299:Filtering list of tracks
11-01 12:11:49 com_github_MitjaNemec_ReplicateLayout.action_replicate_layout 493:Toolbar position: wx.Point(1648, 138)
11-01 12:11:49 com_github_MitjaNemec_ReplicateLayout.action_replicate_layout 498:Dialog position: wx.Point(1209, 138)
11-01 12:11:56 com_github_MitjaNemec_ReplicateLayout.replicate_layout 424:constructing a list of sheets suitable for replication on level:'CS13', file:'current sensor.kicad_sch'
11-01 12:11:56 com_github_MitjaNemec_ReplicateLayout.replicate_layout 461:suitable sheets are:[['CS1'], ['CS10'], ['CS11'], ['CS12'], ['CS14'], ['CS15'], ['CS16'], ['CS2'], ['CS3'], ['CS4'], ['CS5'], ['CS6'], ['CS7'], ['CS8'], ['CS9']]
11-01 12:11:56 com_github_MitjaNemec_ReplicateLayout.action_replicate_layout 240:Replicating layout
11-01 12:11:56 com_github_MitjaNemec_ReplicateLayout.replicate_layout 240:Starting replication of sheets: [['CS1'], ['CS10'], ['CS11'], ['CS12'], ['CS14'], ['CS15'], ['CS16'], ['CS2'], ['CS3'], ['CS4'], ['CS5'], ['CS6'], ['CS7'], ['CS8'], ['CS9']]
on level: ['CS13']
with tracks=True, zone=True, text=True, text=True, intersecting=False, remove=False, locked footprints=False, group_only=False
11-01 12:11:56 root 332:updating GUI message: 'Preparing for replication'
11-01 12:11:56 root 337:updating GUI with: 0
11-01 12:11:56 com_github_MitjaNemec_ReplicateLayout.replicate_layout 310:Getting the list of source footprints
11-01 12:11:56 com_github_MitjaNemec_ReplicateLayout.replicate_layout 320:Getting the list of all the remaining footprints
11-01 12:11:56 com_github_MitjaNemec_ReplicateLayout.replicate_layout 327:Getting source tracks
11-01 12:11:56 com_github_MitjaNemec_ReplicateLayout.replicate_layout 1299:Filtering list of tracks
11-01 12:11:56 com_github_MitjaNemec_ReplicateLayout.replicate_layout 331:Getting source zones
11-01 12:11:56 com_github_MitjaNemec_ReplicateLayout.replicate_layout 335:Getting source text items
11-01 12:11:56 com_github_MitjaNemec_ReplicateLayout.replicate_layout 339:Getting source drawing items
11-01 12:11:56 root 332:updating GUI message: 'Replicating footprints'
11-01 12:11:56 com_github_MitjaNemec_ReplicateLayout.replicate_layout 806:Replicating footprints
11-01 12:11:56 com_github_MitjaNemec_ReplicateLayout.replicate_layout 813:Replicating footprints on sheet ['CS1']
11-01 12:11:56 com_github_MitjaNemec_ReplicateLayout.replicate_layout 813:Replicating footprints on sheet ['CS10']
11-01 12:11:56 root 337:updating GUI with: 13
11-01 12:11:56 com_github_MitjaNemec_ReplicateLayout.replicate_layout 813:Replicating footprints on sheet ['CS11']
11-01 12:11:56 com_github_MitjaNemec_ReplicateLayout.replicate_layout 813:Replicating footprints on sheet ['CS12']
11-01 12:11:56 com_github_MitjaNemec_ReplicateLayout.replicate_layout 813:Replicating footprints on sheet ['CS14']
11-01 12:11:56 com_github_MitjaNemec_ReplicateLayout.replicate_layout 813:Replicating footprints on sheet ['CS15']
11-01 12:11:56 com_github_MitjaNemec_ReplicateLayout.replicate_layout 813:Replicating footprints on sheet ['CS16']
11-01 12:11:56 com_github_MitjaNemec_ReplicateLayout.replicate_layout 813:Replicating footprints on sheet ['CS2']
11-01 12:11:56 com_github_MitjaNemec_ReplicateLayout.replicate_layout 813:Replicating footprints on sheet ['CS3']
11-01 12:11:56 com_github_MitjaNemec_ReplicateLayout.replicate_layout 813:Replicating footprints on sheet ['CS4']
11-01 12:11:56 root 337:updating GUI with: 61
11-01 12:11:56 com_github_MitjaNemec_ReplicateLayout.replicate_layout 813:Replicating footprints on sheet ['CS5']
11-01 12:11:56 com_github_MitjaNemec_ReplicateLayout.replicate_layout 813:Replicating footprints on sheet ['CS6']
11-01 12:11:56 com_github_MitjaNemec_ReplicateLayout.replicate_layout 813:Replicating footprints on sheet ['CS7']
11-01 12:11:56 com_github_MitjaNemec_ReplicateLayout.replicate_layout 813:Replicating footprints on sheet ['CS8']
11-01 12:11:56 com_github_MitjaNemec_ReplicateLayout.replicate_layout 813:Replicating footprints on sheet ['CS9']
11-01 12:11:56 root 332:updating GUI message: 'Replicating tracks'
11-01 12:11:56 com_github_MitjaNemec_ReplicateLayout.replicate_layout 977:Replicating tracks
11-01 12:11:56 com_github_MitjaNemec_ReplicateLayout.replicate_layout 983:Replicating tracks on sheet ['CS1']
11-01 12:11:56 com_github_MitjaNemec_ReplicateLayout.replicate_layout 766:Net pairs for sheet ['CS1'] :[('Net-(D1401-K)', 'Net-(D201-K)'), ('/CS13/CMOS', '/CS1/CMOS'), ('/CS13/TRACK', '/CS1/TRACK'), ('GND', 'GND'), ('Net-(R1402-Pad2)', 'Net-(R202-Pad2)'), ('COM', 'COM'), ('VCC', 'VCC'), ('Net-(D1403-A)', 'Net-(D203-A)')]
11-01 12:11:56 root 337:updating GUI with: 0
11-01 12:11:56 com_github_MitjaNemec_ReplicateLayout.replicate_layout 983:Replicating tracks on sheet ['CS10']
11-01 12:11:56 com_github_MitjaNemec_ReplicateLayout.replicate_layout 766:Net pairs for sheet ['CS10'] :[('/CS13/TRACK', '/CS10/TRACK'), ('/CS13/CMOS', '/CS10/CMOS'), ('Net-(D1403-A)', 'Net-(D1703-A)'), ('GND', 'GND'), ('COM', 'COM'), ('VCC', 'VCC'), ('Net-(D1401-K)', 'Net-(D1701-K)'), ('Net-(R1402-Pad2)', 'Net-(R1702-Pad2)')]
11-01 12:11:56 com_github_MitjaNemec_ReplicateLayout.replicate_layout 983:Replicating tracks on sheet ['CS11']
11-01 12:11:56 com_github_MitjaNemec_ReplicateLayout.replicate_layout 766:Net pairs for sheet ['CS11'] :[('GND', 'GND'), ('COM', 'COM'), ('/CS13/CMOS', '/CS11/CMOS'), ('VCC', 'VCC'), ('Net-(D1403-A)', 'Net-(D1803-A)'), ('Net-(D1401-K)', 'Net-(D1801-K)'), ('/CS13/TRACK', '/CS11/TRACK'), ('Net-(R1402-Pad2)', 'Net-(R1802-Pad2)')]
11-01 12:11:56 com_github_MitjaNemec_ReplicateLayout.replicate_layout 983:Replicating tracks on sheet ['CS12']
11-01 12:11:56 com_github_MitjaNemec_ReplicateLayout.replicate_layout 766:Net pairs for sheet ['CS12'] :[('/CS13/TRACK', '/CS12/TRACK'), ('Net-(R1402-Pad2)', 'Net-(R1102-Pad2)'), ('GND', 'GND'), ('/CS13/CMOS', '/CS12/CMOS'), ('COM', 'COM'), ('Net-(D1401-K)', 'Net-(D1101-K)'), ('VCC', 'VCC'), ('Net-(D1403-A)', 'Net-(D1103-A)')]
11-01 12:11:56 com_github_MitjaNemec_ReplicateLayout.replicate_layout 983:Replicating tracks on sheet ['CS14']
11-01 12:11:56 com_github_MitjaNemec_ReplicateLayout.replicate_layout 766:Net pairs for sheet ['CS14'] :[('/CS13/CMOS', '/CS14/CMOS'), ('GND', 'GND'), ('COM', 'COM'), ('/CS13/TRACK', '/CS14/TRACK'), ('VCC', 'VCC'), ('Net-(D1403-A)', 'Net-(D1303-A)'), ('Net-(R1402-Pad2)', 'Net-(R1302-Pad2)'), ('Net-(D1401-K)', 'Net-(D1301-K)')]
11-01 12:11:56 com_github_MitjaNemec_ReplicateLayout.replicate_layout 983:Replicating tracks on sheet ['CS15']
11-01 12:11:56 com_github_MitjaNemec_ReplicateLayout.replicate_layout 766:Net pairs for sheet ['CS15'] :[('Net-(R1402-Pad2)', 'Net-(R1502-Pad2)'), ('Net-(D1403-A)', 'Net-(D1503-A)'), ('GND', 'GND'), ('/CS13/CMOS', '/CS15/CMOS'), ('COM', 'COM'), ('VCC', 'VCC'), ('/CS13/TRACK', '/CS15/TRACK'), ('Net-(D1401-K)', 'Net-(D1501-K)')]
11-01 12:11:56 root 337:updating GUI with: 38
11-01 12:11:56 com_github_MitjaNemec_ReplicateLayout.replicate_layout 983:Replicating tracks on sheet ['CS16']
11-01 12:11:56 com_github_MitjaNemec_ReplicateLayout.replicate_layout 766:Net pairs for sheet ['CS16'] :[('/CS13/CMOS', '/CS16/CMOS'), ('/CS13/TRACK', '/CS16/TRACK'), ('GND', 'GND'), ('Net-(D1401-K)', 'Net-(D1601-K)'), ('COM', 'COM'), ('VCC', 'VCC'), ('Net-(D1403-A)', 'Net-(D1603-A)'), ('Net-(R1402-Pad2)', 'Net-(R1602-Pad2)')]
11-01 12:11:56 com_github_MitjaNemec_ReplicateLayout.replicate_layout 983:Replicating tracks on sheet ['CS2']
11-01 12:11:56 com_github_MitjaNemec_ReplicateLayout.replicate_layout 766:Net pairs for sheet ['CS2'] :[('Net-(D1401-K)', 'Net-(D401-K)'), ('Net-(R1402-Pad2)', 'Net-(R402-Pad2)'), ('/CS13/TRACK', '/CS2/TRACK'), ('GND', 'GND'), ('COM', 'COM'), ('/CS13/CMOS', '/CS2/CMOS'), ('VCC', 'VCC'), ('Net-(D1403-A)', 'Net-(D403-A)')]
11-01 12:11:56 com_github_MitjaNemec_ReplicateLayout.replicate_layout 983:Replicating tracks on sheet ['CS3']
11-01 12:11:56 com_github_MitjaNemec_ReplicateLayout.replicate_layout 766:Net pairs for sheet ['CS3'] :[('Net-(D1401-K)', 'Net-(D501-K)'), ('GND', 'GND'), ('COM', 'COM'), ('/CS13/CMOS', '/CS3/CMOS'), ('VCC', 'VCC'), ('/CS13/TRACK', '/CS3/TRACK'), ('Net-(R1402-Pad2)', 'Net-(R502-Pad2)'), ('Net-(D1403-A)', 'Net-(D503-A)')]
11-01 12:11:56 com_github_MitjaNemec_ReplicateLayout.replicate_layout 983:Replicating tracks on sheet ['CS4']
11-01 12:11:56 com_github_MitjaNemec_ReplicateLayout.replicate_layout 766:Net pairs for sheet ['CS4'] :[('/CS13/TRACK', '/CS4/TRACK'), ('Net-(D1401-K)', 'Net-(D601-K)'), ('GND', 'GND'), ('/CS13/CMOS', '/CS4/CMOS'), ('COM', 'COM'), ('VCC', 'VCC'), ('Net-(D1403-A)', 'Net-(D603-A)'), ('Net-(R1402-Pad2)', 'Net-(R602-Pad2)')]
11-01 12:11:56 com_github_MitjaNemec_ReplicateLayout.replicate_layout 983:Replicating tracks on sheet ['CS5']
11-01 12:11:56 com_github_MitjaNemec_ReplicateLayout.replicate_layout 766:Net pairs for sheet ['CS5'] :[('Net-(D1403-A)', 'Net-(D703-A)'), ('Net-(R1402-Pad2)', 'Net-(R702-Pad2)'), ('/CS13/CMOS', '/CS5/CMOS'), ('GND', 'GND'), ('Net-(D1401-K)', 'Net-(D701-K)'), ('COM', 'COM'), ('VCC', 'VCC'), ('/CS13/TRACK', '/CS5/TRACK')]
11-01 12:11:56 com_github_MitjaNemec_ReplicateLayout.replicate_layout 983:Replicating tracks on sheet ['CS6']
11-01 12:11:56 com_github_MitjaNemec_ReplicateLayout.replicate_layout 766:Net pairs for sheet ['CS6'] :[('GND', 'GND'), ('COM', 'COM'), ('/CS13/CMOS', '/CS6/CMOS'), ('/CS13/TRACK', '/CS6/TRACK'), ('VCC', 'VCC'), ('Net-(D1403-A)', 'Net-(D803-A)'), ('Net-(D1401-K)', 'Net-(D801-K)'), ('Net-(R1402-Pad2)', 'Net-(R802-Pad2)')]
11-01 12:11:56 com_github_MitjaNemec_ReplicateLayout.replicate_layout 983:Replicating tracks on sheet ['CS7']
11-01 12:11:56 com_github_MitjaNemec_ReplicateLayout.replicate_layout 766:Net pairs for sheet ['CS7'] :[('/CS13/CMOS', '/CS7/CMOS'), ('Net-(D1403-A)', 'Net-(D903-A)'), ('GND', 'GND'), ('Net-(R1402-Pad2)', 'Net-(R902-Pad2)'), ('COM', 'COM'), ('VCC', 'VCC'), ('/CS13/TRACK', '/CS7/TRACK'), ('Net-(D1401-K)', 'Net-(D901-K)')]
11-01 12:11:56 root 337:updating GUI with: 84
11-01 12:11:56 com_github_MitjaNemec_ReplicateLayout.replicate_layout 983:Replicating tracks on sheet ['CS8']
11-01 12:11:56 com_github_MitjaNemec_ReplicateLayout.replicate_layout 766:Net pairs for sheet ['CS8'] :[('Net-(R1402-Pad2)', 'Net-(R1002-Pad2)'), ('Net-(D1403-A)', 'Net-(D1003-A)'), ('/CS13/TRACK', '/CS8/TRACK'), ('/CS13/CMOS', '/CS8/CMOS'), ('GND', 'GND'), ('COM', 'COM'), ('VCC', 'VCC'), ('Net-(D1401-K)', 'Net-(D1001-K)')]
11-01 12:11:56 com_github_MitjaNemec_ReplicateLayout.replicate_layout 983:Replicating tracks on sheet ['CS9']
11-01 12:11:56 com_github_MitjaNemec_ReplicateLayout.replicate_layout 766:Net pairs for sheet ['CS9'] :[('/CS13/CMOS', '/CS9/CMOS'), ('GND', 'GND'), ('COM', 'COM'), ('/CS13/TRACK', '/CS9/TRACK'), ('VCC', 'VCC'), ('Net-(D1401-K)', 'Net-(D1901-K)'), ('Net-(D1403-A)', 'Net-(D1903-A)'), ('Net-(R1402-Pad2)', 'Net-(R1902-Pad2)')]
11-01 12:11:56 root 332:updating GUI message: 'Replicating zones'
11-01 12:11:56 com_github_MitjaNemec_ReplicateLayout.replicate_layout 1047:Replicating zones
11-01 12:11:56 com_github_MitjaNemec_ReplicateLayout.replicate_layout 1054:Replicating zones on sheet ['CS1']
11-01 12:11:56 com_github_MitjaNemec_ReplicateLayout.replicate_layout 766:Net pairs for sheet ['CS1'] :[('Net-(D1401-K)', 'Net-(D201-K)'), ('/CS13/CMOS', '/CS1/CMOS'), ('/CS13/TRACK', '/CS1/TRACK'), ('GND', 'GND'), ('Net-(R1402-Pad2)', 'Net-(R202-Pad2)'), ('COM', 'COM'), ('VCC', 'VCC'), ('Net-(D1403-A)', 'Net-(D203-A)')]
11-01 12:11:56 com_github_MitjaNemec_ReplicateLayout.replicate_layout 1054:Replicating zones on sheet ['CS10']
11-01 12:11:56 com_github_MitjaNemec_ReplicateLayout.replicate_layout 766:Net pairs for sheet ['CS10'] :[('/CS13/TRACK', '/CS10/TRACK'), ('/CS13/CMOS', '/CS10/CMOS'), ('Net-(D1403-A)', 'Net-(D1703-A)'), ('GND', 'GND'), ('COM', 'COM'), ('VCC', 'VCC'), ('Net-(D1401-K)', 'Net-(D1701-K)'), ('Net-(R1402-Pad2)', 'Net-(R1702-Pad2)')]
11-01 12:11:56 com_github_MitjaNemec_ReplicateLayout.replicate_layout 1054:Replicating zones on sheet ['CS11']
11-01 12:11:56 com_github_MitjaNemec_ReplicateLayout.replicate_layout 766:Net pairs for sheet ['CS11'] :[('GND', 'GND'), ('COM', 'COM'), ('/CS13/CMOS', '/CS11/CMOS'), ('VCC', 'VCC'), ('Net-(D1403-A)', 'Net-(D1803-A)'), ('Net-(D1401-K)', 'Net-(D1801-K)'), ('/CS13/TRACK', '/CS11/TRACK'), ('Net-(R1402-Pad2)', 'Net-(R1802-Pad2)')]
11-01 12:11:56 com_github_MitjaNemec_ReplicateLayout.replicate_layout 1054:Replicating zones on sheet ['CS12']
11-01 12:11:56 com_github_MitjaNemec_ReplicateLayout.replicate_layout 766:Net pairs for sheet ['CS12'] :[('/CS13/TRACK', '/CS12/TRACK'), ('Net-(R1402-Pad2)', 'Net-(R1102-Pad2)'), ('GND', 'GND'), ('/CS13/CMOS', '/CS12/CMOS'), ('COM', 'COM'), ('Net-(D1401-K)', 'Net-(D1101-K)'), ('VCC', 'VCC'), ('Net-(D1403-A)', 'Net-(D1103-A)')]
11-01 12:11:56 com_github_MitjaNemec_ReplicateLayout.replicate_layout 1054:Replicating zones on sheet ['CS14']
11-01 12:11:56 com_github_MitjaNemec_ReplicateLayout.replicate_layout 766:Net pairs for sheet ['CS14'] :[('/CS13/CMOS', '/CS14/CMOS'), ('GND', 'GND'), ('COM', 'COM'), ('/CS13/TRACK', '/CS14/TRACK'), ('VCC', 'VCC'), ('Net-(D1403-A)', 'Net-(D1303-A)'), ('Net-(R1402-Pad2)', 'Net-(R1302-Pad2)'), ('Net-(D1401-K)', 'Net-(D1301-K)')]
11-01 12:11:56 com_github_MitjaNemec_ReplicateLayout.replicate_layout 1054:Replicating zones on sheet ['CS15']
11-01 12:11:56 com_github_MitjaNemec_ReplicateLayout.replicate_layout 766:Net pairs for sheet ['CS15'] :[('Net-(R1402-Pad2)', 'Net-(R1502-Pad2)'), ('Net-(D1403-A)', 'Net-(D1503-A)'), ('GND', 'GND'), ('/CS13/CMOS', '/CS15/CMOS'), ('COM', 'COM'), ('VCC', 'VCC'), ('/CS13/TRACK', '/CS15/TRACK'), ('Net-(D1401-K)', 'Net-(D1501-K)')]
11-01 12:11:56 com_github_MitjaNemec_ReplicateLayout.replicate_layout 1054:Replicating zones on sheet ['CS16']
11-01 12:11:56 com_github_MitjaNemec_ReplicateLayout.replicate_layout 766:Net pairs for sheet ['CS16'] :[('/CS13/CMOS', '/CS16/CMOS'), ('/CS13/TRACK', '/CS16/TRACK'), ('GND', 'GND'), ('Net-(D1401-K)', 'Net-(D1601-K)'), ('COM', 'COM'), ('VCC', 'VCC'), ('Net-(D1403-A)', 'Net-(D1603-A)'), ('Net-(R1402-Pad2)', 'Net-(R1602-Pad2)')]
11-01 12:11:56 root 337:updating GUI with: 46
11-01 12:11:56 com_github_MitjaNemec_ReplicateLayout.replicate_layout 1054:Replicating zones on sheet ['CS2']
11-01 12:11:56 com_github_MitjaNemec_ReplicateLayout.replicate_layout 766:Net pairs for sheet ['CS2'] :[('Net-(D1401-K)', 'Net-(D401-K)'), ('Net-(R1402-Pad2)', 'Net-(R402-Pad2)'), ('/CS13/TRACK', '/CS2/TRACK'), ('GND', 'GND'), ('COM', 'COM'), ('/CS13/CMOS', '/CS2/CMOS'), ('VCC', 'VCC'), ('Net-(D1403-A)', 'Net-(D403-A)')]
11-01 12:11:56 com_github_MitjaNemec_ReplicateLayout.replicate_layout 1054:Replicating zones on sheet ['CS3']
11-01 12:11:56 com_github_MitjaNemec_ReplicateLayout.replicate_layout 766:Net pairs for sheet ['CS3'] :[('Net-(D1401-K)', 'Net-(D501-K)'), ('GND', 'GND'), ('COM', 'COM'), ('/CS13/CMOS', '/CS3/CMOS'), ('VCC', 'VCC'), ('/CS13/TRACK', '/CS3/TRACK'), ('Net-(R1402-Pad2)', 'Net-(R502-Pad2)'), ('Net-(D1403-A)', 'Net-(D503-A)')]
11-01 12:11:56 com_github_MitjaNemec_ReplicateLayout.replicate_layout 1054:Replicating zones on sheet ['CS4']
11-01 12:11:56 com_github_MitjaNemec_ReplicateLayout.replicate_layout 766:Net pairs for sheet ['CS4'] :[('/CS13/TRACK', '/CS4/TRACK'), ('Net-(D1401-K)', 'Net-(D601-K)'), ('GND', 'GND'), ('/CS13/CMOS', '/CS4/CMOS'), ('COM', 'COM'), ('VCC', 'VCC'), ('Net-(D1403-A)', 'Net-(D603-A)'), ('Net-(R1402-Pad2)', 'Net-(R602-Pad2)')]
11-01 12:11:56 com_github_MitjaNemec_ReplicateLayout.replicate_layout 1054:Replicating zones on sheet ['CS5']
11-01 12:11:56 com_github_MitjaNemec_ReplicateLayout.replicate_layout 766:Net pairs for sheet ['CS5'] :[('Net-(D1403-A)', 'Net-(D703-A)'), ('Net-(R1402-Pad2)', 'Net-(R702-Pad2)'), ('/CS13/CMOS', '/CS5/CMOS'), ('GND', 'GND'), ('Net-(D1401-K)', 'Net-(D701-K)'), ('COM', 'COM'), ('VCC', 'VCC'), ('/CS13/TRACK', '/CS5/TRACK')]
11-01 12:11:56 com_github_MitjaNemec_ReplicateLayout.replicate_layout 1054:Replicating zones on sheet ['CS6']
11-01 12:11:56 com_github_MitjaNemec_ReplicateLayout.replicate_layout 766:Net pairs for sheet ['CS6'] :[('GND', 'GND'), ('COM', 'COM'), ('/CS13/CMOS', '/CS6/CMOS'), ('/CS13/TRACK', '/CS6/TRACK'), ('VCC', 'VCC'), ('Net-(D1403-A)', 'Net-(D803-A)'), ('Net-(D1401-K)', 'Net-(D801-K)'), ('Net-(R1402-Pad2)', 'Net-(R802-Pad2)')]
11-01 12:11:56 com_github_MitjaNemec_ReplicateLayout.replicate_layout 1054:Replicating zones on sheet ['CS7']
11-01 12:11:56 com_github_MitjaNemec_ReplicateLayout.replicate_layout 766:Net pairs for sheet ['CS7'] :[('/CS13/CMOS', '/CS7/CMOS'), ('Net-(D1403-A)', 'Net-(D903-A)'), ('GND', 'GND'), ('Net-(R1402-Pad2)', 'Net-(R902-Pad2)'), ('COM', 'COM'), ('VCC', 'VCC'), ('/CS13/TRACK', '/CS7/TRACK'), ('Net-(D1401-K)', 'Net-(D901-K)')]
11-01 12:11:56 com_github_MitjaNemec_ReplicateLayout.replicate_layout 1054:Replicating zones on sheet ['CS8']
11-01 12:11:56 com_github_MitjaNemec_ReplicateLayout.replicate_layout 766:Net pairs for sheet ['CS8'] :[('Net-(R1402-Pad2)', 'Net-(R1002-Pad2)'), ('Net-(D1403-A)', 'Net-(D1003-A)'), ('/CS13/TRACK', '/CS8/TRACK'), ('/CS13/CMOS', '/CS8/CMOS'), ('GND', 'GND'), ('COM', 'COM'), ('VCC', 'VCC'), ('Net-(D1401-K)', 'Net-(D1001-K)')]
11-01 12:11:56 com_github_MitjaNemec_ReplicateLayout.replicate_layout 1054:Replicating zones on sheet ['CS9']
11-01 12:11:56 com_github_MitjaNemec_ReplicateLayout.replicate_layout 766:Net pairs for sheet ['CS9'] :[('/CS13/CMOS', '/CS9/CMOS'), ('GND', 'GND'), ('COM', 'COM'), ('/CS13/TRACK', '/CS9/TRACK'), ('VCC', 'VCC'), ('Net-(D1401-K)', 'Net-(D1901-K)'), ('Net-(D1403-A)', 'Net-(D1903-A)'), ('Net-(R1402-Pad2)', 'Net-(R1902-Pad2)')]
11-01 12:11:56 root 332:updating GUI message: 'Replicating text'
11-01 12:11:56 com_github_MitjaNemec_ReplicateLayout.replicate_layout 1136:Replicating text
11-01 12:11:56 com_github_MitjaNemec_ReplicateLayout.replicate_layout 1143:Replicating text on sheet ['CS1']
11-01 12:11:56 com_github_MitjaNemec_ReplicateLayout.replicate_layout 1143:Replicating text on sheet ['CS10']
11-01 12:11:56 com_github_MitjaNemec_ReplicateLayout.replicate_layout 1143:Replicating text on sheet ['CS11']
11-01 12:11:56 com_github_MitjaNemec_ReplicateLayout.replicate_layout 1143:Replicating text on sheet ['CS12']
11-01 12:11:56 com_github_MitjaNemec_ReplicateLayout.replicate_layout 1143:Replicating text on sheet ['CS14']
11-01 12:11:56 com_github_MitjaNemec_ReplicateLayout.replicate_layout 1143:Replicating text on sheet ['CS15']
11-01 12:11:56 com_github_MitjaNemec_ReplicateLayout.replicate_layout 1143:Replicating text on sheet ['CS16']
11-01 12:11:56 com_github_MitjaNemec_ReplicateLayout.replicate_layout 1143:Replicating text on sheet ['CS2']
11-01 12:11:56 com_github_MitjaNemec_ReplicateLayout.replicate_layout 1143:Replicating text on sheet ['CS3']
11-01 12:11:56 com_github_MitjaNemec_ReplicateLayout.replicate_layout 1143:Replicating text on sheet ['CS4']
11-01 12:11:56 com_github_MitjaNemec_ReplicateLayout.replicate_layout 1143:Replicating text on sheet ['CS5']
11-01 12:11:56 com_github_MitjaNemec_ReplicateLayout.replicate_layout 1143:Replicating text on sheet ['CS6']
11-01 12:11:56 com_github_MitjaNemec_ReplicateLayout.replicate_layout 1143:Replicating text on sheet ['CS7']
11-01 12:11:56 com_github_MitjaNemec_ReplicateLayout.replicate_layout 1143:Replicating text on sheet ['CS8']
11-01 12:11:56 com_github_MitjaNemec_ReplicateLayout.replicate_layout 1143:Replicating text on sheet ['CS9']
11-01 12:11:56 root 332:updating GUI message: 'Replicating drawings'
11-01 12:11:56 com_github_MitjaNemec_ReplicateLayout.replicate_layout 1187:Replicating drawings
11-01 12:11:56 com_github_MitjaNemec_ReplicateLayout.replicate_layout 1193:Replicating drawings on sheet ['CS1']
11-01 12:11:56 com_github_MitjaNemec_ReplicateLayout.replicate_layout 1193:Replicating drawings on sheet ['CS10']
11-01 12:11:56 com_github_MitjaNemec_ReplicateLayout.replicate_layout 1193:Replicating drawings on sheet ['CS11']
11-01 12:11:56 com_github_MitjaNemec_ReplicateLayout.replicate_layout 1193:Replicating drawings on sheet ['CS12']
11-01 12:11:56 com_github_MitjaNemec_ReplicateLayout.replicate_layout 1193:Replicating drawings on sheet ['CS14']
11-01 12:11:56 com_github_MitjaNemec_ReplicateLayout.replicate_layout 1193:Replicating drawings on sheet ['CS15']
11-01 12:11:56 com_github_MitjaNemec_ReplicateLayout.replicate_layout 1193:Replicating drawings on sheet ['CS16']
11-01 12:11:56 com_github_MitjaNemec_ReplicateLayout.replicate_layout 1193:Replicating drawings on sheet ['CS2']
11-01 12:11:56 com_github_MitjaNemec_ReplicateLayout.replicate_layout 1193:Replicating drawings on sheet ['CS3']
11-01 12:11:56 com_github_MitjaNemec_ReplicateLayout.replicate_layout 1193:Replicating drawings on sheet ['CS4']
11-01 12:11:56 com_github_MitjaNemec_ReplicateLayout.replicate_layout 1193:Replicating drawings on sheet ['CS5']
11-01 12:11:56 com_github_MitjaNemec_ReplicateLayout.replicate_layout 1193:Replicating drawings on sheet ['CS6']
11-01 12:11:56 com_github_MitjaNemec_ReplicateLayout.replicate_layout 1193:Replicating drawings on sheet ['CS7']
11-01 12:11:56 com_github_MitjaNemec_ReplicateLayout.replicate_layout 1193:Replicating drawings on sheet ['CS8']
11-01 12:11:56 com_github_MitjaNemec_ReplicateLayout.replicate_layout 1193:Replicating drawings on sheet ['CS9']
11-01 12:11:57 com_github_MitjaNemec_ReplicateLayout.action_replicate_layout 256:Replication complete
