01-20 21:56:10 com_github_MitjaNemec_PlaceFootprints.action_place_footprints 647:Plugin executed on: 'win32'
01-20 21:56:10 com_github_MitjaNemec_PlaceFootprints.action_place_footprints 648:Plugin executed with python version: '3.11.5 (main, Apr  9 2024, 02:53:56) [MSC v.1936 64 bit (AMD64)]'
01-20 21:56:10 com_github_MitjaNemec_PlaceFootprints.action_place_footprints 649:KiCad build version: 8.0.2
01-20 21:56:10 com_github_MitjaNemec_PlaceFootprints.action_place_footprints 650:Plugin version: 3.0.0
01-20 21:56:10 com_github_MitjaNemec_PlaceFootprints.action_place_footprints 651:Frame repr: <wx._core.Frame object at 0x0000011EAE63FD00>
01-20 21:56:10 com_github_MitjaNemec_PlaceFootprints.place_footprints 121:getting a list of all footprints on board
01-20 21:56:10 com_github_MitjaNemec_PlaceFootprints.place_footprints 156:Footprint REF** on root level
01-20 21:56:11 com_github_MitjaNemec_PlaceFootprints.action_place_footprints 86:By Sheet GUI initialized
01-20 21:56:11 com_github_MitjaNemec_PlaceFootprints.action_place_footprints 95:Selecting: 1
01-20 21:56:11 com_github_MitjaNemec_PlaceFootprints.action_place_footprints 99:Should invoke level_changed()
01-20 21:56:11 com_github_MitjaNemec_PlaceFootprints.action_place_footprints 277:Level_changed() invoked
01-20 21:56:11 com_github_MitjaNemec_PlaceFootprints.place_footprints 244:constructing a list of sheets suitable for replication on level:'relay1', file:'relay.kicad_sch'
01-20 21:56:11 com_github_MitjaNemec_PlaceFootprints.place_footprints 279:suitable sheets are:[['relay2'], ['relay3'], ['relay4']]
01-20 21:56:13 com_github_MitjaNemec_PlaceFootprints.action_place_footprints 184:Saving config sheet
01-20 21:56:13 com_github_MitjaNemec_PlaceFootprints.action_place_footprints 196:Preparing config for sheet linear
01-20 21:56:13 com_github_MitjaNemec_PlaceFootprints.action_place_footprints 216:Saving config file
01-20 21:56:13 com_github_MitjaNemec_PlaceFootprints.action_place_footprints 218:Saved the config file
01-20 21:56:13 com_github_MitjaNemec_PlaceFootprints.action_place_footprints 718:Sheets selected: [['relay2'], ['relay3'], ['relay4']]
01-20 21:56:13 com_github_MitjaNemec_PlaceFootprints.action_place_footprints 727:Footprints to place: ['J4', 'J3', 'J8', 'J11']
01-20 21:56:13 com_github_MitjaNemec_PlaceFootprints.place_footprints 367:Starting placing with linear layout
01-20 21:56:13 com_github_MitjaNemec_PlaceFootprints.action_place_footprints 772:Placing complete
01-20 21:56:13 com_github_MitjaNemec_PlaceFootprints.action_place_footprints 773:Sorted_footprints: ['J3', 'J4', 'J8', 'J11']
