10-09 11:12:49 com_github_MitjaNemec_PlaceFootprints.action_place_footprints 647:Plugin executed on: 'win32'
10-09 11:12:49 com_github_MitjaNemec_PlaceFootprints.action_place_footprints 648:Plugin executed with python version: '3.11.5 (main, Aug 14 2024, 05:26:19) [MSC v.1939 64 bit (AMD64)]'
10-09 11:12:49 com_github_MitjaNemec_PlaceFootprints.action_place_footprints 649:KiCad build version: 8.0.5
10-09 11:12:49 com_github_MitjaNemec_PlaceFootprints.action_place_footprints 650:Plugin version: 3.0.0
10-09 11:12:49 com_github_MitjaNemec_PlaceFootprints.action_place_footprints 651:Frame repr: <wx._core.Frame object at 0x00000214AB0D9A20>
10-09 11:12:49 com_github_MitjaNemec_PlaceFootprints.place_footprints 121:getting a list of all footprints on board
10-09 11:12:49 com_github_MitjaNemec_PlaceFootprints.place_footprints 156:Footprint REF** on root level
10-09 11:12:49 com_github_MitjaNemec_PlaceFootprints.place_footprints 156:Footprint REF** on root level
10-09 11:12:49 com_github_MitjaNemec_PlaceFootprints.place_footprints 156:Footprint REF** on root level
10-09 11:12:49 com_github_MitjaNemec_PlaceFootprints.place_footprints 156:Footprint J62 on root level
10-09 11:12:49 com_github_MitjaNemec_PlaceFootprints.place_footprints 156:Footprint REF** on root level
10-09 11:12:49 com_github_MitjaNemec_PlaceFootprints.place_footprints 156:Footprint G*** on root level
10-09 11:12:49 com_github_MitjaNemec_PlaceFootprints.place_footprints 156:Footprint G*** on root level
10-09 11:12:51 com_github_MitjaNemec_PlaceFootprints.action_place_footprints 86:By Sheet GUI initialized
10-09 11:12:51 com_github_MitjaNemec_PlaceFootprints.action_place_footprints 95:Selecting: 1
10-09 11:12:51 com_github_MitjaNemec_PlaceFootprints.action_place_footprints 99:Should invoke level_changed()
10-09 11:12:51 com_github_MitjaNemec_PlaceFootprints.action_place_footprints 277:Level_changed() invoked
10-09 11:12:51 com_github_MitjaNemec_PlaceFootprints.place_footprints 244:constructing a list of sheets suitable for replication on level:'mosfets1', file:'mosfets.kicad_sch'
10-09 11:12:51 com_github_MitjaNemec_PlaceFootprints.place_footprints 279:suitable sheets are:[['mosfets2'], ['mosfets3'], ['mosfets4'], ['mosfets5'], ['mosfets6'], ['mosfets7'], ['mosfets8']]
10-09 11:12:53 com_github_MitjaNemec_PlaceFootprints.action_place_footprints 184:Saving config sheet
10-09 11:12:53 com_github_MitjaNemec_PlaceFootprints.action_place_footprints 196:Preparing config for sheet linear
10-09 11:12:53 com_github_MitjaNemec_PlaceFootprints.action_place_footprints 216:Saving config file
10-09 11:12:53 com_github_MitjaNemec_PlaceFootprints.action_place_footprints 218:Saved the config file
10-09 11:12:53 com_github_MitjaNemec_PlaceFootprints.action_place_footprints 718:Sheets selected: [['mosfets2'], ['mosfets3'], ['mosfets4'], ['mosfets5'], ['mosfets6'], ['mosfets7'], ['mosfets8']]
10-09 11:12:53 com_github_MitjaNemec_PlaceFootprints.action_place_footprints 727:Footprints to place: ['J11', 'J21', 'J31', 'J41', 'J51', 'J61', 'J71', 'J81']
10-09 11:12:53 com_github_MitjaNemec_PlaceFootprints.place_footprints 367:Starting placing with linear layout
10-09 11:12:53 com_github_MitjaNemec_PlaceFootprints.action_place_footprints 772:Placing complete
10-09 11:12:53 com_github_MitjaNemec_PlaceFootprints.action_place_footprints 773:Sorted_footprints: ['J11', 'J21', 'J31', 'J41', 'J51', 'J61', 'J71', 'J81']
