09-25 23:00:52 com_github_MitjaNemec_ReplicateLayout.action_replicate_layout 392:Plugin executed on: 'win32'
09-25 23:00:52 com_github_MitjaNemec_ReplicateLayout.action_replicate_layout 393:Plugin executed with python version: '3.11.5 (main, Apr  9 2024, 02:53:56) [MSC v.1936 64 bit (AMD64)]'
09-25 23:00:52 com_github_MitjaNemec_ReplicateLayout.action_replicate_layout 394:KiCad build version: 8.0.2
09-25 23:00:52 com_github_MitjaNemec_ReplicateLayout.action_replicate_layout 395:Plugin version: 3.0.3
09-25 23:00:52 com_github_MitjaNemec_ReplicateLayout.action_replicate_layout 396:Frame repr: <wx._core.Frame object at 0x000001C11B838940>
09-25 23:00:52 com_github_MitjaNemec_ReplicateLayout.action_replicate_layout 420:Preparing replicator with K201 as a reference
09-25 23:00:52 com_github_MitjaNemec_ReplicateLayout.replicate_layout 117:getting a list of all footprints on board
09-25 23:00:52 com_github_MitjaNemec_ReplicateLayout.action_replicate_layout 468:source anchor footprint is 'K201'
Located on: ['relay1']
With filenames: ['relay.kicad_sch']
With sheet_id:['relay1']
09-25 23:00:52 com_github_MitjaNemec_ReplicateLayout.action_replicate_layout 475:Corresponding footprints are 
[('K501', ['relay4']), ('K401', ['relay3']), ('K301', ['relay2']), ('K201', ['relay1'])]
09-25 23:00:52 com_github_MitjaNemec_ReplicateLayout.action_replicate_layout 487:Showing dialog
09-25 23:00:52 com_github_MitjaNemec_ReplicateLayout.replicate_layout 472:constructing a list of sheets suitable for replication on level:'relay1', file:'relay.kicad_sch'
09-25 23:00:52 com_github_MitjaNemec_ReplicateLayout.replicate_layout 509:suitable sheets are:[['relay2'], ['relay3'], ['relay4']]
09-25 23:00:52 com_github_MitjaNemec_ReplicateLayout.replicate_layout 1507:Level selected: ['relay1']
09-25 23:00:52 com_github_MitjaNemec_ReplicateLayout.replicate_layout 1331:Filtering list of tracks
09-25 23:00:53 com_github_MitjaNemec_ReplicateLayout.action_replicate_layout 493:Toolbar position: wx.Point(1646, 77)
09-25 23:00:53 com_github_MitjaNemec_ReplicateLayout.action_replicate_layout 498:Dialog position: wx.Point(1207, 77)
09-25 23:00:54 com_github_MitjaNemec_ReplicateLayout.replicate_layout 472:constructing a list of sheets suitable for replication on level:'relay1', file:'relay.kicad_sch'
09-25 23:00:54 com_github_MitjaNemec_ReplicateLayout.replicate_layout 509:suitable sheets are:[['relay2'], ['relay3'], ['relay4']]
09-25 23:00:54 com_github_MitjaNemec_ReplicateLayout.action_replicate_layout 240:Replicating layout
09-25 23:00:54 com_github_MitjaNemec_ReplicateLayout.replicate_layout 288:Starting replication of sheets: [['relay2'], ['relay3'], ['relay4']]
on level: ['relay1']
with tracks=True, zone=True, text=True, text=True, intersecting=False, remove=False, locked footprints=False, group_only=False
09-25 23:00:54 root 332:updating GUI message: 'Preparing for replication'
09-25 23:00:54 root 337:updating GUI with: 0
09-25 23:00:54 com_github_MitjaNemec_ReplicateLayout.replicate_layout 358:Getting the list of source footprints
09-25 23:00:54 com_github_MitjaNemec_ReplicateLayout.replicate_layout 368:Getting the list of all the remaining footprints
09-25 23:00:54 com_github_MitjaNemec_ReplicateLayout.replicate_layout 375:Getting source tracks
09-25 23:00:54 com_github_MitjaNemec_ReplicateLayout.replicate_layout 1331:Filtering list of tracks
09-25 23:00:54 com_github_MitjaNemec_ReplicateLayout.replicate_layout 379:Getting source zones
09-25 23:00:54 com_github_MitjaNemec_ReplicateLayout.replicate_layout 383:Getting source text items
09-25 23:00:54 com_github_MitjaNemec_ReplicateLayout.replicate_layout 387:Getting source drawing items
09-25 23:00:54 root 332:updating GUI message: 'Replicating footprints'
09-25 23:00:54 com_github_MitjaNemec_ReplicateLayout.replicate_layout 861:Replicating footprints
09-25 23:00:54 com_github_MitjaNemec_ReplicateLayout.replicate_layout 868:Replicating footprints on sheet ['relay2']
09-25 23:00:54 com_github_MitjaNemec_ReplicateLayout.replicate_layout 985:Src text UUid:9d2ef093-b722-4c25-b88f-347fa4b9c17a
09-25 23:00:54 com_github_MitjaNemec_ReplicateLayout.replicate_layout 986:Dst text UUid:cccef73b-d0ed-49c2-a8e8-da33a4dc54c7
09-25 23:00:54 com_github_MitjaNemec_ReplicateLayout.replicate_layout 985:Src text UUid:04eb8aa1-f462-4d4f-82ff-7d367be83994
09-25 23:00:54 com_github_MitjaNemec_ReplicateLayout.replicate_layout 986:Dst text UUid:ea0bb869-afea-4d92-9a7a-f092abbc6c45
09-25 23:00:54 com_github_MitjaNemec_ReplicateLayout.replicate_layout 985:Src text UUid:af3424b2-b015-4fb6-afaa-a665f6217e1d
09-25 23:00:54 com_github_MitjaNemec_ReplicateLayout.replicate_layout 986:Dst text UUid:e13d95ec-6e09-4adb-95da-3daeb1621a86
09-25 23:00:54 com_github_MitjaNemec_ReplicateLayout.replicate_layout 985:Src text UUid:ab23c46a-453f-4401-924c-74659d5c6626
09-25 23:00:54 com_github_MitjaNemec_ReplicateLayout.replicate_layout 986:Dst text UUid:e85f4865-37be-4956-9ac7-58bc935f8123
09-25 23:00:54 com_github_MitjaNemec_ReplicateLayout.replicate_layout 985:Src text UUid:7039590a-1a4f-4a4e-9706-0f9108c89385
09-25 23:00:54 com_github_MitjaNemec_ReplicateLayout.replicate_layout 986:Dst text UUid:42244f9a-7cd6-47c5-b09d-41f6fa2a1749
09-25 23:00:54 com_github_MitjaNemec_ReplicateLayout.replicate_layout 985:Src text UUid:a269ce9b-d7ce-4a32-abc7-27eddd1c7cb4
09-25 23:00:54 com_github_MitjaNemec_ReplicateLayout.replicate_layout 986:Dst text UUid:99f17b8b-0b4d-49f9-b830-a21c44ca2746
09-25 23:00:54 com_github_MitjaNemec_ReplicateLayout.replicate_layout 985:Src text UUid:075a7c19-2add-473b-a56e-fd63b35c2fa8
09-25 23:00:54 com_github_MitjaNemec_ReplicateLayout.replicate_layout 986:Dst text UUid:b1741cea-a21e-4457-ae53-610ae319d4a5
09-25 23:00:54 com_github_MitjaNemec_ReplicateLayout.replicate_layout 985:Src text UUid:be26db96-95c5-41da-b836-3f1be7ae7410
09-25 23:00:54 com_github_MitjaNemec_ReplicateLayout.replicate_layout 986:Dst text UUid:a7ec43bb-aea6-4f18-a5d6-8d64e6cac400
09-25 23:00:54 com_github_MitjaNemec_ReplicateLayout.replicate_layout 985:Src text UUid:ef6a0597-bb96-4e16-b15c-74071720e613
09-25 23:00:54 com_github_MitjaNemec_ReplicateLayout.replicate_layout 986:Dst text UUid:29f49eea-2725-42bf-a612-e50cecfa750f
09-25 23:00:54 com_github_MitjaNemec_ReplicateLayout.replicate_layout 985:Src text UUid:e472a595-eede-4c22-82e4-106b58a8d597
09-25 23:00:54 com_github_MitjaNemec_ReplicateLayout.replicate_layout 986:Dst text UUid:f0f3b70e-b82c-41ba-a3e4-0b903d884f6e
09-25 23:00:54 com_github_MitjaNemec_ReplicateLayout.replicate_layout 985:Src text UUid:bce38ce9-5b6d-4e61-b1a2-2d5243148753
09-25 23:00:54 com_github_MitjaNemec_ReplicateLayout.replicate_layout 986:Dst text UUid:9ea9df51-ae44-4cdf-ac07-6760159eada3
09-25 23:00:54 com_github_MitjaNemec_ReplicateLayout.replicate_layout 985:Src text UUid:6a250161-b955-4dd7-80b4-ba04cf447ac5
09-25 23:00:54 com_github_MitjaNemec_ReplicateLayout.replicate_layout 986:Dst text UUid:feb4db30-68d4-42db-8f4b-dca65143bd52
09-25 23:00:54 root 337:updating GUI with: 23
09-25 23:00:54 com_github_MitjaNemec_ReplicateLayout.replicate_layout 985:Src text UUid:0715a6be-4e80-48a4-babf-276de79ca129
09-25 23:00:54 com_github_MitjaNemec_ReplicateLayout.replicate_layout 986:Dst text UUid:f7129011-8578-4848-b39c-5aee86c75a8d
09-25 23:00:54 com_github_MitjaNemec_ReplicateLayout.replicate_layout 985:Src text UUid:e750b4b1-18fa-4d60-b164-510eb66f415c
09-25 23:00:54 com_github_MitjaNemec_ReplicateLayout.replicate_layout 986:Dst text UUid:2f7c89c9-dcf9-4093-ab69-ea516ecdb141
09-25 23:00:54 com_github_MitjaNemec_ReplicateLayout.replicate_layout 985:Src text UUid:49c78f60-37a7-4a6e-a663-bf81dc00e262
09-25 23:00:54 com_github_MitjaNemec_ReplicateLayout.replicate_layout 986:Dst text UUid:f341fd19-971a-4b20-aa86-f0fac8f30a35
09-25 23:00:54 com_github_MitjaNemec_ReplicateLayout.replicate_layout 985:Src text UUid:0c9ce1d2-f9cb-4d15-87a8-48088b0cee3d
09-25 23:00:54 com_github_MitjaNemec_ReplicateLayout.replicate_layout 986:Dst text UUid:80e99b49-f52a-4762-91ce-b606fc920c8f
09-25 23:00:54 com_github_MitjaNemec_ReplicateLayout.replicate_layout 985:Src text UUid:611e6fa2-cd68-4b48-965d-3be2223be324
09-25 23:00:54 com_github_MitjaNemec_ReplicateLayout.replicate_layout 986:Dst text UUid:ca388e0a-c15d-4d45-a3ef-0e3f8da75283
09-25 23:00:54 com_github_MitjaNemec_ReplicateLayout.replicate_layout 985:Src text UUid:089a3438-0a57-48de-a01e-69aa47609c11
09-25 23:00:54 com_github_MitjaNemec_ReplicateLayout.replicate_layout 986:Dst text UUid:78f3d355-4d60-4713-88bf-370327d57d22
09-25 23:00:54 com_github_MitjaNemec_ReplicateLayout.replicate_layout 985:Src text UUid:ba318806-faac-44d5-ac89-f53018699aa3
09-25 23:00:54 com_github_MitjaNemec_ReplicateLayout.replicate_layout 986:Dst text UUid:53ef19f5-c04e-4ed1-8cb4-00a78d5e4ce5
09-25 23:00:54 com_github_MitjaNemec_ReplicateLayout.replicate_layout 985:Src text UUid:6a313e9f-bb3b-4117-8145-0f4265b38c42
09-25 23:00:54 com_github_MitjaNemec_ReplicateLayout.replicate_layout 986:Dst text UUid:9190380a-7180-48be-a44d-baa2c2fe6c7b
09-25 23:00:54 com_github_MitjaNemec_ReplicateLayout.replicate_layout 985:Src text UUid:1c25fa30-efec-4ae7-8b18-6c5f5d45a7dd
09-25 23:00:54 com_github_MitjaNemec_ReplicateLayout.replicate_layout 986:Dst text UUid:7aaa55a1-1145-4dba-bcce-f6c766bae1b3
09-25 23:00:54 com_github_MitjaNemec_ReplicateLayout.replicate_layout 868:Replicating footprints on sheet ['relay3']
09-25 23:00:54 com_github_MitjaNemec_ReplicateLayout.replicate_layout 985:Src text UUid:9d2ef093-b722-4c25-b88f-347fa4b9c17a
09-25 23:00:54 com_github_MitjaNemec_ReplicateLayout.replicate_layout 986:Dst text UUid:c00647f2-570e-4c2f-a4b5-b78f3061595d
09-25 23:00:54 com_github_MitjaNemec_ReplicateLayout.replicate_layout 985:Src text UUid:04eb8aa1-f462-4d4f-82ff-7d367be83994
09-25 23:00:54 com_github_MitjaNemec_ReplicateLayout.replicate_layout 986:Dst text UUid:0e8d531d-ac6b-4b14-9acc-b75ef706a05d
09-25 23:00:54 com_github_MitjaNemec_ReplicateLayout.replicate_layout 985:Src text UUid:af3424b2-b015-4fb6-afaa-a665f6217e1d
09-25 23:00:54 com_github_MitjaNemec_ReplicateLayout.replicate_layout 986:Dst text UUid:cbc1eceb-f9e2-40a9-bc65-8a037e578dc3
09-25 23:00:54 com_github_MitjaNemec_ReplicateLayout.replicate_layout 985:Src text UUid:ab23c46a-453f-4401-924c-74659d5c6626
09-25 23:00:54 com_github_MitjaNemec_ReplicateLayout.replicate_layout 986:Dst text UUid:93a1fa7f-83a0-4dde-b32f-f4ccd9cdb2b7
09-25 23:00:54 com_github_MitjaNemec_ReplicateLayout.replicate_layout 985:Src text UUid:7039590a-1a4f-4a4e-9706-0f9108c89385
09-25 23:00:54 com_github_MitjaNemec_ReplicateLayout.replicate_layout 986:Dst text UUid:9e4f3d0e-b2e8-4d83-9049-a5c6f0651ed4
09-25 23:00:54 com_github_MitjaNemec_ReplicateLayout.replicate_layout 985:Src text UUid:a269ce9b-d7ce-4a32-abc7-27eddd1c7cb4
09-25 23:00:54 com_github_MitjaNemec_ReplicateLayout.replicate_layout 986:Dst text UUid:b903dc11-e7c3-4f76-918e-c85c2788bcbc
09-25 23:00:54 com_github_MitjaNemec_ReplicateLayout.replicate_layout 985:Src text UUid:075a7c19-2add-473b-a56e-fd63b35c2fa8
09-25 23:00:54 com_github_MitjaNemec_ReplicateLayout.replicate_layout 986:Dst text UUid:b19ef4fd-ba0e-4419-bdeb-9429178b6403
09-25 23:00:54 com_github_MitjaNemec_ReplicateLayout.replicate_layout 985:Src text UUid:be26db96-95c5-41da-b836-3f1be7ae7410
09-25 23:00:54 com_github_MitjaNemec_ReplicateLayout.replicate_layout 986:Dst text UUid:2b5703a6-2e33-44db-a7cc-951403bd2db0
09-25 23:00:54 com_github_MitjaNemec_ReplicateLayout.replicate_layout 985:Src text UUid:ef6a0597-bb96-4e16-b15c-74071720e613
09-25 23:00:54 com_github_MitjaNemec_ReplicateLayout.replicate_layout 986:Dst text UUid:3e113ee3-e862-468f-a3aa-651f3e9cc926
09-25 23:00:54 com_github_MitjaNemec_ReplicateLayout.replicate_layout 985:Src text UUid:e472a595-eede-4c22-82e4-106b58a8d597
09-25 23:00:54 com_github_MitjaNemec_ReplicateLayout.replicate_layout 986:Dst text UUid:c32fec42-89bc-46c8-a71f-e91dc55c6d11
09-25 23:00:54 com_github_MitjaNemec_ReplicateLayout.replicate_layout 985:Src text UUid:bce38ce9-5b6d-4e61-b1a2-2d5243148753
09-25 23:00:54 com_github_MitjaNemec_ReplicateLayout.replicate_layout 986:Dst text UUid:3bea7c27-3f6d-441d-8290-17f560750551
09-25 23:00:54 com_github_MitjaNemec_ReplicateLayout.replicate_layout 985:Src text UUid:6a250161-b955-4dd7-80b4-ba04cf447ac5
09-25 23:00:54 com_github_MitjaNemec_ReplicateLayout.replicate_layout 986:Dst text UUid:cbef7c70-7fd5-4b41-8922-935ff5e58ea8
09-25 23:00:54 com_github_MitjaNemec_ReplicateLayout.replicate_layout 985:Src text UUid:0715a6be-4e80-48a4-babf-276de79ca129
09-25 23:00:54 com_github_MitjaNemec_ReplicateLayout.replicate_layout 986:Dst text UUid:2eba3ee8-fbae-4a0f-9425-9ca56a4af6c0
09-25 23:00:54 com_github_MitjaNemec_ReplicateLayout.replicate_layout 985:Src text UUid:e750b4b1-18fa-4d60-b164-510eb66f415c
09-25 23:00:54 com_github_MitjaNemec_ReplicateLayout.replicate_layout 986:Dst text UUid:8168ca64-80a6-4270-a51a-6ef453240a60
09-25 23:00:54 com_github_MitjaNemec_ReplicateLayout.replicate_layout 985:Src text UUid:49c78f60-37a7-4a6e-a663-bf81dc00e262
09-25 23:00:54 com_github_MitjaNemec_ReplicateLayout.replicate_layout 986:Dst text UUid:c028b861-08bf-4758-93f5-e05b7a194e43
09-25 23:00:54 com_github_MitjaNemec_ReplicateLayout.replicate_layout 985:Src text UUid:0c9ce1d2-f9cb-4d15-87a8-48088b0cee3d
09-25 23:00:54 com_github_MitjaNemec_ReplicateLayout.replicate_layout 986:Dst text UUid:2c352613-6d55-4b50-8fc7-8641408b2e61
09-25 23:00:54 com_github_MitjaNemec_ReplicateLayout.replicate_layout 985:Src text UUid:611e6fa2-cd68-4b48-965d-3be2223be324
09-25 23:00:54 com_github_MitjaNemec_ReplicateLayout.replicate_layout 986:Dst text UUid:6edc7e73-b166-4f59-881e-f44787f39394
09-25 23:00:54 com_github_MitjaNemec_ReplicateLayout.replicate_layout 985:Src text UUid:089a3438-0a57-48de-a01e-69aa47609c11
09-25 23:00:54 com_github_MitjaNemec_ReplicateLayout.replicate_layout 986:Dst text UUid:7b27e097-204a-4d4a-80ce-14c255a7ea46
09-25 23:00:54 com_github_MitjaNemec_ReplicateLayout.replicate_layout 985:Src text UUid:ba318806-faac-44d5-ac89-f53018699aa3
09-25 23:00:54 com_github_MitjaNemec_ReplicateLayout.replicate_layout 986:Dst text UUid:6d713998-b47b-410b-8a47-5d9307726b17
09-25 23:00:54 com_github_MitjaNemec_ReplicateLayout.replicate_layout 985:Src text UUid:6a313e9f-bb3b-4117-8145-0f4265b38c42
09-25 23:00:54 com_github_MitjaNemec_ReplicateLayout.replicate_layout 986:Dst text UUid:057c3d1d-9202-48c8-b97a-fcaba03382a9
09-25 23:00:54 com_github_MitjaNemec_ReplicateLayout.replicate_layout 985:Src text UUid:1c25fa30-efec-4ae7-8b18-6c5f5d45a7dd
09-25 23:00:54 com_github_MitjaNemec_ReplicateLayout.replicate_layout 986:Dst text UUid:8f8c4975-ab96-45ac-a911-f71a747fea97
09-25 23:00:54 com_github_MitjaNemec_ReplicateLayout.replicate_layout 868:Replicating footprints on sheet ['relay4']
09-25 23:00:54 com_github_MitjaNemec_ReplicateLayout.replicate_layout 985:Src text UUid:9d2ef093-b722-4c25-b88f-347fa4b9c17a
09-25 23:00:54 com_github_MitjaNemec_ReplicateLayout.replicate_layout 986:Dst text UUid:1cf3cc73-0f21-41c5-bb2a-b17dd87d3323
09-25 23:00:54 com_github_MitjaNemec_ReplicateLayout.replicate_layout 985:Src text UUid:04eb8aa1-f462-4d4f-82ff-7d367be83994
09-25 23:00:54 com_github_MitjaNemec_ReplicateLayout.replicate_layout 986:Dst text UUid:e801de8f-da18-49dc-9c9b-132c045aee7d
09-25 23:00:54 com_github_MitjaNemec_ReplicateLayout.replicate_layout 985:Src text UUid:af3424b2-b015-4fb6-afaa-a665f6217e1d
09-25 23:00:54 com_github_MitjaNemec_ReplicateLayout.replicate_layout 986:Dst text UUid:e7ce157c-2a8a-4e46-a810-10636320f253
09-25 23:00:54 com_github_MitjaNemec_ReplicateLayout.replicate_layout 985:Src text UUid:ab23c46a-453f-4401-924c-74659d5c6626
09-25 23:00:54 com_github_MitjaNemec_ReplicateLayout.replicate_layout 986:Dst text UUid:a6b4b8f8-a944-498e-b0fa-bc9ceaf12f87
09-25 23:00:54 com_github_MitjaNemec_ReplicateLayout.replicate_layout 985:Src text UUid:7039590a-1a4f-4a4e-9706-0f9108c89385
09-25 23:00:54 com_github_MitjaNemec_ReplicateLayout.replicate_layout 986:Dst text UUid:01fe32f5-e122-4c79-9912-8ffc88f970f7
09-25 23:00:54 com_github_MitjaNemec_ReplicateLayout.replicate_layout 985:Src text UUid:a269ce9b-d7ce-4a32-abc7-27eddd1c7cb4
09-25 23:00:54 com_github_MitjaNemec_ReplicateLayout.replicate_layout 986:Dst text UUid:1c8d93b1-d9ac-456b-85f5-a3cce3b0de7c
09-25 23:00:54 com_github_MitjaNemec_ReplicateLayout.replicate_layout 985:Src text UUid:075a7c19-2add-473b-a56e-fd63b35c2fa8
09-25 23:00:54 com_github_MitjaNemec_ReplicateLayout.replicate_layout 986:Dst text UUid:efa8803c-7fa5-4ae0-8811-037d4063bc67
09-25 23:00:54 com_github_MitjaNemec_ReplicateLayout.replicate_layout 985:Src text UUid:be26db96-95c5-41da-b836-3f1be7ae7410
09-25 23:00:54 com_github_MitjaNemec_ReplicateLayout.replicate_layout 986:Dst text UUid:69eb4d28-9191-4125-8c34-c888e0e60065
09-25 23:00:54 com_github_MitjaNemec_ReplicateLayout.replicate_layout 985:Src text UUid:ef6a0597-bb96-4e16-b15c-74071720e613
09-25 23:00:54 com_github_MitjaNemec_ReplicateLayout.replicate_layout 986:Dst text UUid:361c67dc-6f6e-40a9-86e4-575a0a7e2182
09-25 23:00:54 com_github_MitjaNemec_ReplicateLayout.replicate_layout 985:Src text UUid:e472a595-eede-4c22-82e4-106b58a8d597
09-25 23:00:54 com_github_MitjaNemec_ReplicateLayout.replicate_layout 986:Dst text UUid:445f8d15-efe2-4827-8a60-299571ed0976
09-25 23:00:54 com_github_MitjaNemec_ReplicateLayout.replicate_layout 985:Src text UUid:bce38ce9-5b6d-4e61-b1a2-2d5243148753
09-25 23:00:54 com_github_MitjaNemec_ReplicateLayout.replicate_layout 986:Dst text UUid:08fde29e-0d0a-4824-b622-6cf28e41a577
09-25 23:00:54 com_github_MitjaNemec_ReplicateLayout.replicate_layout 985:Src text UUid:6a250161-b955-4dd7-80b4-ba04cf447ac5
09-25 23:00:54 com_github_MitjaNemec_ReplicateLayout.replicate_layout 986:Dst text UUid:174223f4-3a9c-421a-9d54-133f31af18b3
09-25 23:00:54 com_github_MitjaNemec_ReplicateLayout.replicate_layout 985:Src text UUid:0715a6be-4e80-48a4-babf-276de79ca129
09-25 23:00:54 com_github_MitjaNemec_ReplicateLayout.replicate_layout 986:Dst text UUid:ffca028a-05b1-45a3-bfc6-e698b806bb0d
09-25 23:00:54 com_github_MitjaNemec_ReplicateLayout.replicate_layout 985:Src text UUid:e750b4b1-18fa-4d60-b164-510eb66f415c
09-25 23:00:54 com_github_MitjaNemec_ReplicateLayout.replicate_layout 986:Dst text UUid:b98e30d9-7071-4e18-8f63-1a85b38ebdab
09-25 23:00:54 com_github_MitjaNemec_ReplicateLayout.replicate_layout 985:Src text UUid:49c78f60-37a7-4a6e-a663-bf81dc00e262
09-25 23:00:54 com_github_MitjaNemec_ReplicateLayout.replicate_layout 986:Dst text UUid:4e2a80fb-3b62-4ae0-a659-b46af9a027fa
09-25 23:00:54 com_github_MitjaNemec_ReplicateLayout.replicate_layout 985:Src text UUid:0c9ce1d2-f9cb-4d15-87a8-48088b0cee3d
09-25 23:00:54 com_github_MitjaNemec_ReplicateLayout.replicate_layout 986:Dst text UUid:dcc41c40-60f0-4b7d-99d1-86463edf1497
09-25 23:00:54 com_github_MitjaNemec_ReplicateLayout.replicate_layout 985:Src text UUid:611e6fa2-cd68-4b48-965d-3be2223be324
09-25 23:00:54 com_github_MitjaNemec_ReplicateLayout.replicate_layout 986:Dst text UUid:986c6868-e626-40f0-bc89-511da3adece9
09-25 23:00:54 com_github_MitjaNemec_ReplicateLayout.replicate_layout 985:Src text UUid:089a3438-0a57-48de-a01e-69aa47609c11
09-25 23:00:54 com_github_MitjaNemec_ReplicateLayout.replicate_layout 986:Dst text UUid:cc0748ed-2d0e-412a-b4e1-db256ce78a68
09-25 23:00:54 com_github_MitjaNemec_ReplicateLayout.replicate_layout 985:Src text UUid:ba318806-faac-44d5-ac89-f53018699aa3
09-25 23:00:54 com_github_MitjaNemec_ReplicateLayout.replicate_layout 986:Dst text UUid:b9da8745-d9f0-4f3e-bb43-ec69d9b99785
09-25 23:00:54 com_github_MitjaNemec_ReplicateLayout.replicate_layout 985:Src text UUid:6a313e9f-bb3b-4117-8145-0f4265b38c42
09-25 23:00:54 com_github_MitjaNemec_ReplicateLayout.replicate_layout 986:Dst text UUid:82d55d27-76e7-41db-81eb-71291c0b43a5
09-25 23:00:54 com_github_MitjaNemec_ReplicateLayout.replicate_layout 985:Src text UUid:1c25fa30-efec-4ae7-8b18-6c5f5d45a7dd
09-25 23:00:54 com_github_MitjaNemec_ReplicateLayout.replicate_layout 986:Dst text UUid:e7c2e450-94f4-44e2-9a39-c5833921825b
09-25 23:00:54 root 332:updating GUI message: 'Replicating tracks'
09-25 23:00:54 com_github_MitjaNemec_ReplicateLayout.replicate_layout 1009:Replicating tracks
09-25 23:00:54 com_github_MitjaNemec_ReplicateLayout.replicate_layout 1015:Replicating tracks on sheet ['relay2']
09-25 23:00:54 com_github_MitjaNemec_ReplicateLayout.replicate_layout 792:Net pairs for sheet ['relay2'] :[('Net-(J201-Pin_1)', 'Net-(J301-Pin_1)'), ('Net-(J201-Pin_2)', 'Net-(J301-Pin_2)'), ('Net-(J203-Pin_2)', 'Net-(J302-Pin_2)'), ('Net-(J203-Pin_1)', 'Net-(J302-Pin_1)'), ('Net-(J201-Pin_3)', 'Net-(J301-Pin_3)'), ('Net-(D202-A)', 'Net-(D302-A)'), ('/MCU/coil1', '/MCU/coil2'), ('Net-(D202-K)', 'Net-(D302-K)'), ('GND', 'GND'), ('Net-(J203-Pin_3)', 'Net-(J302-Pin_3)'), ('Net-(Q201-B)', 'Net-(Q301-B)'), ('VCC', 'VCC')]
09-25 23:00:54 root 337:updating GUI with: 6
09-25 23:00:54 com_github_MitjaNemec_ReplicateLayout.replicate_layout 1015:Replicating tracks on sheet ['relay3']
09-25 23:00:54 com_github_MitjaNemec_ReplicateLayout.replicate_layout 792:Net pairs for sheet ['relay3'] :[('/MCU/coil1', '/MCU/coil3'), ('Net-(J203-Pin_1)', 'Net-(J402-Pin_1)'), ('Net-(J201-Pin_3)', 'Net-(J401-Pin_3)'), ('Net-(J203-Pin_2)', 'Net-(J402-Pin_2)'), ('Net-(J203-Pin_3)', 'Net-(J402-Pin_3)'), ('Net-(J201-Pin_1)', 'Net-(J401-Pin_1)'), ('Net-(Q201-B)', 'Net-(Q401-B)'), ('Net-(J201-Pin_2)', 'Net-(J401-Pin_2)'), ('Net-(D202-K)', 'Net-(D401-K)'), ('GND', 'GND'), ('Net-(D202-A)', 'Net-(D401-A)'), ('VCC', 'VCC')]
09-25 23:00:54 com_github_MitjaNemec_ReplicateLayout.replicate_layout 1015:Replicating tracks on sheet ['relay4']
09-25 23:00:54 com_github_MitjaNemec_ReplicateLayout.replicate_layout 792:Net pairs for sheet ['relay4'] :[('Net-(D202-A)', 'Net-(D501-A)'), ('/MCU/coil1', '/MCU/coil4'), ('Net-(Q201-B)', 'Net-(Q501-B)'), ('Net-(J203-Pin_2)', 'Net-(J502-Pin_2)'), ('Net-(J201-Pin_3)', 'Net-(J501-Pin_3)'), ('Net-(J201-Pin_2)', 'Net-(J501-Pin_2)'), ('Net-(J203-Pin_3)', 'Net-(J502-Pin_3)'), ('Net-(J201-Pin_1)', 'Net-(J501-Pin_1)'), ('Net-(D202-K)', 'Net-(D501-K)'), ('Net-(J203-Pin_1)', 'Net-(J502-Pin_1)'), ('GND', 'GND'), ('VCC', 'VCC')]
09-25 23:00:54 root 332:updating GUI message: 'Replicating zones'
09-25 23:00:54 com_github_MitjaNemec_ReplicateLayout.replicate_layout 1079:Replicating zones
09-25 23:00:54 com_github_MitjaNemec_ReplicateLayout.replicate_layout 1086:Replicating zones on sheet ['relay2']
09-25 23:00:54 com_github_MitjaNemec_ReplicateLayout.replicate_layout 792:Net pairs for sheet ['relay2'] :[('Net-(J201-Pin_1)', 'Net-(J301-Pin_1)'), ('Net-(J201-Pin_2)', 'Net-(J301-Pin_2)'), ('Net-(J203-Pin_2)', 'Net-(J302-Pin_2)'), ('Net-(J203-Pin_1)', 'Net-(J302-Pin_1)'), ('Net-(J201-Pin_3)', 'Net-(J301-Pin_3)'), ('Net-(D202-A)', 'Net-(D302-A)'), ('/MCU/coil1', '/MCU/coil2'), ('Net-(D202-K)', 'Net-(D302-K)'), ('GND', 'GND'), ('Net-(J203-Pin_3)', 'Net-(J302-Pin_3)'), ('Net-(Q201-B)', 'Net-(Q301-B)'), ('VCC', 'VCC')]
09-25 23:00:54 com_github_MitjaNemec_ReplicateLayout.replicate_layout 1086:Replicating zones on sheet ['relay3']
09-25 23:00:54 com_github_MitjaNemec_ReplicateLayout.replicate_layout 792:Net pairs for sheet ['relay3'] :[('/MCU/coil1', '/MCU/coil3'), ('Net-(J203-Pin_1)', 'Net-(J402-Pin_1)'), ('Net-(J201-Pin_3)', 'Net-(J401-Pin_3)'), ('Net-(J203-Pin_2)', 'Net-(J402-Pin_2)'), ('Net-(J203-Pin_3)', 'Net-(J402-Pin_3)'), ('Net-(J201-Pin_1)', 'Net-(J401-Pin_1)'), ('Net-(Q201-B)', 'Net-(Q401-B)'), ('Net-(J201-Pin_2)', 'Net-(J401-Pin_2)'), ('Net-(D202-K)', 'Net-(D401-K)'), ('GND', 'GND'), ('Net-(D202-A)', 'Net-(D401-A)'), ('VCC', 'VCC')]
09-25 23:00:54 com_github_MitjaNemec_ReplicateLayout.replicate_layout 1086:Replicating zones on sheet ['relay4']
09-25 23:00:54 com_github_MitjaNemec_ReplicateLayout.replicate_layout 792:Net pairs for sheet ['relay4'] :[('Net-(D202-A)', 'Net-(D501-A)'), ('/MCU/coil1', '/MCU/coil4'), ('Net-(Q201-B)', 'Net-(Q501-B)'), ('Net-(J203-Pin_2)', 'Net-(J502-Pin_2)'), ('Net-(J201-Pin_3)', 'Net-(J501-Pin_3)'), ('Net-(J201-Pin_2)', 'Net-(J501-Pin_2)'), ('Net-(J203-Pin_3)', 'Net-(J502-Pin_3)'), ('Net-(J201-Pin_1)', 'Net-(J501-Pin_1)'), ('Net-(D202-K)', 'Net-(D501-K)'), ('Net-(J203-Pin_1)', 'Net-(J502-Pin_1)'), ('GND', 'GND'), ('VCC', 'VCC')]
09-25 23:00:54 root 332:updating GUI message: 'Replicating text'
09-25 23:00:54 com_github_MitjaNemec_ReplicateLayout.replicate_layout 1168:Replicating text
09-25 23:00:54 com_github_MitjaNemec_ReplicateLayout.replicate_layout 1175:Replicating text on sheet ['relay2']
09-25 23:00:54 com_github_MitjaNemec_ReplicateLayout.replicate_layout 1175:Replicating text on sheet ['relay3']
09-25 23:00:54 com_github_MitjaNemec_ReplicateLayout.replicate_layout 1175:Replicating text on sheet ['relay4']
09-25 23:00:54 root 332:updating GUI message: 'Replicating drawings'
09-25 23:00:54 com_github_MitjaNemec_ReplicateLayout.replicate_layout 1219:Replicating drawings
09-25 23:00:54 com_github_MitjaNemec_ReplicateLayout.replicate_layout 1225:Replicating drawings on sheet ['relay2']
09-25 23:00:54 com_github_MitjaNemec_ReplicateLayout.replicate_layout 1225:Replicating drawings on sheet ['relay3']
09-25 23:00:54 com_github_MitjaNemec_ReplicateLayout.replicate_layout 1225:Replicating drawings on sheet ['relay4']
09-25 23:00:54 com_github_MitjaNemec_ReplicateLayout.action_replicate_layout 256:Replication complete
