01-23 23:35:14 com_github_MitjaNemec_PlaceFootprints.action_place_footprints 647:Plugin executed on: 'win32'
01-23 23:35:14 com_github_MitjaNemec_PlaceFootprints.action_place_footprints 648:Plugin executed with python version: '3.11.5 (main, Apr  9 2024, 02:53:56) [MSC v.1936 64 bit (AMD64)]'
01-23 23:35:14 com_github_MitjaNemec_PlaceFootprints.action_place_footprints 649:KiCad build version: 8.0.2
01-23 23:35:14 com_github_MitjaNemec_PlaceFootprints.action_place_footprints 650:Plugin version: 3.0.0
01-23 23:35:14 com_github_MitjaNemec_PlaceFootprints.action_place_footprints 651:Frame repr: <wx._core.Frame object at 0x000001F80AC70550>
01-23 23:35:14 com_github_MitjaNemec_PlaceFootprints.place_footprints 121:getting a list of all footprints on board
01-23 23:35:14 com_github_MitjaNemec_PlaceFootprints.place_footprints 156:Footprint U101 on root level
01-23 23:35:14 com_github_MitjaNemec_PlaceFootprints.place_footprints 156:Footprint R103 on root level
01-23 23:35:14 com_github_MitjaNemec_PlaceFootprints.place_footprints 156:Footprint R102 on root level
01-23 23:35:14 com_github_MitjaNemec_PlaceFootprints.place_footprints 156:Footprint R101 on root level
01-23 23:35:14 com_github_MitjaNemec_PlaceFootprints.place_footprints 156:Footprint JP103 on root level
01-23 23:35:14 com_github_MitjaNemec_PlaceFootprints.place_footprints 156:Footprint JP102 on root level
01-23 23:35:14 com_github_MitjaNemec_PlaceFootprints.place_footprints 156:Footprint JP101 on root level
01-23 23:35:14 com_github_MitjaNemec_PlaceFootprints.place_footprints 156:Footprint J102 on root level
01-23 23:35:14 com_github_MitjaNemec_PlaceFootprints.place_footprints 156:Footprint J101 on root level
01-23 23:35:14 com_github_MitjaNemec_PlaceFootprints.place_footprints 156:Footprint C101 on root level
01-23 23:35:15 com_github_MitjaNemec_PlaceFootprints.action_place_footprints 86:By Sheet GUI initialized
01-23 23:35:15 com_github_MitjaNemec_PlaceFootprints.action_place_footprints 95:Selecting: 1
01-23 23:35:15 com_github_MitjaNemec_PlaceFootprints.action_place_footprints 99:Should invoke level_changed()
01-23 23:35:15 com_github_MitjaNemec_PlaceFootprints.action_place_footprints 277:Level_changed() invoked
01-23 23:35:15 com_github_MitjaNemec_PlaceFootprints.place_footprints 244:constructing a list of sheets suitable for replication on level:'switch8', file:'switch.kicad_sch'
01-23 23:35:15 com_github_MitjaNemec_PlaceFootprints.place_footprints 279:suitable sheets are:[['switch1'], ['switch2'], ['switch3'], ['switch4'], ['switch5'], ['switch6'], ['switch7']]
01-23 23:35:23 com_github_MitjaNemec_PlaceFootprints.action_place_footprints 184:Saving config sheet
01-23 23:35:23 com_github_MitjaNemec_PlaceFootprints.action_place_footprints 209:Preparing config for sheet matrix
01-23 23:35:23 com_github_MitjaNemec_PlaceFootprints.action_place_footprints 216:Saving config file
01-23 23:35:23 com_github_MitjaNemec_PlaceFootprints.action_place_footprints 218:Saved the config file
01-23 23:35:23 com_github_MitjaNemec_PlaceFootprints.action_place_footprints 718:Sheets selected: [['switch1'], ['switch2'], ['switch3'], ['switch4'], ['switch5'], ['switch6'], ['switch7']]
01-23 23:35:23 com_github_MitjaNemec_PlaceFootprints.action_place_footprints 727:Footprints to place: ['SW901', 'SW201', 'SW301', 'SW401', 'SW501', 'SW601', 'SW701', 'SW801']
01-23 23:35:23 com_github_MitjaNemec_PlaceFootprints.place_footprints 398:Starting placing with matrix layout
01-23 23:35:23 com_github_MitjaNemec_PlaceFootprints.action_place_footprints 800:Placing complete
