01-23 23:37:16 com_github_MitjaNemec_ReplicateLayout.action_replicate_layout 392:Plugin executed on: 'win32'
01-23 23:37:16 com_github_MitjaNemec_ReplicateLayout.action_replicate_layout 393:Plugin executed with python version: '3.11.5 (main, Apr  9 2024, 02:53:56) [MSC v.1936 64 bit (AMD64)]'
01-23 23:37:16 com_github_MitjaNemec_ReplicateLayout.action_replicate_layout 394:KiCad build version: 8.0.2
01-23 23:37:16 com_github_MitjaNemec_ReplicateLayout.action_replicate_layout 395:Plugin version: 3.0.3
01-23 23:37:16 com_github_MitjaNemec_ReplicateLayout.action_replicate_layout 396:Frame repr: <wx._core.Frame object at 0x000001F80AC70550>
01-23 23:37:16 com_github_MitjaNemec_ReplicateLayout.action_replicate_layout 420:Preparing replicator with SW901 as a reference
01-23 23:37:16 com_github_MitjaNemec_ReplicateLayout.replicate_layout 117:getting a list of all footprints on board
01-23 23:37:16 com_github_MitjaNemec_ReplicateLayout.action_replicate_layout 468:source anchor footprint is 'SW901'
Located on: ['switch8']
With filenames: ['switch.kicad_sch']
With sheet_id:['switch8']
01-23 23:37:16 com_github_MitjaNemec_ReplicateLayout.action_replicate_layout 475:Corresponding footprints are 
[('SW901', ['switch8']), ('SW801', ['switch7']), ('SW701', ['switch6']), ('SW601', ['switch5']), ('SW501', ['switch4']), ('SW401', ['switch3']), ('SW301', ['switch2']), ('SW201', ['switch1'])]
01-23 23:37:16 com_github_MitjaNemec_ReplicateLayout.action_replicate_layout 487:Showing dialog
01-23 23:37:16 com_github_MitjaNemec_ReplicateLayout.replicate_layout 472:constructing a list of sheets suitable for replication on level:'switch8', file:'switch.kicad_sch'
01-23 23:37:16 com_github_MitjaNemec_ReplicateLayout.replicate_layout 509:suitable sheets are:[['switch1'], ['switch2'], ['switch3'], ['switch4'], ['switch5'], ['switch6'], ['switch7']]
01-23 23:37:16 com_github_MitjaNemec_ReplicateLayout.replicate_layout 1507:Level selected: ['switch8']
01-23 23:37:16 com_github_MitjaNemec_ReplicateLayout.replicate_layout 1331:Filtering list of tracks
01-23 23:37:16 com_github_MitjaNemec_ReplicateLayout.action_replicate_layout 493:Toolbar position: wx.Point(1646, 77)
01-23 23:37:16 com_github_MitjaNemec_ReplicateLayout.action_replicate_layout 498:Dialog position: wx.Point(1207, 77)
01-23 23:37:19 com_github_MitjaNemec_ReplicateLayout.replicate_layout 472:constructing a list of sheets suitable for replication on level:'switch8', file:'switch.kicad_sch'
01-23 23:37:19 com_github_MitjaNemec_ReplicateLayout.replicate_layout 509:suitable sheets are:[['switch1'], ['switch2'], ['switch3'], ['switch4'], ['switch5'], ['switch6'], ['switch7']]
01-23 23:37:19 com_github_MitjaNemec_ReplicateLayout.action_replicate_layout 240:Replicating layout
01-23 23:37:19 com_github_MitjaNemec_ReplicateLayout.replicate_layout 288:Starting replication of sheets: [['switch1'], ['switch2'], ['switch3'], ['switch4'], ['switch5'], ['switch6'], ['switch7']]
on level: ['switch8']
with tracks=True, zone=True, text=True, text=True, intersecting=False, remove=False, locked footprints=False, group_only=False
01-23 23:37:19 root 332:updating GUI message: 'Preparing for replication'
01-23 23:37:19 root 337:updating GUI with: 0
01-23 23:37:19 com_github_MitjaNemec_ReplicateLayout.replicate_layout 358:Getting the list of source footprints
01-23 23:37:19 com_github_MitjaNemec_ReplicateLayout.replicate_layout 368:Getting the list of all the remaining footprints
01-23 23:37:19 com_github_MitjaNemec_ReplicateLayout.replicate_layout 375:Getting source tracks
01-23 23:37:19 com_github_MitjaNemec_ReplicateLayout.replicate_layout 1331:Filtering list of tracks
01-23 23:37:19 com_github_MitjaNemec_ReplicateLayout.replicate_layout 379:Getting source zones
01-23 23:37:19 com_github_MitjaNemec_ReplicateLayout.replicate_layout 383:Getting source text items
01-23 23:37:19 com_github_MitjaNemec_ReplicateLayout.replicate_layout 387:Getting source drawing items
01-23 23:37:19 root 332:updating GUI message: 'Replicating footprints'
01-23 23:37:19 com_github_MitjaNemec_ReplicateLayout.replicate_layout 861:Replicating footprints
01-23 23:37:19 com_github_MitjaNemec_ReplicateLayout.replicate_layout 868:Replicating footprints on sheet ['switch1']
01-23 23:37:19 com_github_MitjaNemec_ReplicateLayout.replicate_layout 985:Src text UUid:54e8605d-204d-463d-89fe-7484193b2c8b
01-23 23:37:19 com_github_MitjaNemec_ReplicateLayout.replicate_layout 986:Dst text UUid:5f75ea14-45d1-4a0c-af8f-1654c8c6b354
01-23 23:37:19 com_github_MitjaNemec_ReplicateLayout.replicate_layout 985:Src text UUid:54c94b94-319b-41b7-8d3c-a1c4f8f92282
01-23 23:37:19 com_github_MitjaNemec_ReplicateLayout.replicate_layout 986:Dst text UUid:a89a5f84-a8eb-4102-a1b2-ad90974c48ae
01-23 23:37:19 com_github_MitjaNemec_ReplicateLayout.replicate_layout 985:Src text UUid:94f88a6a-4714-4575-a503-73f5ec9ec979
01-23 23:37:19 com_github_MitjaNemec_ReplicateLayout.replicate_layout 986:Dst text UUid:a6b95f43-a571-493b-8976-55271185f423
01-23 23:37:19 com_github_MitjaNemec_ReplicateLayout.replicate_layout 985:Src text UUid:a89d5335-d9bc-4d8b-8684-6dc026eafa6c
01-23 23:37:19 com_github_MitjaNemec_ReplicateLayout.replicate_layout 986:Dst text UUid:3b9b27eb-8bdb-4222-a8e7-0845699c5d53
01-23 23:37:19 com_github_MitjaNemec_ReplicateLayout.replicate_layout 985:Src text UUid:cb3aef3b-05aa-43b5-bd6d-1468dbff18c6
01-23 23:37:19 com_github_MitjaNemec_ReplicateLayout.replicate_layout 986:Dst text UUid:7751691d-60ba-490d-9321-03c58eb7d0ef
01-23 23:37:19 com_github_MitjaNemec_ReplicateLayout.replicate_layout 985:Src text UUid:f1290df5-580a-425f-b142-67c56eb76b36
01-23 23:37:19 com_github_MitjaNemec_ReplicateLayout.replicate_layout 986:Dst text UUid:c79fd3bd-0c30-42ff-9916-43b2ccc3d738
01-23 23:37:19 com_github_MitjaNemec_ReplicateLayout.replicate_layout 985:Src text UUid:320e1533-5058-431b-80a7-d7d498d90178
01-23 23:37:19 com_github_MitjaNemec_ReplicateLayout.replicate_layout 986:Dst text UUid:bb9a73e6-d82b-47f8-8279-f6d56ed98d1a
01-23 23:37:19 com_github_MitjaNemec_ReplicateLayout.replicate_layout 985:Src text UUid:4affe8cb-372c-4882-a517-9d1979cd4033
01-23 23:37:19 com_github_MitjaNemec_ReplicateLayout.replicate_layout 986:Dst text UUid:de24c4b8-925f-45c6-a9f6-33764ebb1e55
01-23 23:37:19 com_github_MitjaNemec_ReplicateLayout.replicate_layout 985:Src text UUid:d202a09f-6214-45c8-81b3-6464c258c50a
01-23 23:37:19 com_github_MitjaNemec_ReplicateLayout.replicate_layout 986:Dst text UUid:ea502f22-ad19-4be1-85ce-57d7aae16d81
01-23 23:37:19 com_github_MitjaNemec_ReplicateLayout.replicate_layout 985:Src text UUid:984bcda6-761c-4925-a7a2-08ac4cb55737
01-23 23:37:19 com_github_MitjaNemec_ReplicateLayout.replicate_layout 986:Dst text UUid:a0330099-bd8d-4ab3-878d-83c9aeeab105
01-23 23:37:19 com_github_MitjaNemec_ReplicateLayout.replicate_layout 985:Src text UUid:586012d2-20d7-4dbc-8d16-9b29ed13e252
01-23 23:37:19 com_github_MitjaNemec_ReplicateLayout.replicate_layout 986:Dst text UUid:233ff48c-d4d0-4858-b8c4-5d272181347b
01-23 23:37:19 com_github_MitjaNemec_ReplicateLayout.replicate_layout 985:Src text UUid:8bb5ee19-0aa9-414e-abac-d89bc31b41e5
01-23 23:37:19 com_github_MitjaNemec_ReplicateLayout.replicate_layout 986:Dst text UUid:10e3d2a2-8cb8-473d-9efb-ec4335cbd9de
01-23 23:37:19 com_github_MitjaNemec_ReplicateLayout.replicate_layout 985:Src text UUid:ee0c7ce0-160e-4c78-b3c1-93c96127107c
01-23 23:37:19 com_github_MitjaNemec_ReplicateLayout.replicate_layout 986:Dst text UUid:69ec2552-a186-4622-8ec9-8569df16594d
01-23 23:37:19 com_github_MitjaNemec_ReplicateLayout.replicate_layout 985:Src text UUid:8b1e3088-88a6-4317-950e-75318c1ceeb5
01-23 23:37:19 com_github_MitjaNemec_ReplicateLayout.replicate_layout 986:Dst text UUid:7879bda4-b292-49ef-aba7-f4f1196b7f04
01-23 23:37:19 com_github_MitjaNemec_ReplicateLayout.replicate_layout 985:Src text UUid:ed202874-2624-4377-98db-4a79e182890f
01-23 23:37:19 com_github_MitjaNemec_ReplicateLayout.replicate_layout 986:Dst text UUid:57618edc-fa3d-4afe-aebb-abecf3947505
01-23 23:37:19 com_github_MitjaNemec_ReplicateLayout.replicate_layout 985:Src text UUid:0e681dc2-e6bb-40f9-a099-a9f50b345e64
01-23 23:37:19 com_github_MitjaNemec_ReplicateLayout.replicate_layout 986:Dst text UUid:1fd361c7-f451-4298-a0d1-65050981e67a
01-23 23:37:19 com_github_MitjaNemec_ReplicateLayout.replicate_layout 985:Src text UUid:8c8c43f9-0214-46bb-93d6-8cfe1aaea550
01-23 23:37:19 com_github_MitjaNemec_ReplicateLayout.replicate_layout 986:Dst text UUid:f34058ed-2ff8-4b78-96ab-0b4877236ed0
01-23 23:37:19 com_github_MitjaNemec_ReplicateLayout.replicate_layout 985:Src text UUid:4ac54e48-ea04-4af9-b256-c29433b6f3c2
01-23 23:37:19 com_github_MitjaNemec_ReplicateLayout.replicate_layout 986:Dst text UUid:aec14664-6aa9-4f1d-8b11-24fa1be1034b
01-23 23:37:19 com_github_MitjaNemec_ReplicateLayout.replicate_layout 985:Src text UUid:19a28620-0e03-4831-a2e1-c193cb18ac1b
01-23 23:37:19 com_github_MitjaNemec_ReplicateLayout.replicate_layout 986:Dst text UUid:a54d773d-4e2b-4ada-b249-459fdef02bf3
01-23 23:37:19 com_github_MitjaNemec_ReplicateLayout.replicate_layout 985:Src text UUid:cde0eae9-cf51-478d-9206-7d2ba824832a
01-23 23:37:19 com_github_MitjaNemec_ReplicateLayout.replicate_layout 986:Dst text UUid:5047fe9c-07c1-482f-8367-e6fda86049b2
01-23 23:37:19 root 337:updating GUI with: 12
01-23 23:37:19 com_github_MitjaNemec_ReplicateLayout.replicate_layout 985:Src text UUid:bfca7431-57a1-4086-bcee-2fec667c96ef
01-23 23:37:19 com_github_MitjaNemec_ReplicateLayout.replicate_layout 986:Dst text UUid:609e542d-54a0-4490-9a62-cf1dee8ff5ff
01-23 23:37:19 com_github_MitjaNemec_ReplicateLayout.replicate_layout 985:Src text UUid:50f31f6e-a3f8-4d2a-972b-1d6a299d2004
01-23 23:37:19 com_github_MitjaNemec_ReplicateLayout.replicate_layout 986:Dst text UUid:1cfb04e1-a8bb-4799-908c-15225980a6d6
01-23 23:37:19 com_github_MitjaNemec_ReplicateLayout.replicate_layout 985:Src text UUid:3a27d573-5de9-4319-885f-87252f239194
01-23 23:37:19 com_github_MitjaNemec_ReplicateLayout.replicate_layout 986:Dst text UUid:6eaae8d5-2718-47c8-9f3e-f8aa40fecff6
01-23 23:37:19 com_github_MitjaNemec_ReplicateLayout.replicate_layout 985:Src text UUid:caa35b2c-09c8-4732-8a7a-532bc29f0dc8
01-23 23:37:19 com_github_MitjaNemec_ReplicateLayout.replicate_layout 986:Dst text UUid:230b9057-b7f4-400e-a41f-61d4f3c874db
01-23 23:37:19 com_github_MitjaNemec_ReplicateLayout.replicate_layout 868:Replicating footprints on sheet ['switch2']
01-23 23:37:19 com_github_MitjaNemec_ReplicateLayout.replicate_layout 985:Src text UUid:54e8605d-204d-463d-89fe-7484193b2c8b
01-23 23:37:19 com_github_MitjaNemec_ReplicateLayout.replicate_layout 986:Dst text UUid:b2fb39ef-519c-435e-82c7-57c35e7d0f47
01-23 23:37:19 com_github_MitjaNemec_ReplicateLayout.replicate_layout 985:Src text UUid:54c94b94-319b-41b7-8d3c-a1c4f8f92282
01-23 23:37:19 com_github_MitjaNemec_ReplicateLayout.replicate_layout 986:Dst text UUid:2eb1292a-30fa-4235-89d0-ddf7adf5f443
01-23 23:37:19 com_github_MitjaNemec_ReplicateLayout.replicate_layout 985:Src text UUid:94f88a6a-4714-4575-a503-73f5ec9ec979
01-23 23:37:19 com_github_MitjaNemec_ReplicateLayout.replicate_layout 986:Dst text UUid:bd3f38da-a5f0-4ab6-ac6f-11767e0e2a82
01-23 23:37:19 com_github_MitjaNemec_ReplicateLayout.replicate_layout 985:Src text UUid:a89d5335-d9bc-4d8b-8684-6dc026eafa6c
01-23 23:37:19 com_github_MitjaNemec_ReplicateLayout.replicate_layout 986:Dst text UUid:c09d09b1-d819-4280-9d27-3ca23ad624f4
01-23 23:37:19 com_github_MitjaNemec_ReplicateLayout.replicate_layout 985:Src text UUid:cb3aef3b-05aa-43b5-bd6d-1468dbff18c6
01-23 23:37:19 com_github_MitjaNemec_ReplicateLayout.replicate_layout 986:Dst text UUid:b5590383-42c3-4542-bfec-3ce238b011ec
01-23 23:37:19 com_github_MitjaNemec_ReplicateLayout.replicate_layout 985:Src text UUid:f1290df5-580a-425f-b142-67c56eb76b36
01-23 23:37:19 com_github_MitjaNemec_ReplicateLayout.replicate_layout 986:Dst text UUid:8da5ccda-dece-4718-bbb9-f201283a4c3c
01-23 23:37:19 com_github_MitjaNemec_ReplicateLayout.replicate_layout 985:Src text UUid:320e1533-5058-431b-80a7-d7d498d90178
01-23 23:37:19 com_github_MitjaNemec_ReplicateLayout.replicate_layout 986:Dst text UUid:79f9e8dc-8e26-4eca-8e64-29399773f632
01-23 23:37:19 com_github_MitjaNemec_ReplicateLayout.replicate_layout 985:Src text UUid:4affe8cb-372c-4882-a517-9d1979cd4033
01-23 23:37:19 com_github_MitjaNemec_ReplicateLayout.replicate_layout 986:Dst text UUid:438c542a-4cd0-43b2-a5c4-95c37a97f235
01-23 23:37:19 com_github_MitjaNemec_ReplicateLayout.replicate_layout 985:Src text UUid:d202a09f-6214-45c8-81b3-6464c258c50a
01-23 23:37:19 com_github_MitjaNemec_ReplicateLayout.replicate_layout 986:Dst text UUid:0d0b50c1-96aa-4c7b-a7f7-a3bc121cb392
01-23 23:37:19 com_github_MitjaNemec_ReplicateLayout.replicate_layout 985:Src text UUid:984bcda6-761c-4925-a7a2-08ac4cb55737
01-23 23:37:19 com_github_MitjaNemec_ReplicateLayout.replicate_layout 986:Dst text UUid:ee929f88-4e01-4b61-929e-46f81c4be61f
01-23 23:37:19 com_github_MitjaNemec_ReplicateLayout.replicate_layout 985:Src text UUid:586012d2-20d7-4dbc-8d16-9b29ed13e252
01-23 23:37:19 com_github_MitjaNemec_ReplicateLayout.replicate_layout 986:Dst text UUid:d5314374-f531-4bf5-afc8-d5240e558b7a
01-23 23:37:19 com_github_MitjaNemec_ReplicateLayout.replicate_layout 985:Src text UUid:8bb5ee19-0aa9-414e-abac-d89bc31b41e5
01-23 23:37:19 com_github_MitjaNemec_ReplicateLayout.replicate_layout 986:Dst text UUid:7e5acb09-27e6-49ba-863d-e34b7137837e
01-23 23:37:19 com_github_MitjaNemec_ReplicateLayout.replicate_layout 985:Src text UUid:ee0c7ce0-160e-4c78-b3c1-93c96127107c
01-23 23:37:19 com_github_MitjaNemec_ReplicateLayout.replicate_layout 986:Dst text UUid:a72aa082-458c-4ceb-9969-ab46e9a2dc4e
01-23 23:37:19 com_github_MitjaNemec_ReplicateLayout.replicate_layout 985:Src text UUid:8b1e3088-88a6-4317-950e-75318c1ceeb5
01-23 23:37:19 com_github_MitjaNemec_ReplicateLayout.replicate_layout 986:Dst text UUid:6f623787-2dc6-40ab-8f3f-138472e27053
01-23 23:37:19 com_github_MitjaNemec_ReplicateLayout.replicate_layout 985:Src text UUid:ed202874-2624-4377-98db-4a79e182890f
01-23 23:37:19 com_github_MitjaNemec_ReplicateLayout.replicate_layout 986:Dst text UUid:7b51d22b-b60d-41c1-814a-27e9ac28a55b
01-23 23:37:19 com_github_MitjaNemec_ReplicateLayout.replicate_layout 985:Src text UUid:0e681dc2-e6bb-40f9-a099-a9f50b345e64
01-23 23:37:19 com_github_MitjaNemec_ReplicateLayout.replicate_layout 986:Dst text UUid:692b61a3-e3ff-40fc-845f-ee78001cedd8
01-23 23:37:19 com_github_MitjaNemec_ReplicateLayout.replicate_layout 985:Src text UUid:8c8c43f9-0214-46bb-93d6-8cfe1aaea550
01-23 23:37:19 com_github_MitjaNemec_ReplicateLayout.replicate_layout 986:Dst text UUid:8daac58c-058a-4950-ad85-398de3721a7f
01-23 23:37:19 com_github_MitjaNemec_ReplicateLayout.replicate_layout 985:Src text UUid:4ac54e48-ea04-4af9-b256-c29433b6f3c2
01-23 23:37:19 com_github_MitjaNemec_ReplicateLayout.replicate_layout 986:Dst text UUid:69fab0da-486a-4dc7-bec0-fb302e0cd64c
01-23 23:37:19 com_github_MitjaNemec_ReplicateLayout.replicate_layout 985:Src text UUid:19a28620-0e03-4831-a2e1-c193cb18ac1b
01-23 23:37:19 com_github_MitjaNemec_ReplicateLayout.replicate_layout 986:Dst text UUid:54253022-594b-43d3-a578-45deabdfdcad
01-23 23:37:19 com_github_MitjaNemec_ReplicateLayout.replicate_layout 985:Src text UUid:cde0eae9-cf51-478d-9206-7d2ba824832a
01-23 23:37:19 com_github_MitjaNemec_ReplicateLayout.replicate_layout 986:Dst text UUid:7ece6d19-1bd2-42fa-9122-5bf38151dd8b
01-23 23:37:19 com_github_MitjaNemec_ReplicateLayout.replicate_layout 985:Src text UUid:bfca7431-57a1-4086-bcee-2fec667c96ef
01-23 23:37:19 com_github_MitjaNemec_ReplicateLayout.replicate_layout 986:Dst text UUid:23316baf-02c9-4d72-80e0-a23c499f7d98
01-23 23:37:19 com_github_MitjaNemec_ReplicateLayout.replicate_layout 985:Src text UUid:50f31f6e-a3f8-4d2a-972b-1d6a299d2004
01-23 23:37:19 com_github_MitjaNemec_ReplicateLayout.replicate_layout 986:Dst text UUid:aef66d48-847a-4eb0-8729-75b3176ac1a3
01-23 23:37:19 com_github_MitjaNemec_ReplicateLayout.replicate_layout 985:Src text UUid:3a27d573-5de9-4319-885f-87252f239194
01-23 23:37:19 com_github_MitjaNemec_ReplicateLayout.replicate_layout 986:Dst text UUid:8a3c07da-ee04-41d7-a0e2-3231748192f3
01-23 23:37:19 com_github_MitjaNemec_ReplicateLayout.replicate_layout 985:Src text UUid:caa35b2c-09c8-4732-8a7a-532bc29f0dc8
01-23 23:37:19 com_github_MitjaNemec_ReplicateLayout.replicate_layout 986:Dst text UUid:c6ac7c60-7d0a-4813-95f3-888d89047a43
01-23 23:37:19 com_github_MitjaNemec_ReplicateLayout.replicate_layout 868:Replicating footprints on sheet ['switch3']
01-23 23:37:19 com_github_MitjaNemec_ReplicateLayout.replicate_layout 985:Src text UUid:54e8605d-204d-463d-89fe-7484193b2c8b
01-23 23:37:19 com_github_MitjaNemec_ReplicateLayout.replicate_layout 986:Dst text UUid:ab466239-9b4a-44eb-8467-283650dab8a7
01-23 23:37:19 com_github_MitjaNemec_ReplicateLayout.replicate_layout 985:Src text UUid:54c94b94-319b-41b7-8d3c-a1c4f8f92282
01-23 23:37:19 com_github_MitjaNemec_ReplicateLayout.replicate_layout 986:Dst text UUid:5f869b16-2f68-479a-9be2-1ba5e62cacca
01-23 23:37:19 com_github_MitjaNemec_ReplicateLayout.replicate_layout 985:Src text UUid:94f88a6a-4714-4575-a503-73f5ec9ec979
01-23 23:37:19 com_github_MitjaNemec_ReplicateLayout.replicate_layout 986:Dst text UUid:940038d0-a318-436f-95a0-a498080d537b
01-23 23:37:19 com_github_MitjaNemec_ReplicateLayout.replicate_layout 985:Src text UUid:a89d5335-d9bc-4d8b-8684-6dc026eafa6c
01-23 23:37:19 com_github_MitjaNemec_ReplicateLayout.replicate_layout 986:Dst text UUid:69013305-567e-41e9-bc39-ff5f79d3c09e
01-23 23:37:19 com_github_MitjaNemec_ReplicateLayout.replicate_layout 985:Src text UUid:cb3aef3b-05aa-43b5-bd6d-1468dbff18c6
01-23 23:37:19 com_github_MitjaNemec_ReplicateLayout.replicate_layout 986:Dst text UUid:9b369571-8e9d-40af-9ae3-e89ec3a0f20d
01-23 23:37:19 com_github_MitjaNemec_ReplicateLayout.replicate_layout 985:Src text UUid:f1290df5-580a-425f-b142-67c56eb76b36
01-23 23:37:19 com_github_MitjaNemec_ReplicateLayout.replicate_layout 986:Dst text UUid:903ab2a8-95a7-4437-ae20-d8e66460145d
01-23 23:37:19 com_github_MitjaNemec_ReplicateLayout.replicate_layout 985:Src text UUid:320e1533-5058-431b-80a7-d7d498d90178
01-23 23:37:19 com_github_MitjaNemec_ReplicateLayout.replicate_layout 986:Dst text UUid:a8f66d94-8d98-467c-8fea-d0331b7d34f3
01-23 23:37:19 com_github_MitjaNemec_ReplicateLayout.replicate_layout 985:Src text UUid:4affe8cb-372c-4882-a517-9d1979cd4033
01-23 23:37:19 com_github_MitjaNemec_ReplicateLayout.replicate_layout 986:Dst text UUid:67acc612-bfac-4eed-9c80-899155d0a145
01-23 23:37:19 com_github_MitjaNemec_ReplicateLayout.replicate_layout 985:Src text UUid:d202a09f-6214-45c8-81b3-6464c258c50a
01-23 23:37:19 com_github_MitjaNemec_ReplicateLayout.replicate_layout 986:Dst text UUid:bfcb01a5-3cd8-4169-9011-475ac17b05bb
01-23 23:37:19 com_github_MitjaNemec_ReplicateLayout.replicate_layout 985:Src text UUid:984bcda6-761c-4925-a7a2-08ac4cb55737
01-23 23:37:19 com_github_MitjaNemec_ReplicateLayout.replicate_layout 986:Dst text UUid:d7108a9f-4a4c-4be7-b46a-c68f5e3f8d62
01-23 23:37:19 com_github_MitjaNemec_ReplicateLayout.replicate_layout 985:Src text UUid:586012d2-20d7-4dbc-8d16-9b29ed13e252
01-23 23:37:19 com_github_MitjaNemec_ReplicateLayout.replicate_layout 986:Dst text UUid:eee6cd84-49f6-4051-9a39-a77cc70a75a2
01-23 23:37:19 com_github_MitjaNemec_ReplicateLayout.replicate_layout 985:Src text UUid:8bb5ee19-0aa9-414e-abac-d89bc31b41e5
01-23 23:37:19 com_github_MitjaNemec_ReplicateLayout.replicate_layout 986:Dst text UUid:a8c39dee-7f8f-4cd7-9e36-666fbc95bf3b
01-23 23:37:19 com_github_MitjaNemec_ReplicateLayout.replicate_layout 985:Src text UUid:ee0c7ce0-160e-4c78-b3c1-93c96127107c
01-23 23:37:19 com_github_MitjaNemec_ReplicateLayout.replicate_layout 986:Dst text UUid:aa3d214c-cef4-4b85-8b9c-0ab149e8731c
01-23 23:37:19 com_github_MitjaNemec_ReplicateLayout.replicate_layout 985:Src text UUid:8b1e3088-88a6-4317-950e-75318c1ceeb5
01-23 23:37:19 com_github_MitjaNemec_ReplicateLayout.replicate_layout 986:Dst text UUid:13718a1f-bc99-47cb-b5f2-6ceaaae1b54f
01-23 23:37:19 com_github_MitjaNemec_ReplicateLayout.replicate_layout 985:Src text UUid:ed202874-2624-4377-98db-4a79e182890f
01-23 23:37:19 com_github_MitjaNemec_ReplicateLayout.replicate_layout 986:Dst text UUid:4e8f09c5-89f9-43eb-9139-34d818524422
01-23 23:37:19 com_github_MitjaNemec_ReplicateLayout.replicate_layout 985:Src text UUid:0e681dc2-e6bb-40f9-a099-a9f50b345e64
01-23 23:37:19 com_github_MitjaNemec_ReplicateLayout.replicate_layout 986:Dst text UUid:7892b427-36e8-4977-82b3-a50e4b8afc65
01-23 23:37:19 com_github_MitjaNemec_ReplicateLayout.replicate_layout 985:Src text UUid:8c8c43f9-0214-46bb-93d6-8cfe1aaea550
01-23 23:37:19 com_github_MitjaNemec_ReplicateLayout.replicate_layout 986:Dst text UUid:8fa74e12-665f-4682-b8d2-f9f18a14ad75
01-23 23:37:19 com_github_MitjaNemec_ReplicateLayout.replicate_layout 985:Src text UUid:4ac54e48-ea04-4af9-b256-c29433b6f3c2
01-23 23:37:19 com_github_MitjaNemec_ReplicateLayout.replicate_layout 986:Dst text UUid:9e9b7024-febb-4d63-9976-d1571945a091
01-23 23:37:19 com_github_MitjaNemec_ReplicateLayout.replicate_layout 985:Src text UUid:19a28620-0e03-4831-a2e1-c193cb18ac1b
01-23 23:37:19 com_github_MitjaNemec_ReplicateLayout.replicate_layout 986:Dst text UUid:7c3f38c9-806b-488f-9749-f55ecbed051a
01-23 23:37:19 com_github_MitjaNemec_ReplicateLayout.replicate_layout 985:Src text UUid:cde0eae9-cf51-478d-9206-7d2ba824832a
01-23 23:37:19 com_github_MitjaNemec_ReplicateLayout.replicate_layout 986:Dst text UUid:20d95cb6-58a4-40dd-9b86-9e5958cb10db
01-23 23:37:19 com_github_MitjaNemec_ReplicateLayout.replicate_layout 985:Src text UUid:bfca7431-57a1-4086-bcee-2fec667c96ef
01-23 23:37:19 com_github_MitjaNemec_ReplicateLayout.replicate_layout 986:Dst text UUid:8aff5586-5167-4d9d-a137-3547b248de31
01-23 23:37:19 com_github_MitjaNemec_ReplicateLayout.replicate_layout 985:Src text UUid:50f31f6e-a3f8-4d2a-972b-1d6a299d2004
01-23 23:37:19 com_github_MitjaNemec_ReplicateLayout.replicate_layout 986:Dst text UUid:365df762-e94f-4f82-98ca-93721ea2f2c7
01-23 23:37:19 com_github_MitjaNemec_ReplicateLayout.replicate_layout 985:Src text UUid:3a27d573-5de9-4319-885f-87252f239194
01-23 23:37:19 com_github_MitjaNemec_ReplicateLayout.replicate_layout 986:Dst text UUid:07257e0e-9d5e-4552-8089-08e40a04df47
01-23 23:37:19 com_github_MitjaNemec_ReplicateLayout.replicate_layout 985:Src text UUid:caa35b2c-09c8-4732-8a7a-532bc29f0dc8
01-23 23:37:19 com_github_MitjaNemec_ReplicateLayout.replicate_layout 986:Dst text UUid:f11f37de-dae7-47d3-87db-3cfbdff5279e
01-23 23:37:19 com_github_MitjaNemec_ReplicateLayout.replicate_layout 868:Replicating footprints on sheet ['switch4']
01-23 23:37:19 com_github_MitjaNemec_ReplicateLayout.replicate_layout 985:Src text UUid:54e8605d-204d-463d-89fe-7484193b2c8b
01-23 23:37:19 com_github_MitjaNemec_ReplicateLayout.replicate_layout 986:Dst text UUid:ea9d7a62-37e7-4458-9e37-c15aa780b59c
01-23 23:37:19 com_github_MitjaNemec_ReplicateLayout.replicate_layout 985:Src text UUid:54c94b94-319b-41b7-8d3c-a1c4f8f92282
01-23 23:37:19 com_github_MitjaNemec_ReplicateLayout.replicate_layout 986:Dst text UUid:da1857c3-6169-48b7-8d8d-15a63fbc5508
01-23 23:37:19 com_github_MitjaNemec_ReplicateLayout.replicate_layout 985:Src text UUid:94f88a6a-4714-4575-a503-73f5ec9ec979
01-23 23:37:19 com_github_MitjaNemec_ReplicateLayout.replicate_layout 986:Dst text UUid:5a338a89-1b7c-4211-b018-a8c63ef88e6e
01-23 23:37:19 com_github_MitjaNemec_ReplicateLayout.replicate_layout 985:Src text UUid:a89d5335-d9bc-4d8b-8684-6dc026eafa6c
01-23 23:37:19 com_github_MitjaNemec_ReplicateLayout.replicate_layout 986:Dst text UUid:de1efe0c-63be-4af4-8614-6700cead5609
01-23 23:37:19 com_github_MitjaNemec_ReplicateLayout.replicate_layout 985:Src text UUid:cb3aef3b-05aa-43b5-bd6d-1468dbff18c6
01-23 23:37:19 com_github_MitjaNemec_ReplicateLayout.replicate_layout 986:Dst text UUid:0f846c74-00f7-4ad3-86a9-0ad87a7b85db
01-23 23:37:19 com_github_MitjaNemec_ReplicateLayout.replicate_layout 985:Src text UUid:f1290df5-580a-425f-b142-67c56eb76b36
01-23 23:37:19 com_github_MitjaNemec_ReplicateLayout.replicate_layout 986:Dst text UUid:d10820fb-4f4f-4f24-837b-918517cab591
01-23 23:37:19 com_github_MitjaNemec_ReplicateLayout.replicate_layout 985:Src text UUid:320e1533-5058-431b-80a7-d7d498d90178
01-23 23:37:19 com_github_MitjaNemec_ReplicateLayout.replicate_layout 986:Dst text UUid:d9be87a1-8d93-47c7-9164-316b90b01804
01-23 23:37:19 com_github_MitjaNemec_ReplicateLayout.replicate_layout 985:Src text UUid:4affe8cb-372c-4882-a517-9d1979cd4033
01-23 23:37:19 com_github_MitjaNemec_ReplicateLayout.replicate_layout 986:Dst text UUid:39f504af-de4e-489b-911f-37e1f69a0f4e
01-23 23:37:19 root 337:updating GUI with: 49
01-23 23:37:19 com_github_MitjaNemec_ReplicateLayout.replicate_layout 985:Src text UUid:d202a09f-6214-45c8-81b3-6464c258c50a
01-23 23:37:19 com_github_MitjaNemec_ReplicateLayout.replicate_layout 986:Dst text UUid:626db962-7da6-4afd-969f-fcfb56817a35
01-23 23:37:19 com_github_MitjaNemec_ReplicateLayout.replicate_layout 985:Src text UUid:984bcda6-761c-4925-a7a2-08ac4cb55737
01-23 23:37:19 com_github_MitjaNemec_ReplicateLayout.replicate_layout 986:Dst text UUid:3e522bb8-de18-4715-b620-3896ffb7b240
01-23 23:37:19 com_github_MitjaNemec_ReplicateLayout.replicate_layout 985:Src text UUid:586012d2-20d7-4dbc-8d16-9b29ed13e252
01-23 23:37:19 com_github_MitjaNemec_ReplicateLayout.replicate_layout 986:Dst text UUid:765c21cf-221b-4b89-9c0e-8f267d3dbb5a
01-23 23:37:19 com_github_MitjaNemec_ReplicateLayout.replicate_layout 985:Src text UUid:8bb5ee19-0aa9-414e-abac-d89bc31b41e5
01-23 23:37:19 com_github_MitjaNemec_ReplicateLayout.replicate_layout 986:Dst text UUid:2ca04ecf-c973-4840-9c74-740707f51a43
01-23 23:37:19 com_github_MitjaNemec_ReplicateLayout.replicate_layout 985:Src text UUid:ee0c7ce0-160e-4c78-b3c1-93c96127107c
01-23 23:37:19 com_github_MitjaNemec_ReplicateLayout.replicate_layout 986:Dst text UUid:601c717b-c6f8-4194-bd44-c202e818d9b7
01-23 23:37:19 com_github_MitjaNemec_ReplicateLayout.replicate_layout 985:Src text UUid:8b1e3088-88a6-4317-950e-75318c1ceeb5
01-23 23:37:19 com_github_MitjaNemec_ReplicateLayout.replicate_layout 986:Dst text UUid:5c189f62-603d-440c-83c8-509e70513fd9
01-23 23:37:19 com_github_MitjaNemec_ReplicateLayout.replicate_layout 985:Src text UUid:ed202874-2624-4377-98db-4a79e182890f
01-23 23:37:19 com_github_MitjaNemec_ReplicateLayout.replicate_layout 986:Dst text UUid:a2cddb60-5ec3-46cc-8540-de2e4c1929c1
01-23 23:37:19 com_github_MitjaNemec_ReplicateLayout.replicate_layout 985:Src text UUid:0e681dc2-e6bb-40f9-a099-a9f50b345e64
01-23 23:37:19 com_github_MitjaNemec_ReplicateLayout.replicate_layout 986:Dst text UUid:59180721-a879-4c03-b5e3-9ba0277fed81
01-23 23:37:19 com_github_MitjaNemec_ReplicateLayout.replicate_layout 985:Src text UUid:8c8c43f9-0214-46bb-93d6-8cfe1aaea550
01-23 23:37:19 com_github_MitjaNemec_ReplicateLayout.replicate_layout 986:Dst text UUid:e71b432c-0f03-43c5-8652-deaebfd7048d
01-23 23:37:19 com_github_MitjaNemec_ReplicateLayout.replicate_layout 985:Src text UUid:4ac54e48-ea04-4af9-b256-c29433b6f3c2
01-23 23:37:19 com_github_MitjaNemec_ReplicateLayout.replicate_layout 986:Dst text UUid:e7a7caa9-58dc-4230-874a-d682b1218099
01-23 23:37:19 com_github_MitjaNemec_ReplicateLayout.replicate_layout 985:Src text UUid:19a28620-0e03-4831-a2e1-c193cb18ac1b
01-23 23:37:19 com_github_MitjaNemec_ReplicateLayout.replicate_layout 986:Dst text UUid:06c92c8d-7681-4c9b-a9e2-3c4e73a5d0d3
01-23 23:37:19 com_github_MitjaNemec_ReplicateLayout.replicate_layout 985:Src text UUid:cde0eae9-cf51-478d-9206-7d2ba824832a
01-23 23:37:19 com_github_MitjaNemec_ReplicateLayout.replicate_layout 986:Dst text UUid:5fff3d89-4c33-4ea4-a706-135e6953165a
01-23 23:37:19 com_github_MitjaNemec_ReplicateLayout.replicate_layout 985:Src text UUid:bfca7431-57a1-4086-bcee-2fec667c96ef
01-23 23:37:19 com_github_MitjaNemec_ReplicateLayout.replicate_layout 986:Dst text UUid:3991e905-b626-4386-aaf4-a7290a4ef56d
01-23 23:37:19 com_github_MitjaNemec_ReplicateLayout.replicate_layout 985:Src text UUid:50f31f6e-a3f8-4d2a-972b-1d6a299d2004
01-23 23:37:19 com_github_MitjaNemec_ReplicateLayout.replicate_layout 986:Dst text UUid:7acf1265-3d8a-4a78-90e5-a729f6ff8c3d
01-23 23:37:19 com_github_MitjaNemec_ReplicateLayout.replicate_layout 985:Src text UUid:3a27d573-5de9-4319-885f-87252f239194
01-23 23:37:19 com_github_MitjaNemec_ReplicateLayout.replicate_layout 986:Dst text UUid:34face64-ed06-41d6-ba29-71b3399ba026
01-23 23:37:19 com_github_MitjaNemec_ReplicateLayout.replicate_layout 985:Src text UUid:caa35b2c-09c8-4732-8a7a-532bc29f0dc8
01-23 23:37:19 com_github_MitjaNemec_ReplicateLayout.replicate_layout 986:Dst text UUid:e4b08788-4164-402d-8db3-a3d092ceec53
01-23 23:37:19 com_github_MitjaNemec_ReplicateLayout.replicate_layout 868:Replicating footprints on sheet ['switch5']
01-23 23:37:19 com_github_MitjaNemec_ReplicateLayout.replicate_layout 985:Src text UUid:54e8605d-204d-463d-89fe-7484193b2c8b
01-23 23:37:19 com_github_MitjaNemec_ReplicateLayout.replicate_layout 986:Dst text UUid:46a26bd5-4d63-4800-be9a-0b1ec8139793
01-23 23:37:19 com_github_MitjaNemec_ReplicateLayout.replicate_layout 985:Src text UUid:54c94b94-319b-41b7-8d3c-a1c4f8f92282
01-23 23:37:19 com_github_MitjaNemec_ReplicateLayout.replicate_layout 986:Dst text UUid:7671fc0f-9260-40ec-8a6b-4ded74b632a2
01-23 23:37:19 com_github_MitjaNemec_ReplicateLayout.replicate_layout 985:Src text UUid:94f88a6a-4714-4575-a503-73f5ec9ec979
01-23 23:37:19 com_github_MitjaNemec_ReplicateLayout.replicate_layout 986:Dst text UUid:f07d6b30-95f1-4987-abc1-b9a7d8ccc296
01-23 23:37:19 com_github_MitjaNemec_ReplicateLayout.replicate_layout 985:Src text UUid:a89d5335-d9bc-4d8b-8684-6dc026eafa6c
01-23 23:37:19 com_github_MitjaNemec_ReplicateLayout.replicate_layout 986:Dst text UUid:0695cbd0-dd97-452b-980b-ee6e2058e86d
01-23 23:37:19 com_github_MitjaNemec_ReplicateLayout.replicate_layout 985:Src text UUid:cb3aef3b-05aa-43b5-bd6d-1468dbff18c6
01-23 23:37:19 com_github_MitjaNemec_ReplicateLayout.replicate_layout 986:Dst text UUid:0930fe6b-6f8f-4b84-aa3c-7bcf727869af
01-23 23:37:19 com_github_MitjaNemec_ReplicateLayout.replicate_layout 985:Src text UUid:f1290df5-580a-425f-b142-67c56eb76b36
01-23 23:37:19 com_github_MitjaNemec_ReplicateLayout.replicate_layout 986:Dst text UUid:1a13af8e-70f1-4af9-b44c-9b4f8b263f00
01-23 23:37:19 com_github_MitjaNemec_ReplicateLayout.replicate_layout 985:Src text UUid:320e1533-5058-431b-80a7-d7d498d90178
01-23 23:37:19 com_github_MitjaNemec_ReplicateLayout.replicate_layout 986:Dst text UUid:62c5b9ab-6fdb-4010-8dfd-2a02c6b22d75
01-23 23:37:19 com_github_MitjaNemec_ReplicateLayout.replicate_layout 985:Src text UUid:4affe8cb-372c-4882-a517-9d1979cd4033
01-23 23:37:19 com_github_MitjaNemec_ReplicateLayout.replicate_layout 986:Dst text UUid:bbf3acb4-be7d-4ab6-bca4-95f436432c3d
01-23 23:37:19 com_github_MitjaNemec_ReplicateLayout.replicate_layout 985:Src text UUid:d202a09f-6214-45c8-81b3-6464c258c50a
01-23 23:37:19 com_github_MitjaNemec_ReplicateLayout.replicate_layout 986:Dst text UUid:803c633e-bba1-4dbb-b251-f3a40791ef01
01-23 23:37:19 com_github_MitjaNemec_ReplicateLayout.replicate_layout 985:Src text UUid:984bcda6-761c-4925-a7a2-08ac4cb55737
01-23 23:37:19 com_github_MitjaNemec_ReplicateLayout.replicate_layout 986:Dst text UUid:6355344a-b9a4-48b1-a887-b8ce14f6279c
01-23 23:37:19 com_github_MitjaNemec_ReplicateLayout.replicate_layout 985:Src text UUid:586012d2-20d7-4dbc-8d16-9b29ed13e252
01-23 23:37:19 com_github_MitjaNemec_ReplicateLayout.replicate_layout 986:Dst text UUid:2db31f8b-ce4d-419b-87f0-7036f89b06d8
01-23 23:37:19 com_github_MitjaNemec_ReplicateLayout.replicate_layout 985:Src text UUid:8bb5ee19-0aa9-414e-abac-d89bc31b41e5
01-23 23:37:19 com_github_MitjaNemec_ReplicateLayout.replicate_layout 986:Dst text UUid:9ae7b6ba-fe3f-4e11-b95c-d4d913e0620f
01-23 23:37:19 com_github_MitjaNemec_ReplicateLayout.replicate_layout 985:Src text UUid:ee0c7ce0-160e-4c78-b3c1-93c96127107c
01-23 23:37:19 com_github_MitjaNemec_ReplicateLayout.replicate_layout 986:Dst text UUid:25f58191-8fa7-4eb1-8c01-e4bd2e58e5de
01-23 23:37:19 com_github_MitjaNemec_ReplicateLayout.replicate_layout 985:Src text UUid:8b1e3088-88a6-4317-950e-75318c1ceeb5
01-23 23:37:19 com_github_MitjaNemec_ReplicateLayout.replicate_layout 986:Dst text UUid:2c074415-f86c-431a-a1d2-5a4f8736f31d
01-23 23:37:19 com_github_MitjaNemec_ReplicateLayout.replicate_layout 985:Src text UUid:ed202874-2624-4377-98db-4a79e182890f
01-23 23:37:19 com_github_MitjaNemec_ReplicateLayout.replicate_layout 986:Dst text UUid:2a0f404f-be37-42de-9f07-4caf17d6e4fa
01-23 23:37:19 com_github_MitjaNemec_ReplicateLayout.replicate_layout 985:Src text UUid:0e681dc2-e6bb-40f9-a099-a9f50b345e64
01-23 23:37:19 com_github_MitjaNemec_ReplicateLayout.replicate_layout 986:Dst text UUid:67079f86-c243-4250-b04e-cadc906aa849
01-23 23:37:19 com_github_MitjaNemec_ReplicateLayout.replicate_layout 985:Src text UUid:8c8c43f9-0214-46bb-93d6-8cfe1aaea550
01-23 23:37:19 com_github_MitjaNemec_ReplicateLayout.replicate_layout 986:Dst text UUid:bbfd1de0-5320-426d-99fc-087987ea4d60
01-23 23:37:19 com_github_MitjaNemec_ReplicateLayout.replicate_layout 985:Src text UUid:4ac54e48-ea04-4af9-b256-c29433b6f3c2
01-23 23:37:19 com_github_MitjaNemec_ReplicateLayout.replicate_layout 986:Dst text UUid:9af8013a-d11f-4b84-b039-1daeab71f374
01-23 23:37:19 com_github_MitjaNemec_ReplicateLayout.replicate_layout 985:Src text UUid:19a28620-0e03-4831-a2e1-c193cb18ac1b
01-23 23:37:19 com_github_MitjaNemec_ReplicateLayout.replicate_layout 986:Dst text UUid:9831d2fb-200d-43aa-8fdb-baf63b53d597
01-23 23:37:19 com_github_MitjaNemec_ReplicateLayout.replicate_layout 985:Src text UUid:cde0eae9-cf51-478d-9206-7d2ba824832a
01-23 23:37:19 com_github_MitjaNemec_ReplicateLayout.replicate_layout 986:Dst text UUid:6c139182-051c-4e54-9f6f-33cdf5aa1c5b
01-23 23:37:19 com_github_MitjaNemec_ReplicateLayout.replicate_layout 985:Src text UUid:bfca7431-57a1-4086-bcee-2fec667c96ef
01-23 23:37:19 com_github_MitjaNemec_ReplicateLayout.replicate_layout 986:Dst text UUid:dfe566c4-077b-479b-b652-d2a0fc3ec25c
01-23 23:37:19 com_github_MitjaNemec_ReplicateLayout.replicate_layout 985:Src text UUid:50f31f6e-a3f8-4d2a-972b-1d6a299d2004
01-23 23:37:19 com_github_MitjaNemec_ReplicateLayout.replicate_layout 986:Dst text UUid:6b240d90-8b47-4577-8de2-6be5e940e7c4
01-23 23:37:19 com_github_MitjaNemec_ReplicateLayout.replicate_layout 985:Src text UUid:3a27d573-5de9-4319-885f-87252f239194
01-23 23:37:19 com_github_MitjaNemec_ReplicateLayout.replicate_layout 986:Dst text UUid:da0e09ae-f973-4388-8d24-5135694e62d6
01-23 23:37:19 com_github_MitjaNemec_ReplicateLayout.replicate_layout 985:Src text UUid:caa35b2c-09c8-4732-8a7a-532bc29f0dc8
01-23 23:37:19 com_github_MitjaNemec_ReplicateLayout.replicate_layout 986:Dst text UUid:a372392a-94c2-4fe4-812a-758c18a96f3a
01-23 23:37:19 com_github_MitjaNemec_ReplicateLayout.replicate_layout 868:Replicating footprints on sheet ['switch6']
01-23 23:37:19 com_github_MitjaNemec_ReplicateLayout.replicate_layout 985:Src text UUid:54e8605d-204d-463d-89fe-7484193b2c8b
01-23 23:37:19 com_github_MitjaNemec_ReplicateLayout.replicate_layout 986:Dst text UUid:0da24072-30d2-434d-af0a-c8ab6a03003e
01-23 23:37:19 com_github_MitjaNemec_ReplicateLayout.replicate_layout 985:Src text UUid:54c94b94-319b-41b7-8d3c-a1c4f8f92282
01-23 23:37:19 com_github_MitjaNemec_ReplicateLayout.replicate_layout 986:Dst text UUid:290a0544-c09c-446e-80bf-ccdb4ed6cd0e
01-23 23:37:19 com_github_MitjaNemec_ReplicateLayout.replicate_layout 985:Src text UUid:94f88a6a-4714-4575-a503-73f5ec9ec979
01-23 23:37:19 com_github_MitjaNemec_ReplicateLayout.replicate_layout 986:Dst text UUid:4960f785-cc10-43c9-8502-66b21965155e
01-23 23:37:19 com_github_MitjaNemec_ReplicateLayout.replicate_layout 985:Src text UUid:a89d5335-d9bc-4d8b-8684-6dc026eafa6c
01-23 23:37:19 com_github_MitjaNemec_ReplicateLayout.replicate_layout 986:Dst text UUid:e095343e-c96c-4628-af13-6ec745b715f0
01-23 23:37:19 com_github_MitjaNemec_ReplicateLayout.replicate_layout 985:Src text UUid:cb3aef3b-05aa-43b5-bd6d-1468dbff18c6
01-23 23:37:19 com_github_MitjaNemec_ReplicateLayout.replicate_layout 986:Dst text UUid:584df647-a228-4c13-9f1a-56640fa0192a
01-23 23:37:19 com_github_MitjaNemec_ReplicateLayout.replicate_layout 985:Src text UUid:f1290df5-580a-425f-b142-67c56eb76b36
01-23 23:37:19 com_github_MitjaNemec_ReplicateLayout.replicate_layout 986:Dst text UUid:32bdd460-9520-4a95-8ccb-abf45c514572
01-23 23:37:19 com_github_MitjaNemec_ReplicateLayout.replicate_layout 985:Src text UUid:320e1533-5058-431b-80a7-d7d498d90178
01-23 23:37:19 com_github_MitjaNemec_ReplicateLayout.replicate_layout 986:Dst text UUid:9eea7600-53ad-47e6-b555-960b51086e87
01-23 23:37:19 com_github_MitjaNemec_ReplicateLayout.replicate_layout 985:Src text UUid:4affe8cb-372c-4882-a517-9d1979cd4033
01-23 23:37:19 com_github_MitjaNemec_ReplicateLayout.replicate_layout 986:Dst text UUid:c22d9a93-3a77-439a-9992-4174e35c50ec
01-23 23:37:19 com_github_MitjaNemec_ReplicateLayout.replicate_layout 985:Src text UUid:d202a09f-6214-45c8-81b3-6464c258c50a
01-23 23:37:19 com_github_MitjaNemec_ReplicateLayout.replicate_layout 986:Dst text UUid:0e183cf0-10f4-4dd2-90c5-3105fa7a141f
01-23 23:37:19 com_github_MitjaNemec_ReplicateLayout.replicate_layout 985:Src text UUid:984bcda6-761c-4925-a7a2-08ac4cb55737
01-23 23:37:19 com_github_MitjaNemec_ReplicateLayout.replicate_layout 986:Dst text UUid:3109b828-1bd1-495d-9fe1-1f14e6b3b3da
01-23 23:37:19 com_github_MitjaNemec_ReplicateLayout.replicate_layout 985:Src text UUid:586012d2-20d7-4dbc-8d16-9b29ed13e252
01-23 23:37:19 com_github_MitjaNemec_ReplicateLayout.replicate_layout 986:Dst text UUid:b14410b2-c34b-4fdd-82f4-8eb7af6f11d7
01-23 23:37:19 root 337:updating GUI with: 79
01-23 23:37:19 com_github_MitjaNemec_ReplicateLayout.replicate_layout 985:Src text UUid:8bb5ee19-0aa9-414e-abac-d89bc31b41e5
01-23 23:37:19 com_github_MitjaNemec_ReplicateLayout.replicate_layout 986:Dst text UUid:aa270b44-7366-487e-865a-02c52fd6ed37
01-23 23:37:19 com_github_MitjaNemec_ReplicateLayout.replicate_layout 985:Src text UUid:ee0c7ce0-160e-4c78-b3c1-93c96127107c
01-23 23:37:19 com_github_MitjaNemec_ReplicateLayout.replicate_layout 986:Dst text UUid:20db0794-5a88-422f-920c-a21ae3140705
01-23 23:37:19 com_github_MitjaNemec_ReplicateLayout.replicate_layout 985:Src text UUid:8b1e3088-88a6-4317-950e-75318c1ceeb5
01-23 23:37:19 com_github_MitjaNemec_ReplicateLayout.replicate_layout 986:Dst text UUid:43c317b7-78cb-4400-9e5e-36864f23b87d
01-23 23:37:19 com_github_MitjaNemec_ReplicateLayout.replicate_layout 985:Src text UUid:ed202874-2624-4377-98db-4a79e182890f
01-23 23:37:19 com_github_MitjaNemec_ReplicateLayout.replicate_layout 986:Dst text UUid:c76d936c-a463-4eb4-8784-bc4967e81129
01-23 23:37:19 com_github_MitjaNemec_ReplicateLayout.replicate_layout 985:Src text UUid:0e681dc2-e6bb-40f9-a099-a9f50b345e64
01-23 23:37:19 com_github_MitjaNemec_ReplicateLayout.replicate_layout 986:Dst text UUid:d4a6edf5-0ad2-40b7-af33-d177b7b5d64d
01-23 23:37:19 com_github_MitjaNemec_ReplicateLayout.replicate_layout 985:Src text UUid:8c8c43f9-0214-46bb-93d6-8cfe1aaea550
01-23 23:37:19 com_github_MitjaNemec_ReplicateLayout.replicate_layout 986:Dst text UUid:a0715b4c-8ad4-4d81-963c-bb4cf38df377
01-23 23:37:19 com_github_MitjaNemec_ReplicateLayout.replicate_layout 985:Src text UUid:4ac54e48-ea04-4af9-b256-c29433b6f3c2
01-23 23:37:19 com_github_MitjaNemec_ReplicateLayout.replicate_layout 986:Dst text UUid:efe5124d-23d5-4ab1-8dcb-144cf3ccc63d
01-23 23:37:19 com_github_MitjaNemec_ReplicateLayout.replicate_layout 985:Src text UUid:19a28620-0e03-4831-a2e1-c193cb18ac1b
01-23 23:37:19 com_github_MitjaNemec_ReplicateLayout.replicate_layout 986:Dst text UUid:e1ee6727-bb76-4304-a7a8-d70017da7066
01-23 23:37:19 com_github_MitjaNemec_ReplicateLayout.replicate_layout 985:Src text UUid:cde0eae9-cf51-478d-9206-7d2ba824832a
01-23 23:37:19 com_github_MitjaNemec_ReplicateLayout.replicate_layout 986:Dst text UUid:e5ba85c8-83d8-4ab3-957a-0be5b760c7ed
01-23 23:37:19 com_github_MitjaNemec_ReplicateLayout.replicate_layout 985:Src text UUid:bfca7431-57a1-4086-bcee-2fec667c96ef
01-23 23:37:19 com_github_MitjaNemec_ReplicateLayout.replicate_layout 986:Dst text UUid:3173cf80-acf7-4432-9d0c-b4e12ab873ae
01-23 23:37:19 com_github_MitjaNemec_ReplicateLayout.replicate_layout 985:Src text UUid:50f31f6e-a3f8-4d2a-972b-1d6a299d2004
01-23 23:37:19 com_github_MitjaNemec_ReplicateLayout.replicate_layout 986:Dst text UUid:02836036-4746-4ccb-89a3-35b626aa1631
01-23 23:37:19 com_github_MitjaNemec_ReplicateLayout.replicate_layout 985:Src text UUid:3a27d573-5de9-4319-885f-87252f239194
01-23 23:37:19 com_github_MitjaNemec_ReplicateLayout.replicate_layout 986:Dst text UUid:625f5558-8fe8-4b27-ad57-b2ee19e4c801
01-23 23:37:19 com_github_MitjaNemec_ReplicateLayout.replicate_layout 985:Src text UUid:caa35b2c-09c8-4732-8a7a-532bc29f0dc8
01-23 23:37:19 com_github_MitjaNemec_ReplicateLayout.replicate_layout 986:Dst text UUid:8722c171-6898-4a34-a251-f970c1722eec
01-23 23:37:19 com_github_MitjaNemec_ReplicateLayout.replicate_layout 868:Replicating footprints on sheet ['switch7']
01-23 23:37:19 com_github_MitjaNemec_ReplicateLayout.replicate_layout 985:Src text UUid:54e8605d-204d-463d-89fe-7484193b2c8b
01-23 23:37:19 com_github_MitjaNemec_ReplicateLayout.replicate_layout 986:Dst text UUid:7b887079-4038-4c60-9402-489372434ca9
01-23 23:37:19 com_github_MitjaNemec_ReplicateLayout.replicate_layout 985:Src text UUid:54c94b94-319b-41b7-8d3c-a1c4f8f92282
01-23 23:37:19 com_github_MitjaNemec_ReplicateLayout.replicate_layout 986:Dst text UUid:fd61d2b4-b933-44d6-bc19-e43ddeeee825
01-23 23:37:19 com_github_MitjaNemec_ReplicateLayout.replicate_layout 985:Src text UUid:94f88a6a-4714-4575-a503-73f5ec9ec979
01-23 23:37:19 com_github_MitjaNemec_ReplicateLayout.replicate_layout 986:Dst text UUid:928787f5-20a5-4eb6-b286-a7c7ba2c9e73
01-23 23:37:19 com_github_MitjaNemec_ReplicateLayout.replicate_layout 985:Src text UUid:a89d5335-d9bc-4d8b-8684-6dc026eafa6c
01-23 23:37:19 com_github_MitjaNemec_ReplicateLayout.replicate_layout 986:Dst text UUid:12fac2cb-de3e-4ea1-a442-ca32e591e7c2
01-23 23:37:19 com_github_MitjaNemec_ReplicateLayout.replicate_layout 985:Src text UUid:cb3aef3b-05aa-43b5-bd6d-1468dbff18c6
01-23 23:37:19 com_github_MitjaNemec_ReplicateLayout.replicate_layout 986:Dst text UUid:af226f11-3de1-4db1-a3e4-9e338aa11e48
01-23 23:37:19 com_github_MitjaNemec_ReplicateLayout.replicate_layout 985:Src text UUid:f1290df5-580a-425f-b142-67c56eb76b36
01-23 23:37:19 com_github_MitjaNemec_ReplicateLayout.replicate_layout 986:Dst text UUid:ed3da362-c746-4b35-be76-ec6e9499ffce
01-23 23:37:19 com_github_MitjaNemec_ReplicateLayout.replicate_layout 985:Src text UUid:320e1533-5058-431b-80a7-d7d498d90178
01-23 23:37:19 com_github_MitjaNemec_ReplicateLayout.replicate_layout 986:Dst text UUid:9fc0c1fd-ed3b-41e6-ae15-0ee0034187b5
01-23 23:37:19 com_github_MitjaNemec_ReplicateLayout.replicate_layout 985:Src text UUid:4affe8cb-372c-4882-a517-9d1979cd4033
01-23 23:37:19 com_github_MitjaNemec_ReplicateLayout.replicate_layout 986:Dst text UUid:ea3ca6ee-5b4a-46a7-bf8c-1dbd56d952c2
01-23 23:37:19 com_github_MitjaNemec_ReplicateLayout.replicate_layout 985:Src text UUid:d202a09f-6214-45c8-81b3-6464c258c50a
01-23 23:37:19 com_github_MitjaNemec_ReplicateLayout.replicate_layout 986:Dst text UUid:e3fd55cc-c246-4661-8d0c-8cd0049e2a29
01-23 23:37:19 com_github_MitjaNemec_ReplicateLayout.replicate_layout 985:Src text UUid:984bcda6-761c-4925-a7a2-08ac4cb55737
01-23 23:37:19 com_github_MitjaNemec_ReplicateLayout.replicate_layout 986:Dst text UUid:5f5195cb-0968-4a88-ae9c-bdfb9e574da1
01-23 23:37:19 com_github_MitjaNemec_ReplicateLayout.replicate_layout 985:Src text UUid:586012d2-20d7-4dbc-8d16-9b29ed13e252
01-23 23:37:19 com_github_MitjaNemec_ReplicateLayout.replicate_layout 986:Dst text UUid:4a4e9416-267a-47fb-ab7e-6c91d1aad2ba
01-23 23:37:19 com_github_MitjaNemec_ReplicateLayout.replicate_layout 985:Src text UUid:8bb5ee19-0aa9-414e-abac-d89bc31b41e5
01-23 23:37:19 com_github_MitjaNemec_ReplicateLayout.replicate_layout 986:Dst text UUid:7e28ab6a-41f8-4517-8b62-28564b497c3a
01-23 23:37:19 com_github_MitjaNemec_ReplicateLayout.replicate_layout 985:Src text UUid:ee0c7ce0-160e-4c78-b3c1-93c96127107c
01-23 23:37:19 com_github_MitjaNemec_ReplicateLayout.replicate_layout 986:Dst text UUid:7f7ce41a-9bc9-41df-8dac-15a2f9283b69
01-23 23:37:19 com_github_MitjaNemec_ReplicateLayout.replicate_layout 985:Src text UUid:8b1e3088-88a6-4317-950e-75318c1ceeb5
01-23 23:37:19 com_github_MitjaNemec_ReplicateLayout.replicate_layout 986:Dst text UUid:83e7c0d2-b897-4ab4-a895-ed113301a3bc
01-23 23:37:19 com_github_MitjaNemec_ReplicateLayout.replicate_layout 985:Src text UUid:ed202874-2624-4377-98db-4a79e182890f
01-23 23:37:19 com_github_MitjaNemec_ReplicateLayout.replicate_layout 986:Dst text UUid:94deedbd-7454-46fb-959b-5184fb6328af
01-23 23:37:19 com_github_MitjaNemec_ReplicateLayout.replicate_layout 985:Src text UUid:0e681dc2-e6bb-40f9-a099-a9f50b345e64
01-23 23:37:19 com_github_MitjaNemec_ReplicateLayout.replicate_layout 986:Dst text UUid:7bb67bb5-102f-454a-b940-153e384ae81e
01-23 23:37:19 com_github_MitjaNemec_ReplicateLayout.replicate_layout 985:Src text UUid:8c8c43f9-0214-46bb-93d6-8cfe1aaea550
01-23 23:37:19 com_github_MitjaNemec_ReplicateLayout.replicate_layout 986:Dst text UUid:59506a34-f508-4920-8ae5-cb810c01aed7
01-23 23:37:19 com_github_MitjaNemec_ReplicateLayout.replicate_layout 985:Src text UUid:4ac54e48-ea04-4af9-b256-c29433b6f3c2
01-23 23:37:19 com_github_MitjaNemec_ReplicateLayout.replicate_layout 986:Dst text UUid:668ad3d7-2f49-41ab-8bf5-b4bcc51a579e
01-23 23:37:19 com_github_MitjaNemec_ReplicateLayout.replicate_layout 985:Src text UUid:19a28620-0e03-4831-a2e1-c193cb18ac1b
01-23 23:37:19 com_github_MitjaNemec_ReplicateLayout.replicate_layout 986:Dst text UUid:f51d136d-4f44-4462-ace1-9aa64785af41
01-23 23:37:19 com_github_MitjaNemec_ReplicateLayout.replicate_layout 985:Src text UUid:cde0eae9-cf51-478d-9206-7d2ba824832a
01-23 23:37:19 com_github_MitjaNemec_ReplicateLayout.replicate_layout 986:Dst text UUid:489110de-0d66-41c5-9c2e-0589e78abe16
01-23 23:37:19 com_github_MitjaNemec_ReplicateLayout.replicate_layout 985:Src text UUid:bfca7431-57a1-4086-bcee-2fec667c96ef
01-23 23:37:19 com_github_MitjaNemec_ReplicateLayout.replicate_layout 986:Dst text UUid:9ec2a575-8c00-4f8b-9dba-a266f47ea523
01-23 23:37:19 com_github_MitjaNemec_ReplicateLayout.replicate_layout 985:Src text UUid:50f31f6e-a3f8-4d2a-972b-1d6a299d2004
01-23 23:37:19 com_github_MitjaNemec_ReplicateLayout.replicate_layout 986:Dst text UUid:064a2cd5-032f-46ce-802f-2906bc602876
01-23 23:37:19 com_github_MitjaNemec_ReplicateLayout.replicate_layout 985:Src text UUid:3a27d573-5de9-4319-885f-87252f239194
01-23 23:37:19 com_github_MitjaNemec_ReplicateLayout.replicate_layout 986:Dst text UUid:c4b14f66-3ea7-4f59-a9f9-a82d507470d4
01-23 23:37:19 com_github_MitjaNemec_ReplicateLayout.replicate_layout 985:Src text UUid:caa35b2c-09c8-4732-8a7a-532bc29f0dc8
01-23 23:37:19 com_github_MitjaNemec_ReplicateLayout.replicate_layout 986:Dst text UUid:fd97dd0d-7f2d-41bc-854f-f15dcd144a44
01-23 23:37:19 root 332:updating GUI message: 'Replicating tracks'
01-23 23:37:19 com_github_MitjaNemec_ReplicateLayout.replicate_layout 1009:Replicating tracks
01-23 23:37:19 com_github_MitjaNemec_ReplicateLayout.replicate_layout 1015:Replicating tracks on sheet ['switch1']
01-23 23:37:19 com_github_MitjaNemec_ReplicateLayout.replicate_layout 776:Significant difference between src net: ['', 'P7'] and dst net: ['', 'P0'], with src_net_depth=2, dst_net_depth=2, src_fp_depth=1, dst_fp_depth=1, match level 0.75
01-23 23:37:19 com_github_MitjaNemec_ReplicateLayout.replicate_layout 776:Significant difference between src net: ['', 'P7'] and dst net: ['', 'P0'], with src_net_depth=2, dst_net_depth=2, src_fp_depth=1, dst_fp_depth=1, match level 0.75
01-23 23:37:19 com_github_MitjaNemec_ReplicateLayout.replicate_layout 776:Significant difference between src net: ['', 'P7'] and dst net: ['', 'P0'], with src_net_depth=2, dst_net_depth=2, src_fp_depth=1, dst_fp_depth=1, match level 0.75
01-23 23:37:19 com_github_MitjaNemec_ReplicateLayout.replicate_layout 776:Significant difference between src net: ['', 'P7'] and dst net: ['', 'P0'], with src_net_depth=2, dst_net_depth=2, src_fp_depth=1, dst_fp_depth=1, match level 0.75
01-23 23:37:19 com_github_MitjaNemec_ReplicateLayout.replicate_layout 792:Net pairs for sheet ['switch1'] :[('Net-(D901-K)', 'Net-(D201-K)'), ('GND', 'GND'), ('unconnected-(SW901A-A-Pad1)', 'unconnected-(SW201A-A-Pad1)'), ('Net-(D902-K)', 'Net-(D202-K)'), ('Net-(D901-A)', 'Net-(D201-A)'), ('+5V', '+5V'), ('/P7', '/P0')]
01-23 23:37:19 com_github_MitjaNemec_ReplicateLayout.replicate_layout 1015:Replicating tracks on sheet ['switch2']
01-23 23:37:19 com_github_MitjaNemec_ReplicateLayout.replicate_layout 776:Significant difference between src net: ['', 'P7'] and dst net: ['', 'P1'], with src_net_depth=2, dst_net_depth=2, src_fp_depth=1, dst_fp_depth=1, match level 0.75
01-23 23:37:19 com_github_MitjaNemec_ReplicateLayout.replicate_layout 776:Significant difference between src net: ['', 'P7'] and dst net: ['', 'P1'], with src_net_depth=2, dst_net_depth=2, src_fp_depth=1, dst_fp_depth=1, match level 0.75
01-23 23:37:19 com_github_MitjaNemec_ReplicateLayout.replicate_layout 776:Significant difference between src net: ['', 'P7'] and dst net: ['', 'P1'], with src_net_depth=2, dst_net_depth=2, src_fp_depth=1, dst_fp_depth=1, match level 0.75
01-23 23:37:19 com_github_MitjaNemec_ReplicateLayout.replicate_layout 776:Significant difference between src net: ['', 'P7'] and dst net: ['', 'P1'], with src_net_depth=2, dst_net_depth=2, src_fp_depth=1, dst_fp_depth=1, match level 0.75
01-23 23:37:19 com_github_MitjaNemec_ReplicateLayout.replicate_layout 792:Net pairs for sheet ['switch2'] :[('Net-(D902-K)', 'Net-(D302-K)'), ('/P7', '/P1'), ('Net-(D901-A)', 'Net-(D301-A)'), ('Net-(D901-K)', 'Net-(D301-K)'), ('unconnected-(SW901A-A-Pad1)', 'unconnected-(SW301A-A-Pad1)'), ('+5V', '+5V'), ('GND', 'GND')]
01-23 23:37:19 root 337:updating GUI with: 24
01-23 23:37:19 com_github_MitjaNemec_ReplicateLayout.replicate_layout 1015:Replicating tracks on sheet ['switch3']
01-23 23:37:19 com_github_MitjaNemec_ReplicateLayout.replicate_layout 776:Significant difference between src net: ['', 'P7'] and dst net: ['', 'P2'], with src_net_depth=2, dst_net_depth=2, src_fp_depth=1, dst_fp_depth=1, match level 0.75
01-23 23:37:19 com_github_MitjaNemec_ReplicateLayout.replicate_layout 776:Significant difference between src net: ['', 'P7'] and dst net: ['', 'P2'], with src_net_depth=2, dst_net_depth=2, src_fp_depth=1, dst_fp_depth=1, match level 0.75
01-23 23:37:19 com_github_MitjaNemec_ReplicateLayout.replicate_layout 776:Significant difference between src net: ['', 'P7'] and dst net: ['', 'P2'], with src_net_depth=2, dst_net_depth=2, src_fp_depth=1, dst_fp_depth=1, match level 0.75
01-23 23:37:19 com_github_MitjaNemec_ReplicateLayout.replicate_layout 776:Significant difference between src net: ['', 'P7'] and dst net: ['', 'P2'], with src_net_depth=2, dst_net_depth=2, src_fp_depth=1, dst_fp_depth=1, match level 0.75
01-23 23:37:19 com_github_MitjaNemec_ReplicateLayout.replicate_layout 792:Net pairs for sheet ['switch3'] :[('Net-(D901-A)', 'Net-(D401-A)'), ('unconnected-(SW901A-A-Pad1)', 'unconnected-(SW401A-A-Pad1)'), ('/P7', '/P2'), ('Net-(D902-K)', 'Net-(D402-K)'), ('Net-(D901-K)', 'Net-(D401-K)'), ('+5V', '+5V'), ('GND', 'GND')]
01-23 23:37:19 com_github_MitjaNemec_ReplicateLayout.replicate_layout 1015:Replicating tracks on sheet ['switch4']
01-23 23:37:19 com_github_MitjaNemec_ReplicateLayout.replicate_layout 776:Significant difference between src net: ['', 'P7'] and dst net: ['', 'P3'], with src_net_depth=2, dst_net_depth=2, src_fp_depth=1, dst_fp_depth=1, match level 0.75
01-23 23:37:19 com_github_MitjaNemec_ReplicateLayout.replicate_layout 776:Significant difference between src net: ['', 'P7'] and dst net: ['', 'P3'], with src_net_depth=2, dst_net_depth=2, src_fp_depth=1, dst_fp_depth=1, match level 0.75
01-23 23:37:19 com_github_MitjaNemec_ReplicateLayout.replicate_layout 776:Significant difference between src net: ['', 'P7'] and dst net: ['', 'P3'], with src_net_depth=2, dst_net_depth=2, src_fp_depth=1, dst_fp_depth=1, match level 0.75
01-23 23:37:19 com_github_MitjaNemec_ReplicateLayout.replicate_layout 776:Significant difference between src net: ['', 'P7'] and dst net: ['', 'P3'], with src_net_depth=2, dst_net_depth=2, src_fp_depth=1, dst_fp_depth=1, match level 0.75
01-23 23:37:19 com_github_MitjaNemec_ReplicateLayout.replicate_layout 792:Net pairs for sheet ['switch4'] :[('Net-(D901-K)', 'Net-(D501-K)'), ('Net-(D902-K)', 'Net-(D502-K)'), ('unconnected-(SW901A-A-Pad1)', 'unconnected-(SW501A-A-Pad1)'), ('/P7', '/P3'), ('Net-(D901-A)', 'Net-(D501-A)'), ('+5V', '+5V'), ('GND', 'GND')]
01-23 23:37:19 com_github_MitjaNemec_ReplicateLayout.replicate_layout 1015:Replicating tracks on sheet ['switch5']
01-23 23:37:19 com_github_MitjaNemec_ReplicateLayout.replicate_layout 776:Significant difference between src net: ['', 'P7'] and dst net: ['', 'P4'], with src_net_depth=2, dst_net_depth=2, src_fp_depth=1, dst_fp_depth=1, match level 0.75
01-23 23:37:19 com_github_MitjaNemec_ReplicateLayout.replicate_layout 776:Significant difference between src net: ['', 'P7'] and dst net: ['', 'P4'], with src_net_depth=2, dst_net_depth=2, src_fp_depth=1, dst_fp_depth=1, match level 0.75
01-23 23:37:19 com_github_MitjaNemec_ReplicateLayout.replicate_layout 776:Significant difference between src net: ['', 'P7'] and dst net: ['', 'P4'], with src_net_depth=2, dst_net_depth=2, src_fp_depth=1, dst_fp_depth=1, match level 0.75
01-23 23:37:19 com_github_MitjaNemec_ReplicateLayout.replicate_layout 776:Significant difference between src net: ['', 'P7'] and dst net: ['', 'P4'], with src_net_depth=2, dst_net_depth=2, src_fp_depth=1, dst_fp_depth=1, match level 0.75
01-23 23:37:19 com_github_MitjaNemec_ReplicateLayout.replicate_layout 792:Net pairs for sheet ['switch5'] :[('unconnected-(SW901A-A-Pad1)', 'unconnected-(SW601A-A-Pad1)'), ('/P7', '/P4'), ('Net-(D902-K)', 'Net-(D602-K)'), ('Net-(D901-A)', 'Net-(D601-A)'), ('+5V', '+5V'), ('Net-(D901-K)', 'Net-(D601-K)'), ('GND', 'GND')]
01-23 23:37:19 com_github_MitjaNemec_ReplicateLayout.replicate_layout 1015:Replicating tracks on sheet ['switch6']
01-23 23:37:19 com_github_MitjaNemec_ReplicateLayout.replicate_layout 776:Significant difference between src net: ['', 'P7'] and dst net: ['', 'P5'], with src_net_depth=2, dst_net_depth=2, src_fp_depth=1, dst_fp_depth=1, match level 0.75
01-23 23:37:19 com_github_MitjaNemec_ReplicateLayout.replicate_layout 776:Significant difference between src net: ['', 'P7'] and dst net: ['', 'P5'], with src_net_depth=2, dst_net_depth=2, src_fp_depth=1, dst_fp_depth=1, match level 0.75
01-23 23:37:19 com_github_MitjaNemec_ReplicateLayout.replicate_layout 776:Significant difference between src net: ['', 'P7'] and dst net: ['', 'P5'], with src_net_depth=2, dst_net_depth=2, src_fp_depth=1, dst_fp_depth=1, match level 0.75
01-23 23:37:19 com_github_MitjaNemec_ReplicateLayout.replicate_layout 776:Significant difference between src net: ['', 'P7'] and dst net: ['', 'P5'], with src_net_depth=2, dst_net_depth=2, src_fp_depth=1, dst_fp_depth=1, match level 0.75
01-23 23:37:19 com_github_MitjaNemec_ReplicateLayout.replicate_layout 792:Net pairs for sheet ['switch6'] :[('Net-(D901-A)', 'Net-(D701-A)'), ('Net-(D902-K)', 'Net-(D702-K)'), ('unconnected-(SW901A-A-Pad1)', 'unconnected-(SW701A-A-Pad1)'), ('Net-(D901-K)', 'Net-(D701-K)'), ('/P7', '/P5'), ('+5V', '+5V'), ('GND', 'GND')]
01-23 23:37:19 com_github_MitjaNemec_ReplicateLayout.replicate_layout 1015:Replicating tracks on sheet ['switch7']
01-23 23:37:19 com_github_MitjaNemec_ReplicateLayout.replicate_layout 776:Significant difference between src net: ['', 'P7'] and dst net: ['', 'P6'], with src_net_depth=2, dst_net_depth=2, src_fp_depth=1, dst_fp_depth=1, match level 0.75
01-23 23:37:19 com_github_MitjaNemec_ReplicateLayout.replicate_layout 776:Significant difference between src net: ['', 'P7'] and dst net: ['', 'P6'], with src_net_depth=2, dst_net_depth=2, src_fp_depth=1, dst_fp_depth=1, match level 0.75
01-23 23:37:19 com_github_MitjaNemec_ReplicateLayout.replicate_layout 776:Significant difference between src net: ['', 'P7'] and dst net: ['', 'P6'], with src_net_depth=2, dst_net_depth=2, src_fp_depth=1, dst_fp_depth=1, match level 0.75
01-23 23:37:19 com_github_MitjaNemec_ReplicateLayout.replicate_layout 776:Significant difference between src net: ['', 'P7'] and dst net: ['', 'P6'], with src_net_depth=2, dst_net_depth=2, src_fp_depth=1, dst_fp_depth=1, match level 0.75
01-23 23:37:19 com_github_MitjaNemec_ReplicateLayout.replicate_layout 792:Net pairs for sheet ['switch7'] :[('Net-(D901-A)', 'Net-(D801-A)'), ('Net-(D901-K)', 'Net-(D801-K)'), ('unconnected-(SW901A-A-Pad1)', 'unconnected-(SW801A-A-Pad1)'), ('/P7', '/P6'), ('+5V', '+5V'), ('Net-(D902-K)', 'Net-(D802-K)'), ('GND', 'GND')]
01-23 23:37:19 root 332:updating GUI message: 'Replicating zones'
01-23 23:37:19 com_github_MitjaNemec_ReplicateLayout.replicate_layout 1079:Replicating zones
01-23 23:37:19 com_github_MitjaNemec_ReplicateLayout.replicate_layout 1086:Replicating zones on sheet ['switch1']
01-23 23:37:19 com_github_MitjaNemec_ReplicateLayout.replicate_layout 776:Significant difference between src net: ['', 'P7'] and dst net: ['', 'P0'], with src_net_depth=2, dst_net_depth=2, src_fp_depth=1, dst_fp_depth=1, match level 0.75
01-23 23:37:19 com_github_MitjaNemec_ReplicateLayout.replicate_layout 776:Significant difference between src net: ['', 'P7'] and dst net: ['', 'P0'], with src_net_depth=2, dst_net_depth=2, src_fp_depth=1, dst_fp_depth=1, match level 0.75
01-23 23:37:19 com_github_MitjaNemec_ReplicateLayout.replicate_layout 776:Significant difference between src net: ['', 'P7'] and dst net: ['', 'P0'], with src_net_depth=2, dst_net_depth=2, src_fp_depth=1, dst_fp_depth=1, match level 0.75
01-23 23:37:19 com_github_MitjaNemec_ReplicateLayout.replicate_layout 776:Significant difference between src net: ['', 'P7'] and dst net: ['', 'P0'], with src_net_depth=2, dst_net_depth=2, src_fp_depth=1, dst_fp_depth=1, match level 0.75
01-23 23:37:19 com_github_MitjaNemec_ReplicateLayout.replicate_layout 792:Net pairs for sheet ['switch1'] :[('Net-(D901-K)', 'Net-(D201-K)'), ('GND', 'GND'), ('unconnected-(SW901A-A-Pad1)', 'unconnected-(SW201A-A-Pad1)'), ('Net-(D902-K)', 'Net-(D202-K)'), ('Net-(D901-A)', 'Net-(D201-A)'), ('+5V', '+5V'), ('/P7', '/P0')]
01-23 23:37:19 com_github_MitjaNemec_ReplicateLayout.replicate_layout 1086:Replicating zones on sheet ['switch2']
01-23 23:37:19 com_github_MitjaNemec_ReplicateLayout.replicate_layout 776:Significant difference between src net: ['', 'P7'] and dst net: ['', 'P1'], with src_net_depth=2, dst_net_depth=2, src_fp_depth=1, dst_fp_depth=1, match level 0.75
01-23 23:37:19 com_github_MitjaNemec_ReplicateLayout.replicate_layout 776:Significant difference between src net: ['', 'P7'] and dst net: ['', 'P1'], with src_net_depth=2, dst_net_depth=2, src_fp_depth=1, dst_fp_depth=1, match level 0.75
01-23 23:37:19 com_github_MitjaNemec_ReplicateLayout.replicate_layout 776:Significant difference between src net: ['', 'P7'] and dst net: ['', 'P1'], with src_net_depth=2, dst_net_depth=2, src_fp_depth=1, dst_fp_depth=1, match level 0.75
01-23 23:37:19 com_github_MitjaNemec_ReplicateLayout.replicate_layout 776:Significant difference between src net: ['', 'P7'] and dst net: ['', 'P1'], with src_net_depth=2, dst_net_depth=2, src_fp_depth=1, dst_fp_depth=1, match level 0.75
01-23 23:37:19 com_github_MitjaNemec_ReplicateLayout.replicate_layout 792:Net pairs for sheet ['switch2'] :[('Net-(D902-K)', 'Net-(D302-K)'), ('/P7', '/P1'), ('Net-(D901-A)', 'Net-(D301-A)'), ('Net-(D901-K)', 'Net-(D301-K)'), ('unconnected-(SW901A-A-Pad1)', 'unconnected-(SW301A-A-Pad1)'), ('+5V', '+5V'), ('GND', 'GND')]
01-23 23:37:19 com_github_MitjaNemec_ReplicateLayout.replicate_layout 1086:Replicating zones on sheet ['switch3']
01-23 23:37:19 com_github_MitjaNemec_ReplicateLayout.replicate_layout 776:Significant difference between src net: ['', 'P7'] and dst net: ['', 'P2'], with src_net_depth=2, dst_net_depth=2, src_fp_depth=1, dst_fp_depth=1, match level 0.75
01-23 23:37:19 com_github_MitjaNemec_ReplicateLayout.replicate_layout 776:Significant difference between src net: ['', 'P7'] and dst net: ['', 'P2'], with src_net_depth=2, dst_net_depth=2, src_fp_depth=1, dst_fp_depth=1, match level 0.75
01-23 23:37:19 com_github_MitjaNemec_ReplicateLayout.replicate_layout 776:Significant difference between src net: ['', 'P7'] and dst net: ['', 'P2'], with src_net_depth=2, dst_net_depth=2, src_fp_depth=1, dst_fp_depth=1, match level 0.75
01-23 23:37:19 com_github_MitjaNemec_ReplicateLayout.replicate_layout 776:Significant difference between src net: ['', 'P7'] and dst net: ['', 'P2'], with src_net_depth=2, dst_net_depth=2, src_fp_depth=1, dst_fp_depth=1, match level 0.75
01-23 23:37:19 com_github_MitjaNemec_ReplicateLayout.replicate_layout 792:Net pairs for sheet ['switch3'] :[('Net-(D901-A)', 'Net-(D401-A)'), ('unconnected-(SW901A-A-Pad1)', 'unconnected-(SW401A-A-Pad1)'), ('/P7', '/P2'), ('Net-(D902-K)', 'Net-(D402-K)'), ('Net-(D901-K)', 'Net-(D401-K)'), ('+5V', '+5V'), ('GND', 'GND')]
01-23 23:37:19 com_github_MitjaNemec_ReplicateLayout.replicate_layout 1086:Replicating zones on sheet ['switch4']
01-23 23:37:19 com_github_MitjaNemec_ReplicateLayout.replicate_layout 776:Significant difference between src net: ['', 'P7'] and dst net: ['', 'P3'], with src_net_depth=2, dst_net_depth=2, src_fp_depth=1, dst_fp_depth=1, match level 0.75
01-23 23:37:19 com_github_MitjaNemec_ReplicateLayout.replicate_layout 776:Significant difference between src net: ['', 'P7'] and dst net: ['', 'P3'], with src_net_depth=2, dst_net_depth=2, src_fp_depth=1, dst_fp_depth=1, match level 0.75
01-23 23:37:19 com_github_MitjaNemec_ReplicateLayout.replicate_layout 776:Significant difference between src net: ['', 'P7'] and dst net: ['', 'P3'], with src_net_depth=2, dst_net_depth=2, src_fp_depth=1, dst_fp_depth=1, match level 0.75
01-23 23:37:19 com_github_MitjaNemec_ReplicateLayout.replicate_layout 776:Significant difference between src net: ['', 'P7'] and dst net: ['', 'P3'], with src_net_depth=2, dst_net_depth=2, src_fp_depth=1, dst_fp_depth=1, match level 0.75
01-23 23:37:19 com_github_MitjaNemec_ReplicateLayout.replicate_layout 792:Net pairs for sheet ['switch4'] :[('Net-(D901-K)', 'Net-(D501-K)'), ('Net-(D902-K)', 'Net-(D502-K)'), ('unconnected-(SW901A-A-Pad1)', 'unconnected-(SW501A-A-Pad1)'), ('/P7', '/P3'), ('Net-(D901-A)', 'Net-(D501-A)'), ('+5V', '+5V'), ('GND', 'GND')]
01-23 23:37:19 com_github_MitjaNemec_ReplicateLayout.replicate_layout 1086:Replicating zones on sheet ['switch5']
01-23 23:37:19 com_github_MitjaNemec_ReplicateLayout.replicate_layout 776:Significant difference between src net: ['', 'P7'] and dst net: ['', 'P4'], with src_net_depth=2, dst_net_depth=2, src_fp_depth=1, dst_fp_depth=1, match level 0.75
01-23 23:37:19 com_github_MitjaNemec_ReplicateLayout.replicate_layout 776:Significant difference between src net: ['', 'P7'] and dst net: ['', 'P4'], with src_net_depth=2, dst_net_depth=2, src_fp_depth=1, dst_fp_depth=1, match level 0.75
01-23 23:37:19 com_github_MitjaNemec_ReplicateLayout.replicate_layout 776:Significant difference between src net: ['', 'P7'] and dst net: ['', 'P4'], with src_net_depth=2, dst_net_depth=2, src_fp_depth=1, dst_fp_depth=1, match level 0.75
01-23 23:37:19 com_github_MitjaNemec_ReplicateLayout.replicate_layout 776:Significant difference between src net: ['', 'P7'] and dst net: ['', 'P4'], with src_net_depth=2, dst_net_depth=2, src_fp_depth=1, dst_fp_depth=1, match level 0.75
01-23 23:37:19 com_github_MitjaNemec_ReplicateLayout.replicate_layout 792:Net pairs for sheet ['switch5'] :[('unconnected-(SW901A-A-Pad1)', 'unconnected-(SW601A-A-Pad1)'), ('/P7', '/P4'), ('Net-(D902-K)', 'Net-(D602-K)'), ('Net-(D901-A)', 'Net-(D601-A)'), ('+5V', '+5V'), ('Net-(D901-K)', 'Net-(D601-K)'), ('GND', 'GND')]
01-23 23:37:19 com_github_MitjaNemec_ReplicateLayout.replicate_layout 1086:Replicating zones on sheet ['switch6']
01-23 23:37:19 com_github_MitjaNemec_ReplicateLayout.replicate_layout 776:Significant difference between src net: ['', 'P7'] and dst net: ['', 'P5'], with src_net_depth=2, dst_net_depth=2, src_fp_depth=1, dst_fp_depth=1, match level 0.75
01-23 23:37:19 com_github_MitjaNemec_ReplicateLayout.replicate_layout 776:Significant difference between src net: ['', 'P7'] and dst net: ['', 'P5'], with src_net_depth=2, dst_net_depth=2, src_fp_depth=1, dst_fp_depth=1, match level 0.75
01-23 23:37:19 com_github_MitjaNemec_ReplicateLayout.replicate_layout 776:Significant difference between src net: ['', 'P7'] and dst net: ['', 'P5'], with src_net_depth=2, dst_net_depth=2, src_fp_depth=1, dst_fp_depth=1, match level 0.75
01-23 23:37:19 com_github_MitjaNemec_ReplicateLayout.replicate_layout 776:Significant difference between src net: ['', 'P7'] and dst net: ['', 'P5'], with src_net_depth=2, dst_net_depth=2, src_fp_depth=1, dst_fp_depth=1, match level 0.75
01-23 23:37:19 com_github_MitjaNemec_ReplicateLayout.replicate_layout 792:Net pairs for sheet ['switch6'] :[('Net-(D901-A)', 'Net-(D701-A)'), ('Net-(D902-K)', 'Net-(D702-K)'), ('unconnected-(SW901A-A-Pad1)', 'unconnected-(SW701A-A-Pad1)'), ('Net-(D901-K)', 'Net-(D701-K)'), ('/P7', '/P5'), ('+5V', '+5V'), ('GND', 'GND')]
01-23 23:37:19 root 337:updating GUI with: 85
01-23 23:37:19 com_github_MitjaNemec_ReplicateLayout.replicate_layout 1086:Replicating zones on sheet ['switch7']
01-23 23:37:19 com_github_MitjaNemec_ReplicateLayout.replicate_layout 776:Significant difference between src net: ['', 'P7'] and dst net: ['', 'P6'], with src_net_depth=2, dst_net_depth=2, src_fp_depth=1, dst_fp_depth=1, match level 0.75
01-23 23:37:19 com_github_MitjaNemec_ReplicateLayout.replicate_layout 776:Significant difference between src net: ['', 'P7'] and dst net: ['', 'P6'], with src_net_depth=2, dst_net_depth=2, src_fp_depth=1, dst_fp_depth=1, match level 0.75
01-23 23:37:19 com_github_MitjaNemec_ReplicateLayout.replicate_layout 776:Significant difference between src net: ['', 'P7'] and dst net: ['', 'P6'], with src_net_depth=2, dst_net_depth=2, src_fp_depth=1, dst_fp_depth=1, match level 0.75
01-23 23:37:19 com_github_MitjaNemec_ReplicateLayout.replicate_layout 776:Significant difference between src net: ['', 'P7'] and dst net: ['', 'P6'], with src_net_depth=2, dst_net_depth=2, src_fp_depth=1, dst_fp_depth=1, match level 0.75
01-23 23:37:19 com_github_MitjaNemec_ReplicateLayout.replicate_layout 792:Net pairs for sheet ['switch7'] :[('Net-(D901-A)', 'Net-(D801-A)'), ('Net-(D901-K)', 'Net-(D801-K)'), ('unconnected-(SW901A-A-Pad1)', 'unconnected-(SW801A-A-Pad1)'), ('/P7', '/P6'), ('+5V', '+5V'), ('Net-(D902-K)', 'Net-(D802-K)'), ('GND', 'GND')]
01-23 23:37:19 root 332:updating GUI message: 'Replicating text'
01-23 23:37:19 com_github_MitjaNemec_ReplicateLayout.replicate_layout 1168:Replicating text
01-23 23:37:19 com_github_MitjaNemec_ReplicateLayout.replicate_layout 1175:Replicating text on sheet ['switch1']
01-23 23:37:19 com_github_MitjaNemec_ReplicateLayout.replicate_layout 1175:Replicating text on sheet ['switch2']
01-23 23:37:19 com_github_MitjaNemec_ReplicateLayout.replicate_layout 1175:Replicating text on sheet ['switch3']
01-23 23:37:19 com_github_MitjaNemec_ReplicateLayout.replicate_layout 1175:Replicating text on sheet ['switch4']
01-23 23:37:19 com_github_MitjaNemec_ReplicateLayout.replicate_layout 1175:Replicating text on sheet ['switch5']
01-23 23:37:19 com_github_MitjaNemec_ReplicateLayout.replicate_layout 1175:Replicating text on sheet ['switch6']
01-23 23:37:19 com_github_MitjaNemec_ReplicateLayout.replicate_layout 1175:Replicating text on sheet ['switch7']
01-23 23:37:19 root 332:updating GUI message: 'Replicating drawings'
01-23 23:37:19 com_github_MitjaNemec_ReplicateLayout.replicate_layout 1219:Replicating drawings
01-23 23:37:19 com_github_MitjaNemec_ReplicateLayout.replicate_layout 1225:Replicating drawings on sheet ['switch1']
01-23 23:37:19 com_github_MitjaNemec_ReplicateLayout.replicate_layout 1225:Replicating drawings on sheet ['switch2']
01-23 23:37:19 com_github_MitjaNemec_ReplicateLayout.replicate_layout 1225:Replicating drawings on sheet ['switch3']
01-23 23:37:19 com_github_MitjaNemec_ReplicateLayout.replicate_layout 1225:Replicating drawings on sheet ['switch4']
01-23 23:37:19 com_github_MitjaNemec_ReplicateLayout.replicate_layout 1225:Replicating drawings on sheet ['switch5']
01-23 23:37:19 com_github_MitjaNemec_ReplicateLayout.replicate_layout 1225:Replicating drawings on sheet ['switch6']
01-23 23:37:19 com_github_MitjaNemec_ReplicateLayout.replicate_layout 1225:Replicating drawings on sheet ['switch7']
01-23 23:37:19 com_github_MitjaNemec_ReplicateLayout.action_replicate_layout 256:Replication complete
01-23 23:37:19 com_github_MitjaNemec_ReplicateLayout.action_replicate_layout 259:Letting the user know there are some issues with replicated design
01-23 23:37:19 com_github_MitjaNemec_ReplicateLayout.action_replicate_layout 263:Looks like the design has an exotic connectivity that the plugin might not handle properly
 Make sure that you check the connectivity around:
Footprint SW801, pad 2
Footprint J202, pad 1
Footprint SW301, pad 2
Footprint J701, pad 2
Footprint R701, pad 2
Footprint J301, pad 2
Footprint J602, pad 1
Footprint SW601, pad 2
Footprint R801, pad 2
Footprint J501, pad 2
Footprint J502, pad 1
Footprint R501, pad 2
Footprint J601, pad 2
Footprint J802, pad 1
Footprint SW701, pad 2
Footprint R201, pad 2
Footprint J702, pad 1
Footprint R301, pad 2
Footprint R401, pad 2
Footprint R601, pad 2
Footprint J302, pad 1
Footprint J401, pad 2
Footprint J201, pad 2
Footprint SW501, pad 2
Footprint J402, pad 1
Footprint J801, pad 2
Footprint SW401, pad 2
Footprint SW201, pad 2

