01-28 23:47:27 com_github_MitjaNemec_ReplicateLayout.action_replicate_layout 392:Plugin executed on: 'win32'
01-28 23:47:27 com_github_MitjaNemec_ReplicateLayout.action_replicate_layout 393:Plugin executed with python version: '3.9.16 (main, Aug  8 2023, 05:38:28) [MSC v.1936 64 bit (AMD64)]'
01-28 23:47:27 com_github_MitjaNemec_ReplicateLayout.action_replicate_layout 394:KiCad build version: 7.0.7
01-28 23:47:27 com_github_MitjaNemec_ReplicateLayout.action_replicate_layout 395:Plugin version: 2.1.3
01-28 23:47:27 com_github_MitjaNemec_ReplicateLayout.action_replicate_layout 396:Frame repr: <wx._core.Frame object at 0x0000021228A30EE0>
01-28 23:47:27 com_github_MitjaNemec_ReplicateLayout.action_replicate_layout 420:Preparing replicator with U301 as a reference
01-28 23:47:27 com_github_MitjaNemec_ReplicateLayout.replicate_layout 117:getting a list of all footprints on board
01-28 23:47:27 com_github_MitjaNemec_ReplicateLayout.replicate_layout 136:Footprint REF** does not have Sheetfile property, it will not be replicated. Most likely it is only in layout
01-28 23:47:27 com_github_MitjaNemec_ReplicateLayout.replicate_layout 136:Footprint REF** does not have Sheetfile property, it will not be replicated. Most likely it is only in layout
01-28 23:47:27 com_github_MitjaNemec_ReplicateLayout.replicate_layout 136:Footprint REF** does not have Sheetfile property, it will not be replicated. Most likely it is only in layout
01-28 23:47:27 com_github_MitjaNemec_ReplicateLayout.replicate_layout 136:Footprint REF** does not have Sheetfile property, it will not be replicated. Most likely it is only in layout
01-28 23:47:27 com_github_MitjaNemec_ReplicateLayout.action_replicate_layout 468:source anchor footprint is 'U301'
Located on: ['relay1']
With filenames: ['relay.kicad_sch']
With sheet_id:['relay1']
01-28 23:47:27 com_github_MitjaNemec_ReplicateLayout.action_replicate_layout 475:Corresponding footprints are 
[('U501', ['relay2']), ('U301', ['relay1'])]
01-28 23:47:27 com_github_MitjaNemec_ReplicateLayout.action_replicate_layout 487:Showing dialog
01-28 23:47:27 com_github_MitjaNemec_ReplicateLayout.replicate_layout 424:constructing a list of sheets suitable for replication on level:'relay1', file:'relay.kicad_sch'
01-28 23:47:27 com_github_MitjaNemec_ReplicateLayout.replicate_layout 461:suitable sheets are:[['relay2']]
01-28 23:47:27 com_github_MitjaNemec_ReplicateLayout.replicate_layout 1464:Level selected: ['relay1']
01-28 23:47:27 com_github_MitjaNemec_ReplicateLayout.replicate_layout 1299:Filtering list of tracks
01-28 23:47:27 com_github_MitjaNemec_ReplicateLayout.action_replicate_layout 493:Toolbar position: wx.Point(1643, 80)
01-28 23:47:27 com_github_MitjaNemec_ReplicateLayout.action_replicate_layout 498:Dialog position: wx.Point(1204, 80)
01-28 23:47:31 com_github_MitjaNemec_ReplicateLayout.replicate_layout 424:constructing a list of sheets suitable for replication on level:'relay1', file:'relay.kicad_sch'
01-28 23:47:31 com_github_MitjaNemec_ReplicateLayout.replicate_layout 461:suitable sheets are:[['relay2']]
01-28 23:47:31 com_github_MitjaNemec_ReplicateLayout.action_replicate_layout 240:Replicating layout
01-28 23:47:31 com_github_MitjaNemec_ReplicateLayout.replicate_layout 240:Starting replication of sheets: [['relay2']]
on level: ['relay1']
with tracks=True, zone=True, text=True, text=True, intersecting=False, remove=False, locked footprints=False, group_only=False
01-28 23:47:31 root 332:updating GUI message: 'Preparing for replication'
01-28 23:47:31 root 337:updating GUI with: 0
01-28 23:47:31 com_github_MitjaNemec_ReplicateLayout.replicate_layout 310:Getting the list of source footprints
01-28 23:47:31 com_github_MitjaNemec_ReplicateLayout.replicate_layout 320:Getting the list of all the remaining footprints
01-28 23:47:31 com_github_MitjaNemec_ReplicateLayout.replicate_layout 327:Getting source tracks
01-28 23:47:31 com_github_MitjaNemec_ReplicateLayout.replicate_layout 1299:Filtering list of tracks
01-28 23:47:31 com_github_MitjaNemec_ReplicateLayout.replicate_layout 331:Getting source zones
01-28 23:47:31 com_github_MitjaNemec_ReplicateLayout.replicate_layout 335:Getting source text items
01-28 23:47:31 com_github_MitjaNemec_ReplicateLayout.replicate_layout 339:Getting source drawing items
01-28 23:47:31 root 332:updating GUI message: 'Replicating footprints'
01-28 23:47:31 com_github_MitjaNemec_ReplicateLayout.replicate_layout 806:Replicating footprints
01-28 23:47:31 com_github_MitjaNemec_ReplicateLayout.replicate_layout 813:Replicating footprints on sheet ['relay2']
01-28 23:47:31 root 332:updating GUI message: 'Replicating tracks'
01-28 23:47:31 com_github_MitjaNemec_ReplicateLayout.replicate_layout 977:Replicating tracks
01-28 23:47:31 root 337:updating GUI with: 0
01-28 23:47:31 com_github_MitjaNemec_ReplicateLayout.replicate_layout 983:Replicating tracks on sheet ['relay2']
01-28 23:47:31 com_github_MitjaNemec_ReplicateLayout.replicate_layout 766:Net pairs for sheet ['relay2'] :[('/PWM/OUT_B', '/PWM/OUT_B'), ('Net-(D304-K)', 'Net-(D504-K)'), ('Net-(D303-K)', 'Net-(D503-K)'), ('unconnected-(K301-Pad7)', 'unconnected-(K501-Pad7)'), ('Net-(D307-A)', 'Net-(D507-A)'), ('unconnected-(K301-Pad2)', 'unconnected-(K501-Pad2)'), ('Net-(D301-A)', 'Net-(D501-A)'), ('GND', 'GND'), ('/CPU/relay1.add', '/CPU/relay2.add'), ('/relay1/TRACK', '/relay2/TRACK'), ('Net-(Q301-B)', 'Net-(Q507-B)'), ('unconnected-(K301-Pad6)', 'unconnected-(K501-Pad6)'), ('Net-(R303-Pad2)', 'Net-(R507-Pad2)'), ('/CPU/relay1.relay', '/CPU/relay2.relay'), ('VCC', 'VCC'), ('/CPU/relay1.sensor', '/CPU/relay2.sensor'), ('Net-(D305-A)', 'Net-(D505-A)'), ('unconnected-(K301-Pad5)', 'unconnected-(K501-Pad5)'), ('+5V', '+5V'), ('Net-(D302-A)', 'Net-(D502-A)')]
01-28 23:47:31 root 332:updating GUI message: 'Replicating zones'
01-28 23:47:31 com_github_MitjaNemec_ReplicateLayout.replicate_layout 1047:Replicating zones
01-28 23:47:31 com_github_MitjaNemec_ReplicateLayout.replicate_layout 1054:Replicating zones on sheet ['relay2']
01-28 23:47:31 com_github_MitjaNemec_ReplicateLayout.replicate_layout 766:Net pairs for sheet ['relay2'] :[('/PWM/OUT_B', '/PWM/OUT_B'), ('Net-(D304-K)', 'Net-(D504-K)'), ('Net-(D303-K)', 'Net-(D503-K)'), ('unconnected-(K301-Pad7)', 'unconnected-(K501-Pad7)'), ('Net-(D307-A)', 'Net-(D507-A)'), ('unconnected-(K301-Pad2)', 'unconnected-(K501-Pad2)'), ('Net-(D301-A)', 'Net-(D501-A)'), ('GND', 'GND'), ('/CPU/relay1.add', '/CPU/relay2.add'), ('/relay1/TRACK', '/relay2/TRACK'), ('Net-(Q301-B)', 'Net-(Q507-B)'), ('unconnected-(K301-Pad6)', 'unconnected-(K501-Pad6)'), ('Net-(R303-Pad2)', 'Net-(R507-Pad2)'), ('/CPU/relay1.relay', '/CPU/relay2.relay'), ('VCC', 'VCC'), ('/CPU/relay1.sensor', '/CPU/relay2.sensor'), ('Net-(D305-A)', 'Net-(D505-A)'), ('unconnected-(K301-Pad5)', 'unconnected-(K501-Pad5)'), ('+5V', '+5V'), ('Net-(D302-A)', 'Net-(D502-A)')]
01-28 23:47:31 root 332:updating GUI message: 'Replicating text'
01-28 23:47:31 com_github_MitjaNemec_ReplicateLayout.replicate_layout 1136:Replicating text
01-28 23:47:31 com_github_MitjaNemec_ReplicateLayout.replicate_layout 1143:Replicating text on sheet ['relay2']
01-28 23:47:31 root 332:updating GUI message: 'Replicating drawings'
01-28 23:47:31 com_github_MitjaNemec_ReplicateLayout.replicate_layout 1187:Replicating drawings
01-28 23:47:31 com_github_MitjaNemec_ReplicateLayout.replicate_layout 1193:Replicating drawings on sheet ['relay2']
01-28 23:47:31 com_github_MitjaNemec_ReplicateLayout.action_replicate_layout 256:Replication complete
