12-04 22:55:33 com_github_MitjaNemec_PlaceFootprints.action_place_footprints 647:Plugin executed on: 'win32'
12-04 22:55:33 com_github_MitjaNemec_PlaceFootprints.action_place_footprints 648:Plugin executed with python version: '3.11.5 (main, Apr  9 2024, 02:53:56) [MSC v.1936 64 bit (AMD64)]'
12-04 22:55:33 com_github_MitjaNemec_PlaceFootprints.action_place_footprints 649:KiCad build version: 8.0.2
12-04 22:55:33 com_github_MitjaNemec_PlaceFootprints.action_place_footprints 650:Plugin version: 3.0.0
12-04 22:55:33 com_github_MitjaNemec_PlaceFootprints.action_place_footprints 651:Frame repr: <wx._core.Frame object at 0x000001F72F00B490>
12-04 22:55:33 com_github_MitjaNemec_PlaceFootprints.place_footprints 121:getting a list of all footprints on board
12-04 22:55:33 com_github_MitjaNemec_PlaceFootprints.place_footprints 156:Footprint REF** on root level
12-04 22:55:33 com_github_MitjaNemec_PlaceFootprints.place_footprints 156:Footprint G*** on root level
12-04 22:55:33 com_github_MitjaNemec_PlaceFootprints.place_footprints 156:Footprint REF** on root level
12-04 22:55:33 com_github_MitjaNemec_PlaceFootprints.place_footprints 156:Footprint G*** on root level
12-04 22:55:33 com_github_MitjaNemec_PlaceFootprints.place_footprints 156:Footprint J101 on root level
12-04 22:55:36 com_github_MitjaNemec_PlaceFootprints.action_place_footprints 86:By Sheet GUI initialized
12-04 22:55:36 com_github_MitjaNemec_PlaceFootprints.action_place_footprints 95:Selecting: 1
12-04 22:55:36 com_github_MitjaNemec_PlaceFootprints.action_place_footprints 99:Should invoke level_changed()
12-04 22:55:36 com_github_MitjaNemec_PlaceFootprints.action_place_footprints 277:Level_changed() invoked
12-04 22:55:36 com_github_MitjaNemec_PlaceFootprints.place_footprints 244:constructing a list of sheets suitable for replication on level:'P1', file:'P.kicad_sch'
12-04 22:55:36 com_github_MitjaNemec_PlaceFootprints.place_footprints 279:suitable sheets are:[['P10'], ['P11'], ['P12'], ['P13'], ['P14'], ['P15'], ['P16'], ['P2'], ['P3'], ['P4'], ['P5'], ['P6'], ['P7'], ['P8'], ['P9']]
12-04 22:55:49 com_github_MitjaNemec_PlaceFootprints.action_place_footprints 184:Saving config sheet
12-04 22:55:49 com_github_MitjaNemec_PlaceFootprints.action_place_footprints 196:Preparing config for sheet linear
12-04 22:55:49 com_github_MitjaNemec_PlaceFootprints.action_place_footprints 216:Saving config file
12-04 22:55:49 com_github_MitjaNemec_PlaceFootprints.action_place_footprints 218:Saved the config file
12-04 22:55:49 com_github_MitjaNemec_PlaceFootprints.action_place_footprints 718:Sheets selected: [['P10'], ['P11'], ['P12'], ['P13'], ['P14'], ['P15'], ['P16'], ['P2'], ['P3'], ['P4'], ['P5'], ['P6'], ['P7'], ['P8'], ['P9']]
12-04 22:55:49 com_github_MitjaNemec_PlaceFootprints.action_place_footprints 727:Footprints to place: ['J2101', 'J3001', 'J3101', 'J3201', 'J3301', 'J3401', 'J3501', 'J3601', 'J2202', 'J2302', 'J2401', 'J2501', 'J2601', 'J2701', 'J2801', 'J2901']
12-04 22:55:49 com_github_MitjaNemec_PlaceFootprints.place_footprints 367:Starting placing with linear layout
12-04 22:55:49 com_github_MitjaNemec_PlaceFootprints.action_place_footprints 772:Placing complete
12-04 22:55:49 com_github_MitjaNemec_PlaceFootprints.action_place_footprints 773:Sorted_footprints: ['J2101', 'J2202', 'J2302', 'J2401', 'J2501', 'J2601', 'J2701', 'J2801', 'J2901', 'J3001', 'J3101', 'J3201', 'J3301', 'J3401', 'J3501', 'J3601']
