02-13 13:44:55 com_github_bouni_kicad-jlcpcb-tools.store 208:Part U901 does not exist in the database and will be created from the board.
02-13 13:44:55 com_github_bouni_kicad-jlcpcb-tools.store 208:Part U801 does not exist in the database and will be created from the board.
02-13 13:44:55 com_github_bouni_kicad-jlcpcb-tools.store 208:Part RV201 does not exist in the database and will be created from the board.
02-13 13:44:55 com_github_bouni_kicad-jlcpcb-tools.store 208:Part R903 does not exist in the database and will be created from the board.
02-13 13:44:55 com_github_bouni_kicad-jlcpcb-tools.store 208:Part R902 does not exist in the database and will be created from the board.
02-13 13:44:55 com_github_bouni_kicad-jlcpcb-tools.store 208:Part R901 does not exist in the database and will be created from the board.
02-13 13:44:55 com_github_bouni_kicad-jlcpcb-tools.store 208:Part R803 does not exist in the database and will be created from the board.
02-13 13:44:55 com_github_bouni_kicad-jlcpcb-tools.store 208:Part R802 does not exist in the database and will be created from the board.
02-13 13:44:55 com_github_bouni_kicad-jlcpcb-tools.store 208:Part R801 does not exist in the database and will be created from the board.
02-13 13:44:55 com_github_bouni_kicad-jlcpcb-tools.store 208:Part R701 does not exist in the database and will be created from the board.
02-13 13:44:55 com_github_bouni_kicad-jlcpcb-tools.store 208:Part R601 does not exist in the database and will be created from the board.
02-13 13:44:55 com_github_bouni_kicad-jlcpcb-tools.store 208:Part R501 does not exist in the database and will be created from the board.
02-13 13:44:55 com_github_bouni_kicad-jlcpcb-tools.store 208:Part R401 does not exist in the database and will be created from the board.
02-13 13:44:55 com_github_bouni_kicad-jlcpcb-tools.store 208:Part R202 does not exist in the database and will be created from the board.
02-13 13:44:55 com_github_bouni_kicad-jlcpcb-tools.store 208:Part R201 does not exist in the database and will be created from the board.
02-13 13:44:55 com_github_bouni_kicad-jlcpcb-tools.store 208:Part Q702 does not exist in the database and will be created from the board.
02-13 13:44:55 com_github_bouni_kicad-jlcpcb-tools.store 208:Part Q701 does not exist in the database and will be created from the board.
02-13 13:44:55 com_github_bouni_kicad-jlcpcb-tools.store 208:Part Q602 does not exist in the database and will be created from the board.
02-13 13:44:55 com_github_bouni_kicad-jlcpcb-tools.store 208:Part Q601 does not exist in the database and will be created from the board.
02-13 13:44:55 com_github_bouni_kicad-jlcpcb-tools.store 208:Part Q502 does not exist in the database and will be created from the board.
02-13 13:44:55 com_github_bouni_kicad-jlcpcb-tools.store 208:Part Q501 does not exist in the database and will be created from the board.
02-13 13:44:55 com_github_bouni_kicad-jlcpcb-tools.store 208:Part Q402 does not exist in the database and will be created from the board.
02-13 13:44:55 com_github_bouni_kicad-jlcpcb-tools.store 208:Part Q401 does not exist in the database and will be created from the board.
02-13 13:44:55 com_github_bouni_kicad-jlcpcb-tools.store 208:Part J2 does not exist in the database and will be created from the board.
02-13 13:44:55 com_github_bouni_kicad-jlcpcb-tools.store 208:Part J1 does not exist in the database and will be created from the board.
02-13 13:44:55 com_github_bouni_kicad-jlcpcb-tools.store 208:Part D804 does not exist in the database and will be created from the board.
02-13 13:44:55 com_github_bouni_kicad-jlcpcb-tools.store 208:Part D803 does not exist in the database and will be created from the board.
02-13 13:44:55 com_github_bouni_kicad-jlcpcb-tools.store 208:Part D802 does not exist in the database and will be created from the board.
02-13 13:44:56 com_github_bouni_kicad-jlcpcb-tools.store 208:Part D801 does not exist in the database and will be created from the board.
02-13 13:44:56 com_github_bouni_kicad-jlcpcb-tools.store 208:Part D702 does not exist in the database and will be created from the board.
02-13 13:44:56 com_github_bouni_kicad-jlcpcb-tools.store 208:Part D701 does not exist in the database and will be created from the board.
02-13 13:44:56 com_github_bouni_kicad-jlcpcb-tools.store 208:Part D602 does not exist in the database and will be created from the board.
02-13 13:44:56 com_github_bouni_kicad-jlcpcb-tools.store 208:Part D601 does not exist in the database and will be created from the board.
02-13 13:44:56 com_github_bouni_kicad-jlcpcb-tools.store 208:Part D502 does not exist in the database and will be created from the board.
02-13 13:44:56 com_github_bouni_kicad-jlcpcb-tools.store 208:Part D501 does not exist in the database and will be created from the board.
02-13 13:44:56 com_github_bouni_kicad-jlcpcb-tools.store 208:Part D402 does not exist in the database and will be created from the board.
02-13 13:44:56 com_github_bouni_kicad-jlcpcb-tools.store 208:Part D401 does not exist in the database and will be created from the board.
02-13 13:44:56 com_github_bouni_kicad-jlcpcb-tools.store 208:Part D301 does not exist in the database and will be created from the board.
02-13 13:44:56 com_github_bouni_kicad-jlcpcb-tools.store 208:Part C902 does not exist in the database and will be created from the board.
02-13 13:44:56 com_github_bouni_kicad-jlcpcb-tools.store 208:Part C901 does not exist in the database and will be created from the board.
02-13 13:44:56 com_github_bouni_kicad-jlcpcb-tools.store 208:Part C801 does not exist in the database and will be created from the board.
02-13 13:44:56 com_github_bouni_kicad-jlcpcb-tools.store 208:Part C701 does not exist in the database and will be created from the board.
02-13 13:44:56 com_github_bouni_kicad-jlcpcb-tools.store 208:Part C601 does not exist in the database and will be created from the board.
02-13 13:44:56 com_github_bouni_kicad-jlcpcb-tools.store 208:Part C501 does not exist in the database and will be created from the board.
02-13 13:44:56 com_github_bouni_kicad-jlcpcb-tools.store 208:Part C401 does not exist in the database and will be created from the board.
02-13 13:44:56 com_github_bouni_kicad-jlcpcb-tools.store 208:Part C201 does not exist in the database and will be created from the board.
02-13 13:44:56 com_github_bouni_kicad-jlcpcb-tools.store 208:Part C302 does not exist in the database and will be created from the board.
02-13 13:44:56 com_github_bouni_kicad-jlcpcb-tools.store 208:Part C301 does not exist in the database and will be created from the board.
02-13 13:44:56 com_github_bouni_kicad-jlcpcb-tools.store 208:Part U301 does not exist in the database and will be created from the board.
02-13 13:44:56 com_github_bouni_kicad-jlcpcb-tools.store 208:Part C303 does not exist in the database and will be created from the board.
02-13 13:45:23 com_github_bouni_kicad-jlcpcb-tools.store 234:Part U901 is already in the database and has a lcsc value, the value supplied from the board will overwrite that in the database.
02-13 13:45:23 com_github_bouni_kicad-jlcpcb-tools.store 234:Part U801 is already in the database and has a lcsc value, the value supplied from the board will overwrite that in the database.
02-13 13:45:23 com_github_bouni_kicad-jlcpcb-tools.store 234:Part RV201 is already in the database and has a lcsc value, the value supplied from the board will overwrite that in the database.
02-13 13:45:23 com_github_bouni_kicad-jlcpcb-tools.store 234:Part R903 is already in the database and has a lcsc value, the value supplied from the board will overwrite that in the database.
02-13 13:45:23 com_github_bouni_kicad-jlcpcb-tools.store 234:Part R902 is already in the database and has a lcsc value, the value supplied from the board will overwrite that in the database.
02-13 13:45:23 com_github_bouni_kicad-jlcpcb-tools.store 234:Part R901 is already in the database and has a lcsc value, the value supplied from the board will overwrite that in the database.
02-13 13:45:23 com_github_bouni_kicad-jlcpcb-tools.store 234:Part R803 is already in the database and has a lcsc value, the value supplied from the board will overwrite that in the database.
02-13 13:45:23 com_github_bouni_kicad-jlcpcb-tools.store 234:Part R802 is already in the database and has a lcsc value, the value supplied from the board will overwrite that in the database.
02-13 13:45:23 com_github_bouni_kicad-jlcpcb-tools.store 234:Part R801 is already in the database and has a lcsc value, the value supplied from the board will overwrite that in the database.
02-13 13:45:23 com_github_bouni_kicad-jlcpcb-tools.store 234:Part R701 is already in the database and has a lcsc value, the value supplied from the board will overwrite that in the database.
02-13 13:45:23 com_github_bouni_kicad-jlcpcb-tools.store 234:Part R601 is already in the database and has a lcsc value, the value supplied from the board will overwrite that in the database.
02-13 13:45:23 com_github_bouni_kicad-jlcpcb-tools.store 234:Part R501 is already in the database and has a lcsc value, the value supplied from the board will overwrite that in the database.
02-13 13:45:23 com_github_bouni_kicad-jlcpcb-tools.store 234:Part R401 is already in the database and has a lcsc value, the value supplied from the board will overwrite that in the database.
02-13 13:45:23 com_github_bouni_kicad-jlcpcb-tools.store 234:Part R202 is already in the database and has a lcsc value, the value supplied from the board will overwrite that in the database.
02-13 13:45:23 com_github_bouni_kicad-jlcpcb-tools.store 234:Part R201 is already in the database and has a lcsc value, the value supplied from the board will overwrite that in the database.
02-13 13:45:23 com_github_bouni_kicad-jlcpcb-tools.store 234:Part Q702 is already in the database and has a lcsc value, the value supplied from the board will overwrite that in the database.
02-13 13:45:23 com_github_bouni_kicad-jlcpcb-tools.store 234:Part Q701 is already in the database and has a lcsc value, the value supplied from the board will overwrite that in the database.
02-13 13:45:23 com_github_bouni_kicad-jlcpcb-tools.store 234:Part Q602 is already in the database and has a lcsc value, the value supplied from the board will overwrite that in the database.
02-13 13:45:23 com_github_bouni_kicad-jlcpcb-tools.store 234:Part Q601 is already in the database and has a lcsc value, the value supplied from the board will overwrite that in the database.
02-13 13:45:23 com_github_bouni_kicad-jlcpcb-tools.store 234:Part Q502 is already in the database and has a lcsc value, the value supplied from the board will overwrite that in the database.
02-13 13:45:23 com_github_bouni_kicad-jlcpcb-tools.store 234:Part Q501 is already in the database and has a lcsc value, the value supplied from the board will overwrite that in the database.
02-13 13:45:23 com_github_bouni_kicad-jlcpcb-tools.store 234:Part Q402 is already in the database and has a lcsc value, the value supplied from the board will overwrite that in the database.
02-13 13:45:23 com_github_bouni_kicad-jlcpcb-tools.store 234:Part Q401 is already in the database and has a lcsc value, the value supplied from the board will overwrite that in the database.
02-13 13:45:23 com_github_bouni_kicad-jlcpcb-tools.store 234:Part D804 is already in the database and has a lcsc value, the value supplied from the board will overwrite that in the database.
02-13 13:45:23 com_github_bouni_kicad-jlcpcb-tools.store 234:Part D803 is already in the database and has a lcsc value, the value supplied from the board will overwrite that in the database.
02-13 13:45:23 com_github_bouni_kicad-jlcpcb-tools.store 234:Part D802 is already in the database and has a lcsc value, the value supplied from the board will overwrite that in the database.
02-13 13:45:23 com_github_bouni_kicad-jlcpcb-tools.store 234:Part D801 is already in the database and has a lcsc value, the value supplied from the board will overwrite that in the database.
02-13 13:45:23 com_github_bouni_kicad-jlcpcb-tools.store 234:Part D702 is already in the database and has a lcsc value, the value supplied from the board will overwrite that in the database.
02-13 13:45:23 com_github_bouni_kicad-jlcpcb-tools.store 234:Part D701 is already in the database and has a lcsc value, the value supplied from the board will overwrite that in the database.
02-13 13:45:23 com_github_bouni_kicad-jlcpcb-tools.store 234:Part D602 is already in the database and has a lcsc value, the value supplied from the board will overwrite that in the database.
02-13 13:45:23 com_github_bouni_kicad-jlcpcb-tools.store 234:Part D601 is already in the database and has a lcsc value, the value supplied from the board will overwrite that in the database.
02-13 13:45:23 com_github_bouni_kicad-jlcpcb-tools.store 234:Part D502 is already in the database and has a lcsc value, the value supplied from the board will overwrite that in the database.
02-13 13:45:23 com_github_bouni_kicad-jlcpcb-tools.store 234:Part D501 is already in the database and has a lcsc value, the value supplied from the board will overwrite that in the database.
02-13 13:45:23 com_github_bouni_kicad-jlcpcb-tools.store 234:Part D402 is already in the database and has a lcsc value, the value supplied from the board will overwrite that in the database.
02-13 13:45:23 com_github_bouni_kicad-jlcpcb-tools.store 234:Part D401 is already in the database and has a lcsc value, the value supplied from the board will overwrite that in the database.
02-13 13:45:23 com_github_bouni_kicad-jlcpcb-tools.store 234:Part D301 is already in the database and has a lcsc value, the value supplied from the board will overwrite that in the database.
02-13 13:45:23 com_github_bouni_kicad-jlcpcb-tools.store 234:Part C902 is already in the database and has a lcsc value, the value supplied from the board will overwrite that in the database.
02-13 13:45:23 com_github_bouni_kicad-jlcpcb-tools.store 234:Part C901 is already in the database and has a lcsc value, the value supplied from the board will overwrite that in the database.
02-13 13:45:23 com_github_bouni_kicad-jlcpcb-tools.store 234:Part C801 is already in the database and has a lcsc value, the value supplied from the board will overwrite that in the database.
02-13 13:45:23 com_github_bouni_kicad-jlcpcb-tools.store 234:Part C701 is already in the database and has a lcsc value, the value supplied from the board will overwrite that in the database.
02-13 13:45:23 com_github_bouni_kicad-jlcpcb-tools.store 234:Part C601 is already in the database and has a lcsc value, the value supplied from the board will overwrite that in the database.
02-13 13:45:23 com_github_bouni_kicad-jlcpcb-tools.store 234:Part C501 is already in the database and has a lcsc value, the value supplied from the board will overwrite that in the database.
02-13 13:45:23 com_github_bouni_kicad-jlcpcb-tools.store 234:Part C401 is already in the database and has a lcsc value, the value supplied from the board will overwrite that in the database.
02-13 13:45:23 com_github_bouni_kicad-jlcpcb-tools.store 234:Part C201 is already in the database and has a lcsc value, the value supplied from the board will overwrite that in the database.
02-13 13:45:23 com_github_bouni_kicad-jlcpcb-tools.store 234:Part C302 is already in the database and has a lcsc value, the value supplied from the board will overwrite that in the database.
02-13 13:45:23 com_github_bouni_kicad-jlcpcb-tools.store 234:Part C301 is already in the database and has a lcsc value, the value supplied from the board will overwrite that in the database.
02-13 13:45:23 com_github_bouni_kicad-jlcpcb-tools.store 234:Part U301 is already in the database and has a lcsc value, the value supplied from the board will overwrite that in the database.
02-13 13:45:23 com_github_bouni_kicad-jlcpcb-tools.store 234:Part C303 is already in the database and has a lcsc value, the value supplied from the board will overwrite that in the database.
02-13 13:45:35 com_github_bouni_kicad-jlcpcb-tools.fabrication 233:Successfully plotted Top layer
02-13 13:45:35 com_github_bouni_kicad-jlcpcb-tools.fabrication 233:Successfully plotted Silk top
02-13 13:45:35 com_github_bouni_kicad-jlcpcb-tools.fabrication 233:Successfully plotted Mask top
02-13 13:45:35 com_github_bouni_kicad-jlcpcb-tools.fabrication 233:Successfully plotted Paste top
02-13 13:45:35 com_github_bouni_kicad-jlcpcb-tools.fabrication 233:Successfully plotted Bottom layer
02-13 13:45:35 com_github_bouni_kicad-jlcpcb-tools.fabrication 233:Successfully plotted Silk top
02-13 13:45:35 com_github_bouni_kicad-jlcpcb-tools.fabrication 233:Successfully plotted Mask bottom
02-13 13:45:35 com_github_bouni_kicad-jlcpcb-tools.fabrication 233:Successfully plotted Paste bottom
02-13 13:45:35 com_github_bouni_kicad-jlcpcb-tools.fabrication 233:Successfully plotted Edges
02-13 13:45:35 com_github_bouni_kicad-jlcpcb-tools.fabrication 233:Successfully plotted V score cut
02-13 13:45:35 com_github_bouni_kicad-jlcpcb-tools.fabrication 248:Finished generating Excellon files
02-13 13:45:35 com_github_bouni_kicad-jlcpcb-tools.fabrication 265:Finished generating ZIP file
02-13 13:45:35 com_github_bouni_kicad-jlcpcb-tools.fabrication 89:Fixed rotation of U301 (L78L05_SOT89 / SOT-89-3) on Top Layer by 180 degrees
02-13 13:45:35 com_github_bouni_kicad-jlcpcb-tools.fabrication 89:Fixed rotation of U801 (LM311 / SOIC-8_3.9x4.9mm_P1.27mm) on Top Layer by 270 degrees
02-13 13:45:35 com_github_bouni_kicad-jlcpcb-tools.fabrication 89:Fixed rotation of U901 (4027 / SOIC-16_3.9x9.9mm_P1.27mm) on Top Layer by 270 degrees
02-13 13:45:35 com_github_bouni_kicad-jlcpcb-tools.fabrication 295:Finished generating CPL file
02-13 13:45:35 com_github_bouni_kicad-jlcpcb-tools.fabrication 307:Finished generating BOM file
