01-21 13:08:00 com_github_MitjaNemec_PlaceFootprints.action_place_footprints 647:Plugin executed on: 'win32'
01-21 13:08:00 com_github_MitjaNemec_PlaceFootprints.action_place_footprints 648:Plugin executed with python version: '3.11.5 (main, Aug 14 2024, 05:26:19) [MSC v.1939 64 bit (AMD64)]'
01-21 13:08:00 com_github_MitjaNemec_PlaceFootprints.action_place_footprints 649:KiCad build version: 8.0.5
01-21 13:08:00 com_github_MitjaNemec_PlaceFootprints.action_place_footprints 650:Plugin version: 3.0.0
01-21 13:08:00 com_github_MitjaNemec_PlaceFootprints.action_place_footprints 651:Frame repr: <wx._core.Frame object at 0x000002900FEDFD00>
01-21 13:08:00 com_github_MitjaNemec_PlaceFootprints.place_footprints 121:getting a list of all footprints on board
01-21 13:08:00 com_github_MitjaNemec_PlaceFootprints.place_footprints 156:Footprint REF** on root level
01-21 13:08:00 com_github_MitjaNemec_PlaceFootprints.place_footprints 156:Footprint REF** on root level
01-21 13:08:00 com_github_MitjaNemec_PlaceFootprints.place_footprints 156:Footprint REF** on root level
01-21 13:08:00 com_github_MitjaNemec_PlaceFootprints.place_footprints 156:Footprint REF** on root level
01-21 13:08:00 com_github_MitjaNemec_PlaceFootprints.place_footprints 156:Footprint REF** on root level
01-21 13:08:00 com_github_MitjaNemec_PlaceFootprints.place_footprints 156:Footprint REF** on root level
01-21 13:08:00 com_github_MitjaNemec_PlaceFootprints.place_footprints 156:Footprint REF** on root level
01-21 13:08:00 com_github_MitjaNemec_PlaceFootprints.place_footprints 156:Footprint REF** on root level
01-21 13:08:00 com_github_MitjaNemec_PlaceFootprints.place_footprints 156:Footprint REF** on root level
01-21 13:08:00 com_github_MitjaNemec_PlaceFootprints.place_footprints 156:Footprint REF** on root level
01-21 13:08:02 com_github_MitjaNemec_PlaceFootprints.action_place_footprints 86:By Sheet GUI initialized
01-21 13:08:02 com_github_MitjaNemec_PlaceFootprints.action_place_footprints 95:Selecting: 1
01-21 13:08:02 com_github_MitjaNemec_PlaceFootprints.action_place_footprints 99:Should invoke level_changed()
01-21 13:08:02 com_github_MitjaNemec_PlaceFootprints.action_place_footprints 277:Level_changed() invoked
01-21 13:08:02 com_github_MitjaNemec_PlaceFootprints.place_footprints 244:constructing a list of sheets suitable for replication on level:'relay1', file:'relay.kicad_sch'
01-21 13:08:02 com_github_MitjaNemec_PlaceFootprints.place_footprints 279:suitable sheets are:[['relay2'], ['relay3'], ['relay4']]
01-21 13:08:04 com_github_MitjaNemec_PlaceFootprints.action_place_footprints 184:Saving config sheet
01-21 13:08:04 com_github_MitjaNemec_PlaceFootprints.action_place_footprints 196:Preparing config for sheet linear
01-21 13:08:04 com_github_MitjaNemec_PlaceFootprints.action_place_footprints 216:Saving config file
01-21 13:08:04 com_github_MitjaNemec_PlaceFootprints.action_place_footprints 218:Saved the config file
01-21 13:08:04 com_github_MitjaNemec_PlaceFootprints.action_place_footprints 718:Sheets selected: [['relay2'], ['relay3'], ['relay4']]
01-21 13:08:04 com_github_MitjaNemec_PlaceFootprints.action_place_footprints 727:Footprints to place: ['K202', 'K302', 'K402', 'K502']
01-21 13:08:04 com_github_MitjaNemec_PlaceFootprints.place_footprints 367:Starting placing with linear layout
01-21 13:08:04 com_github_MitjaNemec_PlaceFootprints.action_place_footprints 772:Placing complete
01-21 13:08:04 com_github_MitjaNemec_PlaceFootprints.action_place_footprints 773:Sorted_footprints: ['K202', 'K302', 'K402', 'K502']
