06-03 23:25:03 com_github_MitjaNemec_PlaceFootprints.action_place_footprints 647:Plugin executed on: 'win32'
06-03 23:25:03 com_github_MitjaNemec_PlaceFootprints.action_place_footprints 648:Plugin executed with python version: '3.11.5 (main, Dec 24 2024, 05:27:06) [MSC v.1942 64 bit (AMD64)]'
06-03 23:25:03 com_github_MitjaNemec_PlaceFootprints.action_place_footprints 649:KiCad build version: 8.0.8
06-03 23:25:03 com_github_MitjaNemec_PlaceFootprints.action_place_footprints 650:Plugin version: 3.0.0
06-03 23:25:03 com_github_MitjaNemec_PlaceFootprints.action_place_footprints 651:Frame repr: <wx._core.Frame object at 0x0000029BC4DA5870>
06-03 23:25:03 com_github_MitjaNemec_PlaceFootprints.place_footprints 121:getting a list of all footprints on board
06-03 23:25:03 com_github_MitjaNemec_PlaceFootprints.place_footprints 156:Footprint J9 on root level
06-03 23:25:05 com_github_MitjaNemec_PlaceFootprints.action_place_footprints 86:By Sheet GUI initialized
06-03 23:25:05 com_github_MitjaNemec_PlaceFootprints.action_place_footprints 95:Selecting: 1
06-03 23:25:05 com_github_MitjaNemec_PlaceFootprints.action_place_footprints 99:Should invoke level_changed()
06-03 23:25:05 com_github_MitjaNemec_PlaceFootprints.action_place_footprints 277:Level_changed() invoked
06-03 23:25:05 com_github_MitjaNemec_PlaceFootprints.place_footprints 244:constructing a list of sheets suitable for replication on level:'relay1', file:'relay.kicad_sch'
06-03 23:25:05 com_github_MitjaNemec_PlaceFootprints.place_footprints 279:suitable sheets are:[['relay2'], ['relay3'], ['relay4']]
06-03 23:25:13 com_github_MitjaNemec_PlaceFootprints.action_place_footprints 184:Saving config sheet
06-03 23:25:13 com_github_MitjaNemec_PlaceFootprints.action_place_footprints 196:Preparing config for sheet linear
06-03 23:25:13 com_github_MitjaNemec_PlaceFootprints.action_place_footprints 216:Saving config file
06-03 23:25:13 com_github_MitjaNemec_PlaceFootprints.action_place_footprints 218:Saved the config file
06-03 23:25:13 com_github_MitjaNemec_PlaceFootprints.action_place_footprints 718:Sheets selected: [['relay2'], ['relay3'], ['relay4']]
06-03 23:25:13 com_github_MitjaNemec_PlaceFootprints.action_place_footprints 727:Footprints to place: ['K1', 'K2', 'K3', 'K4']
06-03 23:25:13 com_github_MitjaNemec_PlaceFootprints.place_footprints 367:Starting placing with linear layout
06-03 23:25:13 com_github_MitjaNemec_PlaceFootprints.action_place_footprints 772:Placing complete
06-03 23:25:13 com_github_MitjaNemec_PlaceFootprints.action_place_footprints 773:Sorted_footprints: ['K1', 'K2', 'K3', 'K4']
