06-13 11:11:32 com_github_MitjaNemec_ReplicateLayout.action_replicate_layout 392:Plugin executed on: 'win32'
06-13 11:11:32 com_github_MitjaNemec_ReplicateLayout.action_replicate_layout 393:Plugin executed with python version: '3.11.5 (main, Aug 14 2024, 05:26:19) [MSC v.1939 64 bit (AMD64)]'
06-13 11:11:32 com_github_MitjaNemec_ReplicateLayout.action_replicate_layout 394:KiCad build version: 8.0.5
06-13 11:11:32 com_github_MitjaNemec_ReplicateLayout.action_replicate_layout 395:Plugin version: 3.0.3
06-13 11:11:32 com_github_MitjaNemec_ReplicateLayout.action_replicate_layout 396:Frame repr: <wx._core.Frame object at 0x000002CEA132FD00>
06-13 11:11:32 com_github_MitjaNemec_ReplicateLayout.action_replicate_layout 420:Preparing replicator with J2 as a reference
06-13 11:11:32 com_github_MitjaNemec_ReplicateLayout.replicate_layout 117:getting a list of all footprints on board
06-13 11:11:32 com_github_MitjaNemec_ReplicateLayout.action_replicate_layout 468:source anchor footprint is 'J2'
Located on: ['relay1']
With filenames: ['relay.kicad_sch']
With sheet_id:['relay1']
06-13 11:11:32 com_github_MitjaNemec_ReplicateLayout.action_replicate_layout 475:Corresponding footprints are 
[('J10', ['relay4']), ('J7', ['relay3']), ('J1', ['relay2']), ('J2', ['relay1'])]
06-13 11:11:32 com_github_MitjaNemec_ReplicateLayout.action_replicate_layout 487:Showing dialog
06-13 11:11:33 com_github_MitjaNemec_ReplicateLayout.replicate_layout 472:constructing a list of sheets suitable for replication on level:'relay1', file:'relay.kicad_sch'
06-13 11:11:33 com_github_MitjaNemec_ReplicateLayout.replicate_layout 509:suitable sheets are:[['relay2'], ['relay3'], ['relay4']]
06-13 11:11:33 com_github_MitjaNemec_ReplicateLayout.replicate_layout 1507:Level selected: ['relay1']
06-13 11:11:33 com_github_MitjaNemec_ReplicateLayout.replicate_layout 1331:Filtering list of tracks
06-13 11:11:33 com_github_MitjaNemec_ReplicateLayout.action_replicate_layout 493:Toolbar position: wx.Point(1658, 1202)
06-13 11:11:33 com_github_MitjaNemec_ReplicateLayout.action_replicate_layout 498:Dialog position: wx.Point(1219, 1202)
06-13 11:11:34 com_github_MitjaNemec_ReplicateLayout.replicate_layout 472:constructing a list of sheets suitable for replication on level:'relay1', file:'relay.kicad_sch'
06-13 11:11:34 com_github_MitjaNemec_ReplicateLayout.replicate_layout 509:suitable sheets are:[['relay2'], ['relay3'], ['relay4']]
06-13 11:11:34 com_github_MitjaNemec_ReplicateLayout.action_replicate_layout 240:Replicating layout
06-13 11:11:35 com_github_MitjaNemec_ReplicateLayout.replicate_layout 288:Starting replication of sheets: [['relay2'], ['relay3'], ['relay4']]
on level: ['relay1']
with tracks=True, zone=True, text=True, text=True, intersecting=False, remove=False, locked footprints=False, group_only=False
06-13 11:11:35 root 332:updating GUI message: 'Preparing for replication'
06-13 11:11:35 root 337:updating GUI with: 0
06-13 11:11:35 com_github_MitjaNemec_ReplicateLayout.replicate_layout 358:Getting the list of source footprints
06-13 11:11:35 com_github_MitjaNemec_ReplicateLayout.replicate_layout 368:Getting the list of all the remaining footprints
06-13 11:11:35 com_github_MitjaNemec_ReplicateLayout.replicate_layout 375:Getting source tracks
06-13 11:11:35 com_github_MitjaNemec_ReplicateLayout.replicate_layout 1331:Filtering list of tracks
06-13 11:11:35 com_github_MitjaNemec_ReplicateLayout.replicate_layout 379:Getting source zones
06-13 11:11:35 com_github_MitjaNemec_ReplicateLayout.replicate_layout 383:Getting source text items
06-13 11:11:35 com_github_MitjaNemec_ReplicateLayout.replicate_layout 387:Getting source drawing items
06-13 11:11:35 root 332:updating GUI message: 'Replicating footprints'
06-13 11:11:35 com_github_MitjaNemec_ReplicateLayout.replicate_layout 861:Replicating footprints
06-13 11:11:35 com_github_MitjaNemec_ReplicateLayout.replicate_layout 868:Replicating footprints on sheet ['relay2']
06-13 11:11:35 com_github_MitjaNemec_ReplicateLayout.replicate_layout 985:Src text UUid:6a881bc8-1d20-4dcb-a3b5-a29ae00853da
06-13 11:11:35 com_github_MitjaNemec_ReplicateLayout.replicate_layout 986:Dst text UUid:8d760872-8e6f-408e-b049-4beaee6df4e0
06-13 11:11:35 com_github_MitjaNemec_ReplicateLayout.replicate_layout 985:Src text UUid:84e3e6c2-69a4-4eef-98d5-363614e5a6d7
06-13 11:11:35 com_github_MitjaNemec_ReplicateLayout.replicate_layout 986:Dst text UUid:1c81c20d-1086-4688-8010-13e25e991957
06-13 11:11:35 com_github_MitjaNemec_ReplicateLayout.replicate_layout 985:Src text UUid:dfc8d7b9-7610-476f-ba58-e7eabac3d2b8
06-13 11:11:35 com_github_MitjaNemec_ReplicateLayout.replicate_layout 986:Dst text UUid:030e2da3-8677-481d-8b33-a35959c0cbf6
06-13 11:11:35 root 337:updating GUI with: 6
06-13 11:11:35 com_github_MitjaNemec_ReplicateLayout.replicate_layout 985:Src text UUid:f45351a4-036e-449b-9079-76aa970472a9
06-13 11:11:35 com_github_MitjaNemec_ReplicateLayout.replicate_layout 986:Dst text UUid:27df52a2-0ee7-47ac-9d12-64a9965f0595
06-13 11:11:35 com_github_MitjaNemec_ReplicateLayout.replicate_layout 985:Src text UUid:8a45528c-eecc-4de0-9183-8c9fc64470cb
06-13 11:11:35 com_github_MitjaNemec_ReplicateLayout.replicate_layout 986:Dst text UUid:ae408e46-ed73-49fd-a753-b1d04e48ecca
06-13 11:11:35 com_github_MitjaNemec_ReplicateLayout.replicate_layout 985:Src text UUid:9679d834-5cbb-4d17-8e78-8f267f1367f4
06-13 11:11:35 com_github_MitjaNemec_ReplicateLayout.replicate_layout 986:Dst text UUid:ea86e884-df3d-4ce3-95cb-42c3af364013
06-13 11:11:35 com_github_MitjaNemec_ReplicateLayout.replicate_layout 985:Src text UUid:7477f746-18d7-4891-a6b9-05d8ed03ee2b
06-13 11:11:35 com_github_MitjaNemec_ReplicateLayout.replicate_layout 986:Dst text UUid:227a5913-91f7-47cd-b0de-4d0cb18b5bbb
06-13 11:11:35 com_github_MitjaNemec_ReplicateLayout.replicate_layout 985:Src text UUid:edf7704f-dfbf-4fd4-a84e-48ef1bb579ce
06-13 11:11:35 com_github_MitjaNemec_ReplicateLayout.replicate_layout 986:Dst text UUid:ed8cb075-3ac8-4945-9f1b-583906f37169
06-13 11:11:35 com_github_MitjaNemec_ReplicateLayout.replicate_layout 985:Src text UUid:54ca8bd5-ed2a-4eb0-8bc5-cc5ea830d77e
06-13 11:11:35 com_github_MitjaNemec_ReplicateLayout.replicate_layout 986:Dst text UUid:d37e74a8-c19c-4eb3-84db-df771f27e045
06-13 11:11:35 com_github_MitjaNemec_ReplicateLayout.replicate_layout 985:Src text UUid:b012c3d9-f148-4632-b262-2b100184a66b
06-13 11:11:35 com_github_MitjaNemec_ReplicateLayout.replicate_layout 986:Dst text UUid:cf3ed4a7-4888-499e-bda0-60487e23d913
06-13 11:11:35 com_github_MitjaNemec_ReplicateLayout.replicate_layout 985:Src text UUid:e8f0d734-da12-45a0-9dcb-01797fe47e29
06-13 11:11:35 com_github_MitjaNemec_ReplicateLayout.replicate_layout 986:Dst text UUid:d5ecaf6e-3926-46d6-99b0-f3a682809ff2
06-13 11:11:35 com_github_MitjaNemec_ReplicateLayout.replicate_layout 985:Src text UUid:235f9ede-f93a-42a0-92f2-1c0638b363de
06-13 11:11:35 com_github_MitjaNemec_ReplicateLayout.replicate_layout 986:Dst text UUid:5f0eb77f-fc1b-4c56-bcbf-d42bc4f10822
06-13 11:11:35 com_github_MitjaNemec_ReplicateLayout.replicate_layout 985:Src text UUid:ac4c79dc-6fda-4fd4-b7f0-1bcb45fbecb9
06-13 11:11:35 com_github_MitjaNemec_ReplicateLayout.replicate_layout 986:Dst text UUid:b985545d-5e73-4724-8001-e7bc4ada613e
06-13 11:11:35 com_github_MitjaNemec_ReplicateLayout.replicate_layout 985:Src text UUid:9f3de7fd-aca5-4f66-8cad-4fa8423fff90
06-13 11:11:35 com_github_MitjaNemec_ReplicateLayout.replicate_layout 986:Dst text UUid:da29dcfd-2eaf-4855-a8f5-8be16bc06c7f
06-13 11:11:35 com_github_MitjaNemec_ReplicateLayout.replicate_layout 985:Src text UUid:5d531188-77d3-4d64-9c71-c6e807c74c14
06-13 11:11:35 com_github_MitjaNemec_ReplicateLayout.replicate_layout 986:Dst text UUid:948b2511-c5b1-4635-b59e-9b17d3a40e37
06-13 11:11:35 com_github_MitjaNemec_ReplicateLayout.replicate_layout 985:Src text UUid:0ca26512-860e-4382-ab7e-a5bacde5eb02
06-13 11:11:35 com_github_MitjaNemec_ReplicateLayout.replicate_layout 986:Dst text UUid:6e964fc9-9cdc-4eaa-8f1f-27c947ac015c
06-13 11:11:35 com_github_MitjaNemec_ReplicateLayout.replicate_layout 985:Src text UUid:5a005649-643c-4433-a6fb-bb27dbc2268c
06-13 11:11:35 com_github_MitjaNemec_ReplicateLayout.replicate_layout 986:Dst text UUid:3bff397e-0ebb-4bc3-9603-b893a56a93e8
06-13 11:11:35 com_github_MitjaNemec_ReplicateLayout.replicate_layout 985:Src text UUid:88c44bfd-edcc-4f44-8a18-7e8749db92c8
06-13 11:11:35 com_github_MitjaNemec_ReplicateLayout.replicate_layout 986:Dst text UUid:500ce62c-05ea-4117-b55a-5451d332269d
06-13 11:11:35 com_github_MitjaNemec_ReplicateLayout.replicate_layout 985:Src text UUid:61b323a8-23eb-4cb2-8ca0-5d453f3cb76f
06-13 11:11:35 com_github_MitjaNemec_ReplicateLayout.replicate_layout 986:Dst text UUid:3698e2c8-8f3b-426b-a8a5-97afa9e9cb94
06-13 11:11:35 com_github_MitjaNemec_ReplicateLayout.replicate_layout 985:Src text UUid:f543a2b1-1524-42e2-bb53-aa4fd0751d06
06-13 11:11:35 com_github_MitjaNemec_ReplicateLayout.replicate_layout 986:Dst text UUid:b28c7ad6-012e-460f-b389-8f4fdc767452
06-13 11:11:35 com_github_MitjaNemec_ReplicateLayout.replicate_layout 985:Src text UUid:532ce891-e1f6-4576-a382-c7cbbf9543f3
06-13 11:11:35 com_github_MitjaNemec_ReplicateLayout.replicate_layout 986:Dst text UUid:5f48e252-368d-4740-a22b-e71c511b096f
06-13 11:11:35 com_github_MitjaNemec_ReplicateLayout.replicate_layout 985:Src text UUid:c3ac44f8-42ba-4d3d-a9a1-3685cfd8407e
06-13 11:11:35 com_github_MitjaNemec_ReplicateLayout.replicate_layout 986:Dst text UUid:efc98dcc-bba3-453a-9bf8-6e7f9e9e9fd0
06-13 11:11:35 com_github_MitjaNemec_ReplicateLayout.replicate_layout 985:Src text UUid:856adc6b-dc74-4f3f-9bd9-31282789119a
06-13 11:11:35 com_github_MitjaNemec_ReplicateLayout.replicate_layout 986:Dst text UUid:e7e8f51e-022e-426c-9759-0c700709c610
06-13 11:11:35 com_github_MitjaNemec_ReplicateLayout.replicate_layout 985:Src text UUid:2a9839a8-7172-4d85-a596-11aaa133d9ad
06-13 11:11:35 com_github_MitjaNemec_ReplicateLayout.replicate_layout 986:Dst text UUid:edcc4798-6606-40a5-9908-7d66dd8c982a
06-13 11:11:35 com_github_MitjaNemec_ReplicateLayout.replicate_layout 985:Src text UUid:27843d8d-07be-498d-825c-b49d6921ff1c
06-13 11:11:35 com_github_MitjaNemec_ReplicateLayout.replicate_layout 986:Dst text UUid:624f4f9b-c060-4961-bd57-5cf45510046e
06-13 11:11:35 com_github_MitjaNemec_ReplicateLayout.replicate_layout 985:Src text UUid:b3f034a9-d8fd-47d9-9704-48794f10f646
06-13 11:11:35 com_github_MitjaNemec_ReplicateLayout.replicate_layout 986:Dst text UUid:f7cfd1ad-71fe-4613-a2d2-31e10af15fad
06-13 11:11:35 com_github_MitjaNemec_ReplicateLayout.replicate_layout 985:Src text UUid:4a484b93-1151-4d55-9fc2-5fbe033548e9
06-13 11:11:35 com_github_MitjaNemec_ReplicateLayout.replicate_layout 986:Dst text UUid:300cc456-8eab-464d-93d7-983930ef3f62
06-13 11:11:35 com_github_MitjaNemec_ReplicateLayout.replicate_layout 985:Src text UUid:21a3032d-a012-4c87-8fbe-892097abff6d
06-13 11:11:35 com_github_MitjaNemec_ReplicateLayout.replicate_layout 986:Dst text UUid:8a29d942-ad8a-4557-8dcd-b3a944b66756
06-13 11:11:35 com_github_MitjaNemec_ReplicateLayout.replicate_layout 985:Src text UUid:2426fbc2-b3cc-454c-a61f-0694c1c0c3aa
06-13 11:11:35 com_github_MitjaNemec_ReplicateLayout.replicate_layout 986:Dst text UUid:fa8b2fd0-299c-464c-a2dd-9b735d10d5d9
06-13 11:11:35 com_github_MitjaNemec_ReplicateLayout.replicate_layout 985:Src text UUid:f1b0c704-5751-440a-a34b-489e9b2f6da2
06-13 11:11:35 com_github_MitjaNemec_ReplicateLayout.replicate_layout 986:Dst text UUid:fdbd755c-79f7-46bd-8cda-555c87858153
06-13 11:11:35 com_github_MitjaNemec_ReplicateLayout.replicate_layout 985:Src text UUid:2061d550-027f-4fa6-92ed-591c863cb5d9
06-13 11:11:35 com_github_MitjaNemec_ReplicateLayout.replicate_layout 986:Dst text UUid:be4bf737-3026-4939-ab98-2ca0e0324479
06-13 11:11:35 com_github_MitjaNemec_ReplicateLayout.replicate_layout 985:Src text UUid:e01a2b83-f06a-4e81-a1c2-9ab1130ebaec
06-13 11:11:35 com_github_MitjaNemec_ReplicateLayout.replicate_layout 986:Dst text UUid:8e907869-a4b3-4ac7-99fd-04e844b75b2c
06-13 11:11:35 com_github_MitjaNemec_ReplicateLayout.replicate_layout 868:Replicating footprints on sheet ['relay3']
06-13 11:11:35 com_github_MitjaNemec_ReplicateLayout.replicate_layout 985:Src text UUid:6a881bc8-1d20-4dcb-a3b5-a29ae00853da
06-13 11:11:35 com_github_MitjaNemec_ReplicateLayout.replicate_layout 986:Dst text UUid:26679336-1542-4d1e-97f1-8e3b4882bfba
06-13 11:11:35 com_github_MitjaNemec_ReplicateLayout.replicate_layout 985:Src text UUid:84e3e6c2-69a4-4eef-98d5-363614e5a6d7
06-13 11:11:35 com_github_MitjaNemec_ReplicateLayout.replicate_layout 986:Dst text UUid:ab8f4596-e7f2-4601-9454-62c3ef9e11d7
06-13 11:11:35 com_github_MitjaNemec_ReplicateLayout.replicate_layout 985:Src text UUid:dfc8d7b9-7610-476f-ba58-e7eabac3d2b8
06-13 11:11:35 com_github_MitjaNemec_ReplicateLayout.replicate_layout 986:Dst text UUid:3b6896f4-9b8e-4283-9a1d-5903c526d86c
06-13 11:11:35 com_github_MitjaNemec_ReplicateLayout.replicate_layout 985:Src text UUid:f45351a4-036e-449b-9079-76aa970472a9
06-13 11:11:35 com_github_MitjaNemec_ReplicateLayout.replicate_layout 986:Dst text UUid:6b0a575e-7062-40c2-b44f-89bde9991b98
06-13 11:11:35 com_github_MitjaNemec_ReplicateLayout.replicate_layout 985:Src text UUid:8a45528c-eecc-4de0-9183-8c9fc64470cb
06-13 11:11:35 com_github_MitjaNemec_ReplicateLayout.replicate_layout 986:Dst text UUid:90043ee7-e346-4e6d-95ee-0ff225e387bb
06-13 11:11:35 com_github_MitjaNemec_ReplicateLayout.replicate_layout 985:Src text UUid:9679d834-5cbb-4d17-8e78-8f267f1367f4
06-13 11:11:35 com_github_MitjaNemec_ReplicateLayout.replicate_layout 986:Dst text UUid:cf7270db-0ed2-4d8b-837e-a2cd1e14c45a
06-13 11:11:35 com_github_MitjaNemec_ReplicateLayout.replicate_layout 985:Src text UUid:7477f746-18d7-4891-a6b9-05d8ed03ee2b
06-13 11:11:35 com_github_MitjaNemec_ReplicateLayout.replicate_layout 986:Dst text UUid:e9d00892-d408-4f06-afe8-fa4a5e4fd71d
06-13 11:11:35 com_github_MitjaNemec_ReplicateLayout.replicate_layout 985:Src text UUid:edf7704f-dfbf-4fd4-a84e-48ef1bb579ce
06-13 11:11:35 com_github_MitjaNemec_ReplicateLayout.replicate_layout 986:Dst text UUid:458d686d-21f5-40d5-8bce-accddfccc50c
06-13 11:11:35 com_github_MitjaNemec_ReplicateLayout.replicate_layout 985:Src text UUid:54ca8bd5-ed2a-4eb0-8bc5-cc5ea830d77e
06-13 11:11:35 com_github_MitjaNemec_ReplicateLayout.replicate_layout 986:Dst text UUid:3b5f3ddb-a820-4311-bfb0-38131b0bf2a1
06-13 11:11:35 com_github_MitjaNemec_ReplicateLayout.replicate_layout 985:Src text UUid:b012c3d9-f148-4632-b262-2b100184a66b
06-13 11:11:35 com_github_MitjaNemec_ReplicateLayout.replicate_layout 986:Dst text UUid:a3ae7b58-cfb8-4be4-8f19-c9d059c4c903
06-13 11:11:35 com_github_MitjaNemec_ReplicateLayout.replicate_layout 985:Src text UUid:e8f0d734-da12-45a0-9dcb-01797fe47e29
06-13 11:11:35 com_github_MitjaNemec_ReplicateLayout.replicate_layout 986:Dst text UUid:2f02cb3f-6f0d-48f3-80cf-b6791b46f171
06-13 11:11:35 com_github_MitjaNemec_ReplicateLayout.replicate_layout 985:Src text UUid:235f9ede-f93a-42a0-92f2-1c0638b363de
06-13 11:11:35 com_github_MitjaNemec_ReplicateLayout.replicate_layout 986:Dst text UUid:a6e005f1-bdc1-4ba8-b8bc-23bbc76ff5b7
06-13 11:11:35 com_github_MitjaNemec_ReplicateLayout.replicate_layout 985:Src text UUid:ac4c79dc-6fda-4fd4-b7f0-1bcb45fbecb9
06-13 11:11:35 com_github_MitjaNemec_ReplicateLayout.replicate_layout 986:Dst text UUid:dbdb9d7c-176f-4cc7-8db8-877a36556086
06-13 11:11:35 com_github_MitjaNemec_ReplicateLayout.replicate_layout 985:Src text UUid:9f3de7fd-aca5-4f66-8cad-4fa8423fff90
06-13 11:11:35 com_github_MitjaNemec_ReplicateLayout.replicate_layout 986:Dst text UUid:6f52dc9c-511f-40c3-b35e-96e31deca73f
06-13 11:11:35 com_github_MitjaNemec_ReplicateLayout.replicate_layout 985:Src text UUid:5d531188-77d3-4d64-9c71-c6e807c74c14
06-13 11:11:35 com_github_MitjaNemec_ReplicateLayout.replicate_layout 986:Dst text UUid:ac68618b-3dd3-492b-b23f-bc1bc2f2b340
06-13 11:11:35 com_github_MitjaNemec_ReplicateLayout.replicate_layout 985:Src text UUid:0ca26512-860e-4382-ab7e-a5bacde5eb02
06-13 11:11:35 com_github_MitjaNemec_ReplicateLayout.replicate_layout 986:Dst text UUid:6b686c48-9229-43bf-b575-522e4e3958c0
06-13 11:11:35 com_github_MitjaNemec_ReplicateLayout.replicate_layout 985:Src text UUid:5a005649-643c-4433-a6fb-bb27dbc2268c
06-13 11:11:35 com_github_MitjaNemec_ReplicateLayout.replicate_layout 986:Dst text UUid:0706c0f6-ede7-42cd-a687-2f481d63a8d9
06-13 11:11:35 com_github_MitjaNemec_ReplicateLayout.replicate_layout 985:Src text UUid:88c44bfd-edcc-4f44-8a18-7e8749db92c8
06-13 11:11:35 com_github_MitjaNemec_ReplicateLayout.replicate_layout 986:Dst text UUid:be2fb96d-67e2-4bbf-ba33-6fee81353d86
06-13 11:11:35 com_github_MitjaNemec_ReplicateLayout.replicate_layout 985:Src text UUid:61b323a8-23eb-4cb2-8ca0-5d453f3cb76f
06-13 11:11:35 com_github_MitjaNemec_ReplicateLayout.replicate_layout 986:Dst text UUid:6bb18654-4409-4a5b-ba8e-d90693576c9e
06-13 11:11:35 com_github_MitjaNemec_ReplicateLayout.replicate_layout 985:Src text UUid:f543a2b1-1524-42e2-bb53-aa4fd0751d06
06-13 11:11:35 com_github_MitjaNemec_ReplicateLayout.replicate_layout 986:Dst text UUid:32f4fd8d-cc37-4a58-b648-4d1bb8dc898e
06-13 11:11:35 com_github_MitjaNemec_ReplicateLayout.replicate_layout 985:Src text UUid:532ce891-e1f6-4576-a382-c7cbbf9543f3
06-13 11:11:35 com_github_MitjaNemec_ReplicateLayout.replicate_layout 986:Dst text UUid:9a7dd7a4-466c-493c-9047-166812238651
06-13 11:11:35 root 337:updating GUI with: 57
06-13 11:11:35 com_github_MitjaNemec_ReplicateLayout.replicate_layout 985:Src text UUid:c3ac44f8-42ba-4d3d-a9a1-3685cfd8407e
06-13 11:11:35 com_github_MitjaNemec_ReplicateLayout.replicate_layout 986:Dst text UUid:4564a3fc-4774-4e53-bfff-30a8375fd11c
06-13 11:11:35 com_github_MitjaNemec_ReplicateLayout.replicate_layout 985:Src text UUid:856adc6b-dc74-4f3f-9bd9-31282789119a
06-13 11:11:35 com_github_MitjaNemec_ReplicateLayout.replicate_layout 986:Dst text UUid:65d84189-8dbc-41d1-8a15-acad77d80871
06-13 11:11:35 com_github_MitjaNemec_ReplicateLayout.replicate_layout 985:Src text UUid:2a9839a8-7172-4d85-a596-11aaa133d9ad
06-13 11:11:35 com_github_MitjaNemec_ReplicateLayout.replicate_layout 986:Dst text UUid:71799aab-979d-4364-ad44-a51eb35adf46
06-13 11:11:35 com_github_MitjaNemec_ReplicateLayout.replicate_layout 985:Src text UUid:27843d8d-07be-498d-825c-b49d6921ff1c
06-13 11:11:35 com_github_MitjaNemec_ReplicateLayout.replicate_layout 986:Dst text UUid:b45d4a03-b5ba-420c-a74e-199657c8ab57
06-13 11:11:35 com_github_MitjaNemec_ReplicateLayout.replicate_layout 985:Src text UUid:b3f034a9-d8fd-47d9-9704-48794f10f646
06-13 11:11:35 com_github_MitjaNemec_ReplicateLayout.replicate_layout 986:Dst text UUid:14953206-1b62-409f-bb62-dc2af445aff6
06-13 11:11:35 com_github_MitjaNemec_ReplicateLayout.replicate_layout 985:Src text UUid:4a484b93-1151-4d55-9fc2-5fbe033548e9
06-13 11:11:35 com_github_MitjaNemec_ReplicateLayout.replicate_layout 986:Dst text UUid:d3e8b943-d08e-432a-b4a2-f8cf668dcad3
06-13 11:11:35 com_github_MitjaNemec_ReplicateLayout.replicate_layout 985:Src text UUid:21a3032d-a012-4c87-8fbe-892097abff6d
06-13 11:11:35 com_github_MitjaNemec_ReplicateLayout.replicate_layout 986:Dst text UUid:610a1ab9-e8d7-4307-8c8a-aa2a9649d3b8
06-13 11:11:35 com_github_MitjaNemec_ReplicateLayout.replicate_layout 985:Src text UUid:2426fbc2-b3cc-454c-a61f-0694c1c0c3aa
06-13 11:11:35 com_github_MitjaNemec_ReplicateLayout.replicate_layout 986:Dst text UUid:fc7e5061-6b87-4a4b-895a-2e63e59dc3fa
06-13 11:11:35 com_github_MitjaNemec_ReplicateLayout.replicate_layout 985:Src text UUid:f1b0c704-5751-440a-a34b-489e9b2f6da2
06-13 11:11:35 com_github_MitjaNemec_ReplicateLayout.replicate_layout 986:Dst text UUid:9e9079c0-d95e-429c-8576-952a667c833a
06-13 11:11:35 com_github_MitjaNemec_ReplicateLayout.replicate_layout 985:Src text UUid:2061d550-027f-4fa6-92ed-591c863cb5d9
06-13 11:11:35 com_github_MitjaNemec_ReplicateLayout.replicate_layout 986:Dst text UUid:e25ce59f-e8c2-4799-abaf-b06f05f986cc
06-13 11:11:35 com_github_MitjaNemec_ReplicateLayout.replicate_layout 985:Src text UUid:e01a2b83-f06a-4e81-a1c2-9ab1130ebaec
06-13 11:11:35 com_github_MitjaNemec_ReplicateLayout.replicate_layout 986:Dst text UUid:63300bf5-6df0-40ce-8fdd-42d717871ccd
06-13 11:11:35 com_github_MitjaNemec_ReplicateLayout.replicate_layout 868:Replicating footprints on sheet ['relay4']
06-13 11:11:35 com_github_MitjaNemec_ReplicateLayout.replicate_layout 985:Src text UUid:6a881bc8-1d20-4dcb-a3b5-a29ae00853da
06-13 11:11:35 com_github_MitjaNemec_ReplicateLayout.replicate_layout 986:Dst text UUid:92e960c1-5980-43d4-87bd-465211ef0218
06-13 11:11:35 com_github_MitjaNemec_ReplicateLayout.replicate_layout 985:Src text UUid:84e3e6c2-69a4-4eef-98d5-363614e5a6d7
06-13 11:11:35 com_github_MitjaNemec_ReplicateLayout.replicate_layout 986:Dst text UUid:bbbb56e5-c77f-4290-b042-23051a70a19a
06-13 11:11:35 com_github_MitjaNemec_ReplicateLayout.replicate_layout 985:Src text UUid:dfc8d7b9-7610-476f-ba58-e7eabac3d2b8
06-13 11:11:35 com_github_MitjaNemec_ReplicateLayout.replicate_layout 986:Dst text UUid:5e2aa77a-2d1c-4ef0-a4b6-dbdbfd772286
06-13 11:11:35 com_github_MitjaNemec_ReplicateLayout.replicate_layout 985:Src text UUid:f45351a4-036e-449b-9079-76aa970472a9
06-13 11:11:35 com_github_MitjaNemec_ReplicateLayout.replicate_layout 986:Dst text UUid:0fd677c4-7c1f-41b6-b30d-a0ea898313eb
06-13 11:11:35 com_github_MitjaNemec_ReplicateLayout.replicate_layout 985:Src text UUid:8a45528c-eecc-4de0-9183-8c9fc64470cb
06-13 11:11:35 com_github_MitjaNemec_ReplicateLayout.replicate_layout 986:Dst text UUid:6afeffa1-63dc-44dc-a20c-40d269684f32
06-13 11:11:35 com_github_MitjaNemec_ReplicateLayout.replicate_layout 985:Src text UUid:9679d834-5cbb-4d17-8e78-8f267f1367f4
06-13 11:11:35 com_github_MitjaNemec_ReplicateLayout.replicate_layout 986:Dst text UUid:56993707-8e08-492d-a0b6-18dab7e5de13
06-13 11:11:35 com_github_MitjaNemec_ReplicateLayout.replicate_layout 985:Src text UUid:7477f746-18d7-4891-a6b9-05d8ed03ee2b
06-13 11:11:35 com_github_MitjaNemec_ReplicateLayout.replicate_layout 986:Dst text UUid:78b08fb5-5f2e-45c5-b377-5e63a0d570fc
06-13 11:11:35 com_github_MitjaNemec_ReplicateLayout.replicate_layout 985:Src text UUid:edf7704f-dfbf-4fd4-a84e-48ef1bb579ce
06-13 11:11:35 com_github_MitjaNemec_ReplicateLayout.replicate_layout 986:Dst text UUid:2866ab56-ba4e-417b-8856-055e6cba0ba1
06-13 11:11:35 com_github_MitjaNemec_ReplicateLayout.replicate_layout 985:Src text UUid:54ca8bd5-ed2a-4eb0-8bc5-cc5ea830d77e
06-13 11:11:35 com_github_MitjaNemec_ReplicateLayout.replicate_layout 986:Dst text UUid:7ca33bdd-674d-4d3a-9657-d8c5a469d06f
06-13 11:11:35 com_github_MitjaNemec_ReplicateLayout.replicate_layout 985:Src text UUid:b012c3d9-f148-4632-b262-2b100184a66b
06-13 11:11:35 com_github_MitjaNemec_ReplicateLayout.replicate_layout 986:Dst text UUid:fffd0eb4-f0e9-48e6-b12e-e8545a747b1f
06-13 11:11:35 com_github_MitjaNemec_ReplicateLayout.replicate_layout 985:Src text UUid:e8f0d734-da12-45a0-9dcb-01797fe47e29
06-13 11:11:35 com_github_MitjaNemec_ReplicateLayout.replicate_layout 986:Dst text UUid:ef3fb08b-7fa5-499b-8109-006404b6e5b2
06-13 11:11:35 com_github_MitjaNemec_ReplicateLayout.replicate_layout 985:Src text UUid:235f9ede-f93a-42a0-92f2-1c0638b363de
06-13 11:11:35 com_github_MitjaNemec_ReplicateLayout.replicate_layout 986:Dst text UUid:3d90a3d7-9cce-4964-9808-736f96780c18
06-13 11:11:35 com_github_MitjaNemec_ReplicateLayout.replicate_layout 985:Src text UUid:ac4c79dc-6fda-4fd4-b7f0-1bcb45fbecb9
06-13 11:11:35 com_github_MitjaNemec_ReplicateLayout.replicate_layout 986:Dst text UUid:ae30fcad-43a8-499f-a7ca-b2e5520ed885
06-13 11:11:35 com_github_MitjaNemec_ReplicateLayout.replicate_layout 985:Src text UUid:9f3de7fd-aca5-4f66-8cad-4fa8423fff90
06-13 11:11:35 com_github_MitjaNemec_ReplicateLayout.replicate_layout 986:Dst text UUid:22844dba-fa94-4e91-a4f4-d1b911b5ca11
06-13 11:11:35 com_github_MitjaNemec_ReplicateLayout.replicate_layout 985:Src text UUid:5d531188-77d3-4d64-9c71-c6e807c74c14
06-13 11:11:35 com_github_MitjaNemec_ReplicateLayout.replicate_layout 986:Dst text UUid:e79ed0b4-7b77-44b3-a729-0381854efaf2
06-13 11:11:35 com_github_MitjaNemec_ReplicateLayout.replicate_layout 985:Src text UUid:0ca26512-860e-4382-ab7e-a5bacde5eb02
06-13 11:11:35 com_github_MitjaNemec_ReplicateLayout.replicate_layout 986:Dst text UUid:67f37262-d194-47f6-9a5a-6ec61ced4cef
06-13 11:11:35 com_github_MitjaNemec_ReplicateLayout.replicate_layout 985:Src text UUid:5a005649-643c-4433-a6fb-bb27dbc2268c
06-13 11:11:35 com_github_MitjaNemec_ReplicateLayout.replicate_layout 986:Dst text UUid:23fc5bb3-3f77-47ad-bcc2-692403dd2fa1
06-13 11:11:35 com_github_MitjaNemec_ReplicateLayout.replicate_layout 985:Src text UUid:88c44bfd-edcc-4f44-8a18-7e8749db92c8
06-13 11:11:35 com_github_MitjaNemec_ReplicateLayout.replicate_layout 986:Dst text UUid:acb1531e-b1c1-4afb-8222-fac3ccd1e5b8
06-13 11:11:35 com_github_MitjaNemec_ReplicateLayout.replicate_layout 985:Src text UUid:61b323a8-23eb-4cb2-8ca0-5d453f3cb76f
06-13 11:11:35 com_github_MitjaNemec_ReplicateLayout.replicate_layout 986:Dst text UUid:2794a1b0-5467-4dde-84f3-f6f7050eaddb
06-13 11:11:35 com_github_MitjaNemec_ReplicateLayout.replicate_layout 985:Src text UUid:f543a2b1-1524-42e2-bb53-aa4fd0751d06
06-13 11:11:35 com_github_MitjaNemec_ReplicateLayout.replicate_layout 986:Dst text UUid:f236f2c7-d204-4b98-9007-035ea9ae5b6e
06-13 11:11:35 com_github_MitjaNemec_ReplicateLayout.replicate_layout 985:Src text UUid:532ce891-e1f6-4576-a382-c7cbbf9543f3
06-13 11:11:35 com_github_MitjaNemec_ReplicateLayout.replicate_layout 986:Dst text UUid:89772407-7c74-486f-b514-6e4f079ca97e
06-13 11:11:35 com_github_MitjaNemec_ReplicateLayout.replicate_layout 985:Src text UUid:c3ac44f8-42ba-4d3d-a9a1-3685cfd8407e
06-13 11:11:35 com_github_MitjaNemec_ReplicateLayout.replicate_layout 986:Dst text UUid:6f4ec4ec-78c9-4334-9713-f66b67f3c320
06-13 11:11:35 com_github_MitjaNemec_ReplicateLayout.replicate_layout 985:Src text UUid:856adc6b-dc74-4f3f-9bd9-31282789119a
06-13 11:11:35 com_github_MitjaNemec_ReplicateLayout.replicate_layout 986:Dst text UUid:6d447c24-0106-4914-9352-d773790474f2
06-13 11:11:35 com_github_MitjaNemec_ReplicateLayout.replicate_layout 985:Src text UUid:2a9839a8-7172-4d85-a596-11aaa133d9ad
06-13 11:11:35 com_github_MitjaNemec_ReplicateLayout.replicate_layout 986:Dst text UUid:e97a2384-cd3e-4d84-97b5-5f4c3e5d2649
06-13 11:11:35 com_github_MitjaNemec_ReplicateLayout.replicate_layout 985:Src text UUid:27843d8d-07be-498d-825c-b49d6921ff1c
06-13 11:11:35 com_github_MitjaNemec_ReplicateLayout.replicate_layout 986:Dst text UUid:93dcf142-8fc1-4306-99a0-692a0e56328a
06-13 11:11:35 com_github_MitjaNemec_ReplicateLayout.replicate_layout 985:Src text UUid:b3f034a9-d8fd-47d9-9704-48794f10f646
06-13 11:11:35 com_github_MitjaNemec_ReplicateLayout.replicate_layout 986:Dst text UUid:b3f13f80-3f68-40f8-abf6-3921b6315233
06-13 11:11:35 com_github_MitjaNemec_ReplicateLayout.replicate_layout 985:Src text UUid:4a484b93-1151-4d55-9fc2-5fbe033548e9
06-13 11:11:35 com_github_MitjaNemec_ReplicateLayout.replicate_layout 986:Dst text UUid:0786ec7e-a8be-4a00-a0ca-874f0c5aeb3c
06-13 11:11:35 com_github_MitjaNemec_ReplicateLayout.replicate_layout 985:Src text UUid:21a3032d-a012-4c87-8fbe-892097abff6d
06-13 11:11:35 com_github_MitjaNemec_ReplicateLayout.replicate_layout 986:Dst text UUid:fc823750-f1dd-46e2-a852-cef5d3c6f10f
06-13 11:11:35 com_github_MitjaNemec_ReplicateLayout.replicate_layout 985:Src text UUid:2426fbc2-b3cc-454c-a61f-0694c1c0c3aa
06-13 11:11:35 com_github_MitjaNemec_ReplicateLayout.replicate_layout 986:Dst text UUid:8d9d6558-5f3c-44b2-b1ff-ca82a8a84c07
06-13 11:11:35 com_github_MitjaNemec_ReplicateLayout.replicate_layout 985:Src text UUid:f1b0c704-5751-440a-a34b-489e9b2f6da2
06-13 11:11:35 com_github_MitjaNemec_ReplicateLayout.replicate_layout 986:Dst text UUid:677ec505-a7f5-42a3-bd28-037d595fa191
06-13 11:11:35 com_github_MitjaNemec_ReplicateLayout.replicate_layout 985:Src text UUid:2061d550-027f-4fa6-92ed-591c863cb5d9
06-13 11:11:35 com_github_MitjaNemec_ReplicateLayout.replicate_layout 986:Dst text UUid:a048fcab-ed6b-43b5-9e27-56891bc1f90d
06-13 11:11:35 com_github_MitjaNemec_ReplicateLayout.replicate_layout 985:Src text UUid:e01a2b83-f06a-4e81-a1c2-9ab1130ebaec
06-13 11:11:35 com_github_MitjaNemec_ReplicateLayout.replicate_layout 986:Dst text UUid:384009a5-33c9-4bee-a4c9-e02c4f98fcf1
06-13 11:11:35 root 332:updating GUI message: 'Replicating tracks'
06-13 11:11:35 com_github_MitjaNemec_ReplicateLayout.replicate_layout 1009:Replicating tracks
06-13 11:11:35 com_github_MitjaNemec_ReplicateLayout.replicate_layout 1015:Replicating tracks on sheet ['relay2']
06-13 11:11:35 com_github_MitjaNemec_ReplicateLayout.replicate_layout 792:Net pairs for sheet ['relay2'] :[('/relay1/DCC_B', '/relay2/DCC_B'), ('/relay1/coilB', '/relay2/coilB'), ('/relay1/coilA', '/relay2/coilA'), ('/relay1/DCC_A', '/relay2/DCC_A'), ('/relay1/common', '/relay2/common'), ('Net-(D2-A)', 'Net-(D4-A)'), ('Net-(K1-Pad1)', 'Net-(K2-Pad1)'), ('Net-(J5-Pin_2)', 'Net-(J6-Pin_2)'), ('Net-(D1-A)', 'Net-(D3-A)')]
06-13 11:11:35 root 337:updating GUI with: 0
06-13 11:11:35 com_github_MitjaNemec_ReplicateLayout.replicate_layout 1015:Replicating tracks on sheet ['relay3']
06-13 11:11:35 com_github_MitjaNemec_ReplicateLayout.replicate_layout 792:Net pairs for sheet ['relay3'] :[('/relay1/coilB', '/relay3/coilB'), ('/relay1/DCC_A', '/relay3/DCC_A'), ('/relay1/common', '/relay3/common'), ('Net-(K1-Pad1)', 'Net-(K3-Pad1)'), ('Net-(J5-Pin_2)', 'Net-(J9-Pin_2)'), ('Net-(D1-A)', 'Net-(D5-A)'), ('/relay1/coilA', '/relay3/coilA'), ('/relay1/DCC_B', '/relay3/DCC_B'), ('Net-(D2-A)', 'Net-(D6-A)')]
06-13 11:11:35 com_github_MitjaNemec_ReplicateLayout.replicate_layout 1015:Replicating tracks on sheet ['relay4']
06-13 11:11:35 com_github_MitjaNemec_ReplicateLayout.replicate_layout 792:Net pairs for sheet ['relay4'] :[('/relay1/coilA', '/relay4/coilA'), ('Net-(D2-A)', 'Net-(D8-A)'), ('Net-(K1-Pad1)', 'Net-(K4-Pad1)'), ('Net-(D1-A)', 'Net-(D7-A)'), ('/relay1/common', '/relay4/common'), ('/relay1/DCC_B', '/relay4/DCC_B'), ('/relay1/coilB', '/relay4/coilB'), ('/relay1/DCC_A', '/relay4/DCC_A'), ('Net-(J5-Pin_2)', 'Net-(J12-Pin_2)')]
06-13 11:11:35 root 337:updating GUI with: 67
06-13 11:11:35 root 332:updating GUI message: 'Replicating zones'
06-13 11:11:35 com_github_MitjaNemec_ReplicateLayout.replicate_layout 1079:Replicating zones
06-13 11:11:35 com_github_MitjaNemec_ReplicateLayout.replicate_layout 1086:Replicating zones on sheet ['relay2']
06-13 11:11:35 com_github_MitjaNemec_ReplicateLayout.replicate_layout 792:Net pairs for sheet ['relay2'] :[('/relay1/DCC_B', '/relay2/DCC_B'), ('/relay1/coilB', '/relay2/coilB'), ('/relay1/coilA', '/relay2/coilA'), ('/relay1/DCC_A', '/relay2/DCC_A'), ('/relay1/common', '/relay2/common'), ('Net-(D2-A)', 'Net-(D4-A)'), ('Net-(K1-Pad1)', 'Net-(K2-Pad1)'), ('Net-(J5-Pin_2)', 'Net-(J6-Pin_2)'), ('Net-(D1-A)', 'Net-(D3-A)')]
06-13 11:11:35 com_github_MitjaNemec_ReplicateLayout.replicate_layout 1086:Replicating zones on sheet ['relay3']
06-13 11:11:35 com_github_MitjaNemec_ReplicateLayout.replicate_layout 792:Net pairs for sheet ['relay3'] :[('/relay1/coilB', '/relay3/coilB'), ('/relay1/DCC_A', '/relay3/DCC_A'), ('/relay1/common', '/relay3/common'), ('Net-(K1-Pad1)', 'Net-(K3-Pad1)'), ('Net-(J5-Pin_2)', 'Net-(J9-Pin_2)'), ('Net-(D1-A)', 'Net-(D5-A)'), ('/relay1/coilA', '/relay3/coilA'), ('/relay1/DCC_B', '/relay3/DCC_B'), ('Net-(D2-A)', 'Net-(D6-A)')]
06-13 11:11:35 com_github_MitjaNemec_ReplicateLayout.replicate_layout 1086:Replicating zones on sheet ['relay4']
06-13 11:11:35 com_github_MitjaNemec_ReplicateLayout.replicate_layout 792:Net pairs for sheet ['relay4'] :[('/relay1/coilA', '/relay4/coilA'), ('Net-(D2-A)', 'Net-(D8-A)'), ('Net-(K1-Pad1)', 'Net-(K4-Pad1)'), ('Net-(D1-A)', 'Net-(D7-A)'), ('/relay1/common', '/relay4/common'), ('/relay1/DCC_B', '/relay4/DCC_B'), ('/relay1/coilB', '/relay4/coilB'), ('/relay1/DCC_A', '/relay4/DCC_A'), ('Net-(J5-Pin_2)', 'Net-(J12-Pin_2)')]
06-13 11:11:35 root 332:updating GUI message: 'Replicating text'
06-13 11:11:35 com_github_MitjaNemec_ReplicateLayout.replicate_layout 1168:Replicating text
06-13 11:11:35 com_github_MitjaNemec_ReplicateLayout.replicate_layout 1175:Replicating text on sheet ['relay2']
06-13 11:11:35 com_github_MitjaNemec_ReplicateLayout.replicate_layout 1175:Replicating text on sheet ['relay3']
06-13 11:11:35 com_github_MitjaNemec_ReplicateLayout.replicate_layout 1175:Replicating text on sheet ['relay4']
06-13 11:11:35 root 332:updating GUI message: 'Replicating drawings'
06-13 11:11:35 com_github_MitjaNemec_ReplicateLayout.replicate_layout 1219:Replicating drawings
06-13 11:11:35 com_github_MitjaNemec_ReplicateLayout.replicate_layout 1225:Replicating drawings on sheet ['relay2']
06-13 11:11:35 com_github_MitjaNemec_ReplicateLayout.replicate_layout 1225:Replicating drawings on sheet ['relay3']
06-13 11:11:35 com_github_MitjaNemec_ReplicateLayout.replicate_layout 1225:Replicating drawings on sheet ['relay4']
06-13 11:11:35 com_github_MitjaNemec_ReplicateLayout.action_replicate_layout 256:Replication complete
