02-08 22:44:33 com_github_MitjaNemec_ReplicateLayout.action_replicate_layout 392:Plugin executed on: 'win32'
02-08 22:44:33 com_github_MitjaNemec_ReplicateLayout.action_replicate_layout 393:Plugin executed with python version: '3.11.5 (main, Dec 24 2024, 05:27:06) [MSC v.1942 64 bit (AMD64)]'
02-08 22:44:33 com_github_MitjaNemec_ReplicateLayout.action_replicate_layout 394:KiCad build version: 8.0.8
02-08 22:44:33 com_github_MitjaNemec_ReplicateLayout.action_replicate_layout 395:Plugin version: 3.0.3
02-08 22:44:33 com_github_MitjaNemec_ReplicateLayout.action_replicate_layout 396:Frame repr: <wx._core.Frame object at 0x0000023D25DC0430>
02-08 22:44:33 com_github_MitjaNemec_ReplicateLayout.action_replicate_layout 420:Preparing replicator with J202 as a reference
02-08 22:44:33 com_github_MitjaNemec_ReplicateLayout.replicate_layout 117:getting a list of all footprints on board
02-08 22:44:33 com_github_MitjaNemec_ReplicateLayout.action_replicate_layout 468:source anchor footprint is 'J202'
Located on: ['relay1']
With filenames: ['relay.kicad_sch']
With sheet_id:['relay1']
02-08 22:44:33 com_github_MitjaNemec_ReplicateLayout.action_replicate_layout 475:Corresponding footprints are 
[('J702', ['relay4']), ('J302', ['relay2']), ('J502', ['relay3']), ('J202', ['relay1'])]
02-08 22:44:33 com_github_MitjaNemec_ReplicateLayout.action_replicate_layout 487:Showing dialog
02-08 22:44:33 com_github_MitjaNemec_ReplicateLayout.replicate_layout 472:constructing a list of sheets suitable for replication on level:'relay1', file:'relay.kicad_sch'
02-08 22:44:33 com_github_MitjaNemec_ReplicateLayout.replicate_layout 509:suitable sheets are:[['relay2'], ['relay3'], ['relay4']]
02-08 22:44:33 com_github_MitjaNemec_ReplicateLayout.replicate_layout 1507:Level selected: ['relay1']
02-08 22:44:33 com_github_MitjaNemec_ReplicateLayout.replicate_layout 1331:Filtering list of tracks
02-08 22:44:33 com_github_MitjaNemec_ReplicateLayout.action_replicate_layout 493:Toolbar position: wx.Point(1646, 77)
02-08 22:44:33 com_github_MitjaNemec_ReplicateLayout.action_replicate_layout 498:Dialog position: wx.Point(1207, 77)
02-08 22:44:35 com_github_MitjaNemec_ReplicateLayout.replicate_layout 472:constructing a list of sheets suitable for replication on level:'relay1', file:'relay.kicad_sch'
02-08 22:44:35 com_github_MitjaNemec_ReplicateLayout.replicate_layout 509:suitable sheets are:[['relay2'], ['relay3'], ['relay4']]
02-08 22:44:35 com_github_MitjaNemec_ReplicateLayout.action_replicate_layout 240:Replicating layout
02-08 22:44:35 com_github_MitjaNemec_ReplicateLayout.replicate_layout 288:Starting replication of sheets: [['relay2'], ['relay3'], ['relay4']]
on level: ['relay1']
with tracks=True, zone=True, text=True, text=True, intersecting=False, remove=False, locked footprints=False, group_only=False
02-08 22:44:35 root 332:updating GUI message: 'Preparing for replication'
02-08 22:44:35 root 337:updating GUI with: 0
02-08 22:44:35 com_github_MitjaNemec_ReplicateLayout.replicate_layout 358:Getting the list of source footprints
02-08 22:44:35 com_github_MitjaNemec_ReplicateLayout.replicate_layout 368:Getting the list of all the remaining footprints
02-08 22:44:35 com_github_MitjaNemec_ReplicateLayout.replicate_layout 375:Getting source tracks
02-08 22:44:35 com_github_MitjaNemec_ReplicateLayout.replicate_layout 1331:Filtering list of tracks
02-08 22:44:35 com_github_MitjaNemec_ReplicateLayout.replicate_layout 379:Getting source zones
02-08 22:44:35 com_github_MitjaNemec_ReplicateLayout.replicate_layout 383:Getting source text items
02-08 22:44:35 com_github_MitjaNemec_ReplicateLayout.replicate_layout 387:Getting source drawing items
02-08 22:44:35 root 332:updating GUI message: 'Replicating footprints'
02-08 22:44:35 com_github_MitjaNemec_ReplicateLayout.replicate_layout 861:Replicating footprints
02-08 22:44:35 com_github_MitjaNemec_ReplicateLayout.replicate_layout 868:Replicating footprints on sheet ['relay2']
02-08 22:44:35 com_github_MitjaNemec_ReplicateLayout.replicate_layout 985:Src text UUid:649fafda-2219-4019-88d2-71e25ba0e01e
02-08 22:44:35 com_github_MitjaNemec_ReplicateLayout.replicate_layout 986:Dst text UUid:5281fd57-1b94-41fb-be73-268fb6c9b385
02-08 22:44:35 com_github_MitjaNemec_ReplicateLayout.replicate_layout 985:Src text UUid:4cf292bc-4342-4dd9-ac20-af53c8d1af6f
02-08 22:44:35 com_github_MitjaNemec_ReplicateLayout.replicate_layout 986:Dst text UUid:eddc5abe-f486-446f-8097-0da3ebcecdf8
02-08 22:44:35 com_github_MitjaNemec_ReplicateLayout.replicate_layout 985:Src text UUid:7659d706-7afb-4521-a2fe-27bd554781b7
02-08 22:44:35 com_github_MitjaNemec_ReplicateLayout.replicate_layout 986:Dst text UUid:5cb798a7-c346-4577-8886-b0c64fdde7af
02-08 22:44:35 com_github_MitjaNemec_ReplicateLayout.replicate_layout 985:Src text UUid:b238165a-71ac-4274-803d-386c403e4a11
02-08 22:44:35 com_github_MitjaNemec_ReplicateLayout.replicate_layout 986:Dst text UUid:bd9e22b9-5664-4bed-bd00-eb428a25e66c
02-08 22:44:35 com_github_MitjaNemec_ReplicateLayout.replicate_layout 985:Src text UUid:bdef8b38-1a4f-47a0-8531-12d1e2cfe50d
02-08 22:44:35 com_github_MitjaNemec_ReplicateLayout.replicate_layout 986:Dst text UUid:0607c31a-5e8d-4ac9-879a-67034c8150fc
02-08 22:44:35 com_github_MitjaNemec_ReplicateLayout.replicate_layout 985:Src text UUid:b9f3ebb6-9926-45ae-aa3b-97a17fe19a9d
02-08 22:44:35 com_github_MitjaNemec_ReplicateLayout.replicate_layout 986:Dst text UUid:0bf65d2a-9190-41e3-bb25-024bbaa72ea2
02-08 22:44:35 com_github_MitjaNemec_ReplicateLayout.replicate_layout 985:Src text UUid:398f2201-a0cd-4471-8511-cb82a1e216cb
02-08 22:44:35 com_github_MitjaNemec_ReplicateLayout.replicate_layout 986:Dst text UUid:77ce2e48-3b45-4210-8cd3-fa67c12041f7
02-08 22:44:35 com_github_MitjaNemec_ReplicateLayout.replicate_layout 985:Src text UUid:dc5441f8-8549-4562-adf3-7af45a3df64c
02-08 22:44:35 com_github_MitjaNemec_ReplicateLayout.replicate_layout 986:Dst text UUid:62bcd2d5-b68c-4390-a2f4-238abcd49567
02-08 22:44:35 com_github_MitjaNemec_ReplicateLayout.replicate_layout 985:Src text UUid:e0d61937-0691-4596-b3e1-a347349c54c5
02-08 22:44:35 com_github_MitjaNemec_ReplicateLayout.replicate_layout 986:Dst text UUid:effa1960-0da4-4c30-9392-9ae87344f3d9
02-08 22:44:35 com_github_MitjaNemec_ReplicateLayout.replicate_layout 985:Src text UUid:a2371509-929d-46a3-965d-51dc75f3f1db
02-08 22:44:35 com_github_MitjaNemec_ReplicateLayout.replicate_layout 986:Dst text UUid:34293ae6-9f50-4cef-b384-5b7f4efecc14
02-08 22:44:35 com_github_MitjaNemec_ReplicateLayout.replicate_layout 985:Src text UUid:cf81195c-93cb-41da-b873-bf21ac242339
02-08 22:44:35 com_github_MitjaNemec_ReplicateLayout.replicate_layout 986:Dst text UUid:015f2862-5066-4a80-b3c4-8e03fa37920b
02-08 22:44:35 com_github_MitjaNemec_ReplicateLayout.replicate_layout 985:Src text UUid:a566b4fd-8e51-45dd-9cf6-d1639cb22424
02-08 22:44:35 com_github_MitjaNemec_ReplicateLayout.replicate_layout 986:Dst text UUid:ff030184-0fb4-494d-878d-088defd915a5
02-08 22:44:35 com_github_MitjaNemec_ReplicateLayout.replicate_layout 985:Src text UUid:4ed4d664-65fa-4910-a1e8-9e15feeb5480
02-08 22:44:35 com_github_MitjaNemec_ReplicateLayout.replicate_layout 986:Dst text UUid:633cac44-e414-46d7-8360-67a0a6c3f48a
02-08 22:44:35 com_github_MitjaNemec_ReplicateLayout.replicate_layout 985:Src text UUid:ea01564e-c8ff-4905-b8cb-44b195390f29
02-08 22:44:35 com_github_MitjaNemec_ReplicateLayout.replicate_layout 986:Dst text UUid:c3aa1aec-6f4a-4268-95f4-24585a72d55a
02-08 22:44:35 com_github_MitjaNemec_ReplicateLayout.replicate_layout 985:Src text UUid:83cb190c-dcb0-44ae-8bfc-7775843c1611
02-08 22:44:35 com_github_MitjaNemec_ReplicateLayout.replicate_layout 986:Dst text UUid:4f07ef44-6cbf-449b-b36a-8547ca98ca10
02-08 22:44:35 com_github_MitjaNemec_ReplicateLayout.replicate_layout 985:Src text UUid:2261c367-d2ad-49de-9214-c73f58acdd0f
02-08 22:44:35 com_github_MitjaNemec_ReplicateLayout.replicate_layout 986:Dst text UUid:cd6c37d5-21f0-4b3b-a4a0-20f279bd6f9a
02-08 22:44:35 com_github_MitjaNemec_ReplicateLayout.replicate_layout 985:Src text UUid:34dfdb97-f61e-4991-a7fe-e4aac7faa4a7
02-08 22:44:35 com_github_MitjaNemec_ReplicateLayout.replicate_layout 986:Dst text UUid:8080b993-8117-4f72-af31-b10436778e0c
02-08 22:44:35 com_github_MitjaNemec_ReplicateLayout.replicate_layout 985:Src text UUid:12541a58-1105-4ab5-ad25-31c838d09d8e
02-08 22:44:35 com_github_MitjaNemec_ReplicateLayout.replicate_layout 986:Dst text UUid:5d5e4d0b-a7bd-43d3-a328-b124d109a2ee
02-08 22:44:35 root 337:updating GUI with: 33
02-08 22:44:35 com_github_MitjaNemec_ReplicateLayout.replicate_layout 868:Replicating footprints on sheet ['relay3']
02-08 22:44:35 com_github_MitjaNemec_ReplicateLayout.replicate_layout 985:Src text UUid:649fafda-2219-4019-88d2-71e25ba0e01e
02-08 22:44:35 com_github_MitjaNemec_ReplicateLayout.replicate_layout 986:Dst text UUid:3ad0f81d-f094-49ba-876f-34d73c938c61
02-08 22:44:35 com_github_MitjaNemec_ReplicateLayout.replicate_layout 985:Src text UUid:4cf292bc-4342-4dd9-ac20-af53c8d1af6f
02-08 22:44:35 com_github_MitjaNemec_ReplicateLayout.replicate_layout 986:Dst text UUid:4f976dfa-9916-48bd-8dc6-f8ba71bb46e8
02-08 22:44:35 com_github_MitjaNemec_ReplicateLayout.replicate_layout 985:Src text UUid:7659d706-7afb-4521-a2fe-27bd554781b7
02-08 22:44:35 com_github_MitjaNemec_ReplicateLayout.replicate_layout 986:Dst text UUid:c46c750a-5af7-4be0-85e9-3a595fb3560f
02-08 22:44:35 com_github_MitjaNemec_ReplicateLayout.replicate_layout 985:Src text UUid:b238165a-71ac-4274-803d-386c403e4a11
02-08 22:44:35 com_github_MitjaNemec_ReplicateLayout.replicate_layout 986:Dst text UUid:fbcab5ba-231a-45df-bc7c-e709c81cf755
02-08 22:44:35 com_github_MitjaNemec_ReplicateLayout.replicate_layout 985:Src text UUid:bdef8b38-1a4f-47a0-8531-12d1e2cfe50d
02-08 22:44:35 com_github_MitjaNemec_ReplicateLayout.replicate_layout 986:Dst text UUid:0a58bd2b-2b5b-4410-adf0-0922fa87a909
02-08 22:44:35 com_github_MitjaNemec_ReplicateLayout.replicate_layout 985:Src text UUid:b9f3ebb6-9926-45ae-aa3b-97a17fe19a9d
02-08 22:44:35 com_github_MitjaNemec_ReplicateLayout.replicate_layout 986:Dst text UUid:dbc33ffb-1bac-4052-9498-e2e9c78d1cb5
02-08 22:44:35 com_github_MitjaNemec_ReplicateLayout.replicate_layout 985:Src text UUid:398f2201-a0cd-4471-8511-cb82a1e216cb
02-08 22:44:35 com_github_MitjaNemec_ReplicateLayout.replicate_layout 986:Dst text UUid:76ce6dd0-e436-434d-80e5-718db31de262
02-08 22:44:35 com_github_MitjaNemec_ReplicateLayout.replicate_layout 985:Src text UUid:dc5441f8-8549-4562-adf3-7af45a3df64c
02-08 22:44:35 com_github_MitjaNemec_ReplicateLayout.replicate_layout 986:Dst text UUid:1f2ba19e-b54a-4eb5-9083-8c049572f706
02-08 22:44:35 com_github_MitjaNemec_ReplicateLayout.replicate_layout 985:Src text UUid:e0d61937-0691-4596-b3e1-a347349c54c5
02-08 22:44:35 com_github_MitjaNemec_ReplicateLayout.replicate_layout 986:Dst text UUid:370d6d64-cbf3-4e39-9506-09b677e05222
02-08 22:44:35 com_github_MitjaNemec_ReplicateLayout.replicate_layout 985:Src text UUid:a2371509-929d-46a3-965d-51dc75f3f1db
02-08 22:44:35 com_github_MitjaNemec_ReplicateLayout.replicate_layout 986:Dst text UUid:c6b23c81-1c4d-4892-ba7e-5f912f6b9d15
02-08 22:44:35 com_github_MitjaNemec_ReplicateLayout.replicate_layout 985:Src text UUid:cf81195c-93cb-41da-b873-bf21ac242339
02-08 22:44:35 com_github_MitjaNemec_ReplicateLayout.replicate_layout 986:Dst text UUid:14cf6fb5-c0c5-4dde-b974-17a5ea7460f8
02-08 22:44:35 com_github_MitjaNemec_ReplicateLayout.replicate_layout 985:Src text UUid:a566b4fd-8e51-45dd-9cf6-d1639cb22424
02-08 22:44:35 com_github_MitjaNemec_ReplicateLayout.replicate_layout 986:Dst text UUid:c19a90be-bba9-46c8-966c-a244636a7d0d
02-08 22:44:35 com_github_MitjaNemec_ReplicateLayout.replicate_layout 985:Src text UUid:4ed4d664-65fa-4910-a1e8-9e15feeb5480
02-08 22:44:35 com_github_MitjaNemec_ReplicateLayout.replicate_layout 986:Dst text UUid:dd045f81-0ced-4dce-a102-01963ed7bd94
02-08 22:44:35 com_github_MitjaNemec_ReplicateLayout.replicate_layout 985:Src text UUid:ea01564e-c8ff-4905-b8cb-44b195390f29
02-08 22:44:35 com_github_MitjaNemec_ReplicateLayout.replicate_layout 986:Dst text UUid:4e4b11f2-b1c1-48ba-b170-72f4f15c0240
02-08 22:44:35 com_github_MitjaNemec_ReplicateLayout.replicate_layout 985:Src text UUid:83cb190c-dcb0-44ae-8bfc-7775843c1611
02-08 22:44:35 com_github_MitjaNemec_ReplicateLayout.replicate_layout 986:Dst text UUid:ee62236c-46a1-47fb-9fd5-346b300370a1
02-08 22:44:35 com_github_MitjaNemec_ReplicateLayout.replicate_layout 985:Src text UUid:2261c367-d2ad-49de-9214-c73f58acdd0f
02-08 22:44:35 com_github_MitjaNemec_ReplicateLayout.replicate_layout 986:Dst text UUid:a075b2a3-8546-4bfe-8978-9ea02ffc4bf8
02-08 22:44:35 com_github_MitjaNemec_ReplicateLayout.replicate_layout 985:Src text UUid:34dfdb97-f61e-4991-a7fe-e4aac7faa4a7
02-08 22:44:35 com_github_MitjaNemec_ReplicateLayout.replicate_layout 986:Dst text UUid:bf67d485-d2bc-483d-a462-6c72638fff89
02-08 22:44:35 com_github_MitjaNemec_ReplicateLayout.replicate_layout 985:Src text UUid:12541a58-1105-4ab5-ad25-31c838d09d8e
02-08 22:44:35 com_github_MitjaNemec_ReplicateLayout.replicate_layout 986:Dst text UUid:4474452f-30e4-4c6f-b83e-b480cc6af184
02-08 22:44:35 com_github_MitjaNemec_ReplicateLayout.replicate_layout 868:Replicating footprints on sheet ['relay4']
02-08 22:44:35 com_github_MitjaNemec_ReplicateLayout.replicate_layout 985:Src text UUid:649fafda-2219-4019-88d2-71e25ba0e01e
02-08 22:44:35 com_github_MitjaNemec_ReplicateLayout.replicate_layout 986:Dst text UUid:cc28959f-2d2f-4429-8157-3d5cd7cda0a6
02-08 22:44:35 com_github_MitjaNemec_ReplicateLayout.replicate_layout 985:Src text UUid:4cf292bc-4342-4dd9-ac20-af53c8d1af6f
02-08 22:44:35 com_github_MitjaNemec_ReplicateLayout.replicate_layout 986:Dst text UUid:24111fbe-75be-4927-b4e9-bdaf66c8d34b
02-08 22:44:35 com_github_MitjaNemec_ReplicateLayout.replicate_layout 985:Src text UUid:7659d706-7afb-4521-a2fe-27bd554781b7
02-08 22:44:35 com_github_MitjaNemec_ReplicateLayout.replicate_layout 986:Dst text UUid:9c1a40c0-515b-4468-b981-d31f2605ebfe
02-08 22:44:35 com_github_MitjaNemec_ReplicateLayout.replicate_layout 985:Src text UUid:b238165a-71ac-4274-803d-386c403e4a11
02-08 22:44:35 com_github_MitjaNemec_ReplicateLayout.replicate_layout 986:Dst text UUid:ceef66e0-485f-448f-9807-3128668e39f8
02-08 22:44:35 com_github_MitjaNemec_ReplicateLayout.replicate_layout 985:Src text UUid:bdef8b38-1a4f-47a0-8531-12d1e2cfe50d
02-08 22:44:35 com_github_MitjaNemec_ReplicateLayout.replicate_layout 986:Dst text UUid:993843ee-f17c-4077-95c8-7e3764d40a84
02-08 22:44:35 com_github_MitjaNemec_ReplicateLayout.replicate_layout 985:Src text UUid:b9f3ebb6-9926-45ae-aa3b-97a17fe19a9d
02-08 22:44:35 com_github_MitjaNemec_ReplicateLayout.replicate_layout 986:Dst text UUid:2ab9159f-6942-4d8c-9751-6180e358dab7
02-08 22:44:35 com_github_MitjaNemec_ReplicateLayout.replicate_layout 985:Src text UUid:398f2201-a0cd-4471-8511-cb82a1e216cb
02-08 22:44:35 com_github_MitjaNemec_ReplicateLayout.replicate_layout 986:Dst text UUid:061952d4-2a32-43c0-ad5c-278f98e4cf4a
02-08 22:44:35 com_github_MitjaNemec_ReplicateLayout.replicate_layout 985:Src text UUid:dc5441f8-8549-4562-adf3-7af45a3df64c
02-08 22:44:35 com_github_MitjaNemec_ReplicateLayout.replicate_layout 986:Dst text UUid:92a2a0a6-69a8-4523-b52b-be300b1f2ee5
02-08 22:44:35 com_github_MitjaNemec_ReplicateLayout.replicate_layout 985:Src text UUid:e0d61937-0691-4596-b3e1-a347349c54c5
02-08 22:44:35 com_github_MitjaNemec_ReplicateLayout.replicate_layout 986:Dst text UUid:27a9563f-15bd-490c-9ae5-dde08d565dce
02-08 22:44:35 com_github_MitjaNemec_ReplicateLayout.replicate_layout 985:Src text UUid:a2371509-929d-46a3-965d-51dc75f3f1db
02-08 22:44:35 com_github_MitjaNemec_ReplicateLayout.replicate_layout 986:Dst text UUid:6c2bf845-f470-4f9e-8f32-a47ae7369858
02-08 22:44:35 com_github_MitjaNemec_ReplicateLayout.replicate_layout 985:Src text UUid:cf81195c-93cb-41da-b873-bf21ac242339
02-08 22:44:35 com_github_MitjaNemec_ReplicateLayout.replicate_layout 986:Dst text UUid:e04ec397-d93b-4cfc-890d-66497e83d995
02-08 22:44:35 com_github_MitjaNemec_ReplicateLayout.replicate_layout 985:Src text UUid:a566b4fd-8e51-45dd-9cf6-d1639cb22424
02-08 22:44:35 com_github_MitjaNemec_ReplicateLayout.replicate_layout 986:Dst text UUid:00577842-7418-4ac8-93b8-265e37810623
02-08 22:44:35 com_github_MitjaNemec_ReplicateLayout.replicate_layout 985:Src text UUid:4ed4d664-65fa-4910-a1e8-9e15feeb5480
02-08 22:44:35 com_github_MitjaNemec_ReplicateLayout.replicate_layout 986:Dst text UUid:a68bcbdf-4eb5-4db9-96bb-8829628d4ad6
02-08 22:44:35 com_github_MitjaNemec_ReplicateLayout.replicate_layout 985:Src text UUid:ea01564e-c8ff-4905-b8cb-44b195390f29
02-08 22:44:35 com_github_MitjaNemec_ReplicateLayout.replicate_layout 986:Dst text UUid:9399dcf7-e06a-4a8f-a1f4-bac2452143f8
02-08 22:44:35 com_github_MitjaNemec_ReplicateLayout.replicate_layout 985:Src text UUid:83cb190c-dcb0-44ae-8bfc-7775843c1611
02-08 22:44:35 com_github_MitjaNemec_ReplicateLayout.replicate_layout 986:Dst text UUid:eca5f3b7-9656-40fd-a5ce-c18c0d9b8ea4
02-08 22:44:35 com_github_MitjaNemec_ReplicateLayout.replicate_layout 985:Src text UUid:2261c367-d2ad-49de-9214-c73f58acdd0f
02-08 22:44:35 com_github_MitjaNemec_ReplicateLayout.replicate_layout 986:Dst text UUid:39d41b3c-5218-4785-bafa-055d3532f2df
02-08 22:44:35 com_github_MitjaNemec_ReplicateLayout.replicate_layout 985:Src text UUid:34dfdb97-f61e-4991-a7fe-e4aac7faa4a7
02-08 22:44:35 com_github_MitjaNemec_ReplicateLayout.replicate_layout 986:Dst text UUid:5d71b888-7e56-427d-a7d7-54764b53f332
02-08 22:44:35 com_github_MitjaNemec_ReplicateLayout.replicate_layout 985:Src text UUid:12541a58-1105-4ab5-ad25-31c838d09d8e
02-08 22:44:35 com_github_MitjaNemec_ReplicateLayout.replicate_layout 986:Dst text UUid:0083f7b8-f0c4-40b5-8678-ee208b2d2d0e
02-08 22:44:35 root 332:updating GUI message: 'Replicating tracks'
02-08 22:44:35 com_github_MitjaNemec_ReplicateLayout.replicate_layout 1009:Replicating tracks
02-08 22:44:35 com_github_MitjaNemec_ReplicateLayout.replicate_layout 1015:Replicating tracks on sheet ['relay2']
02-08 22:44:35 com_github_MitjaNemec_ReplicateLayout.replicate_layout 792:Net pairs for sheet ['relay2'] :[('+12V', '+12V'), ('Net-(K2-Pad9)', 'Net-(K4-Pad9)'), ('/relay1/Coil1', '/relay2/Coil1'), ('DCC_B', 'DCC_B'), ('/relay1/Coil2', '/relay2/Coil2'), ('DCC_A', 'DCC_A'), ('unconnected-(K2-Pad1)', 'unconnected-(K4-Pad1)'), ('/frog/Frog1', '/frog/Frog2'), ('Net-(J201-Pin_2)', 'Net-(J301-Pin_2)'), ('Net-(J201-Pin_3)', 'Net-(J301-Pin_3)'), ('Net-(K1-Pad9)', 'Net-(K3-Pad9)'), ('unconnected-(K1-Pad1)', 'unconnected-(K3-Pad1)')]
02-08 22:44:35 com_github_MitjaNemec_ReplicateLayout.replicate_layout 1015:Replicating tracks on sheet ['relay3']
02-08 22:44:35 com_github_MitjaNemec_ReplicateLayout.replicate_layout 792:Net pairs for sheet ['relay3'] :[('/relay1/Coil1', '/relay3/Coil1'), ('+12V', '+12V'), ('Net-(K1-Pad9)', 'Net-(K5-Pad9)'), ('DCC_B', 'DCC_B'), ('unconnected-(K1-Pad1)', 'unconnected-(K5-Pad1)'), ('DCC_A', 'DCC_A'), ('/relay1/Coil2', '/relay3/Coil2'), ('Net-(J201-Pin_2)', 'Net-(J501-Pin_2)'), ('unconnected-(K2-Pad1)', 'unconnected-(K6-Pad1)'), ('Net-(J201-Pin_3)', 'Net-(J501-Pin_3)'), ('/frog/Frog1', '/frog/Frog3'), ('Net-(K2-Pad9)', 'Net-(K6-Pad9)')]
02-08 22:44:35 com_github_MitjaNemec_ReplicateLayout.replicate_layout 1015:Replicating tracks on sheet ['relay4']
02-08 22:44:35 com_github_MitjaNemec_ReplicateLayout.replicate_layout 792:Net pairs for sheet ['relay4'] :[('+12V', '+12V'), ('Net-(J201-Pin_3)', 'Net-(J701-Pin_3)'), ('Net-(J201-Pin_2)', 'Net-(J701-Pin_2)'), ('unconnected-(K1-Pad1)', 'unconnected-(K7-Pad1)'), ('/frog/Frog1', '/frog/Frog4'), ('Net-(K2-Pad9)', 'Net-(K8-Pad9)'), ('Net-(K1-Pad9)', 'Net-(K7-Pad9)'), ('DCC_B', 'DCC_B'), ('DCC_A', 'DCC_A'), ('/relay1/Coil2', '/relay4/Coil2'), ('/relay1/Coil1', '/relay4/Coil1'), ('unconnected-(K2-Pad1)', 'unconnected-(K8-Pad1)')]
02-08 22:44:35 root 337:updating GUI with: 67
02-08 22:44:35 root 332:updating GUI message: 'Replicating zones'
02-08 22:44:35 com_github_MitjaNemec_ReplicateLayout.replicate_layout 1079:Replicating zones
02-08 22:44:35 com_github_MitjaNemec_ReplicateLayout.replicate_layout 1086:Replicating zones on sheet ['relay2']
02-08 22:44:35 com_github_MitjaNemec_ReplicateLayout.replicate_layout 792:Net pairs for sheet ['relay2'] :[('+12V', '+12V'), ('Net-(K2-Pad9)', 'Net-(K4-Pad9)'), ('/relay1/Coil1', '/relay2/Coil1'), ('DCC_B', 'DCC_B'), ('/relay1/Coil2', '/relay2/Coil2'), ('DCC_A', 'DCC_A'), ('unconnected-(K2-Pad1)', 'unconnected-(K4-Pad1)'), ('/frog/Frog1', '/frog/Frog2'), ('Net-(J201-Pin_2)', 'Net-(J301-Pin_2)'), ('Net-(J201-Pin_3)', 'Net-(J301-Pin_3)'), ('Net-(K1-Pad9)', 'Net-(K3-Pad9)'), ('unconnected-(K1-Pad1)', 'unconnected-(K3-Pad1)')]
02-08 22:44:35 com_github_MitjaNemec_ReplicateLayout.replicate_layout 1086:Replicating zones on sheet ['relay3']
02-08 22:44:35 com_github_MitjaNemec_ReplicateLayout.replicate_layout 792:Net pairs for sheet ['relay3'] :[('/relay1/Coil1', '/relay3/Coil1'), ('+12V', '+12V'), ('Net-(K1-Pad9)', 'Net-(K5-Pad9)'), ('DCC_B', 'DCC_B'), ('unconnected-(K1-Pad1)', 'unconnected-(K5-Pad1)'), ('DCC_A', 'DCC_A'), ('/relay1/Coil2', '/relay3/Coil2'), ('Net-(J201-Pin_2)', 'Net-(J501-Pin_2)'), ('unconnected-(K2-Pad1)', 'unconnected-(K6-Pad1)'), ('Net-(J201-Pin_3)', 'Net-(J501-Pin_3)'), ('/frog/Frog1', '/frog/Frog3'), ('Net-(K2-Pad9)', 'Net-(K6-Pad9)')]
02-08 22:44:35 com_github_MitjaNemec_ReplicateLayout.replicate_layout 1086:Replicating zones on sheet ['relay4']
02-08 22:44:35 com_github_MitjaNemec_ReplicateLayout.replicate_layout 792:Net pairs for sheet ['relay4'] :[('+12V', '+12V'), ('Net-(J201-Pin_3)', 'Net-(J701-Pin_3)'), ('Net-(J201-Pin_2)', 'Net-(J701-Pin_2)'), ('unconnected-(K1-Pad1)', 'unconnected-(K7-Pad1)'), ('/frog/Frog1', '/frog/Frog4'), ('Net-(K2-Pad9)', 'Net-(K8-Pad9)'), ('Net-(K1-Pad9)', 'Net-(K7-Pad9)'), ('DCC_B', 'DCC_B'), ('DCC_A', 'DCC_A'), ('/relay1/Coil2', '/relay4/Coil2'), ('/relay1/Coil1', '/relay4/Coil1'), ('unconnected-(K2-Pad1)', 'unconnected-(K8-Pad1)')]
02-08 22:44:35 root 332:updating GUI message: 'Replicating text'
02-08 22:44:35 com_github_MitjaNemec_ReplicateLayout.replicate_layout 1168:Replicating text
02-08 22:44:35 com_github_MitjaNemec_ReplicateLayout.replicate_layout 1175:Replicating text on sheet ['relay2']
02-08 22:44:35 com_github_MitjaNemec_ReplicateLayout.replicate_layout 1175:Replicating text on sheet ['relay3']
02-08 22:44:35 com_github_MitjaNemec_ReplicateLayout.replicate_layout 1175:Replicating text on sheet ['relay4']
02-08 22:44:35 root 332:updating GUI message: 'Replicating drawings'
02-08 22:44:35 com_github_MitjaNemec_ReplicateLayout.replicate_layout 1219:Replicating drawings
02-08 22:44:35 com_github_MitjaNemec_ReplicateLayout.replicate_layout 1225:Replicating drawings on sheet ['relay2']
02-08 22:44:35 com_github_MitjaNemec_ReplicateLayout.replicate_layout 1225:Replicating drawings on sheet ['relay3']
02-08 22:44:35 com_github_MitjaNemec_ReplicateLayout.replicate_layout 1225:Replicating drawings on sheet ['relay4']
02-08 22:44:35 com_github_MitjaNemec_ReplicateLayout.action_replicate_layout 256:Replication complete
