09-21 22:33:07 com_github_MitjaNemec_PlaceFootprints.action_place_footprints 647:Plugin executed on: 'win32'
09-21 22:33:07 com_github_MitjaNemec_PlaceFootprints.action_place_footprints 648:Plugin executed with python version: '3.11.5 (main, Apr  9 2024, 02:53:56) [MSC v.1936 64 bit (AMD64)]'
09-21 22:33:07 com_github_MitjaNemec_PlaceFootprints.action_place_footprints 649:KiCad build version: 8.0.2
09-21 22:33:07 com_github_MitjaNemec_PlaceFootprints.action_place_footprints 650:Plugin version: 3.0.0
09-21 22:33:07 com_github_MitjaNemec_PlaceFootprints.action_place_footprints 651:Frame repr: <wx._core.Frame object at 0x000001869F206D40>
09-21 22:33:07 com_github_MitjaNemec_PlaceFootprints.place_footprints 121:getting a list of all footprints on board
09-21 22:33:07 com_github_MitjaNemec_PlaceFootprints.place_footprints 156:Footprint C101 on root level
09-21 22:33:07 com_github_MitjaNemec_PlaceFootprints.place_footprints 156:Footprint J62 on root level
09-21 22:33:07 com_github_MitjaNemec_PlaceFootprints.place_footprints 156:Footprint R101 on root level
09-21 22:33:07 com_github_MitjaNemec_PlaceFootprints.place_footprints 156:Footprint R102 on root level
09-21 22:33:07 com_github_MitjaNemec_PlaceFootprints.place_footprints 156:Footprint R103 on root level
09-21 22:33:07 com_github_MitjaNemec_PlaceFootprints.place_footprints 156:Footprint R104 on root level
09-21 22:33:09 com_github_MitjaNemec_PlaceFootprints.action_place_footprints 86:By Sheet GUI initialized
09-21 22:33:09 com_github_MitjaNemec_PlaceFootprints.action_place_footprints 95:Selecting: 1
09-21 22:33:09 com_github_MitjaNemec_PlaceFootprints.action_place_footprints 99:Should invoke level_changed()
09-21 22:33:09 com_github_MitjaNemec_PlaceFootprints.action_place_footprints 277:Level_changed() invoked
09-21 22:33:09 com_github_MitjaNemec_PlaceFootprints.place_footprints 244:constructing a list of sheets suitable for replication on level:'mosfets1', file:'mosfets.kicad_sch'
09-21 22:33:09 com_github_MitjaNemec_PlaceFootprints.place_footprints 279:suitable sheets are:[['mosfets'], ['mosfets2'], ['mosfets3'], ['mosfets4'], ['mosfets5'], ['mosfets6'], ['mosfets7']]
09-21 22:33:23 com_github_MitjaNemec_PlaceFootprints.action_place_footprints 184:Saving config sheet
09-21 22:33:23 com_github_MitjaNemec_PlaceFootprints.action_place_footprints 196:Preparing config for sheet linear
09-21 22:33:23 com_github_MitjaNemec_PlaceFootprints.action_place_footprints 216:Saving config file
09-21 22:33:23 com_github_MitjaNemec_PlaceFootprints.action_place_footprints 218:Saved the config file
09-21 22:33:23 com_github_MitjaNemec_PlaceFootprints.action_place_footprints 718:Sheets selected: [['mosfets'], ['mosfets2'], ['mosfets3'], ['mosfets4'], ['mosfets5'], ['mosfets6'], ['mosfets7']]
09-21 22:33:23 com_github_MitjaNemec_PlaceFootprints.action_place_footprints 727:Footprints to place: ['J21', 'J11', 'J31', 'J41', 'J51', 'J61', 'J71', 'J81']
09-21 22:33:23 com_github_MitjaNemec_PlaceFootprints.place_footprints 367:Starting placing with linear layout
09-21 22:33:23 com_github_MitjaNemec_PlaceFootprints.action_place_footprints 772:Placing complete
09-21 22:33:23 com_github_MitjaNemec_PlaceFootprints.action_place_footprints 773:Sorted_footprints: ['J11', 'J21', 'J31', 'J41', 'J51', 'J61', 'J71', 'J81']
