09-21 22:36:22 com_github_MitjaNemec_ReplicateLayout.action_replicate_layout 392:Plugin executed on: 'win32'
09-21 22:36:22 com_github_MitjaNemec_ReplicateLayout.action_replicate_layout 393:Plugin executed with python version: '3.11.5 (main, Apr  9 2024, 02:53:56) [MSC v.1936 64 bit (AMD64)]'
09-21 22:36:22 com_github_MitjaNemec_ReplicateLayout.action_replicate_layout 394:KiCad build version: 8.0.2
09-21 22:36:22 com_github_MitjaNemec_ReplicateLayout.action_replicate_layout 395:Plugin version: 3.0.3
09-21 22:36:22 com_github_MitjaNemec_ReplicateLayout.action_replicate_layout 396:Frame repr: <wx._core.Frame object at 0x000001869F206D40>
09-21 22:36:22 com_github_MitjaNemec_ReplicateLayout.action_replicate_layout 420:Preparing replicator with J21 as a reference
09-21 22:36:22 com_github_MitjaNemec_ReplicateLayout.replicate_layout 117:getting a list of all footprints on board
09-21 22:36:22 com_github_MitjaNemec_ReplicateLayout.action_replicate_layout 468:source anchor footprint is 'J21'
Located on: ['mosfets1']
With filenames: ['mosfets.kicad_sch']
With sheet_id:['mosfets1']
09-21 22:36:22 com_github_MitjaNemec_ReplicateLayout.action_replicate_layout 475:Corresponding footprints are 
[('J11', ['mosfets']), ('J21', ['mosfets1']), ('J31', ['mosfets2']), ('J41', ['mosfets3']), ('J51', ['mosfets4']), ('J61', ['mosfets5']), ('J71', ['mosfets6']), ('J81', ['mosfets7'])]
09-21 22:36:22 com_github_MitjaNemec_ReplicateLayout.action_replicate_layout 487:Showing dialog
09-21 22:36:22 com_github_MitjaNemec_ReplicateLayout.replicate_layout 472:constructing a list of sheets suitable for replication on level:'mosfets1', file:'mosfets.kicad_sch'
09-21 22:36:22 com_github_MitjaNemec_ReplicateLayout.replicate_layout 509:suitable sheets are:[['mosfets'], ['mosfets2'], ['mosfets3'], ['mosfets4'], ['mosfets5'], ['mosfets6'], ['mosfets7']]
09-21 22:36:22 com_github_MitjaNemec_ReplicateLayout.replicate_layout 1507:Level selected: ['mosfets1']
09-21 22:36:22 com_github_MitjaNemec_ReplicateLayout.replicate_layout 1331:Filtering list of tracks
09-21 22:36:22 com_github_MitjaNemec_ReplicateLayout.action_replicate_layout 493:Toolbar position: wx.Point(1646, 77)
09-21 22:36:22 com_github_MitjaNemec_ReplicateLayout.action_replicate_layout 498:Dialog position: wx.Point(1207, 77)
09-21 22:36:26 com_github_MitjaNemec_ReplicateLayout.replicate_layout 472:constructing a list of sheets suitable for replication on level:'mosfets1', file:'mosfets.kicad_sch'
09-21 22:36:26 com_github_MitjaNemec_ReplicateLayout.replicate_layout 509:suitable sheets are:[['mosfets'], ['mosfets2'], ['mosfets3'], ['mosfets4'], ['mosfets5'], ['mosfets6'], ['mosfets7']]
09-21 22:36:26 com_github_MitjaNemec_ReplicateLayout.action_replicate_layout 240:Replicating layout
09-21 22:36:26 com_github_MitjaNemec_ReplicateLayout.replicate_layout 288:Starting replication of sheets: [['mosfets'], ['mosfets2'], ['mosfets3'], ['mosfets4'], ['mosfets5'], ['mosfets6'], ['mosfets7']]
on level: ['mosfets1']
with tracks=True, zone=True, text=True, text=True, intersecting=False, remove=False, locked footprints=False, group_only=False
09-21 22:36:26 root 332:updating GUI message: 'Preparing for replication'
09-21 22:36:26 root 337:updating GUI with: 0
09-21 22:36:26 com_github_MitjaNemec_ReplicateLayout.replicate_layout 358:Getting the list of source footprints
09-21 22:36:26 com_github_MitjaNemec_ReplicateLayout.replicate_layout 368:Getting the list of all the remaining footprints
09-21 22:36:26 com_github_MitjaNemec_ReplicateLayout.replicate_layout 375:Getting source tracks
09-21 22:36:26 com_github_MitjaNemec_ReplicateLayout.replicate_layout 1331:Filtering list of tracks
09-21 22:36:26 com_github_MitjaNemec_ReplicateLayout.replicate_layout 379:Getting source zones
09-21 22:36:26 com_github_MitjaNemec_ReplicateLayout.replicate_layout 383:Getting source text items
09-21 22:36:26 com_github_MitjaNemec_ReplicateLayout.replicate_layout 387:Getting source drawing items
09-21 22:36:26 root 332:updating GUI message: 'Replicating footprints'
09-21 22:36:26 com_github_MitjaNemec_ReplicateLayout.replicate_layout 861:Replicating footprints
09-21 22:36:26 com_github_MitjaNemec_ReplicateLayout.replicate_layout 868:Replicating footprints on sheet ['mosfets']
09-21 22:36:26 com_github_MitjaNemec_ReplicateLayout.replicate_layout 985:Src text UUid:8eaa50f7-8943-46fc-91ef-9ad3da02531b
09-21 22:36:26 com_github_MitjaNemec_ReplicateLayout.replicate_layout 986:Dst text UUid:2e4dbf01-73af-4e3e-b8e1-1781788d5b08
09-21 22:36:26 com_github_MitjaNemec_ReplicateLayout.replicate_layout 985:Src text UUid:58244e6d-6ecf-44b7-8706-856a5fa66a9d
09-21 22:36:26 com_github_MitjaNemec_ReplicateLayout.replicate_layout 986:Dst text UUid:7d7bbf72-652d-4134-acea-ac3f6bfddb27
09-21 22:36:26 com_github_MitjaNemec_ReplicateLayout.replicate_layout 985:Src text UUid:58c2693d-3fb5-40de-b7f6-141e48517efc
09-21 22:36:26 com_github_MitjaNemec_ReplicateLayout.replicate_layout 986:Dst text UUid:45911f91-2584-4bb4-8c75-06eacbba1aa6
09-21 22:36:26 com_github_MitjaNemec_ReplicateLayout.replicate_layout 985:Src text UUid:26ea045f-2295-4bfc-84ac-ab4fe20436da
09-21 22:36:26 com_github_MitjaNemec_ReplicateLayout.replicate_layout 986:Dst text UUid:8cbf78e3-6173-46de-8e9c-6de4b7e91fa8
09-21 22:36:26 com_github_MitjaNemec_ReplicateLayout.replicate_layout 985:Src text UUid:7645362a-49c4-4d78-b2db-72a3748fb850
09-21 22:36:26 com_github_MitjaNemec_ReplicateLayout.replicate_layout 986:Dst text UUid:6c498a80-6ad3-4fdf-afee-d0b2fe2d47da
09-21 22:36:26 com_github_MitjaNemec_ReplicateLayout.replicate_layout 985:Src text UUid:3dceda8b-1fcc-4cc3-81f1-aef2f1521452
09-21 22:36:26 com_github_MitjaNemec_ReplicateLayout.replicate_layout 986:Dst text UUid:dc3e86ad-abae-4a1d-b827-b35b294826b4
09-21 22:36:26 com_github_MitjaNemec_ReplicateLayout.replicate_layout 985:Src text UUid:8f1b7e48-e428-4f94-9bc3-b9155381cdc2
09-21 22:36:26 com_github_MitjaNemec_ReplicateLayout.replicate_layout 986:Dst text UUid:c65ce2d8-ecea-461e-a8e1-76cbdee7ff47
09-21 22:36:26 com_github_MitjaNemec_ReplicateLayout.replicate_layout 985:Src text UUid:99222b1f-4d46-4651-b8ef-ee3acf02bf17
09-21 22:36:26 com_github_MitjaNemec_ReplicateLayout.replicate_layout 986:Dst text UUid:effce3ad-5f15-44a9-958d-8e05d87d25fc
09-21 22:36:26 com_github_MitjaNemec_ReplicateLayout.replicate_layout 985:Src text UUid:d4301f4d-4ac2-43ad-a1c3-dc8d507a3c31
09-21 22:36:26 com_github_MitjaNemec_ReplicateLayout.replicate_layout 986:Dst text UUid:97e0731e-c445-4afa-a46c-3337a631da84
09-21 22:36:26 root 337:updating GUI with: 6
09-21 22:36:26 com_github_MitjaNemec_ReplicateLayout.replicate_layout 985:Src text UUid:41a341f8-57a9-4741-a8a3-b65178ffb72d
09-21 22:36:26 com_github_MitjaNemec_ReplicateLayout.replicate_layout 986:Dst text UUid:b8665802-de20-4bca-94d3-d2fc551b3fcb
09-21 22:36:26 com_github_MitjaNemec_ReplicateLayout.replicate_layout 985:Src text UUid:74cff82e-7022-4f37-b480-6a19da001831
09-21 22:36:26 com_github_MitjaNemec_ReplicateLayout.replicate_layout 986:Dst text UUid:d3cad257-630e-4794-9111-3d745b47986e
09-21 22:36:26 com_github_MitjaNemec_ReplicateLayout.replicate_layout 985:Src text UUid:90df0f68-d792-4e02-9527-26643104ba86
09-21 22:36:26 com_github_MitjaNemec_ReplicateLayout.replicate_layout 986:Dst text UUid:9e37a376-a7aa-41b6-a73e-7de4b9ed88b8
09-21 22:36:26 com_github_MitjaNemec_ReplicateLayout.replicate_layout 985:Src text UUid:17cd82cc-c7d2-437f-a08a-bac45840c2dd
09-21 22:36:26 com_github_MitjaNemec_ReplicateLayout.replicate_layout 986:Dst text UUid:0b4162f9-f0a7-48e1-a607-aea2a9837fc2
09-21 22:36:26 com_github_MitjaNemec_ReplicateLayout.replicate_layout 985:Src text UUid:03f078af-52f2-4740-a07c-3e3c7b863f68
09-21 22:36:26 com_github_MitjaNemec_ReplicateLayout.replicate_layout 986:Dst text UUid:f3ce00fb-1e2d-4dbd-8eb6-27ed3d84e1a2
09-21 22:36:26 com_github_MitjaNemec_ReplicateLayout.replicate_layout 985:Src text UUid:db0c62a6-6307-4d37-bb25-05afa2aa4a5f
09-21 22:36:26 com_github_MitjaNemec_ReplicateLayout.replicate_layout 986:Dst text UUid:ae363fe7-622e-49ad-83c3-7797250d6252
09-21 22:36:26 com_github_MitjaNemec_ReplicateLayout.replicate_layout 985:Src text UUid:8a54eef5-e6a3-4ac9-8b6a-b56a32feac12
09-21 22:36:26 com_github_MitjaNemec_ReplicateLayout.replicate_layout 986:Dst text UUid:d3ac1e07-59d1-4c1b-ad92-a01137911779
09-21 22:36:26 com_github_MitjaNemec_ReplicateLayout.replicate_layout 985:Src text UUid:dd2c445a-d8ed-44fd-973a-07a58c092b80
09-21 22:36:26 com_github_MitjaNemec_ReplicateLayout.replicate_layout 986:Dst text UUid:69582fb5-2b75-4ef1-a7b7-1c87294b94e9
09-21 22:36:26 com_github_MitjaNemec_ReplicateLayout.replicate_layout 985:Src text UUid:b26f5e74-0500-472b-a685-a05fec812105
09-21 22:36:26 com_github_MitjaNemec_ReplicateLayout.replicate_layout 986:Dst text UUid:6247b8f7-5e61-4932-a7fb-e7976266db63
09-21 22:36:26 com_github_MitjaNemec_ReplicateLayout.replicate_layout 985:Src text UUid:11ce0377-a809-45cb-b260-93056bf43db9
09-21 22:36:26 com_github_MitjaNemec_ReplicateLayout.replicate_layout 986:Dst text UUid:2779c2cd-e6d2-4a68-8c50-4c13e4c4fc6b
09-21 22:36:26 com_github_MitjaNemec_ReplicateLayout.replicate_layout 985:Src text UUid:803393b0-50e3-4510-9218-822fecc86eb7
09-21 22:36:26 com_github_MitjaNemec_ReplicateLayout.replicate_layout 986:Dst text UUid:e5131e21-1593-4d44-b056-807aebbbbd5d
09-21 22:36:26 com_github_MitjaNemec_ReplicateLayout.replicate_layout 985:Src text UUid:128faacc-a08f-49cc-96c3-7fa1bf7e3fb8
09-21 22:36:26 com_github_MitjaNemec_ReplicateLayout.replicate_layout 986:Dst text UUid:01e34359-0e36-4bd4-9c27-3b0a07fc57f9
09-21 22:36:26 com_github_MitjaNemec_ReplicateLayout.replicate_layout 985:Src text UUid:6dc6378a-374d-415f-879a-8b06b284c0f2
09-21 22:36:26 com_github_MitjaNemec_ReplicateLayout.replicate_layout 986:Dst text UUid:e87883aa-43e8-4d9e-a53f-f696389d2af4
09-21 22:36:26 com_github_MitjaNemec_ReplicateLayout.replicate_layout 985:Src text UUid:d0928b03-0279-4995-9c10-775ba584ca79
09-21 22:36:26 com_github_MitjaNemec_ReplicateLayout.replicate_layout 986:Dst text UUid:925409c8-0b3b-4fce-b717-ed753a90ba41
09-21 22:36:26 com_github_MitjaNemec_ReplicateLayout.replicate_layout 985:Src text UUid:4d4cdffa-0484-4bb9-9be5-c7b491939cb9
09-21 22:36:26 com_github_MitjaNemec_ReplicateLayout.replicate_layout 986:Dst text UUid:466b0890-a83e-4e73-a62d-e8d3f9974666
09-21 22:36:26 com_github_MitjaNemec_ReplicateLayout.replicate_layout 985:Src text UUid:50ae7dbf-0b9a-4d29-97ec-2878b2964397
09-21 22:36:26 com_github_MitjaNemec_ReplicateLayout.replicate_layout 986:Dst text UUid:7400afc4-4cdf-4031-a8de-b34711423ca6
09-21 22:36:26 com_github_MitjaNemec_ReplicateLayout.replicate_layout 985:Src text UUid:64b4ae9e-4952-42fa-a481-229576eb4962
09-21 22:36:26 com_github_MitjaNemec_ReplicateLayout.replicate_layout 986:Dst text UUid:60a70d8d-2854-477d-866e-3b78407e00c8
09-21 22:36:26 com_github_MitjaNemec_ReplicateLayout.replicate_layout 985:Src text UUid:075fd56f-0b9b-4b3f-bd9c-c6db4af8eeb4
09-21 22:36:26 com_github_MitjaNemec_ReplicateLayout.replicate_layout 986:Dst text UUid:40ba33ea-567c-4c6c-aecf-5168f3cd0217
09-21 22:36:26 com_github_MitjaNemec_ReplicateLayout.replicate_layout 868:Replicating footprints on sheet ['mosfets2']
09-21 22:36:26 com_github_MitjaNemec_ReplicateLayout.replicate_layout 985:Src text UUid:8eaa50f7-8943-46fc-91ef-9ad3da02531b
09-21 22:36:26 com_github_MitjaNemec_ReplicateLayout.replicate_layout 986:Dst text UUid:9638f81b-310f-440b-89a0-df809543a4c0
09-21 22:36:26 com_github_MitjaNemec_ReplicateLayout.replicate_layout 985:Src text UUid:58244e6d-6ecf-44b7-8706-856a5fa66a9d
09-21 22:36:26 com_github_MitjaNemec_ReplicateLayout.replicate_layout 986:Dst text UUid:8766a49e-a62a-48f8-95d3-c4c45158c621
09-21 22:36:26 com_github_MitjaNemec_ReplicateLayout.replicate_layout 985:Src text UUid:58c2693d-3fb5-40de-b7f6-141e48517efc
09-21 22:36:26 com_github_MitjaNemec_ReplicateLayout.replicate_layout 986:Dst text UUid:a4dd036e-c28a-4177-8006-8f206332a97f
09-21 22:36:26 com_github_MitjaNemec_ReplicateLayout.replicate_layout 985:Src text UUid:26ea045f-2295-4bfc-84ac-ab4fe20436da
09-21 22:36:26 com_github_MitjaNemec_ReplicateLayout.replicate_layout 986:Dst text UUid:796a0a8d-0ff4-463c-9448-0a6a7a52c614
09-21 22:36:26 com_github_MitjaNemec_ReplicateLayout.replicate_layout 985:Src text UUid:7645362a-49c4-4d78-b2db-72a3748fb850
09-21 22:36:26 com_github_MitjaNemec_ReplicateLayout.replicate_layout 986:Dst text UUid:ec02f99b-6ed0-4c3f-85d4-0e1c47ed18bc
09-21 22:36:26 com_github_MitjaNemec_ReplicateLayout.replicate_layout 985:Src text UUid:3dceda8b-1fcc-4cc3-81f1-aef2f1521452
09-21 22:36:26 com_github_MitjaNemec_ReplicateLayout.replicate_layout 986:Dst text UUid:9084c23b-9ecc-4cbb-bdc9-56c1270f1d18
09-21 22:36:26 com_github_MitjaNemec_ReplicateLayout.replicate_layout 985:Src text UUid:8f1b7e48-e428-4f94-9bc3-b9155381cdc2
09-21 22:36:26 com_github_MitjaNemec_ReplicateLayout.replicate_layout 986:Dst text UUid:d6bb6407-1c1c-4cfc-9454-cf943373c091
09-21 22:36:26 com_github_MitjaNemec_ReplicateLayout.replicate_layout 985:Src text UUid:99222b1f-4d46-4651-b8ef-ee3acf02bf17
09-21 22:36:26 com_github_MitjaNemec_ReplicateLayout.replicate_layout 986:Dst text UUid:969e7987-8844-4f64-980b-219c9b07e557
09-21 22:36:26 com_github_MitjaNemec_ReplicateLayout.replicate_layout 985:Src text UUid:d4301f4d-4ac2-43ad-a1c3-dc8d507a3c31
09-21 22:36:26 com_github_MitjaNemec_ReplicateLayout.replicate_layout 986:Dst text UUid:ad7319ec-5ef3-41ae-863a-9e71d89d8dc4
09-21 22:36:26 com_github_MitjaNemec_ReplicateLayout.replicate_layout 985:Src text UUid:41a341f8-57a9-4741-a8a3-b65178ffb72d
09-21 22:36:26 com_github_MitjaNemec_ReplicateLayout.replicate_layout 986:Dst text UUid:645897b0-3c09-4ba7-81d5-3524ea7e65e0
09-21 22:36:26 com_github_MitjaNemec_ReplicateLayout.replicate_layout 985:Src text UUid:74cff82e-7022-4f37-b480-6a19da001831
09-21 22:36:26 com_github_MitjaNemec_ReplicateLayout.replicate_layout 986:Dst text UUid:ac766352-5e8b-40ce-8b0b-1c09ab6bd38a
09-21 22:36:26 com_github_MitjaNemec_ReplicateLayout.replicate_layout 985:Src text UUid:90df0f68-d792-4e02-9527-26643104ba86
09-21 22:36:26 com_github_MitjaNemec_ReplicateLayout.replicate_layout 986:Dst text UUid:a226e248-c1f8-46f5-b95b-76e19b6af4e3
09-21 22:36:26 com_github_MitjaNemec_ReplicateLayout.replicate_layout 985:Src text UUid:17cd82cc-c7d2-437f-a08a-bac45840c2dd
09-21 22:36:26 com_github_MitjaNemec_ReplicateLayout.replicate_layout 986:Dst text UUid:a6039c4a-6a3b-4f29-8db1-bd3fa8494fd9
09-21 22:36:26 com_github_MitjaNemec_ReplicateLayout.replicate_layout 985:Src text UUid:03f078af-52f2-4740-a07c-3e3c7b863f68
09-21 22:36:26 com_github_MitjaNemec_ReplicateLayout.replicate_layout 986:Dst text UUid:474e73b2-ede3-4fad-a5c4-c700326988cd
09-21 22:36:26 com_github_MitjaNemec_ReplicateLayout.replicate_layout 985:Src text UUid:db0c62a6-6307-4d37-bb25-05afa2aa4a5f
09-21 22:36:26 com_github_MitjaNemec_ReplicateLayout.replicate_layout 986:Dst text UUid:7edb7b0b-5971-4a5c-80a5-40a73229a0d8
09-21 22:36:26 com_github_MitjaNemec_ReplicateLayout.replicate_layout 985:Src text UUid:8a54eef5-e6a3-4ac9-8b6a-b56a32feac12
09-21 22:36:26 com_github_MitjaNemec_ReplicateLayout.replicate_layout 986:Dst text UUid:28b2cb4b-3cf2-4561-bf7e-f87b50b8d97b
09-21 22:36:26 com_github_MitjaNemec_ReplicateLayout.replicate_layout 985:Src text UUid:dd2c445a-d8ed-44fd-973a-07a58c092b80
09-21 22:36:26 com_github_MitjaNemec_ReplicateLayout.replicate_layout 986:Dst text UUid:4863bca0-6d9e-4e55-93f5-4e5991ec6507
09-21 22:36:26 com_github_MitjaNemec_ReplicateLayout.replicate_layout 985:Src text UUid:b26f5e74-0500-472b-a685-a05fec812105
09-21 22:36:26 com_github_MitjaNemec_ReplicateLayout.replicate_layout 986:Dst text UUid:9ae42536-e718-4e37-9b72-a8726e236883
09-21 22:36:26 com_github_MitjaNemec_ReplicateLayout.replicate_layout 985:Src text UUid:11ce0377-a809-45cb-b260-93056bf43db9
09-21 22:36:26 com_github_MitjaNemec_ReplicateLayout.replicate_layout 986:Dst text UUid:b900ee3f-04ed-4295-ae57-e5a0f22c137b
09-21 22:36:26 com_github_MitjaNemec_ReplicateLayout.replicate_layout 985:Src text UUid:803393b0-50e3-4510-9218-822fecc86eb7
09-21 22:36:26 com_github_MitjaNemec_ReplicateLayout.replicate_layout 986:Dst text UUid:4a0e42bf-60e3-47ab-88d7-13b28dd2290d
09-21 22:36:26 com_github_MitjaNemec_ReplicateLayout.replicate_layout 985:Src text UUid:128faacc-a08f-49cc-96c3-7fa1bf7e3fb8
09-21 22:36:26 com_github_MitjaNemec_ReplicateLayout.replicate_layout 986:Dst text UUid:6d40331b-b2db-402c-b9d5-ef7390cea690
09-21 22:36:26 com_github_MitjaNemec_ReplicateLayout.replicate_layout 985:Src text UUid:6dc6378a-374d-415f-879a-8b06b284c0f2
09-21 22:36:26 com_github_MitjaNemec_ReplicateLayout.replicate_layout 986:Dst text UUid:5111564c-6f82-4d27-809c-bc96cd3628bd
09-21 22:36:26 com_github_MitjaNemec_ReplicateLayout.replicate_layout 985:Src text UUid:d0928b03-0279-4995-9c10-775ba584ca79
09-21 22:36:26 com_github_MitjaNemec_ReplicateLayout.replicate_layout 986:Dst text UUid:a365c5a1-6be4-404f-b7c9-23653db1cbd6
09-21 22:36:26 com_github_MitjaNemec_ReplicateLayout.replicate_layout 985:Src text UUid:4d4cdffa-0484-4bb9-9be5-c7b491939cb9
09-21 22:36:26 com_github_MitjaNemec_ReplicateLayout.replicate_layout 986:Dst text UUid:3978c005-5c47-4fb6-967e-6d94a042c20c
09-21 22:36:26 com_github_MitjaNemec_ReplicateLayout.replicate_layout 985:Src text UUid:50ae7dbf-0b9a-4d29-97ec-2878b2964397
09-21 22:36:26 com_github_MitjaNemec_ReplicateLayout.replicate_layout 986:Dst text UUid:52fe1452-c426-410e-806a-aa296870586b
09-21 22:36:26 com_github_MitjaNemec_ReplicateLayout.replicate_layout 985:Src text UUid:64b4ae9e-4952-42fa-a481-229576eb4962
09-21 22:36:26 com_github_MitjaNemec_ReplicateLayout.replicate_layout 986:Dst text UUid:9a85e6ec-fb17-458a-9d18-4e1404f701a6
09-21 22:36:26 com_github_MitjaNemec_ReplicateLayout.replicate_layout 985:Src text UUid:075fd56f-0b9b-4b3f-bd9c-c6db4af8eeb4
09-21 22:36:26 com_github_MitjaNemec_ReplicateLayout.replicate_layout 986:Dst text UUid:39d12cdb-005d-40c2-9a18-75ec309e0397
09-21 22:36:26 com_github_MitjaNemec_ReplicateLayout.replicate_layout 868:Replicating footprints on sheet ['mosfets3']
09-21 22:36:26 com_github_MitjaNemec_ReplicateLayout.replicate_layout 985:Src text UUid:8eaa50f7-8943-46fc-91ef-9ad3da02531b
09-21 22:36:26 com_github_MitjaNemec_ReplicateLayout.replicate_layout 986:Dst text UUid:a3f18ee5-fdaa-4e69-beb7-93737adc08bf
09-21 22:36:26 com_github_MitjaNemec_ReplicateLayout.replicate_layout 985:Src text UUid:58244e6d-6ecf-44b7-8706-856a5fa66a9d
09-21 22:36:26 com_github_MitjaNemec_ReplicateLayout.replicate_layout 986:Dst text UUid:62b83162-85f5-484e-bc0b-9e713c9d9cd5
09-21 22:36:26 com_github_MitjaNemec_ReplicateLayout.replicate_layout 985:Src text UUid:58c2693d-3fb5-40de-b7f6-141e48517efc
09-21 22:36:26 com_github_MitjaNemec_ReplicateLayout.replicate_layout 986:Dst text UUid:fa159bab-3da6-445e-9077-25601c49e2b3
09-21 22:36:26 com_github_MitjaNemec_ReplicateLayout.replicate_layout 985:Src text UUid:26ea045f-2295-4bfc-84ac-ab4fe20436da
09-21 22:36:26 com_github_MitjaNemec_ReplicateLayout.replicate_layout 986:Dst text UUid:dca58ee0-4260-419e-836e-ac2fb84cfe04
09-21 22:36:26 com_github_MitjaNemec_ReplicateLayout.replicate_layout 985:Src text UUid:7645362a-49c4-4d78-b2db-72a3748fb850
09-21 22:36:26 com_github_MitjaNemec_ReplicateLayout.replicate_layout 986:Dst text UUid:174c219e-ac4b-4c5c-ae4e-519647b8fd43
09-21 22:36:26 com_github_MitjaNemec_ReplicateLayout.replicate_layout 985:Src text UUid:3dceda8b-1fcc-4cc3-81f1-aef2f1521452
09-21 22:36:26 com_github_MitjaNemec_ReplicateLayout.replicate_layout 986:Dst text UUid:16dd34df-d337-4a1b-886b-8cadd37ed43f
09-21 22:36:26 com_github_MitjaNemec_ReplicateLayout.replicate_layout 985:Src text UUid:8f1b7e48-e428-4f94-9bc3-b9155381cdc2
09-21 22:36:26 com_github_MitjaNemec_ReplicateLayout.replicate_layout 986:Dst text UUid:a7086e9f-f8ea-48d0-a48d-84f7e566d4ff
09-21 22:36:26 com_github_MitjaNemec_ReplicateLayout.replicate_layout 985:Src text UUid:99222b1f-4d46-4651-b8ef-ee3acf02bf17
09-21 22:36:26 com_github_MitjaNemec_ReplicateLayout.replicate_layout 986:Dst text UUid:1bfde663-399f-4d2a-abdd-c5e610aa67f4
09-21 22:36:26 com_github_MitjaNemec_ReplicateLayout.replicate_layout 985:Src text UUid:d4301f4d-4ac2-43ad-a1c3-dc8d507a3c31
09-21 22:36:26 com_github_MitjaNemec_ReplicateLayout.replicate_layout 986:Dst text UUid:ac3a8915-af1d-49c6-b5fc-d71bc4e59ed9
09-21 22:36:26 com_github_MitjaNemec_ReplicateLayout.replicate_layout 985:Src text UUid:41a341f8-57a9-4741-a8a3-b65178ffb72d
09-21 22:36:26 com_github_MitjaNemec_ReplicateLayout.replicate_layout 986:Dst text UUid:c535747f-6c00-4665-95c9-6d18ed4c9a66
09-21 22:36:26 com_github_MitjaNemec_ReplicateLayout.replicate_layout 985:Src text UUid:74cff82e-7022-4f37-b480-6a19da001831
09-21 22:36:26 com_github_MitjaNemec_ReplicateLayout.replicate_layout 986:Dst text UUid:dc6ced9c-b8a1-4500-8c46-ac509e85bf9e
09-21 22:36:26 com_github_MitjaNemec_ReplicateLayout.replicate_layout 985:Src text UUid:90df0f68-d792-4e02-9527-26643104ba86
09-21 22:36:26 com_github_MitjaNemec_ReplicateLayout.replicate_layout 986:Dst text UUid:2d7d8cca-05cc-47fc-971d-21af55123630
09-21 22:36:26 com_github_MitjaNemec_ReplicateLayout.replicate_layout 985:Src text UUid:17cd82cc-c7d2-437f-a08a-bac45840c2dd
09-21 22:36:26 com_github_MitjaNemec_ReplicateLayout.replicate_layout 986:Dst text UUid:a5cf340c-acc9-4695-8792-9c608a7d2882
09-21 22:36:26 com_github_MitjaNemec_ReplicateLayout.replicate_layout 985:Src text UUid:03f078af-52f2-4740-a07c-3e3c7b863f68
09-21 22:36:26 com_github_MitjaNemec_ReplicateLayout.replicate_layout 986:Dst text UUid:de49a563-62f3-4af6-9de3-7f0be2ac5971
09-21 22:36:26 com_github_MitjaNemec_ReplicateLayout.replicate_layout 985:Src text UUid:db0c62a6-6307-4d37-bb25-05afa2aa4a5f
09-21 22:36:26 com_github_MitjaNemec_ReplicateLayout.replicate_layout 986:Dst text UUid:7ed9daaf-74ad-4a81-a854-d12115ba61f8
09-21 22:36:26 com_github_MitjaNemec_ReplicateLayout.replicate_layout 985:Src text UUid:8a54eef5-e6a3-4ac9-8b6a-b56a32feac12
09-21 22:36:26 com_github_MitjaNemec_ReplicateLayout.replicate_layout 986:Dst text UUid:90ae720f-9f51-49b4-8867-4d603c3de0b8
09-21 22:36:26 com_github_MitjaNemec_ReplicateLayout.replicate_layout 985:Src text UUid:dd2c445a-d8ed-44fd-973a-07a58c092b80
09-21 22:36:26 com_github_MitjaNemec_ReplicateLayout.replicate_layout 986:Dst text UUid:20e1e24a-e1fe-4052-9405-7bb84867d3fa
09-21 22:36:26 com_github_MitjaNemec_ReplicateLayout.replicate_layout 985:Src text UUid:b26f5e74-0500-472b-a685-a05fec812105
09-21 22:36:26 com_github_MitjaNemec_ReplicateLayout.replicate_layout 986:Dst text UUid:e9d4a168-1712-429a-84da-9f2286649142
09-21 22:36:26 root 337:updating GUI with: 39
09-21 22:36:26 com_github_MitjaNemec_ReplicateLayout.replicate_layout 985:Src text UUid:11ce0377-a809-45cb-b260-93056bf43db9
09-21 22:36:26 com_github_MitjaNemec_ReplicateLayout.replicate_layout 986:Dst text UUid:dac5d641-3bda-4dcd-a95a-a68c6793c5f4
09-21 22:36:26 com_github_MitjaNemec_ReplicateLayout.replicate_layout 985:Src text UUid:803393b0-50e3-4510-9218-822fecc86eb7
09-21 22:36:26 com_github_MitjaNemec_ReplicateLayout.replicate_layout 986:Dst text UUid:0010af89-30ea-4f4f-beb1-c87a39a0e131
09-21 22:36:26 com_github_MitjaNemec_ReplicateLayout.replicate_layout 985:Src text UUid:128faacc-a08f-49cc-96c3-7fa1bf7e3fb8
09-21 22:36:26 com_github_MitjaNemec_ReplicateLayout.replicate_layout 986:Dst text UUid:99852be2-7e34-4a67-a692-d240157466df
09-21 22:36:26 com_github_MitjaNemec_ReplicateLayout.replicate_layout 985:Src text UUid:6dc6378a-374d-415f-879a-8b06b284c0f2
09-21 22:36:26 com_github_MitjaNemec_ReplicateLayout.replicate_layout 986:Dst text UUid:d4c1696e-1dc9-473c-962b-a45672bb14cd
09-21 22:36:26 com_github_MitjaNemec_ReplicateLayout.replicate_layout 985:Src text UUid:d0928b03-0279-4995-9c10-775ba584ca79
09-21 22:36:26 com_github_MitjaNemec_ReplicateLayout.replicate_layout 986:Dst text UUid:fad1ee71-5ed2-4586-b336-78696ed688a9
09-21 22:36:26 com_github_MitjaNemec_ReplicateLayout.replicate_layout 985:Src text UUid:4d4cdffa-0484-4bb9-9be5-c7b491939cb9
09-21 22:36:26 com_github_MitjaNemec_ReplicateLayout.replicate_layout 986:Dst text UUid:0c1e6521-b318-48f3-a813-2673feee56a2
09-21 22:36:26 com_github_MitjaNemec_ReplicateLayout.replicate_layout 985:Src text UUid:50ae7dbf-0b9a-4d29-97ec-2878b2964397
09-21 22:36:26 com_github_MitjaNemec_ReplicateLayout.replicate_layout 986:Dst text UUid:52ccc781-b860-4b27-b7e9-17cae6423682
09-21 22:36:26 com_github_MitjaNemec_ReplicateLayout.replicate_layout 985:Src text UUid:64b4ae9e-4952-42fa-a481-229576eb4962
09-21 22:36:26 com_github_MitjaNemec_ReplicateLayout.replicate_layout 986:Dst text UUid:eaed3e0d-e9ed-417c-b44a-220dd65b8980
09-21 22:36:26 com_github_MitjaNemec_ReplicateLayout.replicate_layout 985:Src text UUid:075fd56f-0b9b-4b3f-bd9c-c6db4af8eeb4
09-21 22:36:26 com_github_MitjaNemec_ReplicateLayout.replicate_layout 986:Dst text UUid:82491b87-4826-42cb-aae0-9d93c3744fd3
09-21 22:36:26 com_github_MitjaNemec_ReplicateLayout.replicate_layout 868:Replicating footprints on sheet ['mosfets4']
09-21 22:36:26 com_github_MitjaNemec_ReplicateLayout.replicate_layout 985:Src text UUid:8eaa50f7-8943-46fc-91ef-9ad3da02531b
09-21 22:36:26 com_github_MitjaNemec_ReplicateLayout.replicate_layout 986:Dst text UUid:0536b6e5-c2fd-4b47-880d-fffa1faea9ec
09-21 22:36:26 com_github_MitjaNemec_ReplicateLayout.replicate_layout 985:Src text UUid:58244e6d-6ecf-44b7-8706-856a5fa66a9d
09-21 22:36:26 com_github_MitjaNemec_ReplicateLayout.replicate_layout 986:Dst text UUid:736b089d-a7ac-48be-9d52-a8e799694f95
09-21 22:36:26 com_github_MitjaNemec_ReplicateLayout.replicate_layout 985:Src text UUid:58c2693d-3fb5-40de-b7f6-141e48517efc
09-21 22:36:26 com_github_MitjaNemec_ReplicateLayout.replicate_layout 986:Dst text UUid:69143e58-1691-4d98-a885-06d165f3ec57
09-21 22:36:26 com_github_MitjaNemec_ReplicateLayout.replicate_layout 985:Src text UUid:26ea045f-2295-4bfc-84ac-ab4fe20436da
09-21 22:36:26 com_github_MitjaNemec_ReplicateLayout.replicate_layout 986:Dst text UUid:a50171cf-966b-498f-b95b-dd39d391b2a3
09-21 22:36:26 com_github_MitjaNemec_ReplicateLayout.replicate_layout 985:Src text UUid:7645362a-49c4-4d78-b2db-72a3748fb850
09-21 22:36:26 com_github_MitjaNemec_ReplicateLayout.replicate_layout 986:Dst text UUid:beb3095b-55ae-412f-a23b-669fab24da95
09-21 22:36:26 com_github_MitjaNemec_ReplicateLayout.replicate_layout 985:Src text UUid:3dceda8b-1fcc-4cc3-81f1-aef2f1521452
09-21 22:36:26 com_github_MitjaNemec_ReplicateLayout.replicate_layout 986:Dst text UUid:e0e148e9-9d81-4224-a631-47760a5f1154
09-21 22:36:26 com_github_MitjaNemec_ReplicateLayout.replicate_layout 985:Src text UUid:8f1b7e48-e428-4f94-9bc3-b9155381cdc2
09-21 22:36:26 com_github_MitjaNemec_ReplicateLayout.replicate_layout 986:Dst text UUid:bd2a39e2-d4e3-4017-8850-4b3ddfa20b6b
09-21 22:36:26 com_github_MitjaNemec_ReplicateLayout.replicate_layout 985:Src text UUid:99222b1f-4d46-4651-b8ef-ee3acf02bf17
09-21 22:36:26 com_github_MitjaNemec_ReplicateLayout.replicate_layout 986:Dst text UUid:75d75dc1-4d65-4421-a8b3-b1aaaa8e5b55
09-21 22:36:26 com_github_MitjaNemec_ReplicateLayout.replicate_layout 985:Src text UUid:d4301f4d-4ac2-43ad-a1c3-dc8d507a3c31
09-21 22:36:26 com_github_MitjaNemec_ReplicateLayout.replicate_layout 986:Dst text UUid:bd7abd93-f8b6-4ae2-8ff6-0660289f43d5
09-21 22:36:26 com_github_MitjaNemec_ReplicateLayout.replicate_layout 985:Src text UUid:41a341f8-57a9-4741-a8a3-b65178ffb72d
09-21 22:36:26 com_github_MitjaNemec_ReplicateLayout.replicate_layout 986:Dst text UUid:af7c80b8-33c9-4723-8e6b-38be97b64b86
09-21 22:36:26 com_github_MitjaNemec_ReplicateLayout.replicate_layout 985:Src text UUid:74cff82e-7022-4f37-b480-6a19da001831
09-21 22:36:26 com_github_MitjaNemec_ReplicateLayout.replicate_layout 986:Dst text UUid:4ed50123-8114-4f95-b65e-2c73c073a186
09-21 22:36:26 com_github_MitjaNemec_ReplicateLayout.replicate_layout 985:Src text UUid:90df0f68-d792-4e02-9527-26643104ba86
09-21 22:36:26 com_github_MitjaNemec_ReplicateLayout.replicate_layout 986:Dst text UUid:064c7e60-94c4-4518-a0a9-60ca343034b9
09-21 22:36:26 com_github_MitjaNemec_ReplicateLayout.replicate_layout 985:Src text UUid:17cd82cc-c7d2-437f-a08a-bac45840c2dd
09-21 22:36:26 com_github_MitjaNemec_ReplicateLayout.replicate_layout 986:Dst text UUid:55b706ea-2f71-47a3-b89a-6a634d2ec69a
09-21 22:36:26 com_github_MitjaNemec_ReplicateLayout.replicate_layout 985:Src text UUid:03f078af-52f2-4740-a07c-3e3c7b863f68
09-21 22:36:26 com_github_MitjaNemec_ReplicateLayout.replicate_layout 986:Dst text UUid:d32ea0c6-08eb-4094-a512-569911e0c872
09-21 22:36:26 com_github_MitjaNemec_ReplicateLayout.replicate_layout 985:Src text UUid:db0c62a6-6307-4d37-bb25-05afa2aa4a5f
09-21 22:36:26 com_github_MitjaNemec_ReplicateLayout.replicate_layout 986:Dst text UUid:17e9f202-2825-4454-9052-9402f7d1c9bf
09-21 22:36:26 com_github_MitjaNemec_ReplicateLayout.replicate_layout 985:Src text UUid:8a54eef5-e6a3-4ac9-8b6a-b56a32feac12
09-21 22:36:26 com_github_MitjaNemec_ReplicateLayout.replicate_layout 986:Dst text UUid:285a3d56-ac72-49ce-97be-fad908fa2fb1
09-21 22:36:26 com_github_MitjaNemec_ReplicateLayout.replicate_layout 985:Src text UUid:dd2c445a-d8ed-44fd-973a-07a58c092b80
09-21 22:36:26 com_github_MitjaNemec_ReplicateLayout.replicate_layout 986:Dst text UUid:123988a6-3994-4bde-bdbe-341647fe7874
09-21 22:36:26 com_github_MitjaNemec_ReplicateLayout.replicate_layout 985:Src text UUid:b26f5e74-0500-472b-a685-a05fec812105
09-21 22:36:26 com_github_MitjaNemec_ReplicateLayout.replicate_layout 986:Dst text UUid:fee01a7b-3e19-422d-8fa5-688d7347ea6e
09-21 22:36:26 com_github_MitjaNemec_ReplicateLayout.replicate_layout 985:Src text UUid:11ce0377-a809-45cb-b260-93056bf43db9
09-21 22:36:26 com_github_MitjaNemec_ReplicateLayout.replicate_layout 986:Dst text UUid:e5c7f435-3f8f-468a-b224-b88e28d7dd4f
09-21 22:36:26 com_github_MitjaNemec_ReplicateLayout.replicate_layout 985:Src text UUid:803393b0-50e3-4510-9218-822fecc86eb7
09-21 22:36:26 com_github_MitjaNemec_ReplicateLayout.replicate_layout 986:Dst text UUid:a757ea88-6ba9-4b62-9e92-0e624d62b509
09-21 22:36:26 com_github_MitjaNemec_ReplicateLayout.replicate_layout 985:Src text UUid:128faacc-a08f-49cc-96c3-7fa1bf7e3fb8
09-21 22:36:26 com_github_MitjaNemec_ReplicateLayout.replicate_layout 986:Dst text UUid:eaa5ed02-277f-40de-821d-1352a907d40f
09-21 22:36:26 com_github_MitjaNemec_ReplicateLayout.replicate_layout 985:Src text UUid:6dc6378a-374d-415f-879a-8b06b284c0f2
09-21 22:36:26 com_github_MitjaNemec_ReplicateLayout.replicate_layout 986:Dst text UUid:42ebeeb7-0ec9-4c93-b02d-f03d70b224a7
09-21 22:36:26 com_github_MitjaNemec_ReplicateLayout.replicate_layout 985:Src text UUid:d0928b03-0279-4995-9c10-775ba584ca79
09-21 22:36:26 com_github_MitjaNemec_ReplicateLayout.replicate_layout 986:Dst text UUid:428e3801-4ea7-48fd-9818-03071332be9a
09-21 22:36:26 com_github_MitjaNemec_ReplicateLayout.replicate_layout 985:Src text UUid:4d4cdffa-0484-4bb9-9be5-c7b491939cb9
09-21 22:36:26 com_github_MitjaNemec_ReplicateLayout.replicate_layout 986:Dst text UUid:5e847525-bfac-42cc-8bf5-c82c0105c550
09-21 22:36:26 com_github_MitjaNemec_ReplicateLayout.replicate_layout 985:Src text UUid:50ae7dbf-0b9a-4d29-97ec-2878b2964397
09-21 22:36:26 com_github_MitjaNemec_ReplicateLayout.replicate_layout 986:Dst text UUid:2adb726b-c871-41aa-a6cd-2266e5e1afcb
09-21 22:36:26 com_github_MitjaNemec_ReplicateLayout.replicate_layout 985:Src text UUid:64b4ae9e-4952-42fa-a481-229576eb4962
09-21 22:36:26 com_github_MitjaNemec_ReplicateLayout.replicate_layout 986:Dst text UUid:82c511da-ea9e-47e2-90b4-1b0b4c658f8d
09-21 22:36:26 com_github_MitjaNemec_ReplicateLayout.replicate_layout 985:Src text UUid:075fd56f-0b9b-4b3f-bd9c-c6db4af8eeb4
09-21 22:36:26 com_github_MitjaNemec_ReplicateLayout.replicate_layout 986:Dst text UUid:b93de7aa-1935-4354-a19a-3ec87cc7fc03
09-21 22:36:26 com_github_MitjaNemec_ReplicateLayout.replicate_layout 868:Replicating footprints on sheet ['mosfets5']
09-21 22:36:26 com_github_MitjaNemec_ReplicateLayout.replicate_layout 985:Src text UUid:8eaa50f7-8943-46fc-91ef-9ad3da02531b
09-21 22:36:26 com_github_MitjaNemec_ReplicateLayout.replicate_layout 986:Dst text UUid:aefd2e73-7913-40a4-8d38-04fbe8d33719
09-21 22:36:26 com_github_MitjaNemec_ReplicateLayout.replicate_layout 985:Src text UUid:58244e6d-6ecf-44b7-8706-856a5fa66a9d
09-21 22:36:26 com_github_MitjaNemec_ReplicateLayout.replicate_layout 986:Dst text UUid:3aa913b1-1693-4448-a633-bea54812ac69
09-21 22:36:26 com_github_MitjaNemec_ReplicateLayout.replicate_layout 985:Src text UUid:58c2693d-3fb5-40de-b7f6-141e48517efc
09-21 22:36:26 com_github_MitjaNemec_ReplicateLayout.replicate_layout 986:Dst text UUid:1b8e75eb-31b5-415b-af92-2fe178b84a33
09-21 22:36:26 com_github_MitjaNemec_ReplicateLayout.replicate_layout 985:Src text UUid:26ea045f-2295-4bfc-84ac-ab4fe20436da
09-21 22:36:26 com_github_MitjaNemec_ReplicateLayout.replicate_layout 986:Dst text UUid:d2f62618-f9f7-493c-bfb1-5322e8e430f6
09-21 22:36:26 com_github_MitjaNemec_ReplicateLayout.replicate_layout 985:Src text UUid:7645362a-49c4-4d78-b2db-72a3748fb850
09-21 22:36:26 com_github_MitjaNemec_ReplicateLayout.replicate_layout 986:Dst text UUid:14894b9a-ff5d-404a-b3a0-caa1fe1f1d74
09-21 22:36:26 com_github_MitjaNemec_ReplicateLayout.replicate_layout 985:Src text UUid:3dceda8b-1fcc-4cc3-81f1-aef2f1521452
09-21 22:36:26 com_github_MitjaNemec_ReplicateLayout.replicate_layout 986:Dst text UUid:621bd754-4a28-454d-a2b7-fa71e2fed6d0
09-21 22:36:26 com_github_MitjaNemec_ReplicateLayout.replicate_layout 985:Src text UUid:8f1b7e48-e428-4f94-9bc3-b9155381cdc2
09-21 22:36:26 com_github_MitjaNemec_ReplicateLayout.replicate_layout 986:Dst text UUid:608e5076-5cb9-4126-b5b2-9671f261978e
09-21 22:36:26 com_github_MitjaNemec_ReplicateLayout.replicate_layout 985:Src text UUid:99222b1f-4d46-4651-b8ef-ee3acf02bf17
09-21 22:36:26 com_github_MitjaNemec_ReplicateLayout.replicate_layout 986:Dst text UUid:7f905ed6-e0db-40dc-92ba-5e73b0f9d49e
09-21 22:36:26 com_github_MitjaNemec_ReplicateLayout.replicate_layout 985:Src text UUid:d4301f4d-4ac2-43ad-a1c3-dc8d507a3c31
09-21 22:36:26 com_github_MitjaNemec_ReplicateLayout.replicate_layout 986:Dst text UUid:485cf32f-d54c-42ac-ad76-726aca213759
09-21 22:36:26 com_github_MitjaNemec_ReplicateLayout.replicate_layout 985:Src text UUid:41a341f8-57a9-4741-a8a3-b65178ffb72d
09-21 22:36:26 com_github_MitjaNemec_ReplicateLayout.replicate_layout 986:Dst text UUid:8e63b0dc-be35-414d-8ea8-c3990d81c0ff
09-21 22:36:26 com_github_MitjaNemec_ReplicateLayout.replicate_layout 985:Src text UUid:74cff82e-7022-4f37-b480-6a19da001831
09-21 22:36:26 com_github_MitjaNemec_ReplicateLayout.replicate_layout 986:Dst text UUid:5ce3b6f7-0c71-4330-8def-c5fb7a0ad820
09-21 22:36:26 com_github_MitjaNemec_ReplicateLayout.replicate_layout 985:Src text UUid:90df0f68-d792-4e02-9527-26643104ba86
09-21 22:36:26 com_github_MitjaNemec_ReplicateLayout.replicate_layout 986:Dst text UUid:5d265ba2-4a66-4da8-93e6-2cbb62ac06f6
09-21 22:36:26 com_github_MitjaNemec_ReplicateLayout.replicate_layout 985:Src text UUid:17cd82cc-c7d2-437f-a08a-bac45840c2dd
09-21 22:36:26 com_github_MitjaNemec_ReplicateLayout.replicate_layout 986:Dst text UUid:f7207481-7e79-4efc-a538-5bab22563a0b
09-21 22:36:26 com_github_MitjaNemec_ReplicateLayout.replicate_layout 985:Src text UUid:03f078af-52f2-4740-a07c-3e3c7b863f68
09-21 22:36:26 com_github_MitjaNemec_ReplicateLayout.replicate_layout 986:Dst text UUid:4d5165f7-38cf-45a7-9639-85d2674e1e4a
09-21 22:36:26 com_github_MitjaNemec_ReplicateLayout.replicate_layout 985:Src text UUid:db0c62a6-6307-4d37-bb25-05afa2aa4a5f
09-21 22:36:26 com_github_MitjaNemec_ReplicateLayout.replicate_layout 986:Dst text UUid:0b977c33-28ad-46a0-b503-27125c859ce6
09-21 22:36:26 com_github_MitjaNemec_ReplicateLayout.replicate_layout 985:Src text UUid:8a54eef5-e6a3-4ac9-8b6a-b56a32feac12
09-21 22:36:26 com_github_MitjaNemec_ReplicateLayout.replicate_layout 986:Dst text UUid:ac24bf8f-7e19-42e5-bb42-7601a6a068bd
09-21 22:36:26 com_github_MitjaNemec_ReplicateLayout.replicate_layout 985:Src text UUid:dd2c445a-d8ed-44fd-973a-07a58c092b80
09-21 22:36:26 com_github_MitjaNemec_ReplicateLayout.replicate_layout 986:Dst text UUid:ba50709f-ad6a-4e40-8638-aa8e9a1f246a
09-21 22:36:26 com_github_MitjaNemec_ReplicateLayout.replicate_layout 985:Src text UUid:b26f5e74-0500-472b-a685-a05fec812105
09-21 22:36:26 com_github_MitjaNemec_ReplicateLayout.replicate_layout 986:Dst text UUid:75fe5d87-a368-486b-96ea-8de5c3e22eb1
09-21 22:36:26 com_github_MitjaNemec_ReplicateLayout.replicate_layout 985:Src text UUid:11ce0377-a809-45cb-b260-93056bf43db9
09-21 22:36:26 com_github_MitjaNemec_ReplicateLayout.replicate_layout 986:Dst text UUid:b63b8d85-3b6b-492b-8c00-a31741499a76
09-21 22:36:26 com_github_MitjaNemec_ReplicateLayout.replicate_layout 985:Src text UUid:803393b0-50e3-4510-9218-822fecc86eb7
09-21 22:36:26 com_github_MitjaNemec_ReplicateLayout.replicate_layout 986:Dst text UUid:c49c5399-2b65-48b3-bccd-a792805fdc95
09-21 22:36:26 com_github_MitjaNemec_ReplicateLayout.replicate_layout 985:Src text UUid:128faacc-a08f-49cc-96c3-7fa1bf7e3fb8
09-21 22:36:26 com_github_MitjaNemec_ReplicateLayout.replicate_layout 986:Dst text UUid:f79356eb-6fc5-4105-b845-1c5a2c564a49
09-21 22:36:26 com_github_MitjaNemec_ReplicateLayout.replicate_layout 985:Src text UUid:6dc6378a-374d-415f-879a-8b06b284c0f2
09-21 22:36:26 com_github_MitjaNemec_ReplicateLayout.replicate_layout 986:Dst text UUid:21b57747-9a69-4f8b-a6ce-a86654965f7c
09-21 22:36:26 com_github_MitjaNemec_ReplicateLayout.replicate_layout 985:Src text UUid:d0928b03-0279-4995-9c10-775ba584ca79
09-21 22:36:26 com_github_MitjaNemec_ReplicateLayout.replicate_layout 986:Dst text UUid:b7fff89c-60d0-41b3-bacd-b254a942e4e1
09-21 22:36:26 com_github_MitjaNemec_ReplicateLayout.replicate_layout 985:Src text UUid:4d4cdffa-0484-4bb9-9be5-c7b491939cb9
09-21 22:36:26 com_github_MitjaNemec_ReplicateLayout.replicate_layout 986:Dst text UUid:91476322-711c-4c99-b038-00bd31c5da83
09-21 22:36:26 com_github_MitjaNemec_ReplicateLayout.replicate_layout 985:Src text UUid:50ae7dbf-0b9a-4d29-97ec-2878b2964397
09-21 22:36:26 com_github_MitjaNemec_ReplicateLayout.replicate_layout 986:Dst text UUid:c2302746-db30-4451-b144-b7728e4ca347
09-21 22:36:26 com_github_MitjaNemec_ReplicateLayout.replicate_layout 985:Src text UUid:64b4ae9e-4952-42fa-a481-229576eb4962
09-21 22:36:26 com_github_MitjaNemec_ReplicateLayout.replicate_layout 986:Dst text UUid:bed511d4-7295-4876-ac3b-072efb59a955
09-21 22:36:26 com_github_MitjaNemec_ReplicateLayout.replicate_layout 985:Src text UUid:075fd56f-0b9b-4b3f-bd9c-c6db4af8eeb4
09-21 22:36:26 com_github_MitjaNemec_ReplicateLayout.replicate_layout 986:Dst text UUid:67f66c96-d2da-4bcb-9f08-3e4c0ed0be68
09-21 22:36:26 com_github_MitjaNemec_ReplicateLayout.replicate_layout 868:Replicating footprints on sheet ['mosfets6']
09-21 22:36:26 com_github_MitjaNemec_ReplicateLayout.replicate_layout 985:Src text UUid:8eaa50f7-8943-46fc-91ef-9ad3da02531b
09-21 22:36:26 com_github_MitjaNemec_ReplicateLayout.replicate_layout 986:Dst text UUid:9a402356-a70c-4f26-978d-2343d43fffaf
09-21 22:36:26 com_github_MitjaNemec_ReplicateLayout.replicate_layout 985:Src text UUid:58244e6d-6ecf-44b7-8706-856a5fa66a9d
09-21 22:36:26 com_github_MitjaNemec_ReplicateLayout.replicate_layout 986:Dst text UUid:840f678c-dd30-49ea-a876-90eaf0702c88
09-21 22:36:26 com_github_MitjaNemec_ReplicateLayout.replicate_layout 985:Src text UUid:58c2693d-3fb5-40de-b7f6-141e48517efc
09-21 22:36:26 com_github_MitjaNemec_ReplicateLayout.replicate_layout 986:Dst text UUid:97300a73-8d0c-43df-b9d1-0a0bd724a11a
09-21 22:36:26 root 337:updating GUI with: 74
09-21 22:36:26 com_github_MitjaNemec_ReplicateLayout.replicate_layout 985:Src text UUid:26ea045f-2295-4bfc-84ac-ab4fe20436da
09-21 22:36:26 com_github_MitjaNemec_ReplicateLayout.replicate_layout 986:Dst text UUid:8f66735f-18f5-48cc-b706-3c447c18c7ad
09-21 22:36:26 com_github_MitjaNemec_ReplicateLayout.replicate_layout 985:Src text UUid:7645362a-49c4-4d78-b2db-72a3748fb850
09-21 22:36:26 com_github_MitjaNemec_ReplicateLayout.replicate_layout 986:Dst text UUid:00975b43-2d05-4a61-bd99-cec6c3ddc15d
09-21 22:36:26 com_github_MitjaNemec_ReplicateLayout.replicate_layout 985:Src text UUid:3dceda8b-1fcc-4cc3-81f1-aef2f1521452
09-21 22:36:26 com_github_MitjaNemec_ReplicateLayout.replicate_layout 986:Dst text UUid:ef5dd466-22b1-4327-b7a5-693eaa1680b8
09-21 22:36:26 com_github_MitjaNemec_ReplicateLayout.replicate_layout 985:Src text UUid:8f1b7e48-e428-4f94-9bc3-b9155381cdc2
09-21 22:36:26 com_github_MitjaNemec_ReplicateLayout.replicate_layout 986:Dst text UUid:ab8850ea-3cbc-4f55-a5bf-285858bc1a8e
09-21 22:36:26 com_github_MitjaNemec_ReplicateLayout.replicate_layout 985:Src text UUid:99222b1f-4d46-4651-b8ef-ee3acf02bf17
09-21 22:36:26 com_github_MitjaNemec_ReplicateLayout.replicate_layout 986:Dst text UUid:8ad16c10-445f-4791-91cb-992e7f85716a
09-21 22:36:26 com_github_MitjaNemec_ReplicateLayout.replicate_layout 985:Src text UUid:d4301f4d-4ac2-43ad-a1c3-dc8d507a3c31
09-21 22:36:26 com_github_MitjaNemec_ReplicateLayout.replicate_layout 986:Dst text UUid:f9ec51f2-99c6-4dde-80bc-146536e3d767
09-21 22:36:26 com_github_MitjaNemec_ReplicateLayout.replicate_layout 985:Src text UUid:41a341f8-57a9-4741-a8a3-b65178ffb72d
09-21 22:36:26 com_github_MitjaNemec_ReplicateLayout.replicate_layout 986:Dst text UUid:6683317c-5fbf-4bbb-bcf3-46ffd60b9028
09-21 22:36:26 com_github_MitjaNemec_ReplicateLayout.replicate_layout 985:Src text UUid:74cff82e-7022-4f37-b480-6a19da001831
09-21 22:36:26 com_github_MitjaNemec_ReplicateLayout.replicate_layout 986:Dst text UUid:622a69af-b0f1-4a48-b0de-ea817de267b7
09-21 22:36:26 com_github_MitjaNemec_ReplicateLayout.replicate_layout 985:Src text UUid:90df0f68-d792-4e02-9527-26643104ba86
09-21 22:36:26 com_github_MitjaNemec_ReplicateLayout.replicate_layout 986:Dst text UUid:50d7181a-0cb8-453f-af00-20f0bc6bd40a
09-21 22:36:26 com_github_MitjaNemec_ReplicateLayout.replicate_layout 985:Src text UUid:17cd82cc-c7d2-437f-a08a-bac45840c2dd
09-21 22:36:26 com_github_MitjaNemec_ReplicateLayout.replicate_layout 986:Dst text UUid:1414ada6-2b92-46d6-ac87-86cd5d57b9b1
09-21 22:36:26 com_github_MitjaNemec_ReplicateLayout.replicate_layout 985:Src text UUid:03f078af-52f2-4740-a07c-3e3c7b863f68
09-21 22:36:26 com_github_MitjaNemec_ReplicateLayout.replicate_layout 986:Dst text UUid:78182b0d-2cfa-4311-a5e6-0a5aada2bed7
09-21 22:36:26 com_github_MitjaNemec_ReplicateLayout.replicate_layout 985:Src text UUid:db0c62a6-6307-4d37-bb25-05afa2aa4a5f
09-21 22:36:26 com_github_MitjaNemec_ReplicateLayout.replicate_layout 986:Dst text UUid:24951289-8ff2-4d33-8af7-1d957ab69079
09-21 22:36:26 com_github_MitjaNemec_ReplicateLayout.replicate_layout 985:Src text UUid:8a54eef5-e6a3-4ac9-8b6a-b56a32feac12
09-21 22:36:26 com_github_MitjaNemec_ReplicateLayout.replicate_layout 986:Dst text UUid:0eaa1807-01ac-4471-a28f-e21996e33cc0
09-21 22:36:26 com_github_MitjaNemec_ReplicateLayout.replicate_layout 985:Src text UUid:dd2c445a-d8ed-44fd-973a-07a58c092b80
09-21 22:36:26 com_github_MitjaNemec_ReplicateLayout.replicate_layout 986:Dst text UUid:41973b4d-cd8c-4104-ae89-676186078eda
09-21 22:36:26 com_github_MitjaNemec_ReplicateLayout.replicate_layout 985:Src text UUid:b26f5e74-0500-472b-a685-a05fec812105
09-21 22:36:26 com_github_MitjaNemec_ReplicateLayout.replicate_layout 986:Dst text UUid:6544b50b-c3cf-4dd9-8d6f-7d89ef225521
09-21 22:36:26 com_github_MitjaNemec_ReplicateLayout.replicate_layout 985:Src text UUid:11ce0377-a809-45cb-b260-93056bf43db9
09-21 22:36:26 com_github_MitjaNemec_ReplicateLayout.replicate_layout 986:Dst text UUid:876a4a29-9fe6-4aa3-b678-b3947f5fefe6
09-21 22:36:26 com_github_MitjaNemec_ReplicateLayout.replicate_layout 985:Src text UUid:803393b0-50e3-4510-9218-822fecc86eb7
09-21 22:36:26 com_github_MitjaNemec_ReplicateLayout.replicate_layout 986:Dst text UUid:56f975ac-269f-4fbe-b41a-9ecd151a7708
09-21 22:36:26 com_github_MitjaNemec_ReplicateLayout.replicate_layout 985:Src text UUid:128faacc-a08f-49cc-96c3-7fa1bf7e3fb8
09-21 22:36:26 com_github_MitjaNemec_ReplicateLayout.replicate_layout 986:Dst text UUid:300427c5-7195-42f0-86b1-1b626ee4045b
09-21 22:36:26 com_github_MitjaNemec_ReplicateLayout.replicate_layout 985:Src text UUid:6dc6378a-374d-415f-879a-8b06b284c0f2
09-21 22:36:26 com_github_MitjaNemec_ReplicateLayout.replicate_layout 986:Dst text UUid:cdb0a2d4-6056-4977-a1d5-9ef0a7837977
09-21 22:36:26 com_github_MitjaNemec_ReplicateLayout.replicate_layout 985:Src text UUid:d0928b03-0279-4995-9c10-775ba584ca79
09-21 22:36:26 com_github_MitjaNemec_ReplicateLayout.replicate_layout 986:Dst text UUid:405f532c-a9d6-4ab5-9aa2-7738e9d1a371
09-21 22:36:26 com_github_MitjaNemec_ReplicateLayout.replicate_layout 985:Src text UUid:4d4cdffa-0484-4bb9-9be5-c7b491939cb9
09-21 22:36:26 com_github_MitjaNemec_ReplicateLayout.replicate_layout 986:Dst text UUid:f3273d5e-98ea-406c-a4e5-c591c35df86b
09-21 22:36:26 com_github_MitjaNemec_ReplicateLayout.replicate_layout 985:Src text UUid:50ae7dbf-0b9a-4d29-97ec-2878b2964397
09-21 22:36:26 com_github_MitjaNemec_ReplicateLayout.replicate_layout 986:Dst text UUid:e0878b2a-4253-47a6-8cff-26c47f70ee8d
09-21 22:36:26 com_github_MitjaNemec_ReplicateLayout.replicate_layout 985:Src text UUid:64b4ae9e-4952-42fa-a481-229576eb4962
09-21 22:36:26 com_github_MitjaNemec_ReplicateLayout.replicate_layout 986:Dst text UUid:e64c4480-ccf0-4cba-a2ca-9f786b59349c
09-21 22:36:26 com_github_MitjaNemec_ReplicateLayout.replicate_layout 985:Src text UUid:075fd56f-0b9b-4b3f-bd9c-c6db4af8eeb4
09-21 22:36:26 com_github_MitjaNemec_ReplicateLayout.replicate_layout 986:Dst text UUid:7becfec8-fcc8-4079-9558-6a3668274df6
09-21 22:36:26 com_github_MitjaNemec_ReplicateLayout.replicate_layout 868:Replicating footprints on sheet ['mosfets7']
09-21 22:36:26 com_github_MitjaNemec_ReplicateLayout.replicate_layout 985:Src text UUid:8eaa50f7-8943-46fc-91ef-9ad3da02531b
09-21 22:36:26 com_github_MitjaNemec_ReplicateLayout.replicate_layout 986:Dst text UUid:117f12d9-89a2-4e29-9952-96363d4e1b6b
09-21 22:36:26 com_github_MitjaNemec_ReplicateLayout.replicate_layout 985:Src text UUid:58244e6d-6ecf-44b7-8706-856a5fa66a9d
09-21 22:36:26 com_github_MitjaNemec_ReplicateLayout.replicate_layout 986:Dst text UUid:3b1acfe3-52b3-4d3e-bf24-22457b4e0695
09-21 22:36:26 com_github_MitjaNemec_ReplicateLayout.replicate_layout 985:Src text UUid:58c2693d-3fb5-40de-b7f6-141e48517efc
09-21 22:36:26 com_github_MitjaNemec_ReplicateLayout.replicate_layout 986:Dst text UUid:16866108-6185-4261-b6d4-f98680e506fd
09-21 22:36:26 com_github_MitjaNemec_ReplicateLayout.replicate_layout 985:Src text UUid:26ea045f-2295-4bfc-84ac-ab4fe20436da
09-21 22:36:26 com_github_MitjaNemec_ReplicateLayout.replicate_layout 986:Dst text UUid:6a983ea5-d710-4e92-8924-1033283cdd81
09-21 22:36:26 com_github_MitjaNemec_ReplicateLayout.replicate_layout 985:Src text UUid:7645362a-49c4-4d78-b2db-72a3748fb850
09-21 22:36:26 com_github_MitjaNemec_ReplicateLayout.replicate_layout 986:Dst text UUid:5bebd87b-2e5c-41a5-a715-c21bc9504628
09-21 22:36:26 com_github_MitjaNemec_ReplicateLayout.replicate_layout 985:Src text UUid:3dceda8b-1fcc-4cc3-81f1-aef2f1521452
09-21 22:36:26 com_github_MitjaNemec_ReplicateLayout.replicate_layout 986:Dst text UUid:bcc5f39b-cb2b-4044-92f7-13fc0c8b7e6d
09-21 22:36:26 com_github_MitjaNemec_ReplicateLayout.replicate_layout 985:Src text UUid:8f1b7e48-e428-4f94-9bc3-b9155381cdc2
09-21 22:36:26 com_github_MitjaNemec_ReplicateLayout.replicate_layout 986:Dst text UUid:9616f03f-5dd1-46f9-af25-21a379410565
09-21 22:36:26 com_github_MitjaNemec_ReplicateLayout.replicate_layout 985:Src text UUid:99222b1f-4d46-4651-b8ef-ee3acf02bf17
09-21 22:36:26 com_github_MitjaNemec_ReplicateLayout.replicate_layout 986:Dst text UUid:d1056860-4611-4263-bccd-cefedf682e87
09-21 22:36:26 com_github_MitjaNemec_ReplicateLayout.replicate_layout 985:Src text UUid:d4301f4d-4ac2-43ad-a1c3-dc8d507a3c31
09-21 22:36:26 com_github_MitjaNemec_ReplicateLayout.replicate_layout 986:Dst text UUid:065a1469-9d31-4d1a-ae86-20597b98058a
09-21 22:36:26 com_github_MitjaNemec_ReplicateLayout.replicate_layout 985:Src text UUid:41a341f8-57a9-4741-a8a3-b65178ffb72d
09-21 22:36:26 com_github_MitjaNemec_ReplicateLayout.replicate_layout 986:Dst text UUid:a03a1274-2d92-4cd2-aa9c-02285f1a5132
09-21 22:36:26 com_github_MitjaNemec_ReplicateLayout.replicate_layout 985:Src text UUid:74cff82e-7022-4f37-b480-6a19da001831
09-21 22:36:26 com_github_MitjaNemec_ReplicateLayout.replicate_layout 986:Dst text UUid:c4395564-fffe-42ed-8a96-2477c5cb1d64
09-21 22:36:26 com_github_MitjaNemec_ReplicateLayout.replicate_layout 985:Src text UUid:90df0f68-d792-4e02-9527-26643104ba86
09-21 22:36:26 com_github_MitjaNemec_ReplicateLayout.replicate_layout 986:Dst text UUid:be483088-4a3a-4127-b2bc-248945c069cc
09-21 22:36:26 com_github_MitjaNemec_ReplicateLayout.replicate_layout 985:Src text UUid:17cd82cc-c7d2-437f-a08a-bac45840c2dd
09-21 22:36:26 com_github_MitjaNemec_ReplicateLayout.replicate_layout 986:Dst text UUid:d022bc01-bc35-4db8-8bc4-8d3604dc02a6
09-21 22:36:26 com_github_MitjaNemec_ReplicateLayout.replicate_layout 985:Src text UUid:03f078af-52f2-4740-a07c-3e3c7b863f68
09-21 22:36:26 com_github_MitjaNemec_ReplicateLayout.replicate_layout 986:Dst text UUid:f7c357b0-961c-4971-aa95-bda1e583eb30
09-21 22:36:26 com_github_MitjaNemec_ReplicateLayout.replicate_layout 985:Src text UUid:db0c62a6-6307-4d37-bb25-05afa2aa4a5f
09-21 22:36:26 com_github_MitjaNemec_ReplicateLayout.replicate_layout 986:Dst text UUid:587b25a8-e153-48ed-a0c0-9aafd7f59320
09-21 22:36:26 com_github_MitjaNemec_ReplicateLayout.replicate_layout 985:Src text UUid:8a54eef5-e6a3-4ac9-8b6a-b56a32feac12
09-21 22:36:26 com_github_MitjaNemec_ReplicateLayout.replicate_layout 986:Dst text UUid:0cb90b76-be18-4205-ba4d-1ccd64897667
09-21 22:36:26 com_github_MitjaNemec_ReplicateLayout.replicate_layout 985:Src text UUid:dd2c445a-d8ed-44fd-973a-07a58c092b80
09-21 22:36:26 com_github_MitjaNemec_ReplicateLayout.replicate_layout 986:Dst text UUid:fb39d360-93d7-4b54-bec3-1cbf8722cdee
09-21 22:36:26 com_github_MitjaNemec_ReplicateLayout.replicate_layout 985:Src text UUid:b26f5e74-0500-472b-a685-a05fec812105
09-21 22:36:26 com_github_MitjaNemec_ReplicateLayout.replicate_layout 986:Dst text UUid:f6bfdcc2-b516-415a-9489-0b5f35800733
09-21 22:36:26 com_github_MitjaNemec_ReplicateLayout.replicate_layout 985:Src text UUid:11ce0377-a809-45cb-b260-93056bf43db9
09-21 22:36:26 com_github_MitjaNemec_ReplicateLayout.replicate_layout 986:Dst text UUid:ba4f189c-bf1f-4925-ac5a-f37b78ec8e91
09-21 22:36:26 com_github_MitjaNemec_ReplicateLayout.replicate_layout 985:Src text UUid:803393b0-50e3-4510-9218-822fecc86eb7
09-21 22:36:26 com_github_MitjaNemec_ReplicateLayout.replicate_layout 986:Dst text UUid:dca8a932-2361-436d-a634-d1423936fd1b
09-21 22:36:26 com_github_MitjaNemec_ReplicateLayout.replicate_layout 985:Src text UUid:128faacc-a08f-49cc-96c3-7fa1bf7e3fb8
09-21 22:36:26 com_github_MitjaNemec_ReplicateLayout.replicate_layout 986:Dst text UUid:7298b8f2-f13f-4ec7-9baf-5f2f01c86d6c
09-21 22:36:26 com_github_MitjaNemec_ReplicateLayout.replicate_layout 985:Src text UUid:6dc6378a-374d-415f-879a-8b06b284c0f2
09-21 22:36:26 com_github_MitjaNemec_ReplicateLayout.replicate_layout 986:Dst text UUid:b0a4fe42-6c27-466c-a999-afb01fa5940c
09-21 22:36:26 com_github_MitjaNemec_ReplicateLayout.replicate_layout 985:Src text UUid:d0928b03-0279-4995-9c10-775ba584ca79
09-21 22:36:26 com_github_MitjaNemec_ReplicateLayout.replicate_layout 986:Dst text UUid:2ed2682c-c747-4801-9f14-50f5e8d899bd
09-21 22:36:26 com_github_MitjaNemec_ReplicateLayout.replicate_layout 985:Src text UUid:4d4cdffa-0484-4bb9-9be5-c7b491939cb9
09-21 22:36:26 com_github_MitjaNemec_ReplicateLayout.replicate_layout 986:Dst text UUid:125be158-6124-45a2-a610-0b88c9e3ac0c
09-21 22:36:26 com_github_MitjaNemec_ReplicateLayout.replicate_layout 985:Src text UUid:50ae7dbf-0b9a-4d29-97ec-2878b2964397
09-21 22:36:26 com_github_MitjaNemec_ReplicateLayout.replicate_layout 986:Dst text UUid:e73da0f8-b692-4278-a9de-05edb37a7128
09-21 22:36:26 com_github_MitjaNemec_ReplicateLayout.replicate_layout 985:Src text UUid:64b4ae9e-4952-42fa-a481-229576eb4962
09-21 22:36:26 com_github_MitjaNemec_ReplicateLayout.replicate_layout 986:Dst text UUid:51c58857-c216-4868-aeb9-40a01eaeedb7
09-21 22:36:26 com_github_MitjaNemec_ReplicateLayout.replicate_layout 985:Src text UUid:075fd56f-0b9b-4b3f-bd9c-c6db4af8eeb4
09-21 22:36:26 com_github_MitjaNemec_ReplicateLayout.replicate_layout 986:Dst text UUid:46584419-27c8-48a8-81ca-1230d05218eb
09-21 22:36:26 root 332:updating GUI message: 'Replicating tracks'
09-21 22:36:26 com_github_MitjaNemec_ReplicateLayout.replicate_layout 1009:Replicating tracks
09-21 22:36:26 com_github_MitjaNemec_ReplicateLayout.replicate_layout 1015:Replicating tracks on sheet ['mosfets']
09-21 22:36:26 com_github_MitjaNemec_ReplicateLayout.replicate_layout 792:Net pairs for sheet ['mosfets'] :[('Net-(Q21-G)', 'Net-(Q11-G)'), ('/POWER/Vcoils', '/POWER/Vcoils'), ('/uController/GPIO4', '/uController/GPIO2'), ('/GND2', '/GND2'), ('/uController/GPIO3', '/uController/GPIO1'), ('Net-(Q22-G)', 'Net-(Q12-G)'), ('Net-(D21-A)', 'Net-(D11-A)'), ('Net-(D22-A)', 'Net-(D12-A)')]
09-21 22:36:26 com_github_MitjaNemec_ReplicateLayout.replicate_layout 1015:Replicating tracks on sheet ['mosfets2']
09-21 22:36:26 com_github_MitjaNemec_ReplicateLayout.replicate_layout 792:Net pairs for sheet ['mosfets2'] :[('/POWER/Vcoils', '/POWER/Vcoils'), ('/GND2', '/GND2'), ('Net-(D22-A)', 'Net-(D32-A)'), ('Net-(Q21-G)', 'Net-(Q31-G)'), ('/uController/GPIO3', '/uController/GPIO5'), ('Net-(Q22-G)', 'Net-(Q32-G)'), ('Net-(D21-A)', 'Net-(D31-A)'), ('/uController/GPIO4', '/uController/GPIO6')]
09-21 22:36:26 root 337:updating GUI with: 16
09-21 22:36:26 com_github_MitjaNemec_ReplicateLayout.replicate_layout 1015:Replicating tracks on sheet ['mosfets3']
09-21 22:36:26 com_github_MitjaNemec_ReplicateLayout.replicate_layout 792:Net pairs for sheet ['mosfets3'] :[('Net-(Q22-G)', 'Net-(Q42-G)'), ('/uController/GPIO4', '/uController/GPIO8'), ('Net-(D22-A)', 'Net-(D42-A)'), ('Net-(Q21-G)', 'Net-(Q41-G)'), ('/POWER/Vcoils', '/POWER/Vcoils'), ('Net-(D21-A)', 'Net-(D41-A)'), ('/uController/GPIO3', '/uController/GPIO7'), ('/GND2', '/GND2')]
09-21 22:36:26 com_github_MitjaNemec_ReplicateLayout.replicate_layout 1015:Replicating tracks on sheet ['mosfets4']
09-21 22:36:26 com_github_MitjaNemec_ReplicateLayout.replicate_layout 792:Net pairs for sheet ['mosfets4'] :[('/POWER/Vcoils', '/POWER/Vcoils'), ('Net-(Q22-G)', 'Net-(Q52-G)'), ('Net-(Q21-G)', 'Net-(Q51-G)'), ('/GND2', '/GND2'), ('/uController/GPIO3', '/uController/GPIO9'), ('Net-(D21-A)', 'Net-(D51-A)'), ('Net-(D22-A)', 'Net-(D52-A)'), ('/uController/GPIO4', '/uController/GPIO10')]
09-21 22:36:26 com_github_MitjaNemec_ReplicateLayout.replicate_layout 1015:Replicating tracks on sheet ['mosfets5']
09-21 22:36:26 com_github_MitjaNemec_ReplicateLayout.replicate_layout 792:Net pairs for sheet ['mosfets5'] :[('Net-(D21-A)', 'Net-(D61-A)'), ('/POWER/Vcoils', '/POWER/Vcoils'), ('Net-(Q22-G)', 'Net-(Q62-G)'), ('/GND2', '/GND2'), ('/uController/GPIO4', '/uController/GPIO12'), ('/uController/GPIO3', '/uController/GPIO11'), ('Net-(Q21-G)', 'Net-(Q61-G)'), ('Net-(D22-A)', 'Net-(D62-A)')]
09-21 22:36:26 com_github_MitjaNemec_ReplicateLayout.replicate_layout 1015:Replicating tracks on sheet ['mosfets6']
09-21 22:36:26 com_github_MitjaNemec_ReplicateLayout.replicate_layout 792:Net pairs for sheet ['mosfets6'] :[('Net-(Q21-G)', 'Net-(Q71-G)'), ('Net-(Q22-G)', 'Net-(Q72-G)'), ('/POWER/Vcoils', '/POWER/Vcoils'), ('/GND2', '/GND2'), ('/uController/GPIO3', '/uController/GPIO13'), ('Net-(D22-A)', 'Net-(D72-A)'), ('/uController/GPIO4', '/uController/GPIO14'), ('Net-(D21-A)', 'Net-(D71-A)')]
09-21 22:36:26 com_github_MitjaNemec_ReplicateLayout.replicate_layout 1015:Replicating tracks on sheet ['mosfets7']
09-21 22:36:26 com_github_MitjaNemec_ReplicateLayout.replicate_layout 792:Net pairs for sheet ['mosfets7'] :[('Net-(Q22-G)', 'Net-(Q82-G)'), ('/POWER/Vcoils', '/POWER/Vcoils'), ('/GND2', '/GND2'), ('Net-(D21-A)', 'Net-(D81-A)'), ('Net-(Q21-G)', 'Net-(Q81-G)'), ('/uController/GPIO3', '/uController/GPIO15'), ('/uController/GPIO4', '/uController/GPIO16'), ('Net-(D22-A)', 'Net-(D82-A)')]
09-21 22:36:26 root 332:updating GUI message: 'Replicating zones'
09-21 22:36:26 com_github_MitjaNemec_ReplicateLayout.replicate_layout 1079:Replicating zones
09-21 22:36:26 com_github_MitjaNemec_ReplicateLayout.replicate_layout 1086:Replicating zones on sheet ['mosfets']
09-21 22:36:26 com_github_MitjaNemec_ReplicateLayout.replicate_layout 792:Net pairs for sheet ['mosfets'] :[('Net-(Q21-G)', 'Net-(Q11-G)'), ('/POWER/Vcoils', '/POWER/Vcoils'), ('/uController/GPIO4', '/uController/GPIO2'), ('/GND2', '/GND2'), ('/uController/GPIO3', '/uController/GPIO1'), ('Net-(Q22-G)', 'Net-(Q12-G)'), ('Net-(D21-A)', 'Net-(D11-A)'), ('Net-(D22-A)', 'Net-(D12-A)')]
09-21 22:36:26 com_github_MitjaNemec_ReplicateLayout.replicate_layout 1086:Replicating zones on sheet ['mosfets2']
09-21 22:36:26 com_github_MitjaNemec_ReplicateLayout.replicate_layout 792:Net pairs for sheet ['mosfets2'] :[('/POWER/Vcoils', '/POWER/Vcoils'), ('/GND2', '/GND2'), ('Net-(D22-A)', 'Net-(D32-A)'), ('Net-(Q21-G)', 'Net-(Q31-G)'), ('/uController/GPIO3', '/uController/GPIO5'), ('Net-(Q22-G)', 'Net-(Q32-G)'), ('Net-(D21-A)', 'Net-(D31-A)'), ('/uController/GPIO4', '/uController/GPIO6')]
09-21 22:36:26 com_github_MitjaNemec_ReplicateLayout.replicate_layout 1086:Replicating zones on sheet ['mosfets3']
09-21 22:36:26 com_github_MitjaNemec_ReplicateLayout.replicate_layout 792:Net pairs for sheet ['mosfets3'] :[('Net-(Q22-G)', 'Net-(Q42-G)'), ('/uController/GPIO4', '/uController/GPIO8'), ('Net-(D22-A)', 'Net-(D42-A)'), ('Net-(Q21-G)', 'Net-(Q41-G)'), ('/POWER/Vcoils', '/POWER/Vcoils'), ('Net-(D21-A)', 'Net-(D41-A)'), ('/uController/GPIO3', '/uController/GPIO7'), ('/GND2', '/GND2')]
09-21 22:36:26 com_github_MitjaNemec_ReplicateLayout.replicate_layout 1086:Replicating zones on sheet ['mosfets4']
09-21 22:36:26 com_github_MitjaNemec_ReplicateLayout.replicate_layout 792:Net pairs for sheet ['mosfets4'] :[('/POWER/Vcoils', '/POWER/Vcoils'), ('Net-(Q22-G)', 'Net-(Q52-G)'), ('Net-(Q21-G)', 'Net-(Q51-G)'), ('/GND2', '/GND2'), ('/uController/GPIO3', '/uController/GPIO9'), ('Net-(D21-A)', 'Net-(D51-A)'), ('Net-(D22-A)', 'Net-(D52-A)'), ('/uController/GPIO4', '/uController/GPIO10')]
09-21 22:36:26 com_github_MitjaNemec_ReplicateLayout.replicate_layout 1086:Replicating zones on sheet ['mosfets5']
09-21 22:36:26 com_github_MitjaNemec_ReplicateLayout.replicate_layout 792:Net pairs for sheet ['mosfets5'] :[('Net-(D21-A)', 'Net-(D61-A)'), ('/POWER/Vcoils', '/POWER/Vcoils'), ('Net-(Q22-G)', 'Net-(Q62-G)'), ('/GND2', '/GND2'), ('/uController/GPIO4', '/uController/GPIO12'), ('/uController/GPIO3', '/uController/GPIO11'), ('Net-(Q21-G)', 'Net-(Q61-G)'), ('Net-(D22-A)', 'Net-(D62-A)')]
09-21 22:36:26 com_github_MitjaNemec_ReplicateLayout.replicate_layout 1086:Replicating zones on sheet ['mosfets6']
09-21 22:36:26 com_github_MitjaNemec_ReplicateLayout.replicate_layout 792:Net pairs for sheet ['mosfets6'] :[('Net-(Q21-G)', 'Net-(Q71-G)'), ('Net-(Q22-G)', 'Net-(Q72-G)'), ('/POWER/Vcoils', '/POWER/Vcoils'), ('/GND2', '/GND2'), ('/uController/GPIO3', '/uController/GPIO13'), ('Net-(D22-A)', 'Net-(D72-A)'), ('/uController/GPIO4', '/uController/GPIO14'), ('Net-(D21-A)', 'Net-(D71-A)')]
09-21 22:36:26 com_github_MitjaNemec_ReplicateLayout.replicate_layout 1086:Replicating zones on sheet ['mosfets7']
09-21 22:36:26 com_github_MitjaNemec_ReplicateLayout.replicate_layout 792:Net pairs for sheet ['mosfets7'] :[('Net-(Q22-G)', 'Net-(Q82-G)'), ('/POWER/Vcoils', '/POWER/Vcoils'), ('/GND2', '/GND2'), ('Net-(D21-A)', 'Net-(D81-A)'), ('Net-(Q21-G)', 'Net-(Q81-G)'), ('/uController/GPIO3', '/uController/GPIO15'), ('/uController/GPIO4', '/uController/GPIO16'), ('Net-(D22-A)', 'Net-(D82-A)')]
09-21 22:36:26 root 332:updating GUI message: 'Replicating text'
09-21 22:36:26 com_github_MitjaNemec_ReplicateLayout.replicate_layout 1168:Replicating text
09-21 22:36:26 com_github_MitjaNemec_ReplicateLayout.replicate_layout 1175:Replicating text on sheet ['mosfets']
09-21 22:36:26 com_github_MitjaNemec_ReplicateLayout.replicate_layout 1175:Replicating text on sheet ['mosfets2']
09-21 22:36:26 com_github_MitjaNemec_ReplicateLayout.replicate_layout 1175:Replicating text on sheet ['mosfets3']
09-21 22:36:26 com_github_MitjaNemec_ReplicateLayout.replicate_layout 1175:Replicating text on sheet ['mosfets4']
09-21 22:36:26 root 337:updating GUI with: 57
09-21 22:36:26 com_github_MitjaNemec_ReplicateLayout.replicate_layout 1175:Replicating text on sheet ['mosfets5']
09-21 22:36:26 com_github_MitjaNemec_ReplicateLayout.replicate_layout 1175:Replicating text on sheet ['mosfets6']
09-21 22:36:26 com_github_MitjaNemec_ReplicateLayout.replicate_layout 1175:Replicating text on sheet ['mosfets7']
09-21 22:36:26 root 332:updating GUI message: 'Replicating drawings'
09-21 22:36:26 com_github_MitjaNemec_ReplicateLayout.replicate_layout 1219:Replicating drawings
09-21 22:36:26 com_github_MitjaNemec_ReplicateLayout.replicate_layout 1225:Replicating drawings on sheet ['mosfets']
09-21 22:36:26 com_github_MitjaNemec_ReplicateLayout.replicate_layout 1225:Replicating drawings on sheet ['mosfets2']
09-21 22:36:26 com_github_MitjaNemec_ReplicateLayout.replicate_layout 1225:Replicating drawings on sheet ['mosfets3']
09-21 22:36:26 com_github_MitjaNemec_ReplicateLayout.replicate_layout 1225:Replicating drawings on sheet ['mosfets4']
09-21 22:36:26 com_github_MitjaNemec_ReplicateLayout.replicate_layout 1225:Replicating drawings on sheet ['mosfets5']
09-21 22:36:26 com_github_MitjaNemec_ReplicateLayout.replicate_layout 1225:Replicating drawings on sheet ['mosfets6']
09-21 22:36:26 com_github_MitjaNemec_ReplicateLayout.replicate_layout 1225:Replicating drawings on sheet ['mosfets7']
09-21 22:36:26 com_github_MitjaNemec_ReplicateLayout.action_replicate_layout 256:Replication complete
