11-27 22:38:27 com_github_bouni_kicad-jlcpcb-tools.store 240:Part R1902 is already in the database but value, footprint, bom or pos values changed in the board file, part will be updated, lcsc overwritten/cleared.
11-27 22:38:27 com_github_bouni_kicad-jlcpcb-tools.store 240:Part R1901 is already in the database but value, footprint, bom or pos values changed in the board file, part will be updated, lcsc overwritten/cleared.
11-27 22:38:27 com_github_bouni_kicad-jlcpcb-tools.store 240:Part R1802 is already in the database but value, footprint, bom or pos values changed in the board file, part will be updated, lcsc overwritten/cleared.
11-27 22:38:27 com_github_bouni_kicad-jlcpcb-tools.store 240:Part R1801 is already in the database but value, footprint, bom or pos values changed in the board file, part will be updated, lcsc overwritten/cleared.
11-27 22:38:27 com_github_bouni_kicad-jlcpcb-tools.store 240:Part R1702 is already in the database but value, footprint, bom or pos values changed in the board file, part will be updated, lcsc overwritten/cleared.
11-27 22:38:27 com_github_bouni_kicad-jlcpcb-tools.store 240:Part R1701 is already in the database but value, footprint, bom or pos values changed in the board file, part will be updated, lcsc overwritten/cleared.
11-27 22:38:27 com_github_bouni_kicad-jlcpcb-tools.store 240:Part R1602 is already in the database but value, footprint, bom or pos values changed in the board file, part will be updated, lcsc overwritten/cleared.
11-27 22:38:27 com_github_bouni_kicad-jlcpcb-tools.store 240:Part R1601 is already in the database but value, footprint, bom or pos values changed in the board file, part will be updated, lcsc overwritten/cleared.
11-27 22:38:27 com_github_bouni_kicad-jlcpcb-tools.store 240:Part R1502 is already in the database but value, footprint, bom or pos values changed in the board file, part will be updated, lcsc overwritten/cleared.
11-27 22:38:27 com_github_bouni_kicad-jlcpcb-tools.store 240:Part R1501 is already in the database but value, footprint, bom or pos values changed in the board file, part will be updated, lcsc overwritten/cleared.
11-27 22:38:27 com_github_bouni_kicad-jlcpcb-tools.store 240:Part R1402 is already in the database but value, footprint, bom or pos values changed in the board file, part will be updated, lcsc overwritten/cleared.
11-27 22:38:27 com_github_bouni_kicad-jlcpcb-tools.store 240:Part R1401 is already in the database but value, footprint, bom or pos values changed in the board file, part will be updated, lcsc overwritten/cleared.
11-27 22:38:27 com_github_bouni_kicad-jlcpcb-tools.store 240:Part R1302 is already in the database but value, footprint, bom or pos values changed in the board file, part will be updated, lcsc overwritten/cleared.
11-27 22:38:27 com_github_bouni_kicad-jlcpcb-tools.store 240:Part R1301 is already in the database but value, footprint, bom or pos values changed in the board file, part will be updated, lcsc overwritten/cleared.
11-27 22:38:27 com_github_bouni_kicad-jlcpcb-tools.store 240:Part R1102 is already in the database but value, footprint, bom or pos values changed in the board file, part will be updated, lcsc overwritten/cleared.
11-27 22:38:27 com_github_bouni_kicad-jlcpcb-tools.store 240:Part R1101 is already in the database but value, footprint, bom or pos values changed in the board file, part will be updated, lcsc overwritten/cleared.
11-27 22:38:27 com_github_bouni_kicad-jlcpcb-tools.store 240:Part R1002 is already in the database but value, footprint, bom or pos values changed in the board file, part will be updated, lcsc overwritten/cleared.
11-27 22:38:27 com_github_bouni_kicad-jlcpcb-tools.store 240:Part R1001 is already in the database but value, footprint, bom or pos values changed in the board file, part will be updated, lcsc overwritten/cleared.
11-27 22:38:27 com_github_bouni_kicad-jlcpcb-tools.store 240:Part R902 is already in the database but value, footprint, bom or pos values changed in the board file, part will be updated, lcsc overwritten/cleared.
11-27 22:38:27 com_github_bouni_kicad-jlcpcb-tools.store 240:Part R901 is already in the database but value, footprint, bom or pos values changed in the board file, part will be updated, lcsc overwritten/cleared.
11-27 22:38:27 com_github_bouni_kicad-jlcpcb-tools.store 240:Part R802 is already in the database but value, footprint, bom or pos values changed in the board file, part will be updated, lcsc overwritten/cleared.
11-27 22:38:27 com_github_bouni_kicad-jlcpcb-tools.store 240:Part R801 is already in the database but value, footprint, bom or pos values changed in the board file, part will be updated, lcsc overwritten/cleared.
11-27 22:38:27 com_github_bouni_kicad-jlcpcb-tools.store 240:Part R702 is already in the database but value, footprint, bom or pos values changed in the board file, part will be updated, lcsc overwritten/cleared.
11-27 22:38:27 com_github_bouni_kicad-jlcpcb-tools.store 240:Part R701 is already in the database but value, footprint, bom or pos values changed in the board file, part will be updated, lcsc overwritten/cleared.
11-27 22:38:27 com_github_bouni_kicad-jlcpcb-tools.store 240:Part R602 is already in the database but value, footprint, bom or pos values changed in the board file, part will be updated, lcsc overwritten/cleared.
11-27 22:38:27 com_github_bouni_kicad-jlcpcb-tools.store 240:Part R601 is already in the database but value, footprint, bom or pos values changed in the board file, part will be updated, lcsc overwritten/cleared.
11-27 22:38:27 com_github_bouni_kicad-jlcpcb-tools.store 240:Part R502 is already in the database but value, footprint, bom or pos values changed in the board file, part will be updated, lcsc overwritten/cleared.
11-27 22:38:27 com_github_bouni_kicad-jlcpcb-tools.store 240:Part R501 is already in the database but value, footprint, bom or pos values changed in the board file, part will be updated, lcsc overwritten/cleared.
11-27 22:38:27 com_github_bouni_kicad-jlcpcb-tools.store 240:Part R402 is already in the database but value, footprint, bom or pos values changed in the board file, part will be updated, lcsc overwritten/cleared.
11-27 22:38:27 com_github_bouni_kicad-jlcpcb-tools.store 240:Part R401 is already in the database but value, footprint, bom or pos values changed in the board file, part will be updated, lcsc overwritten/cleared.
11-27 22:38:27 com_github_bouni_kicad-jlcpcb-tools.store 240:Part R202 is already in the database but value, footprint, bom or pos values changed in the board file, part will be updated, lcsc overwritten/cleared.
11-27 22:38:27 com_github_bouni_kicad-jlcpcb-tools.store 240:Part R201 is already in the database but value, footprint, bom or pos values changed in the board file, part will be updated, lcsc overwritten/cleared.
11-27 22:38:27 com_github_bouni_kicad-jlcpcb-tools.store 234:Part C1901 is already in the database and has a lcsc value, the value supplied from the board will overwrite that in the database.
11-27 22:38:27 com_github_bouni_kicad-jlcpcb-tools.store 234:Part C1801 is already in the database and has a lcsc value, the value supplied from the board will overwrite that in the database.
11-27 22:38:27 com_github_bouni_kicad-jlcpcb-tools.store 234:Part C1701 is already in the database and has a lcsc value, the value supplied from the board will overwrite that in the database.
11-27 22:38:27 com_github_bouni_kicad-jlcpcb-tools.store 234:Part C1601 is already in the database and has a lcsc value, the value supplied from the board will overwrite that in the database.
11-27 22:38:27 com_github_bouni_kicad-jlcpcb-tools.store 234:Part C1501 is already in the database and has a lcsc value, the value supplied from the board will overwrite that in the database.
11-27 22:38:27 com_github_bouni_kicad-jlcpcb-tools.store 234:Part C1401 is already in the database and has a lcsc value, the value supplied from the board will overwrite that in the database.
11-27 22:38:27 com_github_bouni_kicad-jlcpcb-tools.store 234:Part C1301 is already in the database and has a lcsc value, the value supplied from the board will overwrite that in the database.
11-27 22:38:27 com_github_bouni_kicad-jlcpcb-tools.store 234:Part C1202 is already in the database and has a lcsc value, the value supplied from the board will overwrite that in the database.
11-27 22:38:27 com_github_bouni_kicad-jlcpcb-tools.store 234:Part C1201 is already in the database and has a lcsc value, the value supplied from the board will overwrite that in the database.
11-27 22:38:27 com_github_bouni_kicad-jlcpcb-tools.store 234:Part C1101 is already in the database and has a lcsc value, the value supplied from the board will overwrite that in the database.
11-27 22:38:27 com_github_bouni_kicad-jlcpcb-tools.store 234:Part C1001 is already in the database and has a lcsc value, the value supplied from the board will overwrite that in the database.
11-27 22:38:27 com_github_bouni_kicad-jlcpcb-tools.store 234:Part C901 is already in the database and has a lcsc value, the value supplied from the board will overwrite that in the database.
11-27 22:38:27 com_github_bouni_kicad-jlcpcb-tools.store 234:Part C801 is already in the database and has a lcsc value, the value supplied from the board will overwrite that in the database.
11-27 22:38:27 com_github_bouni_kicad-jlcpcb-tools.store 234:Part C701 is already in the database and has a lcsc value, the value supplied from the board will overwrite that in the database.
11-27 22:38:27 com_github_bouni_kicad-jlcpcb-tools.store 234:Part C601 is already in the database and has a lcsc value, the value supplied from the board will overwrite that in the database.
11-27 22:38:27 com_github_bouni_kicad-jlcpcb-tools.store 234:Part C501 is already in the database and has a lcsc value, the value supplied from the board will overwrite that in the database.
11-27 22:38:27 com_github_bouni_kicad-jlcpcb-tools.store 234:Part C401 is already in the database and has a lcsc value, the value supplied from the board will overwrite that in the database.
11-27 22:38:27 com_github_bouni_kicad-jlcpcb-tools.store 234:Part C201 is already in the database and has a lcsc value, the value supplied from the board will overwrite that in the database.
11-27 22:38:27 com_github_bouni_kicad-jlcpcb-tools.store 234:Part Q2101 is already in the database and has a lcsc value, the value supplied from the board will overwrite that in the database.
11-27 22:38:27 com_github_bouni_kicad-jlcpcb-tools.store 234:Part R2102 is already in the database and has a lcsc value, the value supplied from the board will overwrite that in the database.
11-27 22:38:27 com_github_bouni_kicad-jlcpcb-tools.store 234:Part J101 is already in the database and has a lcsc value, the value supplied from the board will overwrite that in the database.
11-27 22:38:27 com_github_bouni_kicad-jlcpcb-tools.store 208:Part J103 does not exist in the database and will be created from the board.
11-27 22:38:27 com_github_bouni_kicad-jlcpcb-tools.store 208:Part J104 does not exist in the database and will be created from the board.
11-27 22:38:27 com_github_bouni_kicad-jlcpcb-tools.store 234:Part J102 is already in the database and has a lcsc value, the value supplied from the board will overwrite that in the database.
11-27 22:38:27 com_github_bouni_kicad-jlcpcb-tools.store 234:Part J2102 is already in the database and has a lcsc value, the value supplied from the board will overwrite that in the database.
11-27 22:38:27 com_github_bouni_kicad-jlcpcb-tools.store 234:Part C301 is already in the database and has a lcsc value, the value supplied from the board will overwrite that in the database.
11-27 22:38:27 com_github_bouni_kicad-jlcpcb-tools.store 234:Part R2101 is already in the database and has a lcsc value, the value supplied from the board will overwrite that in the database.
11-27 22:38:27 com_github_bouni_kicad-jlcpcb-tools.store 234:Part U1202 is already in the database and has a lcsc value, the value supplied from the board will overwrite that in the database.
11-27 22:38:27 com_github_bouni_kicad-jlcpcb-tools.store 234:Part U1201 is already in the database and has a lcsc value, the value supplied from the board will overwrite that in the database.
11-27 22:38:27 com_github_bouni_kicad-jlcpcb-tools.store 234:Part U301 is already in the database and has a lcsc value, the value supplied from the board will overwrite that in the database.
11-27 22:38:27 com_github_bouni_kicad-jlcpcb-tools.store 234:Part J2101 is already in the database and has a lcsc value, the value supplied from the board will overwrite that in the database.
11-27 22:38:27 com_github_bouni_kicad-jlcpcb-tools.store 234:Part J106 is already in the database and has a lcsc value, the value supplied from the board will overwrite that in the database.
11-27 22:38:27 com_github_bouni_kicad-jlcpcb-tools.store 234:Part U302 is already in the database and has a lcsc value, the value supplied from the board will overwrite that in the database.
11-27 22:38:27 com_github_bouni_kicad-jlcpcb-tools.store 234:Part U2001 is already in the database and has a lcsc value, the value supplied from the board will overwrite that in the database.
11-27 22:38:27 com_github_bouni_kicad-jlcpcb-tools.store 234:Part U2002 is already in the database and has a lcsc value, the value supplied from the board will overwrite that in the database.
11-27 22:38:27 com_github_bouni_kicad-jlcpcb-tools.store 234:Part J105 is already in the database and has a lcsc value, the value supplied from the board will overwrite that in the database.
11-27 22:38:27 com_github_bouni_kicad-jlcpcb-tools.store 234:Part C302 is already in the database and has a lcsc value, the value supplied from the board will overwrite that in the database.
11-27 22:38:34 com_github_bouni_kicad-jlcpcb-tools.library 192:Create SQLite table for rotations
11-27 22:38:34 com_github_bouni_kicad-jlcpcb-tools.rotations 330:Correction '^R_Array_Convex_' exists already in database with correction value 90. Leaving this one out.
11-27 22:38:34 com_github_bouni_kicad-jlcpcb-tools.rotations 330:Correction '^R_Array_Concave_' exists already in database with correction value 90. Leaving this one out.
11-27 22:38:34 com_github_bouni_kicad-jlcpcb-tools.rotations 330:Correction '^SOT-223' exists already in database with correction value 180. Leaving this one out.
11-27 22:38:34 com_github_bouni_kicad-jlcpcb-tools.rotations 330:Correction '^SOT-23' exists already in database with correction value 180. Leaving this one out.
11-27 22:38:34 com_github_bouni_kicad-jlcpcb-tools.rotations 330:Correction '^SOT-89' exists already in database with correction value 180. Leaving this one out.
11-27 22:38:34 com_github_bouni_kicad-jlcpcb-tools.rotations 330:Correction '^TSOT-23' exists already in database with correction value 180. Leaving this one out.
11-27 22:38:34 com_github_bouni_kicad-jlcpcb-tools.rotations 330:Correction '^SOT-353' exists already in database with correction value 180. Leaving this one out.
11-27 22:38:34 com_github_bouni_kicad-jlcpcb-tools.rotations 330:Correction '^SOT-363' exists already in database with correction value 180. Leaving this one out.
11-27 22:38:34 com_github_bouni_kicad-jlcpcb-tools.rotations 330:Correction '^QFN-' exists already in database with correction value 270. Leaving this one out.
11-27 22:38:34 com_github_bouni_kicad-jlcpcb-tools.rotations 330:Correction '^LQFP-' exists already in database with correction value 270. Leaving this one out.
11-27 22:38:34 com_github_bouni_kicad-jlcpcb-tools.rotations 330:Correction '^TQFP-' exists already in database with correction value 270. Leaving this one out.
11-27 22:38:34 com_github_bouni_kicad-jlcpcb-tools.rotations 330:Correction '^SOP-4_' exists already in database with correction value 0. Leaving this one out.
11-27 22:38:34 com_github_bouni_kicad-jlcpcb-tools.rotations 330:Correction '^SOP-(?!18_)' exists already in database with correction value 270. Leaving this one out.
11-27 22:38:34 com_github_bouni_kicad-jlcpcb-tools.rotations 330:Correction '^TSSOP-' exists already in database with correction value 270. Leaving this one out.
11-27 22:38:34 com_github_bouni_kicad-jlcpcb-tools.rotations 330:Correction '^SSOP-' exists already in database with correction value 270. Leaving this one out.
11-27 22:38:34 com_github_bouni_kicad-jlcpcb-tools.rotations 330:Correction '^DFN-' exists already in database with correction value 270. Leaving this one out.
11-27 22:38:34 com_github_bouni_kicad-jlcpcb-tools.rotations 330:Correction '^SOIC-' exists already in database with correction value 270. Leaving this one out.
11-27 22:38:34 com_github_bouni_kicad-jlcpcb-tools.rotations 330:Correction '^SOP-18_' exists already in database with correction value 0. Leaving this one out.
11-27 22:38:34 com_github_bouni_kicad-jlcpcb-tools.rotations 330:Correction '^VSSOP-8_3.0x3.0mm_P0.65mm' exists already in database with correction value 270. Leaving this one out.
11-27 22:38:34 com_github_bouni_kicad-jlcpcb-tools.rotations 330:Correction '^VSSOP-8_' exists already in database with correction value 180. Leaving this one out.
11-27 22:38:34 com_github_bouni_kicad-jlcpcb-tools.rotations 330:Correction '^VSSOP-10_' exists already in database with correction value 270. Leaving this one out.
11-27 22:38:34 com_github_bouni_kicad-jlcpcb-tools.rotations 330:Correction '^VSON-8_' exists already in database with correction value 270. Leaving this one out.
11-27 22:38:34 com_github_bouni_kicad-jlcpcb-tools.rotations 330:Correction '^TSOP-6' exists already in database with correction value 270. Leaving this one out.
11-27 22:38:34 com_github_bouni_kicad-jlcpcb-tools.rotations 330:Correction '^UDFN-10' exists already in database with correction value 270. Leaving this one out.
11-27 22:38:34 com_github_bouni_kicad-jlcpcb-tools.rotations 330:Correction '^USON-10' exists already in database with correction value 270. Leaving this one out.
11-27 22:38:34 com_github_bouni_kicad-jlcpcb-tools.rotations 330:Correction '^TDSON-8-1' exists already in database with correction value 270. Leaving this one out.
11-27 22:38:34 com_github_bouni_kicad-jlcpcb-tools.rotations 330:Correction '^CP_EIA-' exists already in database with correction value 180. Leaving this one out.
11-27 22:38:34 com_github_bouni_kicad-jlcpcb-tools.rotations 330:Correction '^CP_Elec_8x5.4' exists already in database with correction value 180. Leaving this one out.
11-27 22:38:34 com_github_bouni_kicad-jlcpcb-tools.rotations 330:Correction '^CP_Elec_8x10.5' exists already in database with correction value 180. Leaving this one out.
11-27 22:38:34 com_github_bouni_kicad-jlcpcb-tools.rotations 330:Correction '^CP_Elec_6.3x7.7' exists already in database with correction value 180. Leaving this one out.
11-27 22:38:34 com_github_bouni_kicad-jlcpcb-tools.rotations 330:Correction '^CP_Elec_8x6.7' exists already in database with correction value 180. Leaving this one out.
11-27 22:38:34 com_github_bouni_kicad-jlcpcb-tools.rotations 330:Correction '^CP_Elec_8x10' exists already in database with correction value 180. Leaving this one out.
11-27 22:38:34 com_github_bouni_kicad-jlcpcb-tools.rotations 330:Correction '^CP_Elec_10x10' exists already in database with correction value 180. Leaving this one out.
11-27 22:38:34 com_github_bouni_kicad-jlcpcb-tools.rotations 330:Correction '^(.*?_|V)?QFN-(16|20|24|28|40)(-|_|$)' exists already in database with correction value 270. Leaving this one out.
11-27 22:38:34 com_github_bouni_kicad-jlcpcb-tools.rotations 330:Correction '^Bosch_LGA-8_2x2.5mm_P0.65mm_ClockwisePinNumbering' exists already in database with correction value 90. Leaving this one out.
11-27 22:38:34 com_github_bouni_kicad-jlcpcb-tools.rotations 330:Correction '^PowerPAK_SO-8_Single' exists already in database with correction value 270. Leaving this one out.
11-27 22:38:34 com_github_bouni_kicad-jlcpcb-tools.rotations 330:Correction '^HTSSOP-28-1EP_4.4x9.7mm*' exists already in database with correction value 270. Leaving this one out.
11-27 22:38:34 com_github_bouni_kicad-jlcpcb-tools.rotations 330:Correction '^PUIAudio_SMT_0825_S_4_R*' exists already in database with correction value 270. Leaving this one out.
11-27 22:38:34 com_github_bouni_kicad-jlcpcb-tools.rotations 330:Correction '^USB_C_Receptacle_HRO_TYPE-C-31-M-12*' exists already in database with correction value 180. Leaving this one out.
11-27 22:38:34 com_github_bouni_kicad-jlcpcb-tools.rotations 330:Correction '^ESP32-W' exists already in database with correction value 270. Leaving this one out.
11-27 22:38:34 com_github_bouni_kicad-jlcpcb-tools.rotations 330:Correction '^SOIC127P798X216-8N' exists already in database with correction value -90. Leaving this one out.
11-27 22:38:34 com_github_bouni_kicad-jlcpcb-tools.rotations 330:Correction '^SW_DIP_SPSTx01_Slide_Copal_CHS-01B_W7.62mm_P1.27mm' exists already in database with correction value -180. Leaving this one out.
11-27 22:38:34 com_github_bouni_kicad-jlcpcb-tools.rotations 330:Correction '^BatteryHolder_Keystone_1060_1x2032' exists already in database with correction value -180. Leaving this one out.
11-27 22:38:34 com_github_bouni_kicad-jlcpcb-tools.rotations 330:Correction '^SO-14' exists already in database with correction value -90. Leaving this one out.
11-27 22:38:34 com_github_bouni_kicad-jlcpcb-tools.rotations 330:Correction '^HTSSOP-' exists already in database with correction value 270. Leaving this one out.
11-27 22:38:34 com_github_bouni_kicad-jlcpcb-tools.rotations 330:Correction '^USB_C_Receptacle_XKB_U262-16XN-4BVC11' exists already in database with correction value 0. Leaving this one out.
11-27 22:38:34 com_github_bouni_kicad-jlcpcb-tools.rotations 330:Correction '^Relay_DPDT_Omron_G6K-2F-Y' exists already in database with correction value 270. Leaving this one out.
11-27 22:38:34 com_github_bouni_kicad-jlcpcb-tools.rotations 330:Correction '^RP2040-QFN-56' exists already in database with correction value 270. Leaving this one out.
11-27 22:38:34 com_github_bouni_kicad-jlcpcb-tools.rotations 330:Correction '^TO-277' exists already in database with correction value 90. Leaving this one out.
11-27 22:38:34 com_github_bouni_kicad-jlcpcb-tools.rotations 330:Correction '^SW_SPST_B3' exists already in database with correction value 90. Leaving this one out.
11-27 22:38:34 com_github_bouni_kicad-jlcpcb-tools.rotations 330:Correction '^Transformer_Ethernet_Pulse_HX0068ANL' exists already in database with correction value 270. Leaving this one out.
11-27 22:38:34 com_github_bouni_kicad-jlcpcb-tools.rotations 330:Correction '^JST_GH_SM' exists already in database with correction value 180. Leaving this one out.
11-27 22:38:34 com_github_bouni_kicad-jlcpcb-tools.rotations 330:Correction '^JST_PH_S' exists already in database with correction value 180. Leaving this one out.
11-27 22:38:34 com_github_bouni_kicad-jlcpcb-tools.rotations 330:Correction '^Diodes_PowerDI3333-8' exists already in database with correction value 270. Leaving this one out.
11-27 22:38:34 com_github_bouni_kicad-jlcpcb-tools.rotations 330:Correction '^Quectel_L80-R' exists already in database with correction value 270. Leaving this one out.
11-27 22:38:34 com_github_bouni_kicad-jlcpcb-tools.rotations 330:Correction '^SC-74-6' exists already in database with correction value 180. Leaving this one out.
11-27 22:38:34 com_github_bouni_kicad-jlcpcb-tools.rotations 330:Correction '^SOT-143' exists already in database with correction value 180. Leaving this one out.
11-27 22:38:34 com_github_bouni_kicad-jlcpcb-tools.rotations 330:Correction '^PinHeader_2x05_P1\.27mm_Vertical' exists already in database with correction value 90. Leaving this one out.
11-27 22:38:34 com_github_bouni_kicad-jlcpcb-tools.rotations 330:Correction '^LED_WS2812B-2020_PLCC4_2.0x2.0mm' exists already in database with correction value 90. Leaving this one out.
11-27 22:42:46 com_github_bouni_kicad-jlcpcb-tools.store 234:Part R1902 is already in the database and has a lcsc value, the value supplied from the board will overwrite that in the database.
11-27 22:42:46 com_github_bouni_kicad-jlcpcb-tools.store 234:Part R1901 is already in the database and has a lcsc value, the value supplied from the board will overwrite that in the database.
11-27 22:42:46 com_github_bouni_kicad-jlcpcb-tools.store 234:Part R1802 is already in the database and has a lcsc value, the value supplied from the board will overwrite that in the database.
11-27 22:42:46 com_github_bouni_kicad-jlcpcb-tools.store 234:Part R1801 is already in the database and has a lcsc value, the value supplied from the board will overwrite that in the database.
11-27 22:42:46 com_github_bouni_kicad-jlcpcb-tools.store 234:Part R1702 is already in the database and has a lcsc value, the value supplied from the board will overwrite that in the database.
11-27 22:42:46 com_github_bouni_kicad-jlcpcb-tools.store 234:Part R1701 is already in the database and has a lcsc value, the value supplied from the board will overwrite that in the database.
11-27 22:42:46 com_github_bouni_kicad-jlcpcb-tools.store 234:Part R1602 is already in the database and has a lcsc value, the value supplied from the board will overwrite that in the database.
11-27 22:42:46 com_github_bouni_kicad-jlcpcb-tools.store 234:Part R1601 is already in the database and has a lcsc value, the value supplied from the board will overwrite that in the database.
11-27 22:42:46 com_github_bouni_kicad-jlcpcb-tools.store 234:Part R1502 is already in the database and has a lcsc value, the value supplied from the board will overwrite that in the database.
11-27 22:42:46 com_github_bouni_kicad-jlcpcb-tools.store 234:Part R1501 is already in the database and has a lcsc value, the value supplied from the board will overwrite that in the database.
11-27 22:42:46 com_github_bouni_kicad-jlcpcb-tools.store 234:Part R1402 is already in the database and has a lcsc value, the value supplied from the board will overwrite that in the database.
11-27 22:42:46 com_github_bouni_kicad-jlcpcb-tools.store 234:Part R1401 is already in the database and has a lcsc value, the value supplied from the board will overwrite that in the database.
11-27 22:42:46 com_github_bouni_kicad-jlcpcb-tools.store 234:Part R1302 is already in the database and has a lcsc value, the value supplied from the board will overwrite that in the database.
11-27 22:42:46 com_github_bouni_kicad-jlcpcb-tools.store 234:Part R1301 is already in the database and has a lcsc value, the value supplied from the board will overwrite that in the database.
11-27 22:42:46 com_github_bouni_kicad-jlcpcb-tools.store 234:Part R1102 is already in the database and has a lcsc value, the value supplied from the board will overwrite that in the database.
11-27 22:42:46 com_github_bouni_kicad-jlcpcb-tools.store 234:Part R1101 is already in the database and has a lcsc value, the value supplied from the board will overwrite that in the database.
11-27 22:42:46 com_github_bouni_kicad-jlcpcb-tools.store 234:Part R1002 is already in the database and has a lcsc value, the value supplied from the board will overwrite that in the database.
11-27 22:42:46 com_github_bouni_kicad-jlcpcb-tools.store 234:Part R1001 is already in the database and has a lcsc value, the value supplied from the board will overwrite that in the database.
11-27 22:42:46 com_github_bouni_kicad-jlcpcb-tools.store 234:Part R902 is already in the database and has a lcsc value, the value supplied from the board will overwrite that in the database.
11-27 22:42:46 com_github_bouni_kicad-jlcpcb-tools.store 234:Part R901 is already in the database and has a lcsc value, the value supplied from the board will overwrite that in the database.
11-27 22:42:46 com_github_bouni_kicad-jlcpcb-tools.store 234:Part R802 is already in the database and has a lcsc value, the value supplied from the board will overwrite that in the database.
11-27 22:42:46 com_github_bouni_kicad-jlcpcb-tools.store 234:Part R801 is already in the database and has a lcsc value, the value supplied from the board will overwrite that in the database.
11-27 22:42:46 com_github_bouni_kicad-jlcpcb-tools.store 234:Part R702 is already in the database and has a lcsc value, the value supplied from the board will overwrite that in the database.
11-27 22:42:46 com_github_bouni_kicad-jlcpcb-tools.store 234:Part R701 is already in the database and has a lcsc value, the value supplied from the board will overwrite that in the database.
11-27 22:42:46 com_github_bouni_kicad-jlcpcb-tools.store 234:Part R602 is already in the database and has a lcsc value, the value supplied from the board will overwrite that in the database.
11-27 22:42:46 com_github_bouni_kicad-jlcpcb-tools.store 234:Part R601 is already in the database and has a lcsc value, the value supplied from the board will overwrite that in the database.
11-27 22:42:46 com_github_bouni_kicad-jlcpcb-tools.store 234:Part R502 is already in the database and has a lcsc value, the value supplied from the board will overwrite that in the database.
11-27 22:42:46 com_github_bouni_kicad-jlcpcb-tools.store 234:Part R501 is already in the database and has a lcsc value, the value supplied from the board will overwrite that in the database.
11-27 22:42:46 com_github_bouni_kicad-jlcpcb-tools.store 234:Part R402 is already in the database and has a lcsc value, the value supplied from the board will overwrite that in the database.
11-27 22:42:46 com_github_bouni_kicad-jlcpcb-tools.store 234:Part R401 is already in the database and has a lcsc value, the value supplied from the board will overwrite that in the database.
11-27 22:42:46 com_github_bouni_kicad-jlcpcb-tools.store 234:Part R202 is already in the database and has a lcsc value, the value supplied from the board will overwrite that in the database.
11-27 22:42:46 com_github_bouni_kicad-jlcpcb-tools.store 234:Part R201 is already in the database and has a lcsc value, the value supplied from the board will overwrite that in the database.
11-27 22:42:46 com_github_bouni_kicad-jlcpcb-tools.store 234:Part C1901 is already in the database and has a lcsc value, the value supplied from the board will overwrite that in the database.
11-27 22:42:46 com_github_bouni_kicad-jlcpcb-tools.store 234:Part C1801 is already in the database and has a lcsc value, the value supplied from the board will overwrite that in the database.
11-27 22:42:46 com_github_bouni_kicad-jlcpcb-tools.store 234:Part C1701 is already in the database and has a lcsc value, the value supplied from the board will overwrite that in the database.
11-27 22:42:46 com_github_bouni_kicad-jlcpcb-tools.store 234:Part C1601 is already in the database and has a lcsc value, the value supplied from the board will overwrite that in the database.
11-27 22:42:46 com_github_bouni_kicad-jlcpcb-tools.store 234:Part C1501 is already in the database and has a lcsc value, the value supplied from the board will overwrite that in the database.
11-27 22:42:46 com_github_bouni_kicad-jlcpcb-tools.store 234:Part C1401 is already in the database and has a lcsc value, the value supplied from the board will overwrite that in the database.
11-27 22:42:46 com_github_bouni_kicad-jlcpcb-tools.store 234:Part C1301 is already in the database and has a lcsc value, the value supplied from the board will overwrite that in the database.
11-27 22:42:46 com_github_bouni_kicad-jlcpcb-tools.store 234:Part C1202 is already in the database and has a lcsc value, the value supplied from the board will overwrite that in the database.
11-27 22:42:46 com_github_bouni_kicad-jlcpcb-tools.store 234:Part C1201 is already in the database and has a lcsc value, the value supplied from the board will overwrite that in the database.
11-27 22:42:46 com_github_bouni_kicad-jlcpcb-tools.store 234:Part C1101 is already in the database and has a lcsc value, the value supplied from the board will overwrite that in the database.
11-27 22:42:46 com_github_bouni_kicad-jlcpcb-tools.store 234:Part C1001 is already in the database and has a lcsc value, the value supplied from the board will overwrite that in the database.
11-27 22:42:46 com_github_bouni_kicad-jlcpcb-tools.store 234:Part C901 is already in the database and has a lcsc value, the value supplied from the board will overwrite that in the database.
11-27 22:42:46 com_github_bouni_kicad-jlcpcb-tools.store 234:Part C801 is already in the database and has a lcsc value, the value supplied from the board will overwrite that in the database.
11-27 22:42:46 com_github_bouni_kicad-jlcpcb-tools.store 234:Part C701 is already in the database and has a lcsc value, the value supplied from the board will overwrite that in the database.
11-27 22:42:46 com_github_bouni_kicad-jlcpcb-tools.store 234:Part C601 is already in the database and has a lcsc value, the value supplied from the board will overwrite that in the database.
11-27 22:42:46 com_github_bouni_kicad-jlcpcb-tools.store 234:Part C501 is already in the database and has a lcsc value, the value supplied from the board will overwrite that in the database.
11-27 22:42:46 com_github_bouni_kicad-jlcpcb-tools.store 234:Part C401 is already in the database and has a lcsc value, the value supplied from the board will overwrite that in the database.
11-27 22:42:46 com_github_bouni_kicad-jlcpcb-tools.store 234:Part C201 is already in the database and has a lcsc value, the value supplied from the board will overwrite that in the database.
11-27 22:42:46 com_github_bouni_kicad-jlcpcb-tools.store 234:Part Q2101 is already in the database and has a lcsc value, the value supplied from the board will overwrite that in the database.
11-27 22:42:46 com_github_bouni_kicad-jlcpcb-tools.store 234:Part R2102 is already in the database and has a lcsc value, the value supplied from the board will overwrite that in the database.
11-27 22:42:46 com_github_bouni_kicad-jlcpcb-tools.store 234:Part J101 is already in the database and has a lcsc value, the value supplied from the board will overwrite that in the database.
11-27 22:42:46 com_github_bouni_kicad-jlcpcb-tools.store 234:Part J103 is already in the database and has a lcsc value, the value supplied from the board will overwrite that in the database.
11-27 22:42:46 com_github_bouni_kicad-jlcpcb-tools.store 234:Part J104 is already in the database and has a lcsc value, the value supplied from the board will overwrite that in the database.
11-27 22:42:46 com_github_bouni_kicad-jlcpcb-tools.store 234:Part J102 is already in the database and has a lcsc value, the value supplied from the board will overwrite that in the database.
11-27 22:42:46 com_github_bouni_kicad-jlcpcb-tools.store 234:Part J2102 is already in the database and has a lcsc value, the value supplied from the board will overwrite that in the database.
11-27 22:42:46 com_github_bouni_kicad-jlcpcb-tools.store 234:Part C301 is already in the database and has a lcsc value, the value supplied from the board will overwrite that in the database.
11-27 22:42:46 com_github_bouni_kicad-jlcpcb-tools.store 234:Part R2101 is already in the database and has a lcsc value, the value supplied from the board will overwrite that in the database.
11-27 22:42:46 com_github_bouni_kicad-jlcpcb-tools.store 234:Part U1202 is already in the database and has a lcsc value, the value supplied from the board will overwrite that in the database.
11-27 22:42:46 com_github_bouni_kicad-jlcpcb-tools.store 234:Part U1201 is already in the database and has a lcsc value, the value supplied from the board will overwrite that in the database.
11-27 22:42:46 com_github_bouni_kicad-jlcpcb-tools.store 234:Part U301 is already in the database and has a lcsc value, the value supplied from the board will overwrite that in the database.
11-27 22:42:46 com_github_bouni_kicad-jlcpcb-tools.store 234:Part J2101 is already in the database and has a lcsc value, the value supplied from the board will overwrite that in the database.
11-27 22:42:46 com_github_bouni_kicad-jlcpcb-tools.store 234:Part J106 is already in the database and has a lcsc value, the value supplied from the board will overwrite that in the database.
11-27 22:42:46 com_github_bouni_kicad-jlcpcb-tools.store 234:Part U302 is already in the database and has a lcsc value, the value supplied from the board will overwrite that in the database.
11-27 22:42:46 com_github_bouni_kicad-jlcpcb-tools.store 234:Part U2001 is already in the database and has a lcsc value, the value supplied from the board will overwrite that in the database.
11-27 22:42:46 com_github_bouni_kicad-jlcpcb-tools.store 234:Part U2002 is already in the database and has a lcsc value, the value supplied from the board will overwrite that in the database.
11-27 22:42:46 com_github_bouni_kicad-jlcpcb-tools.store 234:Part J105 is already in the database and has a lcsc value, the value supplied from the board will overwrite that in the database.
11-27 22:42:46 com_github_bouni_kicad-jlcpcb-tools.store 234:Part C302 is already in the database and has a lcsc value, the value supplied from the board will overwrite that in the database.
11-27 22:42:48 com_github_bouni_kicad-jlcpcb-tools.fabrication 208:Successfully plotted Top layer
11-27 22:42:48 com_github_bouni_kicad-jlcpcb-tools.fabrication 208:Successfully plotted Silk top
11-27 22:42:48 com_github_bouni_kicad-jlcpcb-tools.fabrication 208:Successfully plotted Mask top
11-27 22:42:48 com_github_bouni_kicad-jlcpcb-tools.fabrication 208:Successfully plotted Paste top
11-27 22:42:48 com_github_bouni_kicad-jlcpcb-tools.fabrication 208:Successfully plotted Bottom layer
11-27 22:42:48 com_github_bouni_kicad-jlcpcb-tools.fabrication 208:Successfully plotted Silk top
11-27 22:42:48 com_github_bouni_kicad-jlcpcb-tools.fabrication 208:Successfully plotted Mask bottom
11-27 22:42:48 com_github_bouni_kicad-jlcpcb-tools.fabrication 208:Successfully plotted Paste bottom
11-27 22:42:48 com_github_bouni_kicad-jlcpcb-tools.fabrication 208:Successfully plotted Edges
11-27 22:42:48 com_github_bouni_kicad-jlcpcb-tools.fabrication 208:Successfully plotted V score cut
11-27 22:42:48 com_github_bouni_kicad-jlcpcb-tools.fabrication 223:Finished generating Excellon files
11-27 22:42:49 com_github_bouni_kicad-jlcpcb-tools.fabrication 240:Finished generating ZIP file
11-27 22:42:49 com_github_bouni_kicad-jlcpcb-tools.fabrication 85:Fixed rotation of Q2101 (BC847 / SOT-23) on Top Layer by 180 degrees
11-27 22:42:49 com_github_bouni_kicad-jlcpcb-tools.fabrication 85:Fixed rotation of U301 (~ / SOIC-16_3.9x9.9mm_P1.27mm) on Top Layer by 270 degrees
11-27 22:42:49 com_github_bouni_kicad-jlcpcb-tools.fabrication 85:Fixed rotation of U302 (~ / SOIC-16_3.9x9.9mm_P1.27mm) on Top Layer by 270 degrees
11-27 22:42:49 com_github_bouni_kicad-jlcpcb-tools.fabrication 85:Fixed rotation of U1201 (~ / SOIC-16_3.9x9.9mm_P1.27mm) on Top Layer by 270 degrees
11-27 22:42:49 com_github_bouni_kicad-jlcpcb-tools.fabrication 85:Fixed rotation of U1202 (~ / SOIC-16_3.9x9.9mm_P1.27mm) on Top Layer by 270 degrees
11-27 22:42:49 com_github_bouni_kicad-jlcpcb-tools.fabrication 85:Fixed rotation of U2001 (4014 / SOIC-16_3.9x9.9mm_P1.27mm) on Top Layer by 270 degrees
11-27 22:42:49 com_github_bouni_kicad-jlcpcb-tools.fabrication 85:Fixed rotation of U2002 (4014 / SOIC-16_3.9x9.9mm_P1.27mm) on Top Layer by 270 degrees
11-27 22:42:49 com_github_bouni_kicad-jlcpcb-tools.fabrication 270:Finished generating CPL file
11-27 22:42:49 com_github_bouni_kicad-jlcpcb-tools.fabrication 282:Finished generating BOM file
