10-08 23:30:35 com_github_MitjaNemec_PlaceFootprints.action_place_footprints 647:Plugin executed on: 'win32'
10-08 23:30:35 com_github_MitjaNemec_PlaceFootprints.action_place_footprints 648:Plugin executed with python version: '3.11.5 (main, Apr  9 2024, 02:53:56) [MSC v.1936 64 bit (AMD64)]'
10-08 23:30:35 com_github_MitjaNemec_PlaceFootprints.action_place_footprints 649:KiCad build version: 8.0.2
10-08 23:30:35 com_github_MitjaNemec_PlaceFootprints.action_place_footprints 650:Plugin version: 3.0.0
10-08 23:30:35 com_github_MitjaNemec_PlaceFootprints.action_place_footprints 651:Frame repr: <wx._core.Frame object at 0x000001E9CFFA0550>
10-08 23:30:35 com_github_MitjaNemec_PlaceFootprints.place_footprints 121:getting a list of all footprints on board
10-08 23:30:35 com_github_MitjaNemec_PlaceFootprints.place_footprints 156:Footprint H104 on root level
10-08 23:30:35 com_github_MitjaNemec_PlaceFootprints.place_footprints 156:Footprint H103 on root level
10-08 23:30:35 com_github_MitjaNemec_PlaceFootprints.place_footprints 156:Footprint H102 on root level
10-08 23:30:35 com_github_MitjaNemec_PlaceFootprints.place_footprints 156:Footprint H101 on root level
10-08 23:30:35 com_github_MitjaNemec_PlaceFootprints.place_footprints 156:Footprint Je101 on root level
10-08 23:30:35 com_github_MitjaNemec_PlaceFootprints.place_footprints 156:Footprint J102 on root level
10-08 23:30:35 com_github_MitjaNemec_PlaceFootprints.place_footprints 156:Footprint J101 on root level
10-08 23:30:35 com_github_MitjaNemec_PlaceFootprints.place_footprints 156:Footprint G*** on root level
10-08 23:30:37 com_github_MitjaNemec_PlaceFootprints.action_place_footprints 86:By Sheet GUI initialized
10-08 23:30:37 com_github_MitjaNemec_PlaceFootprints.action_place_footprints 95:Selecting: 1
10-08 23:30:37 com_github_MitjaNemec_PlaceFootprints.action_place_footprints 99:Should invoke level_changed()
10-08 23:30:37 com_github_MitjaNemec_PlaceFootprints.action_place_footprints 277:Level_changed() invoked
10-08 23:30:37 com_github_MitjaNemec_PlaceFootprints.place_footprints 244:constructing a list of sheets suitable for replication on level:'relay1', file:'relay.kicad_sch'
10-08 23:30:37 com_github_MitjaNemec_PlaceFootprints.place_footprints 279:suitable sheets are:[['relay2'], ['relay3'], ['relay4'], ['relay5'], ['relay6'], ['relay7'], ['relay8']]
10-08 23:30:43 com_github_MitjaNemec_PlaceFootprints.action_place_footprints 184:Saving config sheet
10-08 23:30:43 com_github_MitjaNemec_PlaceFootprints.action_place_footprints 196:Preparing config for sheet linear
10-08 23:30:43 com_github_MitjaNemec_PlaceFootprints.action_place_footprints 216:Saving config file
10-08 23:30:43 com_github_MitjaNemec_PlaceFootprints.action_place_footprints 218:Saved the config file
10-08 23:30:43 com_github_MitjaNemec_PlaceFootprints.action_place_footprints 718:Sheets selected: [['relay2'], ['relay3'], ['relay4'], ['relay5'], ['relay6'], ['relay7'], ['relay8']]
10-08 23:30:43 com_github_MitjaNemec_PlaceFootprints.action_place_footprints 727:Footprints to place: ['K201', 'K301', 'K401', 'K501', 'K801', 'K901', 'K1001', 'K1101']
10-08 23:30:43 com_github_MitjaNemec_PlaceFootprints.place_footprints 367:Starting placing with linear layout
10-08 23:30:43 com_github_MitjaNemec_PlaceFootprints.action_place_footprints 772:Placing complete
10-08 23:30:43 com_github_MitjaNemec_PlaceFootprints.action_place_footprints 773:Sorted_footprints: ['K201', 'K301', 'K401', 'K501', 'K801', 'K901', 'K1001', 'K1101']
