10-08 23:30:56 com_github_MitjaNemec_ReplicateLayout.action_replicate_layout 392:Plugin executed on: 'win32'
10-08 23:30:56 com_github_MitjaNemec_ReplicateLayout.action_replicate_layout 393:Plugin executed with python version: '3.11.5 (main, Apr  9 2024, 02:53:56) [MSC v.1936 64 bit (AMD64)]'
10-08 23:30:56 com_github_MitjaNemec_ReplicateLayout.action_replicate_layout 394:KiCad build version: 8.0.2
10-08 23:30:56 com_github_MitjaNemec_ReplicateLayout.action_replicate_layout 395:Plugin version: 3.0.3
10-08 23:30:56 com_github_MitjaNemec_ReplicateLayout.action_replicate_layout 396:Frame repr: <wx._core.Frame object at 0x000001E9CFFA0550>
10-08 23:30:56 com_github_MitjaNemec_ReplicateLayout.action_replicate_layout 420:Preparing replicator with K201 as a reference
10-08 23:30:56 com_github_MitjaNemec_ReplicateLayout.replicate_layout 117:getting a list of all footprints on board
10-08 23:30:56 com_github_MitjaNemec_ReplicateLayout.action_replicate_layout 468:source anchor footprint is 'K201'
Located on: ['relay1']
With filenames: ['relay.kicad_sch']
With sheet_id:['relay1']
10-08 23:30:56 com_github_MitjaNemec_ReplicateLayout.action_replicate_layout 475:Corresponding footprints are 
[('K501', ['relay4']), ('K401', ['relay3']), ('K301', ['relay2']), ('K201', ['relay1']), ('K1101', ['relay8']), ('K1001', ['relay7']), ('K901', ['relay6']), ('K801', ['relay5'])]
10-08 23:30:56 com_github_MitjaNemec_ReplicateLayout.action_replicate_layout 487:Showing dialog
10-08 23:30:56 com_github_MitjaNemec_ReplicateLayout.replicate_layout 472:constructing a list of sheets suitable for replication on level:'relay1', file:'relay.kicad_sch'
10-08 23:30:56 com_github_MitjaNemec_ReplicateLayout.replicate_layout 509:suitable sheets are:[['relay2'], ['relay3'], ['relay4'], ['relay5'], ['relay6'], ['relay7'], ['relay8']]
10-08 23:30:57 com_github_MitjaNemec_ReplicateLayout.replicate_layout 1507:Level selected: ['relay1']
10-08 23:30:57 com_github_MitjaNemec_ReplicateLayout.replicate_layout 1331:Filtering list of tracks
10-08 23:30:57 com_github_MitjaNemec_ReplicateLayout.action_replicate_layout 493:Toolbar position: wx.Point(1646, 77)
10-08 23:30:57 com_github_MitjaNemec_ReplicateLayout.action_replicate_layout 498:Dialog position: wx.Point(1207, 77)
10-08 23:31:01 com_github_MitjaNemec_ReplicateLayout.replicate_layout 472:constructing a list of sheets suitable for replication on level:'relay1', file:'relay.kicad_sch'
10-08 23:31:01 com_github_MitjaNemec_ReplicateLayout.replicate_layout 509:suitable sheets are:[['relay2'], ['relay3'], ['relay4'], ['relay5'], ['relay6'], ['relay7'], ['relay8']]
10-08 23:31:01 com_github_MitjaNemec_ReplicateLayout.action_replicate_layout 240:Replicating layout
10-08 23:31:01 com_github_MitjaNemec_ReplicateLayout.replicate_layout 288:Starting replication of sheets: [['relay2'], ['relay3'], ['relay4'], ['relay5'], ['relay6'], ['relay7'], ['relay8']]
on level: ['relay1']
with tracks=True, zone=True, text=True, text=True, intersecting=False, remove=False, locked footprints=False, group_only=False
10-08 23:31:01 root 332:updating GUI message: 'Preparing for replication'
10-08 23:31:01 root 337:updating GUI with: 0
10-08 23:31:01 com_github_MitjaNemec_ReplicateLayout.replicate_layout 358:Getting the list of source footprints
10-08 23:31:01 com_github_MitjaNemec_ReplicateLayout.replicate_layout 368:Getting the list of all the remaining footprints
10-08 23:31:01 com_github_MitjaNemec_ReplicateLayout.replicate_layout 375:Getting source tracks
10-08 23:31:01 com_github_MitjaNemec_ReplicateLayout.replicate_layout 1331:Filtering list of tracks
10-08 23:31:01 com_github_MitjaNemec_ReplicateLayout.replicate_layout 379:Getting source zones
10-08 23:31:01 com_github_MitjaNemec_ReplicateLayout.replicate_layout 383:Getting source text items
10-08 23:31:01 com_github_MitjaNemec_ReplicateLayout.replicate_layout 387:Getting source drawing items
10-08 23:31:01 root 332:updating GUI message: 'Replicating footprints'
10-08 23:31:01 com_github_MitjaNemec_ReplicateLayout.replicate_layout 861:Replicating footprints
10-08 23:31:01 com_github_MitjaNemec_ReplicateLayout.replicate_layout 868:Replicating footprints on sheet ['relay2']
10-08 23:31:01 com_github_MitjaNemec_ReplicateLayout.replicate_layout 985:Src text UUid:19044899-0c6c-4add-9d17-d02c84bd0258
10-08 23:31:01 com_github_MitjaNemec_ReplicateLayout.replicate_layout 986:Dst text UUid:2b5848f1-800a-417d-a712-70018af351a9
10-08 23:31:01 com_github_MitjaNemec_ReplicateLayout.replicate_layout 985:Src text UUid:5acd5c04-887c-4353-9912-16adddfa8b3f
10-08 23:31:01 com_github_MitjaNemec_ReplicateLayout.replicate_layout 986:Dst text UUid:a7578237-e8e0-4afc-b8a1-31d78fe82ecc
10-08 23:31:01 com_github_MitjaNemec_ReplicateLayout.replicate_layout 985:Src text UUid:bdc39d50-6115-4469-9f1b-b841b260e443
10-08 23:31:01 com_github_MitjaNemec_ReplicateLayout.replicate_layout 986:Dst text UUid:31bda446-da3b-4af2-a628-2547489e2480
10-08 23:31:01 com_github_MitjaNemec_ReplicateLayout.replicate_layout 985:Src text UUid:3bc901f0-0de7-4eee-bf5b-bb432ec183b2
10-08 23:31:01 com_github_MitjaNemec_ReplicateLayout.replicate_layout 986:Dst text UUid:874ea410-aa98-4d46-84cc-1f94e91c8e3f
10-08 23:31:01 com_github_MitjaNemec_ReplicateLayout.replicate_layout 985:Src text UUid:e6e69128-3dcc-4a2b-8bb2-c8767ca63979
10-08 23:31:01 com_github_MitjaNemec_ReplicateLayout.replicate_layout 986:Dst text UUid:d5374fdd-dba3-4645-9b33-0c5896654508
10-08 23:31:01 com_github_MitjaNemec_ReplicateLayout.replicate_layout 985:Src text UUid:29e43e0c-67f9-4bb8-9cbe-7b6e9d116509
10-08 23:31:01 com_github_MitjaNemec_ReplicateLayout.replicate_layout 986:Dst text UUid:e848add5-7cab-488d-88ad-fd0803bc6672
10-08 23:31:01 com_github_MitjaNemec_ReplicateLayout.replicate_layout 985:Src text UUid:f4fe2c28-ff95-4598-a9b5-13a9ff6b53a8
10-08 23:31:01 com_github_MitjaNemec_ReplicateLayout.replicate_layout 986:Dst text UUid:5990dbe1-1554-4ce2-bddc-d96f5c23cd8a
10-08 23:31:01 com_github_MitjaNemec_ReplicateLayout.replicate_layout 985:Src text UUid:b68a92b2-07f2-4d17-8ecb-a131f92ff9ee
10-08 23:31:01 com_github_MitjaNemec_ReplicateLayout.replicate_layout 986:Dst text UUid:49da1c1f-f0b6-4fb6-8e95-35348e0ac9c4
10-08 23:31:01 com_github_MitjaNemec_ReplicateLayout.replicate_layout 985:Src text UUid:1aef75bf-9f35-405c-9777-adfbb8bb0678
10-08 23:31:01 com_github_MitjaNemec_ReplicateLayout.replicate_layout 986:Dst text UUid:bd924165-9b83-4c94-bd15-d96b5f03d9e9
10-08 23:31:01 com_github_MitjaNemec_ReplicateLayout.replicate_layout 985:Src text UUid:1d0d63f8-6eb0-47bc-bc64-d2fb037910d6
10-08 23:31:01 com_github_MitjaNemec_ReplicateLayout.replicate_layout 986:Dst text UUid:3bf75be0-221e-4afa-a104-d2127a09c8d6
10-08 23:31:01 com_github_MitjaNemec_ReplicateLayout.replicate_layout 985:Src text UUid:c325ff32-a980-4dd0-9f05-4b8710c13641
10-08 23:31:01 com_github_MitjaNemec_ReplicateLayout.replicate_layout 986:Dst text UUid:33c86c4f-cc27-4473-949a-accf866b0304
10-08 23:31:01 com_github_MitjaNemec_ReplicateLayout.replicate_layout 985:Src text UUid:a59fc2a0-af36-4eee-bb0f-5fd222bc2d97
10-08 23:31:01 com_github_MitjaNemec_ReplicateLayout.replicate_layout 986:Dst text UUid:4bddac27-54ec-4df9-8db6-16e840f9126c
10-08 23:31:01 root 337:updating GUI with: 14
10-08 23:31:01 com_github_MitjaNemec_ReplicateLayout.replicate_layout 985:Src text UUid:20f3fc50-49f8-4a9a-b7ca-10161e9ec34e
10-08 23:31:01 com_github_MitjaNemec_ReplicateLayout.replicate_layout 986:Dst text UUid:bc6b0783-92b2-4aac-9c52-9aa75638fcc9
10-08 23:31:01 com_github_MitjaNemec_ReplicateLayout.replicate_layout 985:Src text UUid:bebcb610-e368-4953-aca5-0effb6464e55
10-08 23:31:01 com_github_MitjaNemec_ReplicateLayout.replicate_layout 986:Dst text UUid:50d0e981-f8d0-4b24-b77a-9dabb014ab6a
10-08 23:31:01 com_github_MitjaNemec_ReplicateLayout.replicate_layout 985:Src text UUid:509f880c-37cd-4d5e-866f-91a69b624bac
10-08 23:31:01 com_github_MitjaNemec_ReplicateLayout.replicate_layout 986:Dst text UUid:2dddc10e-e4ba-4752-8269-e69378634fc3
10-08 23:31:01 com_github_MitjaNemec_ReplicateLayout.replicate_layout 868:Replicating footprints on sheet ['relay3']
10-08 23:31:01 com_github_MitjaNemec_ReplicateLayout.replicate_layout 985:Src text UUid:19044899-0c6c-4add-9d17-d02c84bd0258
10-08 23:31:01 com_github_MitjaNemec_ReplicateLayout.replicate_layout 986:Dst text UUid:f004b7e2-5c60-4d26-8343-8ff892490247
10-08 23:31:01 com_github_MitjaNemec_ReplicateLayout.replicate_layout 985:Src text UUid:5acd5c04-887c-4353-9912-16adddfa8b3f
10-08 23:31:01 com_github_MitjaNemec_ReplicateLayout.replicate_layout 986:Dst text UUid:3567578b-0efd-45c2-94af-4d2fb10744e3
10-08 23:31:01 com_github_MitjaNemec_ReplicateLayout.replicate_layout 985:Src text UUid:bdc39d50-6115-4469-9f1b-b841b260e443
10-08 23:31:01 com_github_MitjaNemec_ReplicateLayout.replicate_layout 986:Dst text UUid:d6a520e4-2863-45d1-be49-b6aecbe8ca1e
10-08 23:31:01 com_github_MitjaNemec_ReplicateLayout.replicate_layout 985:Src text UUid:3bc901f0-0de7-4eee-bf5b-bb432ec183b2
10-08 23:31:01 com_github_MitjaNemec_ReplicateLayout.replicate_layout 986:Dst text UUid:09a44759-17fa-4dd1-b19d-3415afda018c
10-08 23:31:01 com_github_MitjaNemec_ReplicateLayout.replicate_layout 985:Src text UUid:e6e69128-3dcc-4a2b-8bb2-c8767ca63979
10-08 23:31:01 com_github_MitjaNemec_ReplicateLayout.replicate_layout 986:Dst text UUid:08365019-ca4e-4ad4-8f1f-6a583e389748
10-08 23:31:01 com_github_MitjaNemec_ReplicateLayout.replicate_layout 985:Src text UUid:29e43e0c-67f9-4bb8-9cbe-7b6e9d116509
10-08 23:31:01 com_github_MitjaNemec_ReplicateLayout.replicate_layout 986:Dst text UUid:6e3f5bd3-6f48-4fad-8daa-019ee4980c8e
10-08 23:31:01 com_github_MitjaNemec_ReplicateLayout.replicate_layout 985:Src text UUid:f4fe2c28-ff95-4598-a9b5-13a9ff6b53a8
10-08 23:31:01 com_github_MitjaNemec_ReplicateLayout.replicate_layout 986:Dst text UUid:924139ea-744e-41b2-9655-a9cbfacb52f0
10-08 23:31:01 com_github_MitjaNemec_ReplicateLayout.replicate_layout 985:Src text UUid:b68a92b2-07f2-4d17-8ecb-a131f92ff9ee
10-08 23:31:01 com_github_MitjaNemec_ReplicateLayout.replicate_layout 986:Dst text UUid:556d93fe-bf58-4885-8845-ce26379ec175
10-08 23:31:01 com_github_MitjaNemec_ReplicateLayout.replicate_layout 985:Src text UUid:1aef75bf-9f35-405c-9777-adfbb8bb0678
10-08 23:31:01 com_github_MitjaNemec_ReplicateLayout.replicate_layout 986:Dst text UUid:97218000-5201-45b9-9a22-6c1e4b175836
10-08 23:31:01 com_github_MitjaNemec_ReplicateLayout.replicate_layout 985:Src text UUid:1d0d63f8-6eb0-47bc-bc64-d2fb037910d6
10-08 23:31:01 com_github_MitjaNemec_ReplicateLayout.replicate_layout 986:Dst text UUid:a422ac34-1d9f-487a-88c7-64e6b9ca90bf
10-08 23:31:01 com_github_MitjaNemec_ReplicateLayout.replicate_layout 985:Src text UUid:c325ff32-a980-4dd0-9f05-4b8710c13641
10-08 23:31:01 com_github_MitjaNemec_ReplicateLayout.replicate_layout 986:Dst text UUid:b6d7681e-275f-49ff-9051-7f3d024e1898
10-08 23:31:01 com_github_MitjaNemec_ReplicateLayout.replicate_layout 985:Src text UUid:a59fc2a0-af36-4eee-bb0f-5fd222bc2d97
10-08 23:31:01 com_github_MitjaNemec_ReplicateLayout.replicate_layout 986:Dst text UUid:e119bac4-a329-4247-a7ac-504bc3706ce0
10-08 23:31:01 com_github_MitjaNemec_ReplicateLayout.replicate_layout 985:Src text UUid:20f3fc50-49f8-4a9a-b7ca-10161e9ec34e
10-08 23:31:01 com_github_MitjaNemec_ReplicateLayout.replicate_layout 986:Dst text UUid:be1085f6-223d-4cfd-a8d1-0d077ce6cc77
10-08 23:31:01 com_github_MitjaNemec_ReplicateLayout.replicate_layout 985:Src text UUid:bebcb610-e368-4953-aca5-0effb6464e55
10-08 23:31:01 com_github_MitjaNemec_ReplicateLayout.replicate_layout 986:Dst text UUid:61b71cee-0640-4adf-92fe-2490c3753800
10-08 23:31:01 com_github_MitjaNemec_ReplicateLayout.replicate_layout 985:Src text UUid:509f880c-37cd-4d5e-866f-91a69b624bac
10-08 23:31:01 com_github_MitjaNemec_ReplicateLayout.replicate_layout 986:Dst text UUid:f379b507-8e2e-47cc-be63-9ab09a9b8623
10-08 23:31:01 com_github_MitjaNemec_ReplicateLayout.replicate_layout 868:Replicating footprints on sheet ['relay4']
10-08 23:31:01 com_github_MitjaNemec_ReplicateLayout.replicate_layout 985:Src text UUid:19044899-0c6c-4add-9d17-d02c84bd0258
10-08 23:31:01 com_github_MitjaNemec_ReplicateLayout.replicate_layout 986:Dst text UUid:9dd36b53-df26-4949-958b-fce1d6426c24
10-08 23:31:01 com_github_MitjaNemec_ReplicateLayout.replicate_layout 985:Src text UUid:5acd5c04-887c-4353-9912-16adddfa8b3f
10-08 23:31:01 com_github_MitjaNemec_ReplicateLayout.replicate_layout 986:Dst text UUid:ef221aaa-2365-48a7-9008-8bbb8a0b340f
10-08 23:31:01 com_github_MitjaNemec_ReplicateLayout.replicate_layout 985:Src text UUid:bdc39d50-6115-4469-9f1b-b841b260e443
10-08 23:31:01 com_github_MitjaNemec_ReplicateLayout.replicate_layout 986:Dst text UUid:4220adc0-f9a0-4b8c-8326-4632f00a902d
10-08 23:31:01 com_github_MitjaNemec_ReplicateLayout.replicate_layout 985:Src text UUid:3bc901f0-0de7-4eee-bf5b-bb432ec183b2
10-08 23:31:01 com_github_MitjaNemec_ReplicateLayout.replicate_layout 986:Dst text UUid:6d0692ee-244d-4748-9f76-695b5c40d3ab
10-08 23:31:01 com_github_MitjaNemec_ReplicateLayout.replicate_layout 985:Src text UUid:e6e69128-3dcc-4a2b-8bb2-c8767ca63979
10-08 23:31:01 com_github_MitjaNemec_ReplicateLayout.replicate_layout 986:Dst text UUid:bd7df058-3540-4c8b-8b50-4da972df7d8a
10-08 23:31:01 com_github_MitjaNemec_ReplicateLayout.replicate_layout 985:Src text UUid:29e43e0c-67f9-4bb8-9cbe-7b6e9d116509
10-08 23:31:01 com_github_MitjaNemec_ReplicateLayout.replicate_layout 986:Dst text UUid:3dbb6b11-4041-4397-bd79-139f7d9b26fb
10-08 23:31:01 com_github_MitjaNemec_ReplicateLayout.replicate_layout 985:Src text UUid:f4fe2c28-ff95-4598-a9b5-13a9ff6b53a8
10-08 23:31:01 com_github_MitjaNemec_ReplicateLayout.replicate_layout 986:Dst text UUid:5022bfde-33da-49cf-b809-bb4308f61270
10-08 23:31:01 com_github_MitjaNemec_ReplicateLayout.replicate_layout 985:Src text UUid:b68a92b2-07f2-4d17-8ecb-a131f92ff9ee
10-08 23:31:01 com_github_MitjaNemec_ReplicateLayout.replicate_layout 986:Dst text UUid:6d1756e1-38f0-4739-b1b3-c49942ed9adf
10-08 23:31:01 com_github_MitjaNemec_ReplicateLayout.replicate_layout 985:Src text UUid:1aef75bf-9f35-405c-9777-adfbb8bb0678
10-08 23:31:01 com_github_MitjaNemec_ReplicateLayout.replicate_layout 986:Dst text UUid:1a3a2890-7ab2-46c2-9978-810130e528d5
10-08 23:31:01 com_github_MitjaNemec_ReplicateLayout.replicate_layout 985:Src text UUid:1d0d63f8-6eb0-47bc-bc64-d2fb037910d6
10-08 23:31:01 com_github_MitjaNemec_ReplicateLayout.replicate_layout 986:Dst text UUid:b8df56ec-8b4a-4d63-82ca-1971f47f86b5
10-08 23:31:01 com_github_MitjaNemec_ReplicateLayout.replicate_layout 985:Src text UUid:c325ff32-a980-4dd0-9f05-4b8710c13641
10-08 23:31:01 com_github_MitjaNemec_ReplicateLayout.replicate_layout 986:Dst text UUid:a5d9543e-3fae-4a04-8781-4122bdc4bb5c
10-08 23:31:01 com_github_MitjaNemec_ReplicateLayout.replicate_layout 985:Src text UUid:a59fc2a0-af36-4eee-bb0f-5fd222bc2d97
10-08 23:31:01 com_github_MitjaNemec_ReplicateLayout.replicate_layout 986:Dst text UUid:9bb81abc-d2d4-4cf9-9b15-eb361d7a405c
10-08 23:31:01 com_github_MitjaNemec_ReplicateLayout.replicate_layout 985:Src text UUid:20f3fc50-49f8-4a9a-b7ca-10161e9ec34e
10-08 23:31:01 com_github_MitjaNemec_ReplicateLayout.replicate_layout 986:Dst text UUid:5842f36b-55c0-41fa-9e5b-3d947432bc9b
10-08 23:31:01 com_github_MitjaNemec_ReplicateLayout.replicate_layout 985:Src text UUid:bebcb610-e368-4953-aca5-0effb6464e55
10-08 23:31:01 com_github_MitjaNemec_ReplicateLayout.replicate_layout 986:Dst text UUid:8d8d5dff-15b1-4d87-b08c-2ed9f50696f6
10-08 23:31:01 com_github_MitjaNemec_ReplicateLayout.replicate_layout 985:Src text UUid:509f880c-37cd-4d5e-866f-91a69b624bac
10-08 23:31:01 com_github_MitjaNemec_ReplicateLayout.replicate_layout 986:Dst text UUid:71f62007-53b8-48c1-9936-963e2248c75c
10-08 23:31:01 com_github_MitjaNemec_ReplicateLayout.replicate_layout 868:Replicating footprints on sheet ['relay5']
10-08 23:31:01 com_github_MitjaNemec_ReplicateLayout.replicate_layout 985:Src text UUid:19044899-0c6c-4add-9d17-d02c84bd0258
10-08 23:31:01 com_github_MitjaNemec_ReplicateLayout.replicate_layout 986:Dst text UUid:fe525531-18b3-4d29-bbd6-e599a5f710d2
10-08 23:31:01 com_github_MitjaNemec_ReplicateLayout.replicate_layout 985:Src text UUid:5acd5c04-887c-4353-9912-16adddfa8b3f
10-08 23:31:01 com_github_MitjaNemec_ReplicateLayout.replicate_layout 986:Dst text UUid:f45a48c5-5615-4e4e-8429-9fb7ac6d372c
10-08 23:31:01 com_github_MitjaNemec_ReplicateLayout.replicate_layout 985:Src text UUid:bdc39d50-6115-4469-9f1b-b841b260e443
10-08 23:31:01 com_github_MitjaNemec_ReplicateLayout.replicate_layout 986:Dst text UUid:e3b250c6-6ec4-4530-87bd-734c7f0eddf2
10-08 23:31:01 com_github_MitjaNemec_ReplicateLayout.replicate_layout 985:Src text UUid:3bc901f0-0de7-4eee-bf5b-bb432ec183b2
10-08 23:31:01 com_github_MitjaNemec_ReplicateLayout.replicate_layout 986:Dst text UUid:a3a50739-da87-4ba0-95d6-06e6e32d83a0
10-08 23:31:01 com_github_MitjaNemec_ReplicateLayout.replicate_layout 985:Src text UUid:e6e69128-3dcc-4a2b-8bb2-c8767ca63979
10-08 23:31:01 com_github_MitjaNemec_ReplicateLayout.replicate_layout 986:Dst text UUid:0b50300f-4361-42a3-b3ef-41edef7eb084
10-08 23:31:01 com_github_MitjaNemec_ReplicateLayout.replicate_layout 985:Src text UUid:29e43e0c-67f9-4bb8-9cbe-7b6e9d116509
10-08 23:31:01 com_github_MitjaNemec_ReplicateLayout.replicate_layout 986:Dst text UUid:7ba17945-6451-4851-bb56-c6af1ae9170e
10-08 23:31:01 com_github_MitjaNemec_ReplicateLayout.replicate_layout 985:Src text UUid:f4fe2c28-ff95-4598-a9b5-13a9ff6b53a8
10-08 23:31:01 com_github_MitjaNemec_ReplicateLayout.replicate_layout 986:Dst text UUid:1d62a290-a63f-4b77-8d06-03161ccb6f2f
10-08 23:31:01 com_github_MitjaNemec_ReplicateLayout.replicate_layout 985:Src text UUid:b68a92b2-07f2-4d17-8ecb-a131f92ff9ee
10-08 23:31:01 com_github_MitjaNemec_ReplicateLayout.replicate_layout 986:Dst text UUid:c35a61d9-3782-4783-9d47-79832af883bd
10-08 23:31:01 com_github_MitjaNemec_ReplicateLayout.replicate_layout 985:Src text UUid:1aef75bf-9f35-405c-9777-adfbb8bb0678
10-08 23:31:01 com_github_MitjaNemec_ReplicateLayout.replicate_layout 986:Dst text UUid:7a1d57e4-ffc8-4e1e-8908-9e826f669d26
10-08 23:31:01 com_github_MitjaNemec_ReplicateLayout.replicate_layout 985:Src text UUid:1d0d63f8-6eb0-47bc-bc64-d2fb037910d6
10-08 23:31:01 com_github_MitjaNemec_ReplicateLayout.replicate_layout 986:Dst text UUid:1b18f1dc-56f1-490f-995f-d7f13fcc820b
10-08 23:31:01 com_github_MitjaNemec_ReplicateLayout.replicate_layout 985:Src text UUid:c325ff32-a980-4dd0-9f05-4b8710c13641
10-08 23:31:01 com_github_MitjaNemec_ReplicateLayout.replicate_layout 986:Dst text UUid:6380c9cb-8b6b-4fba-a449-4488645fe1d8
10-08 23:31:01 com_github_MitjaNemec_ReplicateLayout.replicate_layout 985:Src text UUid:a59fc2a0-af36-4eee-bb0f-5fd222bc2d97
10-08 23:31:01 com_github_MitjaNemec_ReplicateLayout.replicate_layout 986:Dst text UUid:fa2631d6-8937-43c1-a65f-a36cfaedd6a7
10-08 23:31:01 com_github_MitjaNemec_ReplicateLayout.replicate_layout 985:Src text UUid:20f3fc50-49f8-4a9a-b7ca-10161e9ec34e
10-08 23:31:01 com_github_MitjaNemec_ReplicateLayout.replicate_layout 986:Dst text UUid:da2ab8ce-9499-40db-91ea-39f697ddd22b
10-08 23:31:01 com_github_MitjaNemec_ReplicateLayout.replicate_layout 985:Src text UUid:bebcb610-e368-4953-aca5-0effb6464e55
10-08 23:31:01 com_github_MitjaNemec_ReplicateLayout.replicate_layout 986:Dst text UUid:62900af1-6903-482f-bbd1-7bb7a8566c8c
10-08 23:31:01 com_github_MitjaNemec_ReplicateLayout.replicate_layout 985:Src text UUid:509f880c-37cd-4d5e-866f-91a69b624bac
10-08 23:31:01 com_github_MitjaNemec_ReplicateLayout.replicate_layout 986:Dst text UUid:c897d124-3860-4b7a-8d4d-3452096fd0d2
10-08 23:31:01 com_github_MitjaNemec_ReplicateLayout.replicate_layout 868:Replicating footprints on sheet ['relay6']
10-08 23:31:01 com_github_MitjaNemec_ReplicateLayout.replicate_layout 985:Src text UUid:19044899-0c6c-4add-9d17-d02c84bd0258
10-08 23:31:01 com_github_MitjaNemec_ReplicateLayout.replicate_layout 986:Dst text UUid:8cc70146-8d0a-46a8-9a4a-2084d7a4008e
10-08 23:31:01 com_github_MitjaNemec_ReplicateLayout.replicate_layout 985:Src text UUid:5acd5c04-887c-4353-9912-16adddfa8b3f
10-08 23:31:01 com_github_MitjaNemec_ReplicateLayout.replicate_layout 986:Dst text UUid:078687d5-10da-4c9a-a5b1-f12b54484e5c
10-08 23:31:01 com_github_MitjaNemec_ReplicateLayout.replicate_layout 985:Src text UUid:bdc39d50-6115-4469-9f1b-b841b260e443
10-08 23:31:01 com_github_MitjaNemec_ReplicateLayout.replicate_layout 986:Dst text UUid:26ed0578-e46f-48b3-86a5-54ff98074d40
10-08 23:31:01 com_github_MitjaNemec_ReplicateLayout.replicate_layout 985:Src text UUid:3bc901f0-0de7-4eee-bf5b-bb432ec183b2
10-08 23:31:01 com_github_MitjaNemec_ReplicateLayout.replicate_layout 986:Dst text UUid:f170a082-0f7a-4287-810d-199523d1c79d
10-08 23:31:01 com_github_MitjaNemec_ReplicateLayout.replicate_layout 985:Src text UUid:e6e69128-3dcc-4a2b-8bb2-c8767ca63979
10-08 23:31:01 com_github_MitjaNemec_ReplicateLayout.replicate_layout 986:Dst text UUid:cbb95e7c-e41c-4724-ad3c-5dd244afadb1
10-08 23:31:01 com_github_MitjaNemec_ReplicateLayout.replicate_layout 985:Src text UUid:29e43e0c-67f9-4bb8-9cbe-7b6e9d116509
10-08 23:31:01 com_github_MitjaNemec_ReplicateLayout.replicate_layout 986:Dst text UUid:875c83e3-de2b-4865-9a9d-4de7f1e2e61f
10-08 23:31:01 com_github_MitjaNemec_ReplicateLayout.replicate_layout 985:Src text UUid:f4fe2c28-ff95-4598-a9b5-13a9ff6b53a8
10-08 23:31:01 com_github_MitjaNemec_ReplicateLayout.replicate_layout 986:Dst text UUid:5bedf469-9214-49fe-b1fe-9e5fb0ce3715
10-08 23:31:01 com_github_MitjaNemec_ReplicateLayout.replicate_layout 985:Src text UUid:b68a92b2-07f2-4d17-8ecb-a131f92ff9ee
10-08 23:31:01 com_github_MitjaNemec_ReplicateLayout.replicate_layout 986:Dst text UUid:45d3973a-d3fe-44cc-baa5-ec5ab021e373
10-08 23:31:01 com_github_MitjaNemec_ReplicateLayout.replicate_layout 985:Src text UUid:1aef75bf-9f35-405c-9777-adfbb8bb0678
10-08 23:31:01 com_github_MitjaNemec_ReplicateLayout.replicate_layout 986:Dst text UUid:9590c5ca-c4d2-42de-b790-2ba10a09efed
10-08 23:31:01 com_github_MitjaNemec_ReplicateLayout.replicate_layout 985:Src text UUid:1d0d63f8-6eb0-47bc-bc64-d2fb037910d6
10-08 23:31:01 com_github_MitjaNemec_ReplicateLayout.replicate_layout 986:Dst text UUid:4a89d128-5f11-45af-b770-37f6780fa822
10-08 23:31:01 com_github_MitjaNemec_ReplicateLayout.replicate_layout 985:Src text UUid:c325ff32-a980-4dd0-9f05-4b8710c13641
10-08 23:31:01 com_github_MitjaNemec_ReplicateLayout.replicate_layout 986:Dst text UUid:ebc7fd4b-01b3-4041-8c88-1a5d0e274499
10-08 23:31:01 com_github_MitjaNemec_ReplicateLayout.replicate_layout 985:Src text UUid:a59fc2a0-af36-4eee-bb0f-5fd222bc2d97
10-08 23:31:01 com_github_MitjaNemec_ReplicateLayout.replicate_layout 986:Dst text UUid:fb54fb67-c51b-42bd-8ceb-13db56043a1b
10-08 23:31:01 root 337:updating GUI with: 71
10-08 23:31:01 com_github_MitjaNemec_ReplicateLayout.replicate_layout 985:Src text UUid:20f3fc50-49f8-4a9a-b7ca-10161e9ec34e
10-08 23:31:01 com_github_MitjaNemec_ReplicateLayout.replicate_layout 986:Dst text UUid:e289fbb4-ab20-4595-a0b5-b095d947c25b
10-08 23:31:01 com_github_MitjaNemec_ReplicateLayout.replicate_layout 985:Src text UUid:bebcb610-e368-4953-aca5-0effb6464e55
10-08 23:31:01 com_github_MitjaNemec_ReplicateLayout.replicate_layout 986:Dst text UUid:de83c3d2-667f-4d50-bf54-9139a9d10f2f
10-08 23:31:01 com_github_MitjaNemec_ReplicateLayout.replicate_layout 985:Src text UUid:509f880c-37cd-4d5e-866f-91a69b624bac
10-08 23:31:01 com_github_MitjaNemec_ReplicateLayout.replicate_layout 986:Dst text UUid:7f2240ac-7255-44ab-96a4-15453c886e0b
10-08 23:31:01 com_github_MitjaNemec_ReplicateLayout.replicate_layout 868:Replicating footprints on sheet ['relay7']
10-08 23:31:01 com_github_MitjaNemec_ReplicateLayout.replicate_layout 985:Src text UUid:19044899-0c6c-4add-9d17-d02c84bd0258
10-08 23:31:01 com_github_MitjaNemec_ReplicateLayout.replicate_layout 986:Dst text UUid:244b8021-7005-47eb-a045-f138aaf3937f
10-08 23:31:01 com_github_MitjaNemec_ReplicateLayout.replicate_layout 985:Src text UUid:5acd5c04-887c-4353-9912-16adddfa8b3f
10-08 23:31:01 com_github_MitjaNemec_ReplicateLayout.replicate_layout 986:Dst text UUid:a3b53a19-091b-4b87-b3b4-457a1c4ffdcf
10-08 23:31:01 com_github_MitjaNemec_ReplicateLayout.replicate_layout 985:Src text UUid:bdc39d50-6115-4469-9f1b-b841b260e443
10-08 23:31:01 com_github_MitjaNemec_ReplicateLayout.replicate_layout 986:Dst text UUid:aff9f62e-50da-4263-88a7-0b9dd00e94eb
10-08 23:31:01 com_github_MitjaNemec_ReplicateLayout.replicate_layout 985:Src text UUid:3bc901f0-0de7-4eee-bf5b-bb432ec183b2
10-08 23:31:01 com_github_MitjaNemec_ReplicateLayout.replicate_layout 986:Dst text UUid:be02fc8a-76f7-4ce4-acb0-ffda144dfefa
10-08 23:31:01 com_github_MitjaNemec_ReplicateLayout.replicate_layout 985:Src text UUid:e6e69128-3dcc-4a2b-8bb2-c8767ca63979
10-08 23:31:01 com_github_MitjaNemec_ReplicateLayout.replicate_layout 986:Dst text UUid:66811f75-00cd-4778-b94d-7ffa134b0504
10-08 23:31:01 com_github_MitjaNemec_ReplicateLayout.replicate_layout 985:Src text UUid:29e43e0c-67f9-4bb8-9cbe-7b6e9d116509
10-08 23:31:01 com_github_MitjaNemec_ReplicateLayout.replicate_layout 986:Dst text UUid:1cd6788b-d176-4a67-9447-5d4468a32924
10-08 23:31:01 com_github_MitjaNemec_ReplicateLayout.replicate_layout 985:Src text UUid:f4fe2c28-ff95-4598-a9b5-13a9ff6b53a8
10-08 23:31:01 com_github_MitjaNemec_ReplicateLayout.replicate_layout 986:Dst text UUid:7ca30208-b110-4a55-bd7e-13addab4944c
10-08 23:31:01 com_github_MitjaNemec_ReplicateLayout.replicate_layout 985:Src text UUid:b68a92b2-07f2-4d17-8ecb-a131f92ff9ee
10-08 23:31:01 com_github_MitjaNemec_ReplicateLayout.replicate_layout 986:Dst text UUid:e9245573-b381-436d-ba7d-1af588af8f3c
10-08 23:31:01 com_github_MitjaNemec_ReplicateLayout.replicate_layout 985:Src text UUid:1aef75bf-9f35-405c-9777-adfbb8bb0678
10-08 23:31:01 com_github_MitjaNemec_ReplicateLayout.replicate_layout 986:Dst text UUid:c89825e6-a667-4076-8f78-6a5dfa59366b
10-08 23:31:01 com_github_MitjaNemec_ReplicateLayout.replicate_layout 985:Src text UUid:1d0d63f8-6eb0-47bc-bc64-d2fb037910d6
10-08 23:31:01 com_github_MitjaNemec_ReplicateLayout.replicate_layout 986:Dst text UUid:5c8cfdf8-47f9-49d3-a3f5-dbaa73a50597
10-08 23:31:01 com_github_MitjaNemec_ReplicateLayout.replicate_layout 985:Src text UUid:c325ff32-a980-4dd0-9f05-4b8710c13641
10-08 23:31:01 com_github_MitjaNemec_ReplicateLayout.replicate_layout 986:Dst text UUid:ce011acc-400b-4d67-a28e-b5ba9feed8bd
10-08 23:31:01 com_github_MitjaNemec_ReplicateLayout.replicate_layout 985:Src text UUid:a59fc2a0-af36-4eee-bb0f-5fd222bc2d97
10-08 23:31:01 com_github_MitjaNemec_ReplicateLayout.replicate_layout 986:Dst text UUid:335d884a-a852-4621-9966-9a446dbcb9c5
10-08 23:31:01 com_github_MitjaNemec_ReplicateLayout.replicate_layout 985:Src text UUid:20f3fc50-49f8-4a9a-b7ca-10161e9ec34e
10-08 23:31:01 com_github_MitjaNemec_ReplicateLayout.replicate_layout 986:Dst text UUid:ba94b988-f080-4401-926f-0662f1483f75
10-08 23:31:01 com_github_MitjaNemec_ReplicateLayout.replicate_layout 985:Src text UUid:bebcb610-e368-4953-aca5-0effb6464e55
10-08 23:31:01 com_github_MitjaNemec_ReplicateLayout.replicate_layout 986:Dst text UUid:858654ee-87cb-4689-b053-c0518eea126d
10-08 23:31:01 com_github_MitjaNemec_ReplicateLayout.replicate_layout 985:Src text UUid:509f880c-37cd-4d5e-866f-91a69b624bac
10-08 23:31:01 com_github_MitjaNemec_ReplicateLayout.replicate_layout 986:Dst text UUid:73f6c30d-5e19-4cdf-9d74-dad116ba738b
10-08 23:31:01 com_github_MitjaNemec_ReplicateLayout.replicate_layout 868:Replicating footprints on sheet ['relay8']
10-08 23:31:01 com_github_MitjaNemec_ReplicateLayout.replicate_layout 985:Src text UUid:19044899-0c6c-4add-9d17-d02c84bd0258
10-08 23:31:01 com_github_MitjaNemec_ReplicateLayout.replicate_layout 986:Dst text UUid:9a2abf80-9a5e-4d57-aa63-21df40298457
10-08 23:31:01 com_github_MitjaNemec_ReplicateLayout.replicate_layout 985:Src text UUid:5acd5c04-887c-4353-9912-16adddfa8b3f
10-08 23:31:01 com_github_MitjaNemec_ReplicateLayout.replicate_layout 986:Dst text UUid:6e7bd232-81ef-4128-8e6a-5beb51890e2f
10-08 23:31:01 com_github_MitjaNemec_ReplicateLayout.replicate_layout 985:Src text UUid:bdc39d50-6115-4469-9f1b-b841b260e443
10-08 23:31:01 com_github_MitjaNemec_ReplicateLayout.replicate_layout 986:Dst text UUid:0f45914a-c746-4ecb-8eaf-690457769972
10-08 23:31:01 com_github_MitjaNemec_ReplicateLayout.replicate_layout 985:Src text UUid:3bc901f0-0de7-4eee-bf5b-bb432ec183b2
10-08 23:31:01 com_github_MitjaNemec_ReplicateLayout.replicate_layout 986:Dst text UUid:457cf5ec-3519-486c-a465-47e87e9567ba
10-08 23:31:01 com_github_MitjaNemec_ReplicateLayout.replicate_layout 985:Src text UUid:e6e69128-3dcc-4a2b-8bb2-c8767ca63979
10-08 23:31:01 com_github_MitjaNemec_ReplicateLayout.replicate_layout 986:Dst text UUid:314db8af-6eb1-48f6-bb1c-019f7492b36d
10-08 23:31:01 com_github_MitjaNemec_ReplicateLayout.replicate_layout 985:Src text UUid:29e43e0c-67f9-4bb8-9cbe-7b6e9d116509
10-08 23:31:01 com_github_MitjaNemec_ReplicateLayout.replicate_layout 986:Dst text UUid:d5faa981-666c-4a34-97b4-68e5ee22a0d2
10-08 23:31:01 com_github_MitjaNemec_ReplicateLayout.replicate_layout 985:Src text UUid:f4fe2c28-ff95-4598-a9b5-13a9ff6b53a8
10-08 23:31:01 com_github_MitjaNemec_ReplicateLayout.replicate_layout 986:Dst text UUid:82bb015f-fbd6-47cb-b3db-7f05d8874331
10-08 23:31:01 com_github_MitjaNemec_ReplicateLayout.replicate_layout 985:Src text UUid:b68a92b2-07f2-4d17-8ecb-a131f92ff9ee
10-08 23:31:01 com_github_MitjaNemec_ReplicateLayout.replicate_layout 986:Dst text UUid:574bd0f8-942a-4c19-b41d-988510078689
10-08 23:31:01 com_github_MitjaNemec_ReplicateLayout.replicate_layout 985:Src text UUid:1aef75bf-9f35-405c-9777-adfbb8bb0678
10-08 23:31:01 com_github_MitjaNemec_ReplicateLayout.replicate_layout 986:Dst text UUid:e4bc8ac1-b712-4d1e-b826-d8c53fa2de35
10-08 23:31:01 com_github_MitjaNemec_ReplicateLayout.replicate_layout 985:Src text UUid:1d0d63f8-6eb0-47bc-bc64-d2fb037910d6
10-08 23:31:01 com_github_MitjaNemec_ReplicateLayout.replicate_layout 986:Dst text UUid:e3f92006-ad51-4bab-a1fd-a469e4043bbb
10-08 23:31:01 com_github_MitjaNemec_ReplicateLayout.replicate_layout 985:Src text UUid:c325ff32-a980-4dd0-9f05-4b8710c13641
10-08 23:31:01 com_github_MitjaNemec_ReplicateLayout.replicate_layout 986:Dst text UUid:7ca36b5a-bdb2-4ea6-99bd-c4534325128f
10-08 23:31:01 com_github_MitjaNemec_ReplicateLayout.replicate_layout 985:Src text UUid:a59fc2a0-af36-4eee-bb0f-5fd222bc2d97
10-08 23:31:01 com_github_MitjaNemec_ReplicateLayout.replicate_layout 986:Dst text UUid:05350940-78b1-4923-847d-8d866bafed70
10-08 23:31:01 com_github_MitjaNemec_ReplicateLayout.replicate_layout 985:Src text UUid:20f3fc50-49f8-4a9a-b7ca-10161e9ec34e
10-08 23:31:01 com_github_MitjaNemec_ReplicateLayout.replicate_layout 986:Dst text UUid:0bfb8e2d-d9b5-4526-99e5-a4c81e2b53a4
10-08 23:31:01 com_github_MitjaNemec_ReplicateLayout.replicate_layout 985:Src text UUid:bebcb610-e368-4953-aca5-0effb6464e55
10-08 23:31:01 com_github_MitjaNemec_ReplicateLayout.replicate_layout 986:Dst text UUid:b8494f9f-d35e-4b62-b231-40a5d4cdac5b
10-08 23:31:01 com_github_MitjaNemec_ReplicateLayout.replicate_layout 985:Src text UUid:509f880c-37cd-4d5e-866f-91a69b624bac
10-08 23:31:01 com_github_MitjaNemec_ReplicateLayout.replicate_layout 986:Dst text UUid:5c69fd80-ce2e-482d-911b-ea52fe06b454
10-08 23:31:01 root 332:updating GUI message: 'Replicating tracks'
10-08 23:31:01 com_github_MitjaNemec_ReplicateLayout.replicate_layout 1009:Replicating tracks
10-08 23:31:01 com_github_MitjaNemec_ReplicateLayout.replicate_layout 1015:Replicating tracks on sheet ['relay2']
10-08 23:31:01 com_github_MitjaNemec_ReplicateLayout.replicate_layout 792:Net pairs for sheet ['relay2'] :[('/MCU/coil1', '/MCU/coil2'), ('GND', 'GND'), ('Net-(Q201-B)', 'Net-(Q301-B)'), ('Net-(D202-K)', 'Net-(D302-K)'), ('/relay1/B', '/relay1/B'), ('VCC', 'VCC'), ('/relay1/frog', '/relay2/frog'), ('/relay1/A', '/relay1/A'), ('Net-(D202-A)', 'Net-(D302-A)')]
10-08 23:31:01 root 337:updating GUI with: 0
10-08 23:31:01 com_github_MitjaNemec_ReplicateLayout.replicate_layout 1015:Replicating tracks on sheet ['relay3']
10-08 23:31:01 com_github_MitjaNemec_ReplicateLayout.replicate_layout 792:Net pairs for sheet ['relay3'] :[('Net-(D202-K)', 'Net-(D401-K)'), ('/MCU/coil1', '/MCU/coil3'), ('GND', 'GND'), ('/relay1/frog', '/relay3/frog'), ('/relay1/B', '/relay1/B'), ('VCC', 'VCC'), ('Net-(D202-A)', 'Net-(D401-A)'), ('/relay1/A', '/relay1/A'), ('Net-(Q201-B)', 'Net-(Q401-B)')]
10-08 23:31:01 com_github_MitjaNemec_ReplicateLayout.replicate_layout 1015:Replicating tracks on sheet ['relay4']
10-08 23:31:01 com_github_MitjaNemec_ReplicateLayout.replicate_layout 792:Net pairs for sheet ['relay4'] :[('Net-(D202-A)', 'Net-(D501-A)'), ('/MCU/coil1', '/MCU/coil4'), ('GND', 'GND'), ('Net-(D202-K)', 'Net-(D501-K)'), ('/relay1/B', '/relay1/B'), ('Net-(Q201-B)', 'Net-(Q501-B)'), ('VCC', 'VCC'), ('/relay1/frog', '/relay4/frog'), ('/relay1/A', '/relay1/A')]
10-08 23:31:01 com_github_MitjaNemec_ReplicateLayout.replicate_layout 1015:Replicating tracks on sheet ['relay5']
10-08 23:31:01 com_github_MitjaNemec_ReplicateLayout.replicate_layout 792:Net pairs for sheet ['relay5'] :[('/MCU/coil1', '/MCU/coil5'), ('Net-(D202-A)', 'Net-(D801-A)'), ('GND', 'GND'), ('/relay1/B', '/relay1/B'), ('VCC', 'VCC'), ('/relay1/frog', '/relay5/frog'), ('Net-(Q201-B)', 'Net-(Q801-B)'), ('/relay1/A', '/relay1/A'), ('Net-(D202-K)', 'Net-(D801-K)')]
10-08 23:31:01 com_github_MitjaNemec_ReplicateLayout.replicate_layout 1015:Replicating tracks on sheet ['relay6']
10-08 23:31:01 com_github_MitjaNemec_ReplicateLayout.replicate_layout 792:Net pairs for sheet ['relay6'] :[('/relay1/frog', '/relay6/frog'), ('Net-(Q201-B)', 'Net-(Q901-B)'), ('GND', 'GND'), ('/relay1/B', '/relay1/B'), ('VCC', 'VCC'), ('Net-(D202-A)', 'Net-(D901-A)'), ('/relay1/A', '/relay1/A'), ('/MCU/coil1', '/MCU/coil6'), ('Net-(D202-K)', 'Net-(D901-K)')]
10-08 23:31:01 com_github_MitjaNemec_ReplicateLayout.replicate_layout 1015:Replicating tracks on sheet ['relay7']
10-08 23:31:01 com_github_MitjaNemec_ReplicateLayout.replicate_layout 792:Net pairs for sheet ['relay7'] :[('Net-(Q201-B)', 'Net-(Q1001-B)'), ('/relay1/frog', '/relay7/frog'), ('GND', 'GND'), ('Net-(D202-K)', 'Net-(D1001-K)'), ('/relay1/B', '/relay1/B'), ('VCC', 'VCC'), ('/MCU/coil1', '/MCU/coil7'), ('Net-(D202-A)', 'Net-(D1001-A)'), ('/relay1/A', '/relay1/A')]
10-08 23:31:01 com_github_MitjaNemec_ReplicateLayout.replicate_layout 1015:Replicating tracks on sheet ['relay8']
10-08 23:31:01 com_github_MitjaNemec_ReplicateLayout.replicate_layout 792:Net pairs for sheet ['relay8'] :[('Net-(D202-K)', 'Net-(D1101-K)'), ('GND', 'GND'), ('/relay1/B', '/relay1/B'), ('/MCU/coil1', '/MCU/coil8'), ('Net-(Q201-B)', 'Net-(Q1101-B)'), ('VCC', 'VCC'), ('Net-(D202-A)', 'Net-(D1101-A)'), ('/relay1/A', '/relay1/A'), ('/relay1/frog', '/relay8/frog')]
10-08 23:31:01 root 332:updating GUI message: 'Replicating zones'
10-08 23:31:01 com_github_MitjaNemec_ReplicateLayout.replicate_layout 1079:Replicating zones
10-08 23:31:01 com_github_MitjaNemec_ReplicateLayout.replicate_layout 1086:Replicating zones on sheet ['relay2']
10-08 23:31:01 com_github_MitjaNemec_ReplicateLayout.replicate_layout 792:Net pairs for sheet ['relay2'] :[('/MCU/coil1', '/MCU/coil2'), ('GND', 'GND'), ('Net-(Q201-B)', 'Net-(Q301-B)'), ('Net-(D202-K)', 'Net-(D302-K)'), ('/relay1/B', '/relay1/B'), ('VCC', 'VCC'), ('/relay1/frog', '/relay2/frog'), ('/relay1/A', '/relay1/A'), ('Net-(D202-A)', 'Net-(D302-A)')]
10-08 23:31:01 com_github_MitjaNemec_ReplicateLayout.replicate_layout 1086:Replicating zones on sheet ['relay3']
10-08 23:31:01 com_github_MitjaNemec_ReplicateLayout.replicate_layout 792:Net pairs for sheet ['relay3'] :[('Net-(D202-K)', 'Net-(D401-K)'), ('/MCU/coil1', '/MCU/coil3'), ('GND', 'GND'), ('/relay1/frog', '/relay3/frog'), ('/relay1/B', '/relay1/B'), ('VCC', 'VCC'), ('Net-(D202-A)', 'Net-(D401-A)'), ('/relay1/A', '/relay1/A'), ('Net-(Q201-B)', 'Net-(Q401-B)')]
10-08 23:31:01 com_github_MitjaNemec_ReplicateLayout.replicate_layout 1086:Replicating zones on sheet ['relay4']
10-08 23:31:01 com_github_MitjaNemec_ReplicateLayout.replicate_layout 792:Net pairs for sheet ['relay4'] :[('Net-(D202-A)', 'Net-(D501-A)'), ('/MCU/coil1', '/MCU/coil4'), ('GND', 'GND'), ('Net-(D202-K)', 'Net-(D501-K)'), ('/relay1/B', '/relay1/B'), ('Net-(Q201-B)', 'Net-(Q501-B)'), ('VCC', 'VCC'), ('/relay1/frog', '/relay4/frog'), ('/relay1/A', '/relay1/A')]
10-08 23:31:01 com_github_MitjaNemec_ReplicateLayout.replicate_layout 1086:Replicating zones on sheet ['relay5']
10-08 23:31:01 com_github_MitjaNemec_ReplicateLayout.replicate_layout 792:Net pairs for sheet ['relay5'] :[('/MCU/coil1', '/MCU/coil5'), ('Net-(D202-A)', 'Net-(D801-A)'), ('GND', 'GND'), ('/relay1/B', '/relay1/B'), ('VCC', 'VCC'), ('/relay1/frog', '/relay5/frog'), ('Net-(Q201-B)', 'Net-(Q801-B)'), ('/relay1/A', '/relay1/A'), ('Net-(D202-K)', 'Net-(D801-K)')]
10-08 23:31:01 com_github_MitjaNemec_ReplicateLayout.replicate_layout 1086:Replicating zones on sheet ['relay6']
10-08 23:31:01 com_github_MitjaNemec_ReplicateLayout.replicate_layout 792:Net pairs for sheet ['relay6'] :[('/relay1/frog', '/relay6/frog'), ('Net-(Q201-B)', 'Net-(Q901-B)'), ('GND', 'GND'), ('/relay1/B', '/relay1/B'), ('VCC', 'VCC'), ('Net-(D202-A)', 'Net-(D901-A)'), ('/relay1/A', '/relay1/A'), ('/MCU/coil1', '/MCU/coil6'), ('Net-(D202-K)', 'Net-(D901-K)')]
10-08 23:31:01 com_github_MitjaNemec_ReplicateLayout.replicate_layout 1086:Replicating zones on sheet ['relay7']
10-08 23:31:01 com_github_MitjaNemec_ReplicateLayout.replicate_layout 792:Net pairs for sheet ['relay7'] :[('Net-(Q201-B)', 'Net-(Q1001-B)'), ('/relay1/frog', '/relay7/frog'), ('GND', 'GND'), ('Net-(D202-K)', 'Net-(D1001-K)'), ('/relay1/B', '/relay1/B'), ('VCC', 'VCC'), ('/MCU/coil1', '/MCU/coil7'), ('Net-(D202-A)', 'Net-(D1001-A)'), ('/relay1/A', '/relay1/A')]
10-08 23:31:01 root 337:updating GUI with: 85
10-08 23:31:01 com_github_MitjaNemec_ReplicateLayout.replicate_layout 1086:Replicating zones on sheet ['relay8']
10-08 23:31:01 com_github_MitjaNemec_ReplicateLayout.replicate_layout 792:Net pairs for sheet ['relay8'] :[('Net-(D202-K)', 'Net-(D1101-K)'), ('GND', 'GND'), ('/relay1/B', '/relay1/B'), ('/MCU/coil1', '/MCU/coil8'), ('Net-(Q201-B)', 'Net-(Q1101-B)'), ('VCC', 'VCC'), ('Net-(D202-A)', 'Net-(D1101-A)'), ('/relay1/A', '/relay1/A'), ('/relay1/frog', '/relay8/frog')]
10-08 23:31:01 root 332:updating GUI message: 'Replicating text'
10-08 23:31:01 com_github_MitjaNemec_ReplicateLayout.replicate_layout 1168:Replicating text
10-08 23:31:01 com_github_MitjaNemec_ReplicateLayout.replicate_layout 1175:Replicating text on sheet ['relay2']
10-08 23:31:01 com_github_MitjaNemec_ReplicateLayout.replicate_layout 1175:Replicating text on sheet ['relay3']
10-08 23:31:01 com_github_MitjaNemec_ReplicateLayout.replicate_layout 1175:Replicating text on sheet ['relay4']
10-08 23:31:01 com_github_MitjaNemec_ReplicateLayout.replicate_layout 1175:Replicating text on sheet ['relay5']
10-08 23:31:01 com_github_MitjaNemec_ReplicateLayout.replicate_layout 1175:Replicating text on sheet ['relay6']
10-08 23:31:01 com_github_MitjaNemec_ReplicateLayout.replicate_layout 1175:Replicating text on sheet ['relay7']
10-08 23:31:01 com_github_MitjaNemec_ReplicateLayout.replicate_layout 1175:Replicating text on sheet ['relay8']
10-08 23:31:01 root 332:updating GUI message: 'Replicating drawings'
10-08 23:31:01 com_github_MitjaNemec_ReplicateLayout.replicate_layout 1219:Replicating drawings
10-08 23:31:01 com_github_MitjaNemec_ReplicateLayout.replicate_layout 1225:Replicating drawings on sheet ['relay2']
10-08 23:31:01 com_github_MitjaNemec_ReplicateLayout.replicate_layout 1225:Replicating drawings on sheet ['relay3']
10-08 23:31:01 com_github_MitjaNemec_ReplicateLayout.replicate_layout 1225:Replicating drawings on sheet ['relay4']
10-08 23:31:01 com_github_MitjaNemec_ReplicateLayout.replicate_layout 1225:Replicating drawings on sheet ['relay5']
10-08 23:31:01 com_github_MitjaNemec_ReplicateLayout.replicate_layout 1225:Replicating drawings on sheet ['relay6']
10-08 23:31:01 com_github_MitjaNemec_ReplicateLayout.replicate_layout 1225:Replicating drawings on sheet ['relay7']
10-08 23:31:01 com_github_MitjaNemec_ReplicateLayout.replicate_layout 1225:Replicating drawings on sheet ['relay8']
10-08 23:31:01 com_github_MitjaNemec_ReplicateLayout.action_replicate_layout 256:Replication complete
