01-09 12:29:48 com_github_bouni_kicad-jlcpcb-tools.store 208:Part U501 does not exist in the database and will be created from the board.
01-09 12:29:48 com_github_bouni_kicad-jlcpcb-tools.store 208:Part U401 does not exist in the database and will be created from the board.
01-09 12:29:48 com_github_bouni_kicad-jlcpcb-tools.store 208:Part U301 does not exist in the database and will be created from the board.
01-09 12:29:48 com_github_bouni_kicad-jlcpcb-tools.store 208:Part U201 does not exist in the database and will be created from the board.
01-09 12:29:48 com_github_bouni_kicad-jlcpcb-tools.store 208:Part R501 does not exist in the database and will be created from the board.
01-09 12:29:48 com_github_bouni_kicad-jlcpcb-tools.store 208:Part R401 does not exist in the database and will be created from the board.
01-09 12:29:48 com_github_bouni_kicad-jlcpcb-tools.store 208:Part R301 does not exist in the database and will be created from the board.
01-09 12:29:48 com_github_bouni_kicad-jlcpcb-tools.store 208:Part R201 does not exist in the database and will be created from the board.
01-09 12:29:48 com_github_bouni_kicad-jlcpcb-tools.store 208:Part J102 does not exist in the database and will be created from the board.
01-09 12:29:48 com_github_bouni_kicad-jlcpcb-tools.store 208:Part J101 does not exist in the database and will be created from the board.
01-09 12:29:48 com_github_bouni_kicad-jlcpcb-tools.store 208:Part D504 does not exist in the database and will be created from the board.
01-09 12:29:48 com_github_bouni_kicad-jlcpcb-tools.store 208:Part D503 does not exist in the database and will be created from the board.
01-09 12:29:48 com_github_bouni_kicad-jlcpcb-tools.store 208:Part D502 does not exist in the database and will be created from the board.
01-09 12:29:48 com_github_bouni_kicad-jlcpcb-tools.store 208:Part D501 does not exist in the database and will be created from the board.
01-09 12:29:48 com_github_bouni_kicad-jlcpcb-tools.store 208:Part D404 does not exist in the database and will be created from the board.
01-09 12:29:48 com_github_bouni_kicad-jlcpcb-tools.store 208:Part D403 does not exist in the database and will be created from the board.
01-09 12:29:48 com_github_bouni_kicad-jlcpcb-tools.store 208:Part D402 does not exist in the database and will be created from the board.
01-09 12:29:48 com_github_bouni_kicad-jlcpcb-tools.store 208:Part D401 does not exist in the database and will be created from the board.
01-09 12:29:48 com_github_bouni_kicad-jlcpcb-tools.store 208:Part D304 does not exist in the database and will be created from the board.
01-09 12:29:48 com_github_bouni_kicad-jlcpcb-tools.store 208:Part D303 does not exist in the database and will be created from the board.
01-09 12:29:48 com_github_bouni_kicad-jlcpcb-tools.store 208:Part D302 does not exist in the database and will be created from the board.
01-09 12:29:48 com_github_bouni_kicad-jlcpcb-tools.store 208:Part D301 does not exist in the database and will be created from the board.
01-09 12:29:48 com_github_bouni_kicad-jlcpcb-tools.store 208:Part D204 does not exist in the database and will be created from the board.
01-09 12:29:48 com_github_bouni_kicad-jlcpcb-tools.store 208:Part D203 does not exist in the database and will be created from the board.
01-09 12:29:48 com_github_bouni_kicad-jlcpcb-tools.store 208:Part D202 does not exist in the database and will be created from the board.
01-09 12:29:48 com_github_bouni_kicad-jlcpcb-tools.store 208:Part D201 does not exist in the database and will be created from the board.
01-09 12:30:00 com_github_bouni_kicad-jlcpcb-tools.library 192:Create SQLite table for rotations
01-09 12:30:00 com_github_bouni_kicad-jlcpcb-tools.rotations 330:Correction '^R_Array_Convex_' exists already in database with correction value 90. Leaving this one out.
01-09 12:30:00 com_github_bouni_kicad-jlcpcb-tools.rotations 330:Correction '^R_Array_Concave_' exists already in database with correction value 90. Leaving this one out.
01-09 12:30:00 com_github_bouni_kicad-jlcpcb-tools.rotations 330:Correction '^SOT-223' exists already in database with correction value 180. Leaving this one out.
01-09 12:30:00 com_github_bouni_kicad-jlcpcb-tools.rotations 330:Correction '^SOT-23' exists already in database with correction value 180. Leaving this one out.
01-09 12:30:00 com_github_bouni_kicad-jlcpcb-tools.rotations 330:Correction '^SOT-89' exists already in database with correction value 180. Leaving this one out.
01-09 12:30:00 com_github_bouni_kicad-jlcpcb-tools.rotations 330:Correction '^TSOT-23' exists already in database with correction value 180. Leaving this one out.
01-09 12:30:00 com_github_bouni_kicad-jlcpcb-tools.rotations 330:Correction '^SOT-353' exists already in database with correction value 180. Leaving this one out.
01-09 12:30:00 com_github_bouni_kicad-jlcpcb-tools.rotations 330:Correction '^SOT-363' exists already in database with correction value 180. Leaving this one out.
01-09 12:30:00 com_github_bouni_kicad-jlcpcb-tools.rotations 330:Correction '^QFN-' exists already in database with correction value 270. Leaving this one out.
01-09 12:30:00 com_github_bouni_kicad-jlcpcb-tools.rotations 330:Correction '^LQFP-' exists already in database with correction value 270. Leaving this one out.
01-09 12:30:00 com_github_bouni_kicad-jlcpcb-tools.rotations 330:Correction '^TQFP-' exists already in database with correction value 270. Leaving this one out.
01-09 12:30:00 com_github_bouni_kicad-jlcpcb-tools.rotations 330:Correction '^SOP-4_' exists already in database with correction value 0. Leaving this one out.
01-09 12:30:00 com_github_bouni_kicad-jlcpcb-tools.rotations 330:Correction '^SOP-(?!18_)' exists already in database with correction value 270. Leaving this one out.
01-09 12:30:00 com_github_bouni_kicad-jlcpcb-tools.rotations 330:Correction '^TSSOP-' exists already in database with correction value 270. Leaving this one out.
01-09 12:30:00 com_github_bouni_kicad-jlcpcb-tools.rotations 330:Correction '^SSOP-' exists already in database with correction value 270. Leaving this one out.
01-09 12:30:00 com_github_bouni_kicad-jlcpcb-tools.rotations 330:Correction '^DFN-' exists already in database with correction value 270. Leaving this one out.
01-09 12:30:00 com_github_bouni_kicad-jlcpcb-tools.rotations 330:Correction '^SOIC-' exists already in database with correction value 270. Leaving this one out.
01-09 12:30:00 com_github_bouni_kicad-jlcpcb-tools.rotations 330:Correction '^SOP-18_' exists already in database with correction value 0. Leaving this one out.
01-09 12:30:00 com_github_bouni_kicad-jlcpcb-tools.rotations 330:Correction '^VSSOP-8_3.0x3.0mm_P0.65mm' exists already in database with correction value 270. Leaving this one out.
01-09 12:30:00 com_github_bouni_kicad-jlcpcb-tools.rotations 330:Correction '^VSSOP-8_' exists already in database with correction value 180. Leaving this one out.
01-09 12:30:00 com_github_bouni_kicad-jlcpcb-tools.rotations 330:Correction '^VSSOP-10_' exists already in database with correction value 270. Leaving this one out.
01-09 12:30:00 com_github_bouni_kicad-jlcpcb-tools.rotations 330:Correction '^VSON-8_' exists already in database with correction value 270. Leaving this one out.
01-09 12:30:00 com_github_bouni_kicad-jlcpcb-tools.rotations 330:Correction '^TSOP-6' exists already in database with correction value 270. Leaving this one out.
01-09 12:30:00 com_github_bouni_kicad-jlcpcb-tools.rotations 330:Correction '^UDFN-10' exists already in database with correction value 270. Leaving this one out.
01-09 12:30:00 com_github_bouni_kicad-jlcpcb-tools.rotations 330:Correction '^USON-10' exists already in database with correction value 270. Leaving this one out.
01-09 12:30:00 com_github_bouni_kicad-jlcpcb-tools.rotations 330:Correction '^TDSON-8-1' exists already in database with correction value 270. Leaving this one out.
01-09 12:30:00 com_github_bouni_kicad-jlcpcb-tools.rotations 330:Correction '^CP_EIA-' exists already in database with correction value 180. Leaving this one out.
01-09 12:30:01 com_github_bouni_kicad-jlcpcb-tools.rotations 330:Correction '^CP_Elec_8x5.4' exists already in database with correction value 180. Leaving this one out.
01-09 12:30:01 com_github_bouni_kicad-jlcpcb-tools.rotations 330:Correction '^CP_Elec_8x10.5' exists already in database with correction value 180. Leaving this one out.
01-09 12:30:01 com_github_bouni_kicad-jlcpcb-tools.rotations 330:Correction '^CP_Elec_6.3x7.7' exists already in database with correction value 180. Leaving this one out.
01-09 12:30:01 com_github_bouni_kicad-jlcpcb-tools.rotations 330:Correction '^CP_Elec_8x6.7' exists already in database with correction value 180. Leaving this one out.
01-09 12:30:01 com_github_bouni_kicad-jlcpcb-tools.rotations 330:Correction '^CP_Elec_8x10' exists already in database with correction value 180. Leaving this one out.
01-09 12:30:01 com_github_bouni_kicad-jlcpcb-tools.rotations 330:Correction '^CP_Elec_10x10' exists already in database with correction value 180. Leaving this one out.
01-09 12:30:01 com_github_bouni_kicad-jlcpcb-tools.rotations 330:Correction '^(.*?_|V)?QFN-(16|20|24|28|40)(-|_|$)' exists already in database with correction value 270. Leaving this one out.
01-09 12:30:01 com_github_bouni_kicad-jlcpcb-tools.rotations 330:Correction '^Bosch_LGA-8_2x2.5mm_P0.65mm_ClockwisePinNumbering' exists already in database with correction value 90. Leaving this one out.
01-09 12:30:01 com_github_bouni_kicad-jlcpcb-tools.rotations 330:Correction '^PowerPAK_SO-8_Single' exists already in database with correction value 270. Leaving this one out.
01-09 12:30:01 com_github_bouni_kicad-jlcpcb-tools.rotations 330:Correction '^HTSSOP-28-1EP_4.4x9.7mm*' exists already in database with correction value 270. Leaving this one out.
01-09 12:30:01 com_github_bouni_kicad-jlcpcb-tools.rotations 330:Correction '^PUIAudio_SMT_0825_S_4_R*' exists already in database with correction value 270. Leaving this one out.
01-09 12:30:01 com_github_bouni_kicad-jlcpcb-tools.rotations 330:Correction '^USB_C_Receptacle_HRO_TYPE-C-31-M-12*' exists already in database with correction value 180. Leaving this one out.
01-09 12:30:01 com_github_bouni_kicad-jlcpcb-tools.rotations 330:Correction '^ESP32-W' exists already in database with correction value 270. Leaving this one out.
01-09 12:30:01 com_github_bouni_kicad-jlcpcb-tools.rotations 330:Correction '^SOIC127P798X216-8N' exists already in database with correction value -90. Leaving this one out.
01-09 12:30:01 com_github_bouni_kicad-jlcpcb-tools.rotations 330:Correction '^SW_DIP_SPSTx01_Slide_Copal_CHS-01B_W7.62mm_P1.27mm' exists already in database with correction value -180. Leaving this one out.
01-09 12:30:01 com_github_bouni_kicad-jlcpcb-tools.rotations 330:Correction '^BatteryHolder_Keystone_1060_1x2032' exists already in database with correction value -180. Leaving this one out.
01-09 12:30:01 com_github_bouni_kicad-jlcpcb-tools.rotations 330:Correction '^SO-14' exists already in database with correction value -90. Leaving this one out.
01-09 12:30:01 com_github_bouni_kicad-jlcpcb-tools.rotations 330:Correction '^HTSSOP-' exists already in database with correction value 270. Leaving this one out.
01-09 12:30:01 com_github_bouni_kicad-jlcpcb-tools.rotations 330:Correction '^USB_C_Receptacle_XKB_U262-16XN-4BVC11' exists already in database with correction value 0. Leaving this one out.
01-09 12:30:01 com_github_bouni_kicad-jlcpcb-tools.rotations 330:Correction '^Relay_DPDT_Omron_G6K-2F-Y' exists already in database with correction value 270. Leaving this one out.
01-09 12:30:01 com_github_bouni_kicad-jlcpcb-tools.rotations 330:Correction '^RP2040-QFN-56' exists already in database with correction value 270. Leaving this one out.
01-09 12:30:01 com_github_bouni_kicad-jlcpcb-tools.rotations 330:Correction '^TO-277' exists already in database with correction value 90. Leaving this one out.
01-09 12:30:01 com_github_bouni_kicad-jlcpcb-tools.rotations 330:Correction '^SW_SPST_B3' exists already in database with correction value 90. Leaving this one out.
01-09 12:30:01 com_github_bouni_kicad-jlcpcb-tools.rotations 330:Correction '^Transformer_Ethernet_Pulse_HX0068ANL' exists already in database with correction value 270. Leaving this one out.
01-09 12:30:01 com_github_bouni_kicad-jlcpcb-tools.rotations 330:Correction '^JST_GH_SM' exists already in database with correction value 180. Leaving this one out.
01-09 12:30:01 com_github_bouni_kicad-jlcpcb-tools.rotations 330:Correction '^JST_PH_S' exists already in database with correction value 180. Leaving this one out.
01-09 12:30:01 com_github_bouni_kicad-jlcpcb-tools.rotations 330:Correction '^Diodes_PowerDI3333-8' exists already in database with correction value 270. Leaving this one out.
01-09 12:30:01 com_github_bouni_kicad-jlcpcb-tools.rotations 330:Correction '^Quectel_L80-R' exists already in database with correction value 270. Leaving this one out.
01-09 12:30:01 com_github_bouni_kicad-jlcpcb-tools.rotations 330:Correction '^SC-74-6' exists already in database with correction value 180. Leaving this one out.
01-09 12:30:01 com_github_bouni_kicad-jlcpcb-tools.rotations 330:Correction '^SOT-143' exists already in database with correction value 180. Leaving this one out.
01-09 12:30:01 com_github_bouni_kicad-jlcpcb-tools.rotations 330:Correction '^PinHeader_2x05_P1\.27mm_Vertical' exists already in database with correction value 90. Leaving this one out.
01-09 12:30:01 com_github_bouni_kicad-jlcpcb-tools.rotations 330:Correction '^LED_WS2812B-2020_PLCC4_2.0x2.0mm' exists already in database with correction value 90. Leaving this one out.
01-09 12:30:03 com_github_bouni_kicad-jlcpcb-tools.fabrication 233:Successfully plotted Top layer
01-09 12:30:03 com_github_bouni_kicad-jlcpcb-tools.fabrication 233:Successfully plotted Silk top
01-09 12:30:03 com_github_bouni_kicad-jlcpcb-tools.fabrication 233:Successfully plotted Mask top
01-09 12:30:03 com_github_bouni_kicad-jlcpcb-tools.fabrication 233:Successfully plotted Paste top
01-09 12:30:03 com_github_bouni_kicad-jlcpcb-tools.fabrication 233:Successfully plotted Bottom layer
01-09 12:30:03 com_github_bouni_kicad-jlcpcb-tools.fabrication 233:Successfully plotted Silk top
01-09 12:30:03 com_github_bouni_kicad-jlcpcb-tools.fabrication 233:Successfully plotted Mask bottom
01-09 12:30:03 com_github_bouni_kicad-jlcpcb-tools.fabrication 233:Successfully plotted Paste bottom
01-09 12:30:03 com_github_bouni_kicad-jlcpcb-tools.fabrication 233:Successfully plotted Edges
01-09 12:30:03 com_github_bouni_kicad-jlcpcb-tools.fabrication 233:Successfully plotted V score cut
01-09 12:30:03 com_github_bouni_kicad-jlcpcb-tools.fabrication 248:Finished generating Excellon files
01-09 12:30:03 com_github_bouni_kicad-jlcpcb-tools.fabrication 265:Finished generating ZIP file
01-09 12:30:03 com_github_bouni_kicad-jlcpcb-tools.fabrication 295:Finished generating CPL file
01-09 12:30:03 com_github_bouni_kicad-jlcpcb-tools.fabrication 307:Finished generating BOM file
