01-03 14:58:48 com_github_MitjaNemec_PlaceFootprints.action_place_footprints 647:Plugin executed on: 'win32'
01-03 14:58:48 com_github_MitjaNemec_PlaceFootprints.action_place_footprints 648:Plugin executed with python version: '3.11.5 (main, Apr  9 2024, 02:53:56) [MSC v.1936 64 bit (AMD64)]'
01-03 14:58:48 com_github_MitjaNemec_PlaceFootprints.action_place_footprints 649:KiCad build version: 8.0.2
01-03 14:58:48 com_github_MitjaNemec_PlaceFootprints.action_place_footprints 650:Plugin version: 3.0.0
01-03 14:58:48 com_github_MitjaNemec_PlaceFootprints.action_place_footprints 651:Frame repr: <wx._core.Frame object at 0x00000144ED220430>
01-03 14:58:48 com_github_MitjaNemec_PlaceFootprints.place_footprints 121:getting a list of all footprints on board
01-03 14:58:50 com_github_MitjaNemec_PlaceFootprints.action_place_footprints 86:By Sheet GUI initialized
01-03 14:58:50 com_github_MitjaNemec_PlaceFootprints.action_place_footprints 95:Selecting: 2
01-03 14:58:50 com_github_MitjaNemec_PlaceFootprints.action_place_footprints 99:Should invoke level_changed()
01-03 14:58:50 com_github_MitjaNemec_PlaceFootprints.action_place_footprints 277:Level_changed() invoked
01-03 14:58:50 com_github_MitjaNemec_PlaceFootprints.place_footprints 244:constructing a list of sheets suitable for replication on level:'MTS203_6', file:'MTS203.kicad_sch'
01-03 14:58:50 com_github_MitjaNemec_PlaceFootprints.place_footprints 279:suitable sheets are:[['tracks', 'MTS203_1'], ['tracks', 'MTS203_2'], ['tracks', 'MTS203_3'], ['tracks', 'MTS203_4'], ['tracks', 'MTS203_5'], ['tracks', 'MTS203_7'], ['tracks', 'MTS203_8']]
01-03 14:58:52 com_github_MitjaNemec_PlaceFootprints.action_place_footprints 184:Saving config sheet
01-03 14:58:52 com_github_MitjaNemec_PlaceFootprints.action_place_footprints 196:Preparing config for sheet linear
01-03 14:58:52 com_github_MitjaNemec_PlaceFootprints.action_place_footprints 216:Saving config file
01-03 14:58:52 com_github_MitjaNemec_PlaceFootprints.action_place_footprints 218:Saved the config file
01-03 14:58:52 com_github_MitjaNemec_PlaceFootprints.action_place_footprints 718:Sheets selected: [['tracks', 'MTS203_1'], ['tracks', 'MTS203_2'], ['tracks', 'MTS203_3'], ['tracks', 'MTS203_4'], ['tracks', 'MTS203_5'], ['tracks', 'MTS203_7'], ['tracks', 'MTS203_8']]
01-03 14:58:52 com_github_MitjaNemec_PlaceFootprints.action_place_footprints 727:Footprints to place: ['SW1001', 'SW501', 'SW601', 'SW701', 'SW801', 'SW901', 'SW1101', 'SW1201']
01-03 14:58:52 com_github_MitjaNemec_PlaceFootprints.place_footprints 367:Starting placing with linear layout
01-03 14:58:52 com_github_MitjaNemec_PlaceFootprints.action_place_footprints 772:Placing complete
01-03 14:58:52 com_github_MitjaNemec_PlaceFootprints.action_place_footprints 773:Sorted_footprints: ['SW501', 'SW601', 'SW701', 'SW801', 'SW901', 'SW1001', 'SW1101', 'SW1201']
