04-15 23:16:13 com_github_MitjaNemec_ReplicateLayout.action_replicate_layout 392:Plugin executed on: 'win32'
04-15 23:16:13 com_github_MitjaNemec_ReplicateLayout.action_replicate_layout 393:Plugin executed with python version: '3.9.16 (main, Oct 13 2023, 05:50:11) [MSC v.1936 64 bit (AMD64)]'
04-15 23:16:13 com_github_MitjaNemec_ReplicateLayout.action_replicate_layout 394:KiCad build version: 7.0.11
04-15 23:16:13 com_github_MitjaNemec_ReplicateLayout.action_replicate_layout 395:Plugin version: 2.1.3
04-15 23:16:13 com_github_MitjaNemec_ReplicateLayout.action_replicate_layout 396:Frame repr: <wx._core.Frame object at 0x00000224385E5EE0>
04-15 23:16:13 com_github_MitjaNemec_ReplicateLayout.action_replicate_layout 420:Preparing replicator with K902 as a reference
04-15 23:16:13 com_github_MitjaNemec_ReplicateLayout.replicate_layout 117:getting a list of all footprints on board
04-15 23:16:13 com_github_MitjaNemec_ReplicateLayout.replicate_layout 136:Footprint REF** does not have Sheetfile property, it will not be replicated. Most likely it is only in layout
04-15 23:16:13 com_github_MitjaNemec_ReplicateLayout.action_replicate_layout 468:source anchor footprint is 'K902'
Located on: ['servo5-6']
With filenames: ['servo.kicad_sch']
With sheet_id:['servo5-6']
04-15 23:16:13 com_github_MitjaNemec_ReplicateLayout.action_replicate_layout 475:Corresponding footprints are 
[('K902', ['servo5-6']), ('K802', ['servo3-4']), ('K702', ['servo1-2'])]
04-15 23:16:13 com_github_MitjaNemec_ReplicateLayout.action_replicate_layout 487:Showing dialog
04-15 23:16:13 com_github_MitjaNemec_ReplicateLayout.replicate_layout 424:constructing a list of sheets suitable for replication on level:'servo5-6', file:'servo.kicad_sch'
04-15 23:16:13 com_github_MitjaNemec_ReplicateLayout.replicate_layout 461:suitable sheets are:[['servo1-2'], ['servo3-4']]
04-15 23:16:13 com_github_MitjaNemec_ReplicateLayout.replicate_layout 1464:Level selected: ['servo5-6']
04-15 23:16:13 com_github_MitjaNemec_ReplicateLayout.replicate_layout 1299:Filtering list of tracks
04-15 23:16:13 com_github_MitjaNemec_ReplicateLayout.action_replicate_layout 493:Toolbar position: wx.Point(1643, 80)
04-15 23:16:13 com_github_MitjaNemec_ReplicateLayout.action_replicate_layout 498:Dialog position: wx.Point(1204, 80)
04-15 23:16:30 com_github_MitjaNemec_ReplicateLayout.replicate_layout 424:constructing a list of sheets suitable for replication on level:'servo5-6', file:'servo.kicad_sch'
04-15 23:16:30 com_github_MitjaNemec_ReplicateLayout.replicate_layout 461:suitable sheets are:[['servo1-2'], ['servo3-4']]
04-15 23:16:30 com_github_MitjaNemec_ReplicateLayout.action_replicate_layout 240:Replicating layout
04-15 23:16:30 com_github_MitjaNemec_ReplicateLayout.replicate_layout 240:Starting replication of sheets: [['servo1-2'], ['servo3-4']]
on level: ['servo5-6']
with tracks=True, zone=True, text=True, text=True, intersecting=False, remove=True, locked footprints=False, group_only=False
04-15 23:16:30 root 332:updating GUI message: 'Preparing for replication'
04-15 23:16:30 root 337:updating GUI with: 0
04-15 23:16:30 com_github_MitjaNemec_ReplicateLayout.replicate_layout 310:Getting the list of source footprints
04-15 23:16:30 com_github_MitjaNemec_ReplicateLayout.replicate_layout 320:Getting the list of all the remaining footprints
04-15 23:16:30 com_github_MitjaNemec_ReplicateLayout.replicate_layout 327:Getting source tracks
04-15 23:16:30 com_github_MitjaNemec_ReplicateLayout.replicate_layout 1299:Filtering list of tracks
04-15 23:16:30 com_github_MitjaNemec_ReplicateLayout.replicate_layout 331:Getting source zones
04-15 23:16:30 com_github_MitjaNemec_ReplicateLayout.replicate_layout 335:Getting source text items
04-15 23:16:30 com_github_MitjaNemec_ReplicateLayout.replicate_layout 339:Getting source drawing items
