02-02 21:44:38 com_github_MitjaNemec_ReplicateLayout.action_replicate_layout 392:Plugin executed on: 'win32'
02-02 21:44:38 com_github_MitjaNemec_ReplicateLayout.action_replicate_layout 393:Plugin executed with python version: '3.9.16 (main, Aug  8 2023, 05:38:28) [MSC v.1936 64 bit (AMD64)]'
02-02 21:44:38 com_github_MitjaNemec_ReplicateLayout.action_replicate_layout 394:KiCad build version: 7.0.7
02-02 21:44:38 com_github_MitjaNemec_ReplicateLayout.action_replicate_layout 395:Plugin version: 2.1.3
02-02 21:44:38 com_github_MitjaNemec_ReplicateLayout.action_replicate_layout 396:Frame repr: <wx._core.Frame object at 0x000001FB0D920E50>
02-02 21:44:38 com_github_MitjaNemec_ReplicateLayout.action_replicate_layout 420:Preparing replicator with J201 as a reference
02-02 21:44:38 com_github_MitjaNemec_ReplicateLayout.replicate_layout 117:getting a list of all footprints on board
02-02 21:44:38 com_github_MitjaNemec_ReplicateLayout.action_replicate_layout 468:source anchor footprint is 'J201'
Located on: ['toABC1']
With filenames: ['C:\\Users\\Gebruiker\\Dropbox\\Train-Science-DIY\\PCB\\blockModules\\FY_entry\\toABC.kicad_sch']
With sheet_id:['toABC1']
02-02 21:44:38 com_github_MitjaNemec_ReplicateLayout.action_replicate_layout 475:Corresponding footprints are 
[('J901', ['toABC8']), ('J801', ['toABC7']), ('J701', ['toABC6']), ('J601', ['toABC5']), ('J501', ['toABC4']), ('J401', ['toABC2']), ('J301', ['toABC3']), ('J201', ['toABC1'])]
02-02 21:44:38 com_github_MitjaNemec_ReplicateLayout.action_replicate_layout 487:Showing dialog
02-02 21:44:38 com_github_MitjaNemec_ReplicateLayout.replicate_layout 424:constructing a list of sheets suitable for replication on level:'toABC1', file:'C:\\Users\\Gebruiker\\Dropbox\\Train-Science-DIY\\PCB\\blockModules\\FY_entry\\toABC.kicad_sch'
02-02 21:44:38 com_github_MitjaNemec_ReplicateLayout.replicate_layout 461:suitable sheets are:[['toABC2'], ['toABC3'], ['toABC4'], ['toABC5'], ['toABC6'], ['toABC7'], ['toABC8']]
02-02 21:44:38 com_github_MitjaNemec_ReplicateLayout.replicate_layout 1464:Level selected: ['toABC1']
02-02 21:44:38 com_github_MitjaNemec_ReplicateLayout.replicate_layout 1299:Filtering list of tracks
02-02 21:44:38 com_github_MitjaNemec_ReplicateLayout.action_replicate_layout 493:Toolbar position: wx.Point(1643, 80)
02-02 21:44:38 com_github_MitjaNemec_ReplicateLayout.action_replicate_layout 498:Dialog position: wx.Point(1204, 80)
02-02 21:44:41 com_github_MitjaNemec_ReplicateLayout.replicate_layout 424:constructing a list of sheets suitable for replication on level:'toABC1', file:'C:\\Users\\Gebruiker\\Dropbox\\Train-Science-DIY\\PCB\\blockModules\\FY_entry\\toABC.kicad_sch'
02-02 21:44:41 com_github_MitjaNemec_ReplicateLayout.replicate_layout 461:suitable sheets are:[['toABC2'], ['toABC3'], ['toABC4'], ['toABC5'], ['toABC6'], ['toABC7'], ['toABC8']]
02-02 21:44:41 com_github_MitjaNemec_ReplicateLayout.action_replicate_layout 240:Replicating layout
02-02 21:44:41 com_github_MitjaNemec_ReplicateLayout.replicate_layout 240:Starting replication of sheets: [['toABC2'], ['toABC3'], ['toABC4'], ['toABC5'], ['toABC6'], ['toABC7'], ['toABC8']]
on level: ['toABC1']
with tracks=True, zone=True, text=True, text=True, intersecting=False, remove=False, locked footprints=False, group_only=False
02-02 21:44:41 root 332:updating GUI message: 'Preparing for replication'
02-02 21:44:41 root 337:updating GUI with: 0
02-02 21:44:41 com_github_MitjaNemec_ReplicateLayout.replicate_layout 310:Getting the list of source footprints
02-02 21:44:41 com_github_MitjaNemec_ReplicateLayout.replicate_layout 320:Getting the list of all the remaining footprints
02-02 21:44:41 com_github_MitjaNemec_ReplicateLayout.replicate_layout 327:Getting source tracks
02-02 21:44:41 com_github_MitjaNemec_ReplicateLayout.replicate_layout 1299:Filtering list of tracks
02-02 21:44:41 com_github_MitjaNemec_ReplicateLayout.replicate_layout 331:Getting source zones
02-02 21:44:41 com_github_MitjaNemec_ReplicateLayout.replicate_layout 335:Getting source text items
02-02 21:44:41 com_github_MitjaNemec_ReplicateLayout.replicate_layout 339:Getting source drawing items
02-02 21:44:41 root 332:updating GUI message: 'Replicating footprints'
02-02 21:44:41 com_github_MitjaNemec_ReplicateLayout.replicate_layout 806:Replicating footprints
02-02 21:44:41 com_github_MitjaNemec_ReplicateLayout.replicate_layout 813:Replicating footprints on sheet ['toABC2']
02-02 21:44:41 com_github_MitjaNemec_ReplicateLayout.replicate_layout 813:Replicating footprints on sheet ['toABC3']
02-02 21:44:41 com_github_MitjaNemec_ReplicateLayout.replicate_layout 813:Replicating footprints on sheet ['toABC4']
02-02 21:44:41 com_github_MitjaNemec_ReplicateLayout.replicate_layout 813:Replicating footprints on sheet ['toABC5']
02-02 21:44:41 root 337:updating GUI with: 57
02-02 21:44:41 com_github_MitjaNemec_ReplicateLayout.replicate_layout 813:Replicating footprints on sheet ['toABC6']
02-02 21:44:41 com_github_MitjaNemec_ReplicateLayout.replicate_layout 813:Replicating footprints on sheet ['toABC7']
02-02 21:44:41 com_github_MitjaNemec_ReplicateLayout.replicate_layout 813:Replicating footprints on sheet ['toABC8']
02-02 21:44:41 root 332:updating GUI message: 'Replicating tracks'
02-02 21:44:41 com_github_MitjaNemec_ReplicateLayout.replicate_layout 977:Replicating tracks
02-02 21:44:41 com_github_MitjaNemec_ReplicateLayout.replicate_layout 983:Replicating tracks on sheet ['toABC2']
02-02 21:44:41 com_github_MitjaNemec_ReplicateLayout.replicate_layout 766:Net pairs for sheet ['toABC2'] :[('GND', 'GND'), ('Net-(J201-Pin_1)', 'Net-(J401-Pin_1)'), ('/atmega/line1', '/atmega/line2'), ('Net-(J201-Pin_2)', 'Net-(J401-Pin_2)'), ('Net-(R201-Pad1)', 'Net-(R401-Pad1)')]
02-02 21:44:41 com_github_MitjaNemec_ReplicateLayout.replicate_layout 983:Replicating tracks on sheet ['toABC3']
02-02 21:44:41 com_github_MitjaNemec_ReplicateLayout.replicate_layout 766:Net pairs for sheet ['toABC3'] :[('GND', 'GND'), ('Net-(J201-Pin_2)', 'Net-(J301-Pin_2)'), ('Net-(R201-Pad1)', 'Net-(R301-Pad1)'), ('Net-(J201-Pin_1)', 'Net-(J301-Pin_1)'), ('/atmega/line1', '/atmega/line3')]
02-02 21:44:41 com_github_MitjaNemec_ReplicateLayout.replicate_layout 983:Replicating tracks on sheet ['toABC4']
02-02 21:44:41 com_github_MitjaNemec_ReplicateLayout.replicate_layout 766:Net pairs for sheet ['toABC4'] :[('Net-(J201-Pin_2)', 'Net-(J501-Pin_2)'), ('GND', 'GND'), ('Net-(R201-Pad1)', 'Net-(R501-Pad1)'), ('Net-(J201-Pin_1)', 'Net-(J501-Pin_1)'), ('/atmega/line1', '/atmega/line4')]
02-02 21:44:41 com_github_MitjaNemec_ReplicateLayout.replicate_layout 983:Replicating tracks on sheet ['toABC5']
02-02 21:44:41 com_github_MitjaNemec_ReplicateLayout.replicate_layout 766:Net pairs for sheet ['toABC5'] :[('Net-(J201-Pin_2)', 'Net-(J601-Pin_2)'), ('/atmega/line1', '/atmega/line5'), ('GND', 'GND'), ('Net-(R201-Pad1)', 'Net-(R601-Pad1)'), ('Net-(J201-Pin_1)', 'Net-(J601-Pin_1)')]
02-02 21:44:41 com_github_MitjaNemec_ReplicateLayout.replicate_layout 983:Replicating tracks on sheet ['toABC6']
02-02 21:44:41 com_github_MitjaNemec_ReplicateLayout.replicate_layout 766:Net pairs for sheet ['toABC6'] :[('GND', 'GND'), ('Net-(J201-Pin_1)', 'Net-(J701-Pin_1)'), ('/atmega/line1', '/atmega/line6'), ('Net-(J201-Pin_2)', 'Net-(J701-Pin_2)'), ('Net-(R201-Pad1)', 'Net-(R701-Pad1)')]
02-02 21:44:41 com_github_MitjaNemec_ReplicateLayout.replicate_layout 983:Replicating tracks on sheet ['toABC7']
02-02 21:44:41 com_github_MitjaNemec_ReplicateLayout.replicate_layout 766:Net pairs for sheet ['toABC7'] :[('GND', 'GND'), ('Net-(J201-Pin_1)', 'Net-(J801-Pin_1)'), ('Net-(R201-Pad1)', 'Net-(R801-Pad1)'), ('Net-(J201-Pin_2)', 'Net-(J801-Pin_2)'), ('/atmega/line1', '/atmega/line7')]
02-02 21:44:41 com_github_MitjaNemec_ReplicateLayout.replicate_layout 983:Replicating tracks on sheet ['toABC8']
02-02 21:44:41 com_github_MitjaNemec_ReplicateLayout.replicate_layout 766:Net pairs for sheet ['toABC8'] :[('GND', 'GND'), ('Net-(J201-Pin_1)', 'Net-(J901-Pin_1)'), ('/atmega/line1', '/atmega/line8'), ('Net-(J201-Pin_2)', 'Net-(J901-Pin_2)'), ('Net-(R201-Pad1)', 'Net-(R901-Pad1)')]
02-02 21:44:41 root 332:updating GUI message: 'Replicating zones'
02-02 21:44:41 com_github_MitjaNemec_ReplicateLayout.replicate_layout 1047:Replicating zones
02-02 21:44:41 com_github_MitjaNemec_ReplicateLayout.replicate_layout 1054:Replicating zones on sheet ['toABC2']
02-02 21:44:41 com_github_MitjaNemec_ReplicateLayout.replicate_layout 766:Net pairs for sheet ['toABC2'] :[('GND', 'GND'), ('Net-(J201-Pin_1)', 'Net-(J401-Pin_1)'), ('/atmega/line1', '/atmega/line2'), ('Net-(J201-Pin_2)', 'Net-(J401-Pin_2)'), ('Net-(R201-Pad1)', 'Net-(R401-Pad1)')]
02-02 21:44:41 com_github_MitjaNemec_ReplicateLayout.replicate_layout 1054:Replicating zones on sheet ['toABC3']
02-02 21:44:41 com_github_MitjaNemec_ReplicateLayout.replicate_layout 766:Net pairs for sheet ['toABC3'] :[('GND', 'GND'), ('Net-(J201-Pin_2)', 'Net-(J301-Pin_2)'), ('Net-(R201-Pad1)', 'Net-(R301-Pad1)'), ('Net-(J201-Pin_1)', 'Net-(J301-Pin_1)'), ('/atmega/line1', '/atmega/line3')]
02-02 21:44:41 com_github_MitjaNemec_ReplicateLayout.replicate_layout 1054:Replicating zones on sheet ['toABC4']
02-02 21:44:41 com_github_MitjaNemec_ReplicateLayout.replicate_layout 766:Net pairs for sheet ['toABC4'] :[('Net-(J201-Pin_2)', 'Net-(J501-Pin_2)'), ('GND', 'GND'), ('Net-(R201-Pad1)', 'Net-(R501-Pad1)'), ('Net-(J201-Pin_1)', 'Net-(J501-Pin_1)'), ('/atmega/line1', '/atmega/line4')]
02-02 21:44:41 com_github_MitjaNemec_ReplicateLayout.replicate_layout 1054:Replicating zones on sheet ['toABC5']
02-02 21:44:41 com_github_MitjaNemec_ReplicateLayout.replicate_layout 766:Net pairs for sheet ['toABC5'] :[('Net-(J201-Pin_2)', 'Net-(J601-Pin_2)'), ('/atmega/line1', '/atmega/line5'), ('GND', 'GND'), ('Net-(R201-Pad1)', 'Net-(R601-Pad1)'), ('Net-(J201-Pin_1)', 'Net-(J601-Pin_1)')]
02-02 21:44:41 com_github_MitjaNemec_ReplicateLayout.replicate_layout 1054:Replicating zones on sheet ['toABC6']
02-02 21:44:41 com_github_MitjaNemec_ReplicateLayout.replicate_layout 766:Net pairs for sheet ['toABC6'] :[('GND', 'GND'), ('Net-(J201-Pin_1)', 'Net-(J701-Pin_1)'), ('/atmega/line1', '/atmega/line6'), ('Net-(J201-Pin_2)', 'Net-(J701-Pin_2)'), ('Net-(R201-Pad1)', 'Net-(R701-Pad1)')]
02-02 21:44:41 com_github_MitjaNemec_ReplicateLayout.replicate_layout 1054:Replicating zones on sheet ['toABC7']
02-02 21:44:41 com_github_MitjaNemec_ReplicateLayout.replicate_layout 766:Net pairs for sheet ['toABC7'] :[('GND', 'GND'), ('Net-(J201-Pin_1)', 'Net-(J801-Pin_1)'), ('Net-(R201-Pad1)', 'Net-(R801-Pad1)'), ('Net-(J201-Pin_2)', 'Net-(J801-Pin_2)'), ('/atmega/line1', '/atmega/line7')]
02-02 21:44:41 root 337:updating GUI with: 85
02-02 21:44:41 com_github_MitjaNemec_ReplicateLayout.replicate_layout 1054:Replicating zones on sheet ['toABC8']
02-02 21:44:41 com_github_MitjaNemec_ReplicateLayout.replicate_layout 766:Net pairs for sheet ['toABC8'] :[('GND', 'GND'), ('Net-(J201-Pin_1)', 'Net-(J901-Pin_1)'), ('/atmega/line1', '/atmega/line8'), ('Net-(J201-Pin_2)', 'Net-(J901-Pin_2)'), ('Net-(R201-Pad1)', 'Net-(R901-Pad1)')]
02-02 21:44:41 root 332:updating GUI message: 'Replicating text'
02-02 21:44:41 com_github_MitjaNemec_ReplicateLayout.replicate_layout 1136:Replicating text
02-02 21:44:41 com_github_MitjaNemec_ReplicateLayout.replicate_layout 1143:Replicating text on sheet ['toABC2']
02-02 21:44:41 com_github_MitjaNemec_ReplicateLayout.replicate_layout 1143:Replicating text on sheet ['toABC3']
02-02 21:44:41 com_github_MitjaNemec_ReplicateLayout.replicate_layout 1143:Replicating text on sheet ['toABC4']
02-02 21:44:41 com_github_MitjaNemec_ReplicateLayout.replicate_layout 1143:Replicating text on sheet ['toABC5']
02-02 21:44:41 com_github_MitjaNemec_ReplicateLayout.replicate_layout 1143:Replicating text on sheet ['toABC6']
02-02 21:44:41 com_github_MitjaNemec_ReplicateLayout.replicate_layout 1143:Replicating text on sheet ['toABC7']
02-02 21:44:41 com_github_MitjaNemec_ReplicateLayout.replicate_layout 1143:Replicating text on sheet ['toABC8']
02-02 21:44:41 root 332:updating GUI message: 'Replicating drawings'
02-02 21:44:41 com_github_MitjaNemec_ReplicateLayout.replicate_layout 1187:Replicating drawings
02-02 21:44:41 com_github_MitjaNemec_ReplicateLayout.replicate_layout 1193:Replicating drawings on sheet ['toABC2']
02-02 21:44:41 com_github_MitjaNemec_ReplicateLayout.replicate_layout 1193:Replicating drawings on sheet ['toABC3']
02-02 21:44:41 com_github_MitjaNemec_ReplicateLayout.replicate_layout 1193:Replicating drawings on sheet ['toABC4']
02-02 21:44:41 com_github_MitjaNemec_ReplicateLayout.replicate_layout 1193:Replicating drawings on sheet ['toABC5']
02-02 21:44:41 com_github_MitjaNemec_ReplicateLayout.replicate_layout 1193:Replicating drawings on sheet ['toABC6']
02-02 21:44:41 com_github_MitjaNemec_ReplicateLayout.replicate_layout 1193:Replicating drawings on sheet ['toABC7']
02-02 21:44:41 com_github_MitjaNemec_ReplicateLayout.replicate_layout 1193:Replicating drawings on sheet ['toABC8']
02-02 21:44:41 com_github_MitjaNemec_ReplicateLayout.action_replicate_layout 256:Replication complete
