01-28 13:06:26 com_github_MitjaNemec_ReplicateLayout.action_replicate_layout 392:Plugin executed on: 'win32'
01-28 13:06:26 com_github_MitjaNemec_ReplicateLayout.action_replicate_layout 393:Plugin executed with python version: '3.9.16 (main, Aug  8 2023, 05:38:28) [MSC v.1936 64 bit (AMD64)]'
01-28 13:06:26 com_github_MitjaNemec_ReplicateLayout.action_replicate_layout 394:KiCad build version: 7.0.7
01-28 13:06:26 com_github_MitjaNemec_ReplicateLayout.action_replicate_layout 395:Plugin version: 2.1.3
01-28 13:06:26 com_github_MitjaNemec_ReplicateLayout.action_replicate_layout 396:Frame repr: <wx._core.Frame object at 0x0000021D03A20E50>
01-28 13:06:26 com_github_MitjaNemec_ReplicateLayout.action_replicate_layout 420:Preparing replicator with K301 as a reference
01-28 13:06:26 com_github_MitjaNemec_ReplicateLayout.replicate_layout 117:getting a list of all footprints on board
01-28 13:06:26 com_github_MitjaNemec_ReplicateLayout.action_replicate_layout 468:source anchor footprint is 'K301'
Located on: ['relay1']
With filenames: ['relay.kicad_sch']
With sheet_id:['relay1']
01-28 13:06:26 com_github_MitjaNemec_ReplicateLayout.action_replicate_layout 475:Corresponding footprints are 
[('K701', ['relay4']), ('K601', ['relay3']), ('K501', ['relay2']), ('K301', ['relay1'])]
01-28 13:06:26 com_github_MitjaNemec_ReplicateLayout.action_replicate_layout 487:Showing dialog
01-28 13:06:26 com_github_MitjaNemec_ReplicateLayout.replicate_layout 424:constructing a list of sheets suitable for replication on level:'relay1', file:'relay.kicad_sch'
01-28 13:06:26 com_github_MitjaNemec_ReplicateLayout.replicate_layout 461:suitable sheets are:[['relay2'], ['relay3'], ['relay4']]
01-28 13:06:26 com_github_MitjaNemec_ReplicateLayout.replicate_layout 1464:Level selected: ['relay1']
01-28 13:06:26 com_github_MitjaNemec_ReplicateLayout.replicate_layout 1299:Filtering list of tracks
01-28 13:06:26 com_github_MitjaNemec_ReplicateLayout.action_replicate_layout 493:Toolbar position: wx.Point(1643, 80)
01-28 13:06:26 com_github_MitjaNemec_ReplicateLayout.action_replicate_layout 498:Dialog position: wx.Point(1204, 80)
01-28 13:06:28 com_github_MitjaNemec_ReplicateLayout.replicate_layout 424:constructing a list of sheets suitable for replication on level:'relay1', file:'relay.kicad_sch'
01-28 13:06:28 com_github_MitjaNemec_ReplicateLayout.replicate_layout 461:suitable sheets are:[['relay2'], ['relay3'], ['relay4']]
01-28 13:06:28 com_github_MitjaNemec_ReplicateLayout.action_replicate_layout 240:Replicating layout
01-28 13:06:28 com_github_MitjaNemec_ReplicateLayout.replicate_layout 240:Starting replication of sheets: [['relay2'], ['relay3'], ['relay4']]
on level: ['relay1']
with tracks=True, zone=True, text=True, text=True, intersecting=False, remove=False, locked footprints=False, group_only=False
01-28 13:06:28 root 332:updating GUI message: 'Preparing for replication'
01-28 13:06:28 root 337:updating GUI with: 0
01-28 13:06:28 com_github_MitjaNemec_ReplicateLayout.replicate_layout 310:Getting the list of source footprints
01-28 13:06:28 com_github_MitjaNemec_ReplicateLayout.replicate_layout 320:Getting the list of all the remaining footprints
01-28 13:06:28 com_github_MitjaNemec_ReplicateLayout.replicate_layout 327:Getting source tracks
01-28 13:06:28 com_github_MitjaNemec_ReplicateLayout.replicate_layout 1299:Filtering list of tracks
01-28 13:06:28 com_github_MitjaNemec_ReplicateLayout.replicate_layout 331:Getting source zones
01-28 13:06:28 com_github_MitjaNemec_ReplicateLayout.replicate_layout 335:Getting source text items
01-28 13:06:28 com_github_MitjaNemec_ReplicateLayout.replicate_layout 339:Getting source drawing items
01-28 13:06:28 root 332:updating GUI message: 'Replicating footprints'
01-28 13:06:28 com_github_MitjaNemec_ReplicateLayout.replicate_layout 806:Replicating footprints
01-28 13:06:28 com_github_MitjaNemec_ReplicateLayout.replicate_layout 813:Replicating footprints on sheet ['relay2']
01-28 13:06:28 com_github_MitjaNemec_ReplicateLayout.replicate_layout 813:Replicating footprints on sheet ['relay3']
01-28 13:06:28 com_github_MitjaNemec_ReplicateLayout.replicate_layout 813:Replicating footprints on sheet ['relay4']
01-28 13:06:28 root 337:updating GUI with: 75
01-28 13:06:28 root 332:updating GUI message: 'Replicating tracks'
01-28 13:06:28 com_github_MitjaNemec_ReplicateLayout.replicate_layout 977:Replicating tracks
01-28 13:06:28 com_github_MitjaNemec_ReplicateLayout.replicate_layout 983:Replicating tracks on sheet ['relay2']
01-28 13:06:28 com_github_MitjaNemec_ReplicateLayout.replicate_layout 766:Net pairs for sheet ['relay2'] :[('GND', 'GND'), ('Net-(D303-K)', 'Net-(D503-K)'), ('Net-(Q301-B)', 'Net-(Q501-B)'), ('Net-(R303-Pad2)', 'Net-(R503-Pad2)'), ('Net-(D304-K)', 'Net-(D504-K)'), ('Net-(D302-A)', 'Net-(D502-A)'), ('unconnected-(K301-Pad7)', 'unconnected-(K501-Pad7)'), ('unconnected-(K301-Pad5)', 'unconnected-(K501-Pad5)'), ('/CPU/relay1.sensor', '/CPU/relay2.sensor'), ('Net-(D307-A)', 'Net-(D507-A)'), ('unconnected-(K301-Pad2)', 'unconnected-(K501-Pad2)'), ('+5V', '+5V'), ('/relay1/TRACK', '/relay2/TRACK'), ('unconnected-(K301-Pad6)', 'unconnected-(K501-Pad6)'), ('Net-(D305-A)', 'Net-(D505-A)'), ('/CPU/relay1.add', '/CPU/relay2.add'), ('/CPU/relay1.relay', '/CPU/relay2.relay'), ('/B2B/COM', '/B2B/COM'), ('Net-(D301-A)', 'Net-(D501-A)'), ('+12V', '+12V')]
01-28 13:06:28 com_github_MitjaNemec_ReplicateLayout.replicate_layout 983:Replicating tracks on sheet ['relay3']
01-28 13:06:28 com_github_MitjaNemec_ReplicateLayout.replicate_layout 766:Net pairs for sheet ['relay3'] :[('GND', 'GND'), ('/CPU/relay1.sensor', '/CPU/relay3.sensor'), ('Net-(R303-Pad2)', 'Net-(R603-Pad2)'), ('Net-(D304-K)', 'Net-(D604-K)'), ('unconnected-(K301-Pad6)', 'unconnected-(K601-Pad6)'), ('/relay1/TRACK', '/relay3/TRACK'), ('/CPU/relay1.add', '/CPU/relay3.add'), ('Net-(D305-A)', 'Net-(D605-A)'), ('/CPU/relay1.relay', '/CPU/relay3.relay'), ('unconnected-(K301-Pad2)', 'unconnected-(K601-Pad2)'), ('unconnected-(K301-Pad5)', 'unconnected-(K601-Pad5)'), ('+5V', '+5V'), ('unconnected-(K301-Pad7)', 'unconnected-(K601-Pad7)'), ('Net-(D301-A)', 'Net-(D601-A)'), ('Net-(D307-A)', 'Net-(D607-A)'), ('Net-(D303-K)', 'Net-(D603-K)'), ('/B2B/COM', '/B2B/COM'), ('Net-(Q301-B)', 'Net-(Q601-B)'), ('Net-(D302-A)', 'Net-(D602-A)'), ('+12V', '+12V')]
01-28 13:06:28 com_github_MitjaNemec_ReplicateLayout.replicate_layout 983:Replicating tracks on sheet ['relay4']
01-28 13:06:28 com_github_MitjaNemec_ReplicateLayout.replicate_layout 766:Net pairs for sheet ['relay4'] :[('GND', 'GND'), ('Net-(D304-K)', 'Net-(D704-K)'), ('Net-(D302-A)', 'Net-(D702-A)'), ('unconnected-(K301-Pad5)', 'unconnected-(K701-Pad5)'), ('/CPU/relay1.relay', '/CPU/relay4.relay'), ('Net-(D303-K)', 'Net-(D703-K)'), ('/CPU/relay1.add', '/CPU/relay4.add'), ('Net-(Q301-B)', 'Net-(Q701-B)'), ('unconnected-(K301-Pad7)', 'unconnected-(K701-Pad7)'), ('Net-(R303-Pad2)', 'Net-(R703-Pad2)'), ('+5V', '+5V'), ('unconnected-(K301-Pad6)', 'unconnected-(K701-Pad6)'), ('Net-(D305-A)', 'Net-(D705-A)'), ('/CPU/relay1.sensor', '/CPU/relay4.sensor'), ('Net-(D301-A)', 'Net-(D701-A)'), ('/relay1/TRACK', '/relay4/TRACK'), ('Net-(D307-A)', 'Net-(D707-A)'), ('/B2B/COM', '/B2B/COM'), ('unconnected-(K301-Pad2)', 'unconnected-(K701-Pad2)'), ('+12V', '+12V')]
01-28 13:06:28 root 337:updating GUI with: 67
01-28 13:06:28 root 332:updating GUI message: 'Replicating zones'
01-28 13:06:28 com_github_MitjaNemec_ReplicateLayout.replicate_layout 1047:Replicating zones
01-28 13:06:28 com_github_MitjaNemec_ReplicateLayout.replicate_layout 1054:Replicating zones on sheet ['relay2']
01-28 13:06:28 com_github_MitjaNemec_ReplicateLayout.replicate_layout 766:Net pairs for sheet ['relay2'] :[('GND', 'GND'), ('Net-(D303-K)', 'Net-(D503-K)'), ('Net-(Q301-B)', 'Net-(Q501-B)'), ('Net-(R303-Pad2)', 'Net-(R503-Pad2)'), ('Net-(D304-K)', 'Net-(D504-K)'), ('Net-(D302-A)', 'Net-(D502-A)'), ('unconnected-(K301-Pad7)', 'unconnected-(K501-Pad7)'), ('unconnected-(K301-Pad5)', 'unconnected-(K501-Pad5)'), ('/CPU/relay1.sensor', '/CPU/relay2.sensor'), ('Net-(D307-A)', 'Net-(D507-A)'), ('unconnected-(K301-Pad2)', 'unconnected-(K501-Pad2)'), ('+5V', '+5V'), ('/relay1/TRACK', '/relay2/TRACK'), ('unconnected-(K301-Pad6)', 'unconnected-(K501-Pad6)'), ('Net-(D305-A)', 'Net-(D505-A)'), ('/CPU/relay1.add', '/CPU/relay2.add'), ('/CPU/relay1.relay', '/CPU/relay2.relay'), ('/B2B/COM', '/B2B/COM'), ('Net-(D301-A)', 'Net-(D501-A)'), ('+12V', '+12V')]
01-28 13:06:28 com_github_MitjaNemec_ReplicateLayout.replicate_layout 1054:Replicating zones on sheet ['relay3']
01-28 13:06:28 com_github_MitjaNemec_ReplicateLayout.replicate_layout 766:Net pairs for sheet ['relay3'] :[('GND', 'GND'), ('/CPU/relay1.sensor', '/CPU/relay3.sensor'), ('Net-(R303-Pad2)', 'Net-(R603-Pad2)'), ('Net-(D304-K)', 'Net-(D604-K)'), ('unconnected-(K301-Pad6)', 'unconnected-(K601-Pad6)'), ('/relay1/TRACK', '/relay3/TRACK'), ('/CPU/relay1.add', '/CPU/relay3.add'), ('Net-(D305-A)', 'Net-(D605-A)'), ('/CPU/relay1.relay', '/CPU/relay3.relay'), ('unconnected-(K301-Pad2)', 'unconnected-(K601-Pad2)'), ('unconnected-(K301-Pad5)', 'unconnected-(K601-Pad5)'), ('+5V', '+5V'), ('unconnected-(K301-Pad7)', 'unconnected-(K601-Pad7)'), ('Net-(D301-A)', 'Net-(D601-A)'), ('Net-(D307-A)', 'Net-(D607-A)'), ('Net-(D303-K)', 'Net-(D603-K)'), ('/B2B/COM', '/B2B/COM'), ('Net-(Q301-B)', 'Net-(Q601-B)'), ('Net-(D302-A)', 'Net-(D602-A)'), ('+12V', '+12V')]
01-28 13:06:28 com_github_MitjaNemec_ReplicateLayout.replicate_layout 1054:Replicating zones on sheet ['relay4']
01-28 13:06:28 com_github_MitjaNemec_ReplicateLayout.replicate_layout 766:Net pairs for sheet ['relay4'] :[('GND', 'GND'), ('Net-(D304-K)', 'Net-(D704-K)'), ('Net-(D302-A)', 'Net-(D702-A)'), ('unconnected-(K301-Pad5)', 'unconnected-(K701-Pad5)'), ('/CPU/relay1.relay', '/CPU/relay4.relay'), ('Net-(D303-K)', 'Net-(D703-K)'), ('/CPU/relay1.add', '/CPU/relay4.add'), ('Net-(Q301-B)', 'Net-(Q701-B)'), ('unconnected-(K301-Pad7)', 'unconnected-(K701-Pad7)'), ('Net-(R303-Pad2)', 'Net-(R703-Pad2)'), ('+5V', '+5V'), ('unconnected-(K301-Pad6)', 'unconnected-(K701-Pad6)'), ('Net-(D305-A)', 'Net-(D705-A)'), ('/CPU/relay1.sensor', '/CPU/relay4.sensor'), ('Net-(D301-A)', 'Net-(D701-A)'), ('/relay1/TRACK', '/relay4/TRACK'), ('Net-(D307-A)', 'Net-(D707-A)'), ('/B2B/COM', '/B2B/COM'), ('unconnected-(K301-Pad2)', 'unconnected-(K701-Pad2)'), ('+12V', '+12V')]
01-28 13:06:28 root 332:updating GUI message: 'Replicating text'
01-28 13:06:28 com_github_MitjaNemec_ReplicateLayout.replicate_layout 1136:Replicating text
01-28 13:06:28 com_github_MitjaNemec_ReplicateLayout.replicate_layout 1143:Replicating text on sheet ['relay2']
01-28 13:06:28 com_github_MitjaNemec_ReplicateLayout.replicate_layout 1143:Replicating text on sheet ['relay3']
01-28 13:06:28 com_github_MitjaNemec_ReplicateLayout.replicate_layout 1143:Replicating text on sheet ['relay4']
01-28 13:06:28 root 332:updating GUI message: 'Replicating drawings'
01-28 13:06:28 com_github_MitjaNemec_ReplicateLayout.replicate_layout 1187:Replicating drawings
01-28 13:06:28 com_github_MitjaNemec_ReplicateLayout.replicate_layout 1193:Replicating drawings on sheet ['relay2']
01-28 13:06:28 com_github_MitjaNemec_ReplicateLayout.replicate_layout 1193:Replicating drawings on sheet ['relay3']
01-28 13:06:28 com_github_MitjaNemec_ReplicateLayout.replicate_layout 1193:Replicating drawings on sheet ['relay4']
01-28 13:06:28 com_github_MitjaNemec_ReplicateLayout.action_replicate_layout 256:Replication complete
