05-19 21:49:30 com_github_MitjaNemec_ReplicateLayout.action_replicate_layout 392:Plugin executed on: 'win32'
05-19 21:49:30 com_github_MitjaNemec_ReplicateLayout.action_replicate_layout 393:Plugin executed with python version: '3.11.5 (main, Apr  9 2024, 02:53:56) [MSC v.1936 64 bit (AMD64)]'
05-19 21:49:30 com_github_MitjaNemec_ReplicateLayout.action_replicate_layout 394:KiCad build version: 8.0.2
05-19 21:49:30 com_github_MitjaNemec_ReplicateLayout.action_replicate_layout 395:Plugin version: 3.0.3
05-19 21:49:30 com_github_MitjaNemec_ReplicateLayout.action_replicate_layout 396:Frame repr: <wx._core.Frame object at 0x000001D620FF5990>
05-19 21:49:30 com_github_MitjaNemec_ReplicateLayout.action_replicate_layout 420:Preparing replicator with U601 as a reference
05-19 21:49:30 com_github_MitjaNemec_ReplicateLayout.replicate_layout 117:getting a list of all footprints on board
05-19 21:49:30 com_github_MitjaNemec_ReplicateLayout.action_replicate_layout 468:source anchor footprint is 'U601'
Located on: ['GPIO_A', 'CS1']
With filenames: ['GPIO.kicad_sch', 'currentSense.kicad_sch']
With sheet_id:['GPIO_A', 'CS1']
05-19 21:49:30 com_github_MitjaNemec_ReplicateLayout.action_replicate_layout 475:Corresponding footprints are 
[('U2101', ['GPIO_B', 'CS8']), ('U2001', ['GPIO_B', 'CS7']), ('U1901', ['GPIO_B', 'CS6']), ('U1801', ['GPIO_B', 'CS5']), ('U1701', ['GPIO_B', 'CS4']), ('U1601', ['GPIO_B', 'CS3']), ('U1501', ['GPIO_B', 'CS2']), ('U1401', ['GPIO_B', 'CS1']), ('U1301', ['GPIO_A', 'CS8']), ('U1201', ['GPIO_A', 'CS7']), ('U1101', ['GPIO_A', 'CS6']), ('U1001', ['GPIO_A', 'CS5']), ('U901', ['GPIO_A', 'CS4']), ('U801', ['GPIO_A', 'CS3']), ('U701', ['GPIO_A', 'CS2']), ('U601', ['GPIO_A', 'CS1'])]
05-19 21:49:30 com_github_MitjaNemec_ReplicateLayout.action_replicate_layout 487:Showing dialog
05-19 21:49:30 com_github_MitjaNemec_ReplicateLayout.replicate_layout 472:constructing a list of sheets suitable for replication on level:'CS1', file:'currentSense.kicad_sch'
05-19 21:49:30 com_github_MitjaNemec_ReplicateLayout.replicate_layout 509:suitable sheets are:[['GPIO_A', 'CS2'], ['GPIO_A', 'CS3'], ['GPIO_A', 'CS4'], ['GPIO_A', 'CS5'], ['GPIO_A', 'CS6'], ['GPIO_A', 'CS7'], ['GPIO_A', 'CS8'], ['GPIO_B', 'CS1'], ['GPIO_B', 'CS2'], ['GPIO_B', 'CS3'], ['GPIO_B', 'CS4'], ['GPIO_B', 'CS5'], ['GPIO_B', 'CS6'], ['GPIO_B', 'CS7'], ['GPIO_B', 'CS8']]
05-19 21:49:31 com_github_MitjaNemec_ReplicateLayout.replicate_layout 1507:Level selected: ['GPIO_A', 'CS1']
05-19 21:49:31 com_github_MitjaNemec_ReplicateLayout.replicate_layout 1331:Filtering list of tracks
05-19 21:49:31 com_github_MitjaNemec_ReplicateLayout.action_replicate_layout 493:Toolbar position: wx.Point(1646, 77)
05-19 21:49:31 com_github_MitjaNemec_ReplicateLayout.action_replicate_layout 498:Dialog position: wx.Point(1207, 77)
05-19 21:49:34 com_github_MitjaNemec_ReplicateLayout.replicate_layout 472:constructing a list of sheets suitable for replication on level:'GPIO_A', file:'GPIO.kicad_sch'
05-19 21:49:34 com_github_MitjaNemec_ReplicateLayout.replicate_layout 509:suitable sheets are:[['GPIO_B']]
05-19 21:49:34 com_github_MitjaNemec_ReplicateLayout.replicate_layout 1507:Level selected: ['GPIO_A']
05-19 21:49:34 com_github_MitjaNemec_ReplicateLayout.replicate_layout 1331:Filtering list of tracks
05-19 21:49:40 com_github_MitjaNemec_ReplicateLayout.replicate_layout 472:constructing a list of sheets suitable for replication on level:'GPIO_A', file:'GPIO.kicad_sch'
05-19 21:49:40 com_github_MitjaNemec_ReplicateLayout.replicate_layout 509:suitable sheets are:[['GPIO_B']]
05-19 21:49:40 com_github_MitjaNemec_ReplicateLayout.action_replicate_layout 240:Replicating layout
05-19 21:49:40 com_github_MitjaNemec_ReplicateLayout.replicate_layout 288:Starting replication of sheets: [['GPIO_B']]
on level: ['GPIO_A']
with tracks=True, zone=True, text=True, text=True, intersecting=False, remove=False, locked footprints=False, group_only=False
05-19 21:49:40 root 332:updating GUI message: 'Preparing for replication'
05-19 21:49:40 root 337:updating GUI with: 0
05-19 21:49:40 com_github_MitjaNemec_ReplicateLayout.replicate_layout 358:Getting the list of source footprints
05-19 21:49:40 com_github_MitjaNemec_ReplicateLayout.replicate_layout 368:Getting the list of all the remaining footprints
05-19 21:49:40 com_github_MitjaNemec_ReplicateLayout.replicate_layout 375:Getting source tracks
05-19 21:49:40 com_github_MitjaNemec_ReplicateLayout.replicate_layout 1331:Filtering list of tracks
05-19 21:49:40 com_github_MitjaNemec_ReplicateLayout.replicate_layout 379:Getting source zones
05-19 21:49:40 com_github_MitjaNemec_ReplicateLayout.replicate_layout 383:Getting source text items
05-19 21:49:40 com_github_MitjaNemec_ReplicateLayout.replicate_layout 387:Getting source drawing items
